[2019-12-20 23:00:42Z] - INFO - Режим отладки
[2019-12-20 23:01:02Z] - ERRR - Путь d:\SKAD\Floppy\foiv не найден!
[2019-12-20 23:01:02Z] - INFO - Нажмите любую клавишу для продолжения
[2019-12-20 23:03:57Z] - INFO - Режим отладки
[2019-12-20 23:04:02Z] - ERRR - Файл D:\SKAD\form440SKAD\util\7z.exe не найден!
[2019-12-20 23:04:02Z] - INFO - Нажмите любую клавишу для продолжения
[2019-12-20 23:05:31Z] - INFO - Режим отладки
[2019-12-20 23:06:38Z] - INFO - Выполнение операции "Перемещение файла" над целевым объектом "Элемент: D:\SKAD\form440SKAD\temp\BANK\BOS1_RPO17102803_890120191218_606125_20191219_0002.xml Назначение: D:\SKAD\form440SKAD\temp\wo
rk\BOS1_RPO17102803_890120191218_606125_20191219_0002.xml".
Выполнение операции "Перемещение файла" над целевым объектом "Элемент: D:\SKAD\form440SKAD\temp\BANK\BVD1_ZSV17102803_860220191219_102912_20191219_0002_000001_000001.xml Назначение: D:\SKAD\form4
40SKAD\temp\work\BVD1_ZSV17102803_860220191219_102912_20191219_0002_000001_000001.xml".
Выполнение операции "Перемещение файла" над целевым объектом "Элемент: D:\SKAD\form440SKAD\temp\BANK\BVS1_ZSV17102803_860220191219_102912_20191219_0002.xml Назначение: D:\SKAD\form440SKAD\temp\wo
rk\BVS1_ZSV17102803_860220191219_102912_20191219_0002.xml".
Выполнение операции "Перемещение файла" над целевым объектом "Элемент: D:\SKAD\form440SKAD\temp\BANK\PB1_RPO17102803_860320191218_590125.xml Назначение: D:\SKAD\form440SKAD\temp\work\PB1_RPO17102
803_860320191218_590125.xml".
Выполнение операции "Перемещение файла" над целевым объектом "Элемент: D:\SKAD\form440SKAD\temp\BANK\PB1_RPO17102803_860320191218_595139.xml Назначение: D:\SKAD\form440SKAD\temp\work\PB1_RPO17102
803_860320191218_595139.xml".
Выполнение операции "Перемещение файла" над целевым объектом "Элемент: D:\SKAD\form440SKAD\temp\BANK\PB1_ZSV17102803_860220191219_102912.xml Назначение: D:\SKAD\form440SKAD\temp\work\PB1_ZSV17102
803_860220191219_102912.xml".
Выполнение операции "Перемещение файла" над целевым объектом "Элемент: D:\SKAD\form440SKAD\temp\BANK\PB2_APZ17102803_723020191219_504225_0002.xml Назначение: D:\SKAD\form440SKAD\temp\work\PB2_APZ
17102803_723020191219_504225_0002.xml".

[2019-12-20 23:07:28Z] - INFO - Сохраняем текущею ключевую дискету
[2019-12-20 23:12:32Z] - INFO - Режим отладки
[2019-12-20 23:12:33Z] - INFO - Выполнение операции "Перемещение файла" над целевым объектом "Элемент: D:\SKAD\form440SKAD\temp\BANK\BOS1_RPO17102803_890120191218_606125_20191219_0002.xml Назначение: D:\SKAD\form440SKAD\temp\wo
rk\BOS1_RPO17102803_890120191218_606125_20191219_0002.xml".
Выполнение операции "Перемещение файла" над целевым объектом "Элемент: D:\SKAD\form440SKAD\temp\BANK\BVD1_ZSV17102803_860220191219_102912_20191219_0002_000001_000001.xml Назначение: D:\SKAD\form4
40SKAD\temp\work\BVD1_ZSV17102803_860220191219_102912_20191219_0002_000001_000001.xml".
Выполнение операции "Перемещение файла" над целевым объектом "Элемент: D:\SKAD\form440SKAD\temp\BANK\BVS1_ZSV17102803_860220191219_102912_20191219_0002.xml Назначение: D:\SKAD\form440SKAD\temp\wo
rk\BVS1_ZSV17102803_860220191219_102912_20191219_0002.xml".
Выполнение операции "Перемещение файла" над целевым объектом "Элемент: D:\SKAD\form440SKAD\temp\BANK\PB1_RPO17102803_860320191218_590125.xml Назначение: D:\SKAD\form440SKAD\temp\work\PB1_RPO17102
803_860320191218_590125.xml".
Выполнение операции "Перемещение файла" над целевым объектом "Элемент: D:\SKAD\form440SKAD\temp\BANK\PB1_RPO17102803_860320191218_595139.xml Назначение: D:\SKAD\form440SKAD\temp\work\PB1_RPO17102
803_860320191218_595139.xml".
Выполнение операции "Перемещение файла" над целевым объектом "Элемент: D:\SKAD\form440SKAD\temp\BANK\PB1_ZSV17102803_860220191219_102912.xml Назначение: D:\SKAD\form440SKAD\temp\work\PB1_ZSV17102
803_860220191219_102912.xml".
Выполнение операции "Перемещение файла" над целевым объектом "Элемент: D:\SKAD\form440SKAD\temp\BANK\PB2_APZ17102803_723020191219_504225_0002.xml Назначение: D:\SKAD\form440SKAD\temp\work\PB2_APZ
17102803_723020191219_504225_0002.xml".

[2019-12-20 23:12:33Z] - INFO - Сохраняем текущею ключевую дискету
[2019-12-20 23:12:37Z] - INFO - Копирование файлов в архив D:\SKAD\form440SKAD\temp\440p\Arhive\20122019
[2019-12-20 23:12:45Z] - INFO - Выполнение операции "Копирование файла" над целевым объектом "Элемент: D:\SKAD\form440SKAD\temp\work\BOS1_RPO17102803_890120191218_606125_20191219_0002.xml Назначение: D:\SKAD\form440SKAD\temp\44
0p\Arhive\20122019\BOS1_RPO17102803_890120191218_606125_20191219_0002.xml".
Выполнение операции "Копирование файла" над целевым объектом "Элемент: D:\SKAD\form440SKAD\temp\work\BVD1_ZSV17102803_860220191219_102912_20191219_0002_000001_000001.xml Назначение: D:\SKAD\form4
40SKAD\temp\440p\Arhive\20122019\BVD1_ZSV17102803_860220191219_102912_20191219_0002_000001_000001.xml".
Выполнение операции "Копирование файла" над целевым объектом "Элемент: D:\SKAD\form440SKAD\temp\work\BVS1_ZSV17102803_860220191219_102912_20191219_0002.xml Назначение: D:\SKAD\form440SKAD\temp\44
0p\Arhive\20122019\BVS1_ZSV17102803_860220191219_102912_20191219_0002.xml".
Выполнение операции "Копирование файла" над целевым объектом "Элемент: D:\SKAD\form440SKAD\temp\work\PB1_RPO17102803_860320191218_590125.xml Назначение: D:\SKAD\form440SKAD\temp\440p\Arhive\20122
019\PB1_RPO17102803_860320191218_590125.xml".
Выполнение операции "Копирование файла" над целевым объектом "Элемент: D:\SKAD\form440SKAD\temp\work\PB1_RPO17102803_860320191218_595139.xml Назначение: D:\SKAD\form440SKAD\temp\440p\Arhive\20122
019\PB1_RPO17102803_860320191218_595139.xml".
Выполнение операции "Копирование файла" над целевым объектом "Элемент: D:\SKAD\form440SKAD\temp\work\PB1_ZSV17102803_860220191219_102912.xml Назначение: D:\SKAD\form440SKAD\temp\440p\Arhive\20122
019\PB1_ZSV17102803_860220191219_102912.xml".
Выполнение операции "Копирование файла" над целевым объектом "Элемент: D:\SKAD\form440SKAD\temp\work\PB2_APZ17102803_723020191219_504225_0002.xml Назначение: D:\SKAD\form440SKAD\temp\440p\Arhive\
20122019\PB2_APZ17102803_723020191219_504225_0002.xml".

[2019-12-20 23:13:00Z] - INFO - Переименовываем файлы *.xml -> *.vrb
[2019-12-20 23:13:27Z] - INFO - Загружаем ключевую дискету d:\SKAD\Floppy\foiv
[2019-12-20 23:19:17Z] - INFO - Режим отладки
[2019-12-20 23:19:17Z] - INFO - Выполнение операции "Перемещение файла" над целевым объектом "Элемент: D:\SKAD\form440SKAD\temp\BANK\BOS1_RPO17102803_890120191218_606125_20191219_0002.xml Назначение: D:\SKAD\form440SKAD\temp\wo
rk\BOS1_RPO17102803_890120191218_606125_20191219_0002.xml".
Выполнение операции "Перемещение файла" над целевым объектом "Элемент: D:\SKAD\form440SKAD\temp\BANK\BVD1_ZSV17102803_860220191219_102912_20191219_0002_000001_000001.xml Назначение: D:\SKAD\form4
40SKAD\temp\work\BVD1_ZSV17102803_860220191219_102912_20191219_0002_000001_000001.xml".
Выполнение операции "Перемещение файла" над целевым объектом "Элемент: D:\SKAD\form440SKAD\temp\BANK\BVS1_ZSV17102803_860220191219_102912_20191219_0002.xml Назначение: D:\SKAD\form440SKAD\temp\wo
rk\BVS1_ZSV17102803_860220191219_102912_20191219_0002.xml".
Выполнение операции "Перемещение файла" над целевым объектом "Элемент: D:\SKAD\form440SKAD\temp\BANK\PB1_RPO17102803_860320191218_590125.xml Назначение: D:\SKAD\form440SKAD\temp\work\PB1_RPO17102
803_860320191218_590125.xml".
Выполнение операции "Перемещение файла" над целевым объектом "Элемент: D:\SKAD\form440SKAD\temp\BANK\PB1_RPO17102803_860320191218_595139.xml Назначение: D:\SKAD\form440SKAD\temp\work\PB1_RPO17102
803_860320191218_595139.xml".
Выполнение операции "Перемещение файла" над целевым объектом "Элемент: D:\SKAD\form440SKAD\temp\BANK\PB1_ZSV17102803_860220191219_102912.xml Назначение: D:\SKAD\form440SKAD\temp\work\PB1_ZSV17102
803_860220191219_102912.xml".
Выполнение операции "Перемещение файла" над целевым объектом "Элемент: D:\SKAD\form440SKAD\temp\BANK\PB2_APZ17102803_723020191219_504225_0002.xml Назначение: D:\SKAD\form440SKAD\temp\work\PB2_APZ
17102803_723020191219_504225_0002.xml".

[2019-12-20 23:19:17Z] - INFO - Сохраняем текущею ключевую дискету
[2019-12-20 23:19:27Z] - INFO - Копирование файлов в архив D:\SKAD\form440SKAD\temp\440p\Arhive\20122019
[2019-12-20 23:19:27Z] - INFO - Выполнение операции "Копирование файла" над целевым объектом "Элемент: D:\SKAD\form440SKAD\temp\work\BOS1_RPO17102803_890120191218_606125_20191219_0002.xml Назначение: D:\SKAD\form440SKAD\temp\44
0p\Arhive\20122019\BOS1_RPO17102803_890120191218_606125_20191219_0002.xml".
Выполнение операции "Копирование файла" над целевым объектом "Элемент: D:\SKAD\form440SKAD\temp\work\BVD1_ZSV17102803_860220191219_102912_20191219_0002_000001_000001.xml Назначение: D:\SKAD\form4
40SKAD\temp\440p\Arhive\20122019\BVD1_ZSV17102803_860220191219_102912_20191219_0002_000001_000001.xml".
Выполнение операции "Копирование файла" над целевым объектом "Элемент: D:\SKAD\form440SKAD\temp\work\BVS1_ZSV17102803_860220191219_102912_20191219_0002.xml Назначение: D:\SKAD\form440SKAD\temp\44
0p\Arhive\20122019\BVS1_ZSV17102803_860220191219_102912_20191219_0002.xml".
Выполнение операции "Копирование файла" над целевым объектом "Элемент: D:\SKAD\form440SKAD\temp\work\PB1_RPO17102803_860320191218_590125.xml Назначение: D:\SKAD\form440SKAD\temp\440p\Arhive\20122
019\PB1_RPO17102803_860320191218_590125.xml".
Выполнение операции "Копирование файла" над целевым объектом "Элемент: D:\SKAD\form440SKAD\temp\work\PB1_RPO17102803_860320191218_595139.xml Назначение: D:\SKAD\form440SKAD\temp\440p\Arhive\20122
019\PB1_RPO17102803_860320191218_595139.xml".
Выполнение операции "Копирование файла" над целевым объектом "Элемент: D:\SKAD\form440SKAD\temp\work\PB1_ZSV17102803_860220191219_102912.xml Назначение: D:\SKAD\form440SKAD\temp\440p\Arhive\20122
019\PB1_ZSV17102803_860220191219_102912.xml".
Выполнение операции "Копирование файла" над целевым объектом "Элемент: D:\SKAD\form440SKAD\temp\work\PB2_APZ17102803_723020191219_504225_0002.xml Назначение: D:\SKAD\form440SKAD\temp\440p\Arhive\
20122019\PB2_APZ17102803_723020191219_504225_0002.xml".

[2019-12-20 23:19:27Z] - INFO - Переименовываем файлы *.xml -> *.vrb
[2019-12-20 23:19:27Z] - INFO - Загружаем ключевую дискету d:\SKAD\Floppy\foiv
[2019-12-20 23:19:29Z] - INFO - Подписываем файлы все файлы
[2019-12-20 23:19:29Z] - INFO - Обрабатываем файл BOS1_RPO17102803_890120191218_606125_20191219_0002.vrb
[2019-12-20 23:19:30Z] - INFO - Обрабатываем файл BVD1_ZSV17102803_860220191219_102912_20191219_0002_000001_000001.vrb
[2019-12-20 23:19:32Z] - INFO - Обрабатываем файл BVS1_ZSV17102803_860220191219_102912_20191219_0002.vrb
[2019-12-20 23:19:33Z] - INFO - Обрабатываем файл PB1_RPO17102803_860320191218_590125.xml
[2019-12-20 23:19:34Z] - INFO - Обрабатываем файл PB1_RPO17102803_860320191218_595139.xml
[2019-12-20 23:19:35Z] - INFO - Обрабатываем файл PB1_ZSV17102803_860220191219_102912.xml
[2019-12-20 23:19:36Z] - INFO - Обрабатываем файл PB2_APZ17102803_723020191219_504225_0002.xml
[2019-12-20 23:19:54Z] - INFO - Выполнение операции "Удаление файла" над целевым объектом "D:\SKAD\form440SKAD\temp\work\BOS1_RPO17102803_890120191218_606125_20191219_0002.vrb".
Выполнение операции "Удаление файла" над целевым объектом "D:\SKAD\form440SKAD\temp\work\BVD1_ZSV17102803_860220191219_102912_20191219_0002_000001_000001.vrb".
Выполнение операции "Удаление файла" над целевым объектом "D:\SKAD\form440SKAD\temp\work\BVS1_ZSV17102803_860220191219_102912_20191219_0002.vrb".
Выполнение операции "Удаление файла" над целевым объектом "D:\SKAD\form440SKAD\temp\work\PB1_RPO17102803_860320191218_590125.xml".
Выполнение операции "Удаление файла" над целевым объектом "D:\SKAD\form440SKAD\temp\work\PB1_RPO17102803_860320191218_595139.xml".
Выполнение операции "Удаление файла" над целевым объектом "D:\SKAD\form440SKAD\temp\work\PB1_ZSV17102803_860220191219_102912.xml".
Выполнение операции "Удаление файла" над целевым объектом "D:\SKAD\form440SKAD\temp\work\PB2_APZ17102803_723020191219_504225_0002.xml".

[2019-12-20 23:21:06Z] - INFO - Выполнение операции "Переименование файла" над целевым объектом "Элемент: D:\SKAD\form440SKAD\temp\work\BOS1_RPO17102803_890120191218_606125_20191219_0002.vrb.test Назначение: D:\SKAD\form440SKAD
\temp\work\BOS1_RPO17102803_890120191218_606125_20191219_0002.vrb".
Выполнение операции "Переименование файла" над целевым объектом "Элемент: D:\SKAD\form440SKAD\temp\work\BVD1_ZSV17102803_860220191219_102912_20191219_0002_000001_000001.vrb.test Назначение: D:\SK
AD\form440SKAD\temp\work\BVD1_ZSV17102803_860220191219_102912_20191219_0002_000001_000001.vrb".
Выполнение операции "Переименование файла" над целевым объектом "Элемент: D:\SKAD\form440SKAD\temp\work\BVS1_ZSV17102803_860220191219_102912_20191219_0002.vrb.test Назначение: D:\SKAD\form440SKAD
\temp\work\BVS1_ZSV17102803_860220191219_102912_20191219_0002.vrb".
Выполнение операции "Переименование файла" над целевым объектом "Элемент: D:\SKAD\form440SKAD\temp\work\PB1_RPO17102803_860320191218_590125.xml.test Назначение: D:\SKAD\form440SKAD\temp\work\PB1_
RPO17102803_860320191218_590125.xml".
Выполнение операции "Переименование файла" над целевым объектом "Элемент: D:\SKAD\form440SKAD\temp\work\PB1_RPO17102803_860320191218_595139.xml.test Назначение: D:\SKAD\form440SKAD\temp\work\PB1_
RPO17102803_860320191218_595139.xml".
Выполнение операции "Переименование файла" над целевым объектом "Элемент: D:\SKAD\form440SKAD\temp\work\PB1_ZSV17102803_860220191219_102912.xml.test Назначение: D:\SKAD\form440SKAD\temp\work\PB1_
ZSV17102803_860220191219_102912.xml".
Выполнение операции "Переименование файла" над целевым объектом "Элемент: D:\SKAD\form440SKAD\temp\work\PB2_APZ17102803_723020191219_504225_0002.xml.test Назначение: D:\SKAD\form440SKAD\temp\work
\PB2_APZ17102803_723020191219_504225_0002.xml".

[2019-12-20 23:38:25Z] - INFO - Режим отладки
[2019-12-20 23:38:25Z] - INFO - Выполнение операции "Перемещение файла" над целевым объектом "Элемент: D:\SKAD\form440SKAD\temp\BANK\BOS1_RPO17102803_890120191218_606125_20191219_0002.xml Назначение: D:\SKAD\form440SKAD\temp\wo
rk\BOS1_RPO17102803_890120191218_606125_20191219_0002.xml".
Выполнение операции "Перемещение файла" над целевым объектом "Элемент: D:\SKAD\form440SKAD\temp\BANK\BVD1_ZSV17102803_860220191219_102912_20191219_0002_000001_000001.xml Назначение: D:\SKAD\form4
40SKAD\temp\work\BVD1_ZSV17102803_860220191219_102912_20191219_0002_000001_000001.xml".
Выполнение операции "Перемещение файла" над целевым объектом "Элемент: D:\SKAD\form440SKAD\temp\BANK\BVS1_ZSV17102803_860220191219_102912_20191219_0002.xml Назначение: D:\SKAD\form440SKAD\temp\wo
rk\BVS1_ZSV17102803_860220191219_102912_20191219_0002.xml".
Выполнение операции "Перемещение файла" над целевым объектом "Элемент: D:\SKAD\form440SKAD\temp\BANK\PB1_RPO17102803_860320191218_590125.xml Назначение: D:\SKAD\form440SKAD\temp\work\PB1_RPO17102
803_860320191218_590125.xml".
Выполнение операции "Перемещение файла" над целевым объектом "Элемент: D:\SKAD\form440SKAD\temp\BANK\PB1_RPO17102803_860320191218_595139.xml Назначение: D:\SKAD\form440SKAD\temp\work\PB1_RPO17102
803_860320191218_595139.xml".
Выполнение операции "Перемещение файла" над целевым объектом "Элемент: D:\SKAD\form440SKAD\temp\BANK\PB1_ZSV17102803_860220191219_102912.xml Назначение: D:\SKAD\form440SKAD\temp\work\PB1_ZSV17102
803_860220191219_102912.xml".
Выполнение операции "Перемещение файла" над целевым объектом "Элемент: D:\SKAD\form440SKAD\temp\BANK\PB2_APZ17102803_723020191219_504225_0002.xml Назначение: D:\SKAD\form440SKAD\temp\work\PB2_APZ
17102803_723020191219_504225_0002.xml".

[2019-12-20 23:38:25Z] - INFO - Сохраняем текущею ключевую дискету
[2019-12-20 23:38:25Z] - INFO - Копирование файлов в архив D:\SKAD\form440SKAD\temp\440p\Arhive\20122019
[2019-12-20 23:38:25Z] - INFO - Выполнение операции "Копирование файла" над целевым объектом "Элемент: D:\SKAD\form440SKAD\temp\work\BOS1_RPO17102803_890120191218_606125_20191219_0002.xml Назначение: D:\SKAD\form440SKAD\temp\44
0p\Arhive\20122019\BOS1_RPO17102803_890120191218_606125_20191219_0002.xml".
Выполнение операции "Копирование файла" над целевым объектом "Элемент: D:\SKAD\form440SKAD\temp\work\BVD1_ZSV17102803_860220191219_102912_20191219_0002_000001_000001.xml Назначение: D:\SKAD\form4
40SKAD\temp\440p\Arhive\20122019\BVD1_ZSV17102803_860220191219_102912_20191219_0002_000001_000001.xml".
Выполнение операции "Копирование файла" над целевым объектом "Элемент: D:\SKAD\form440SKAD\temp\work\BVS1_ZSV17102803_860220191219_102912_20191219_0002.xml Назначение: D:\SKAD\form440SKAD\temp\44
0p\Arhive\20122019\BVS1_ZSV17102803_860220191219_102912_20191219_0002.xml".
Выполнение операции "Копирование файла" над целевым объектом "Элемент: D:\SKAD\form440SKAD\temp\work\PB1_RPO17102803_860320191218_590125.xml Назначение: D:\SKAD\form440SKAD\temp\440p\Arhive\20122
019\PB1_RPO17102803_860320191218_590125.xml".
Выполнение операции "Копирование файла" над целевым объектом "Элемент: D:\SKAD\form440SKAD\temp\work\PB1_RPO17102803_860320191218_595139.xml Назначение: D:\SKAD\form440SKAD\temp\440p\Arhive\20122
019\PB1_RPO17102803_860320191218_595139.xml".
Выполнение операции "Копирование файла" над целевым объектом "Элемент: D:\SKAD\form440SKAD\temp\work\PB1_ZSV17102803_860220191219_102912.xml Назначение: D:\SKAD\form440SKAD\temp\440p\Arhive\20122
019\PB1_ZSV17102803_860220191219_102912.xml".
Выполнение операции "Копирование файла" над целевым объектом "Элемент: D:\SKAD\form440SKAD\temp\work\PB2_APZ17102803_723020191219_504225_0002.xml Назначение: D:\SKAD\form440SKAD\temp\440p\Arhive\
20122019\PB2_APZ17102803_723020191219_504225_0002.xml".

[2019-12-20 23:38:25Z] - INFO - Переименовываем файлы *.xml -> *.vrb
[2019-12-20 23:38:25Z] - INFO - Загружаем ключевую дискету d:\SKAD\Floppy\foiv
[2019-12-20 23:38:25Z] - INFO - Подписываем все файлы
[2019-12-20 23:38:25Z] - INFO - Обрабатываем файл BOS1_RPO17102803_890120191218_606125_20191219_0002.vrb
[2019-12-20 23:38:26Z] - INFO - Обрабатываем файл BVD1_ZSV17102803_860220191219_102912_20191219_0002_000001_000001.vrb
[2019-12-20 23:38:27Z] - INFO - Обрабатываем файл BVS1_ZSV17102803_860220191219_102912_20191219_0002.vrb
[2019-12-20 23:38:28Z] - INFO - Обрабатываем файл PB1_RPO17102803_860320191218_590125.xml
[2019-12-20 23:38:30Z] - INFO - Обрабатываем файл PB1_RPO17102803_860320191218_595139.xml
[2019-12-20 23:38:31Z] - INFO - Обрабатываем файл PB1_ZSV17102803_860220191219_102912.xml
[2019-12-20 23:38:32Z] - INFO - Обрабатываем файл PB2_APZ17102803_723020191219_504225_0002.xml
[2019-12-20 23:39:53Z] - INFO - Режим отладки
[2019-12-20 23:39:53Z] - INFO - Выполнение операции "Перемещение файла" над целевым объектом "Элемент: D:\SKAD\form440SKAD\temp\BANK\BOS1_RPO17102803_890120191218_606125_20191219_0002.xml Назначение: D:\SKAD\form440SKAD\temp\wo
rk\BOS1_RPO17102803_890120191218_606125_20191219_0002.xml".
Выполнение операции "Перемещение файла" над целевым объектом "Элемент: D:\SKAD\form440SKAD\temp\BANK\BVD1_ZSV17102803_860220191219_102912_20191219_0002_000001_000001.xml Назначение: D:\SKAD\form4
40SKAD\temp\work\BVD1_ZSV17102803_860220191219_102912_20191219_0002_000001_000001.xml".
Выполнение операции "Перемещение файла" над целевым объектом "Элемент: D:\SKAD\form440SKAD\temp\BANK\BVS1_ZSV17102803_860220191219_102912_20191219_0002.xml Назначение: D:\SKAD\form440SKAD\temp\wo
rk\BVS1_ZSV17102803_860220191219_102912_20191219_0002.xml".
Выполнение операции "Перемещение файла" над целевым объектом "Элемент: D:\SKAD\form440SKAD\temp\BANK\PB1_RPO17102803_860320191218_590125.xml Назначение: D:\SKAD\form440SKAD\temp\work\PB1_RPO17102
803_860320191218_590125.xml".
Выполнение операции "Перемещение файла" над целевым объектом "Элемент: D:\SKAD\form440SKAD\temp\BANK\PB1_RPO17102803_860320191218_595139.xml Назначение: D:\SKAD\form440SKAD\temp\work\PB1_RPO17102
803_860320191218_595139.xml".
Выполнение операции "Перемещение файла" над целевым объектом "Элемент: D:\SKAD\form440SKAD\temp\BANK\PB1_ZSV17102803_860220191219_102912.xml Назначение: D:\SKAD\form440SKAD\temp\work\PB1_ZSV17102
803_860220191219_102912.xml".
Выполнение операции "Перемещение файла" над целевым объектом "Элемент: D:\SKAD\form440SKAD\temp\BANK\PB2_APZ17102803_723020191219_504225_0002.xml Назначение: D:\SKAD\form440SKAD\temp\work\PB2_APZ
17102803_723020191219_504225_0002.xml".

[2019-12-20 23:39:53Z] - INFO - Сохраняем текущею ключевую дискету
[2019-12-20 23:39:53Z] - INFO - Копирование файлов в архив D:\SKAD\form440SKAD\temp\440p\Arhive\20122019
[2019-12-20 23:39:53Z] - INFO - Выполнение операции "Копирование файла" над целевым объектом "Элемент: D:\SKAD\form440SKAD\temp\work\BOS1_RPO17102803_890120191218_606125_20191219_0002.xml Назначение: D:\SKAD\form440SKAD\temp\44
0p\Arhive\20122019\BOS1_RPO17102803_890120191218_606125_20191219_0002.xml".
Выполнение операции "Копирование файла" над целевым объектом "Элемент: D:\SKAD\form440SKAD\temp\work\BVD1_ZSV17102803_860220191219_102912_20191219_0002_000001_000001.xml Назначение: D:\SKAD\form4
40SKAD\temp\440p\Arhive\20122019\BVD1_ZSV17102803_860220191219_102912_20191219_0002_000001_000001.xml".
Выполнение операции "Копирование файла" над целевым объектом "Элемент: D:\SKAD\form440SKAD\temp\work\BVS1_ZSV17102803_860220191219_102912_20191219_0002.xml Назначение: D:\SKAD\form440SKAD\temp\44
0p\Arhive\20122019\BVS1_ZSV17102803_860220191219_102912_20191219_0002.xml".
Выполнение операции "Копирование файла" над целевым объектом "Элемент: D:\SKAD\form440SKAD\temp\work\PB1_RPO17102803_860320191218_590125.xml Назначение: D:\SKAD\form440SKAD\temp\440p\Arhive\20122
019\PB1_RPO17102803_860320191218_590125.xml".
Выполнение операции "Копирование файла" над целевым объектом "Элемент: D:\SKAD\form440SKAD\temp\work\PB1_RPO17102803_860320191218_595139.xml Назначение: D:\SKAD\form440SKAD\temp\440p\Arhive\20122
019\PB1_RPO17102803_860320191218_595139.xml".
Выполнение операции "Копирование файла" над целевым объектом "Элемент: D:\SKAD\form440SKAD\temp\work\PB1_ZSV17102803_860220191219_102912.xml Назначение: D:\SKAD\form440SKAD\temp\440p\Arhive\20122
019\PB1_ZSV17102803_860220191219_102912.xml".
Выполнение операции "Копирование файла" над целевым объектом "Элемент: D:\SKAD\form440SKAD\temp\work\PB2_APZ17102803_723020191219_504225_0002.xml Назначение: D:\SKAD\form440SKAD\temp\440p\Arhive\
20122019\PB2_APZ17102803_723020191219_504225_0002.xml".

[2019-12-20 23:39:53Z] - INFO - Загружаем ключевую дискету d:\SKAD\Floppy\foiv
[2019-12-20 23:39:53Z] - INFO - Переименовываем файлы *.xml -> *.vrb
[2019-12-20 23:39:53Z] - INFO - Подписываем все файлы
[2019-12-20 23:39:53Z] - INFO - Обрабатываем файл BOS1_RPO17102803_890120191218_606125_20191219_0002.vrb
[2019-12-20 23:39:55Z] - INFO - Обрабатываем файл BVD1_ZSV17102803_860220191219_102912_20191219_0002_000001_000001.vrb
[2019-12-20 23:39:56Z] - INFO - Обрабатываем файл BVS1_ZSV17102803_860220191219_102912_20191219_0002.vrb
[2019-12-20 23:39:57Z] - INFO - Обрабатываем файл PB1_RPO17102803_860320191218_590125.xml
[2019-12-20 23:39:58Z] - INFO - Обрабатываем файл PB1_RPO17102803_860320191218_595139.xml
[2019-12-20 23:39:59Z] - INFO - Обрабатываем файл PB1_ZSV17102803_860220191219_102912.xml
[2019-12-20 23:40:00Z] - INFO - Обрабатываем файл PB2_APZ17102803_723020191219_504225_0002.xml
[2019-12-20 23:40:17Z] - INFO - Выполнение операции "Удаление файла" над целевым объектом "D:\SKAD\form440SKAD\temp\work\BOS1_RPO17102803_890120191218_606125_20191219_0002.vrb".
Выполнение операции "Удаление файла" над целевым объектом "D:\SKAD\form440SKAD\temp\work\BVD1_ZSV17102803_860220191219_102912_20191219_0002_000001_000001.vrb".
Выполнение операции "Удаление файла" над целевым объектом "D:\SKAD\form440SKAD\temp\work\BVS1_ZSV17102803_860220191219_102912_20191219_0002.vrb".
Выполнение операции "Удаление файла" над целевым объектом "D:\SKAD\form440SKAD\temp\work\PB1_RPO17102803_860320191218_590125.xml".
Выполнение операции "Удаление файла" над целевым объектом "D:\SKAD\form440SKAD\temp\work\PB1_RPO17102803_860320191218_595139.xml".
Выполнение операции "Удаление файла" над целевым объектом "D:\SKAD\form440SKAD\temp\work\PB1_ZSV17102803_860220191219_102912.xml".
Выполнение операции "Удаление файла" над целевым объектом "D:\SKAD\form440SKAD\temp\work\PB2_APZ17102803_723020191219_504225_0002.xml".

[2019-12-20 23:40:17Z] - INFO - Выполнение операции "Переименование файла" над целевым объектом "Элемент: D:\SKAD\form440SKAD\temp\work\BOS1_RPO17102803_890120191218_606125_20191219_0002.vrb.test Назначение: D:\SKAD\form440SKAD
\temp\work\BOS1_RPO17102803_890120191218_606125_20191219_0002.vrb".
Выполнение операции "Переименование файла" над целевым объектом "Элемент: D:\SKAD\form440SKAD\temp\work\BVD1_ZSV17102803_860220191219_102912_20191219_0002_000001_000001.vrb.test Назначение: D:\SK
AD\form440SKAD\temp\work\BVD1_ZSV17102803_860220191219_102912_20191219_0002_000001_000001.vrb".
Выполнение операции "Переименование файла" над целевым объектом "Элемент: D:\SKAD\form440SKAD\temp\work\BVS1_ZSV17102803_860220191219_102912_20191219_0002.vrb.test Назначение: D:\SKAD\form440SKAD
\temp\work\BVS1_ZSV17102803_860220191219_102912_20191219_0002.vrb".
Выполнение операции "Переименование файла" над целевым объектом "Элемент: D:\SKAD\form440SKAD\temp\work\PB1_RPO17102803_860320191218_590125.xml.test Назначение: D:\SKAD\form440SKAD\temp\work\PB1_
RPO17102803_860320191218_590125.xml".
Выполнение операции "Переименование файла" над целевым объектом "Элемент: D:\SKAD\form440SKAD\temp\work\PB1_RPO17102803_860320191218_595139.xml.test Назначение: D:\SKAD\form440SKAD\temp\work\PB1_
RPO17102803_860320191218_595139.xml".
Выполнение операции "Переименование файла" над целевым объектом "Элемент: D:\SKAD\form440SKAD\temp\work\PB1_ZSV17102803_860220191219_102912.xml.test Назначение: D:\SKAD\form440SKAD\temp\work\PB1_
ZSV17102803_860220191219_102912.xml".
Выполнение операции "Переименование файла" над целевым объектом "Элемент: D:\SKAD\form440SKAD\temp\work\PB2_APZ17102803_723020191219_504225_0002.xml.test Назначение: D:\SKAD\form440SKAD\temp\work
\PB2_APZ17102803_723020191219_504225_0002.xml".

[2019-12-20 23:40:17Z] - INFO - Архивируем vrb-файлы
[2019-12-20 23:42:13Z] - INFO - Режим отладки
[2019-12-20 23:42:13Z] - INFO - Выполнение операции "Перемещение файла" над целевым объектом "Элемент: D:\SKAD\form440SKAD\temp\BANK\BOS1_RPO17102803_890120191218_606125_20191219_0002.xml Назначение: D:\SKAD\form440SKAD\temp\wo
rk\BOS1_RPO17102803_890120191218_606125_20191219_0002.xml".
Выполнение операции "Перемещение файла" над целевым объектом "Элемент: D:\SKAD\form440SKAD\temp\BANK\BVD1_ZSV17102803_860220191219_102912_20191219_0002_000001_000001.xml Назначение: D:\SKAD\form4
40SKAD\temp\work\BVD1_ZSV17102803_860220191219_102912_20191219_0002_000001_000001.xml".
Выполнение операции "Перемещение файла" над целевым объектом "Элемент: D:\SKAD\form440SKAD\temp\BANK\BVS1_ZSV17102803_860220191219_102912_20191219_0002.xml Назначение: D:\SKAD\form440SKAD\temp\wo
rk\BVS1_ZSV17102803_860220191219_102912_20191219_0002.xml".
Выполнение операции "Перемещение файла" над целевым объектом "Элемент: D:\SKAD\form440SKAD\temp\BANK\PB1_RPO17102803_860320191218_590125.xml Назначение: D:\SKAD\form440SKAD\temp\work\PB1_RPO17102
803_860320191218_590125.xml".
Выполнение операции "Перемещение файла" над целевым объектом "Элемент: D:\SKAD\form440SKAD\temp\BANK\PB1_RPO17102803_860320191218_595139.xml Назначение: D:\SKAD\form440SKAD\temp\work\PB1_RPO17102
803_860320191218_595139.xml".
Выполнение операции "Перемещение файла" над целевым объектом "Элемент: D:\SKAD\form440SKAD\temp\BANK\PB1_ZSV17102803_860220191219_102912.xml Назначение: D:\SKAD\form440SKAD\temp\work\PB1_ZSV17102
803_860220191219_102912.xml".
Выполнение операции "Перемещение файла" над целевым объектом "Элемент: D:\SKAD\form440SKAD\temp\BANK\PB2_APZ17102803_723020191219_504225_0002.xml Назначение: D:\SKAD\form440SKAD\temp\work\PB2_APZ
17102803_723020191219_504225_0002.xml".

[2019-12-20 23:42:13Z] - INFO - Сохраняем текущею ключевую дискету
[2019-12-20 23:42:13Z] - INFO - Копирование файлов в архив D:\SKAD\form440SKAD\temp\440p\Arhive\20122019
[2019-12-20 23:42:13Z] - INFO - Выполнение операции "Копирование файла" над целевым объектом "Элемент: D:\SKAD\form440SKAD\temp\work\BOS1_RPO17102803_890120191218_606125_20191219_0002.xml Назначение: D:\SKAD\form440SKAD\temp\44
0p\Arhive\20122019\BOS1_RPO17102803_890120191218_606125_20191219_0002.xml".
Выполнение операции "Копирование файла" над целевым объектом "Элемент: D:\SKAD\form440SKAD\temp\work\BVD1_ZSV17102803_860220191219_102912_20191219_0002_000001_000001.xml Назначение: D:\SKAD\form4
40SKAD\temp\440p\Arhive\20122019\BVD1_ZSV17102803_860220191219_102912_20191219_0002_000001_000001.xml".
Выполнение операции "Копирование файла" над целевым объектом "Элемент: D:\SKAD\form440SKAD\temp\work\BVS1_ZSV17102803_860220191219_102912_20191219_0002.xml Назначение: D:\SKAD\form440SKAD\temp\44
0p\Arhive\20122019\BVS1_ZSV17102803_860220191219_102912_20191219_0002.xml".
Выполнение операции "Копирование файла" над целевым объектом "Элемент: D:\SKAD\form440SKAD\temp\work\PB1_RPO17102803_860320191218_590125.xml Назначение: D:\SKAD\form440SKAD\temp\440p\Arhive\20122
019\PB1_RPO17102803_860320191218_590125.xml".
Выполнение операции "Копирование файла" над целевым объектом "Элемент: D:\SKAD\form440SKAD\temp\work\PB1_RPO17102803_860320191218_595139.xml Назначение: D:\SKAD\form440SKAD\temp\440p\Arhive\20122
019\PB1_RPO17102803_860320191218_595139.xml".
Выполнение операции "Копирование файла" над целевым объектом "Элемент: D:\SKAD\form440SKAD\temp\work\PB1_ZSV17102803_860220191219_102912.xml Назначение: D:\SKAD\form440SKAD\temp\440p\Arhive\20122
019\PB1_ZSV17102803_860220191219_102912.xml".
Выполнение операции "Копирование файла" над целевым объектом "Элемент: D:\SKAD\form440SKAD\temp\work\PB2_APZ17102803_723020191219_504225_0002.xml Назначение: D:\SKAD\form440SKAD\temp\440p\Arhive\
20122019\PB2_APZ17102803_723020191219_504225_0002.xml".

[2019-12-20 23:42:13Z] - INFO - Загружаем ключевую дискету d:\SKAD\Floppy\foiv
[2019-12-20 23:42:13Z] - INFO - Переименовываем файлы *.xml -> *.vrb
[2019-12-20 23:42:13Z] - INFO - Подписываем все файлы
[2019-12-20 23:42:13Z] - INFO - Обрабатываем файл BOS1_RPO17102803_890120191218_606125_20191219_0002.vrb
[2019-12-20 23:42:14Z] - INFO - Обрабатываем файл BVD1_ZSV17102803_860220191219_102912_20191219_0002_000001_000001.vrb
[2019-12-20 23:42:15Z] - INFO - Обрабатываем файл BVS1_ZSV17102803_860220191219_102912_20191219_0002.vrb
[2019-12-20 23:42:16Z] - INFO - Обрабатываем файл PB1_RPO17102803_860320191218_590125.xml
[2019-12-20 23:42:17Z] - INFO - Обрабатываем файл PB1_RPO17102803_860320191218_595139.xml
[2019-12-20 23:42:19Z] - INFO - Обрабатываем файл PB1_ZSV17102803_860220191219_102912.xml
[2019-12-20 23:42:20Z] - INFO - Обрабатываем файл PB2_APZ17102803_723020191219_504225_0002.xml
[2019-12-20 23:42:21Z] - INFO - Выполнение операции "Удаление файла" над целевым объектом "D:\SKAD\form440SKAD\temp\work\BOS1_RPO17102803_890120191218_606125_20191219_0002.vrb".
Выполнение операции "Удаление файла" над целевым объектом "D:\SKAD\form440SKAD\temp\work\BVD1_ZSV17102803_860220191219_102912_20191219_0002_000001_000001.vrb".
Выполнение операции "Удаление файла" над целевым объектом "D:\SKAD\form440SKAD\temp\work\BVS1_ZSV17102803_860220191219_102912_20191219_0002.vrb".
Выполнение операции "Удаление файла" над целевым объектом "D:\SKAD\form440SKAD\temp\work\PB1_RPO17102803_860320191218_590125.xml".
Выполнение операции "Удаление файла" над целевым объектом "D:\SKAD\form440SKAD\temp\work\PB1_RPO17102803_860320191218_595139.xml".
Выполнение операции "Удаление файла" над целевым объектом "D:\SKAD\form440SKAD\temp\work\PB1_ZSV17102803_860220191219_102912.xml".
Выполнение операции "Удаление файла" над целевым объектом "D:\SKAD\form440SKAD\temp\work\PB2_APZ17102803_723020191219_504225_0002.xml".

[2019-12-20 23:42:21Z] - INFO - Выполнение операции "Переименование файла" над целевым объектом "Элемент: D:\SKAD\form440SKAD\temp\work\BOS1_RPO17102803_890120191218_606125_20191219_0002.vrb.test Назначение: D:\SKAD\form440SKAD
\temp\work\BOS1_RPO17102803_890120191218_606125_20191219_0002.vrb".
Выполнение операции "Переименование файла" над целевым объектом "Элемент: D:\SKAD\form440SKAD\temp\work\BVD1_ZSV17102803_860220191219_102912_20191219_0002_000001_000001.vrb.test Назначение: D:\SK
AD\form440SKAD\temp\work\BVD1_ZSV17102803_860220191219_102912_20191219_0002_000001_000001.vrb".
Выполнение операции "Переименование файла" над целевым объектом "Элемент: D:\SKAD\form440SKAD\temp\work\BVS1_ZSV17102803_860220191219_102912_20191219_0002.vrb.test Назначение: D:\SKAD\form440SKAD
\temp\work\BVS1_ZSV17102803_860220191219_102912_20191219_0002.vrb".
Выполнение операции "Переименование файла" над целевым объектом "Элемент: D:\SKAD\form440SKAD\temp\work\PB1_RPO17102803_860320191218_590125.xml.test Назначение: D:\SKAD\form440SKAD\temp\work\PB1_
RPO17102803_860320191218_590125.xml".
Выполнение операции "Переименование файла" над целевым объектом "Элемент: D:\SKAD\form440SKAD\temp\work\PB1_RPO17102803_860320191218_595139.xml.test Назначение: D:\SKAD\form440SKAD\temp\work\PB1_
RPO17102803_860320191218_595139.xml".
Выполнение операции "Переименование файла" над целевым объектом "Элемент: D:\SKAD\form440SKAD\temp\work\PB1_ZSV17102803_860220191219_102912.xml.test Назначение: D:\SKAD\form440SKAD\temp\work\PB1_
ZSV17102803_860220191219_102912.xml".
Выполнение операции "Переименование файла" над целевым объектом "Элемент: D:\SKAD\form440SKAD\temp\work\PB2_APZ17102803_723020191219_504225_0002.xml.test Назначение: D:\SKAD\form440SKAD\temp\work
\PB2_APZ17102803_723020191219_504225_0002.xml".

[2019-12-20 23:42:21Z] - INFO - Архивируем vrb-файлы
[2019-12-20 23:45:28Z] - INFO - Режим отладки
[2019-12-20 23:45:28Z] - INFO - Выполнение операции "Перемещение файла" над целевым объектом "Элемент: D:\SKAD\form440SKAD\temp\BANK\BOS1_RPO17102803_890120191218_606125_20191219_0002.xml Назначение: D:\SKAD\form440SKAD\temp\wo
rk\BOS1_RPO17102803_890120191218_606125_20191219_0002.xml".
Выполнение операции "Перемещение файла" над целевым объектом "Элемент: D:\SKAD\form440SKAD\temp\BANK\BVD1_ZSV17102803_860220191219_102912_20191219_0002_000001_000001.xml Назначение: D:\SKAD\form4
40SKAD\temp\work\BVD1_ZSV17102803_860220191219_102912_20191219_0002_000001_000001.xml".
Выполнение операции "Перемещение файла" над целевым объектом "Элемент: D:\SKAD\form440SKAD\temp\BANK\BVS1_ZSV17102803_860220191219_102912_20191219_0002.xml Назначение: D:\SKAD\form440SKAD\temp\wo
rk\BVS1_ZSV17102803_860220191219_102912_20191219_0002.xml".
Выполнение операции "Перемещение файла" над целевым объектом "Элемент: D:\SKAD\form440SKAD\temp\BANK\PB1_RPO17102803_860320191218_590125.xml Назначение: D:\SKAD\form440SKAD\temp\work\PB1_RPO17102
803_860320191218_590125.xml".
Выполнение операции "Перемещение файла" над целевым объектом "Элемент: D:\SKAD\form440SKAD\temp\BANK\PB1_RPO17102803_860320191218_595139.xml Назначение: D:\SKAD\form440SKAD\temp\work\PB1_RPO17102
803_860320191218_595139.xml".
Выполнение операции "Перемещение файла" над целевым объектом "Элемент: D:\SKAD\form440SKAD\temp\BANK\PB1_ZSV17102803_860220191219_102912.xml Назначение: D:\SKAD\form440SKAD\temp\work\PB1_ZSV17102
803_860220191219_102912.xml".
Выполнение операции "Перемещение файла" над целевым объектом "Элемент: D:\SKAD\form440SKAD\temp\BANK\PB2_APZ17102803_723020191219_504225_0002.xml Назначение: D:\SKAD\form440SKAD\temp\work\PB2_APZ
17102803_723020191219_504225_0002.xml".

[2019-12-20 23:45:28Z] - INFO - Сохраняем текущею ключевую дискету
[2019-12-20 23:45:28Z] - INFO - Копирование файлов в архив D:\SKAD\form440SKAD\temp\440p\Arhive\20122019
[2019-12-20 23:45:28Z] - INFO - Выполнение операции "Копирование файла" над целевым объектом "Элемент: D:\SKAD\form440SKAD\temp\work\BOS1_RPO17102803_890120191218_606125_20191219_0002.xml Назначение: D:\SKAD\form440SKAD\temp\44
0p\Arhive\20122019\BOS1_RPO17102803_890120191218_606125_20191219_0002.xml".
Выполнение операции "Копирование файла" над целевым объектом "Элемент: D:\SKAD\form440SKAD\temp\work\BVD1_ZSV17102803_860220191219_102912_20191219_0002_000001_000001.xml Назначение: D:\SKAD\form4
40SKAD\temp\440p\Arhive\20122019\BVD1_ZSV17102803_860220191219_102912_20191219_0002_000001_000001.xml".
Выполнение операции "Копирование файла" над целевым объектом "Элемент: D:\SKAD\form440SKAD\temp\work\BVS1_ZSV17102803_860220191219_102912_20191219_0002.xml Назначение: D:\SKAD\form440SKAD\temp\44
0p\Arhive\20122019\BVS1_ZSV17102803_860220191219_102912_20191219_0002.xml".
Выполнение операции "Копирование файла" над целевым объектом "Элемент: D:\SKAD\form440SKAD\temp\work\PB1_RPO17102803_860320191218_590125.xml Назначение: D:\SKAD\form440SKAD\temp\440p\Arhive\20122
019\PB1_RPO17102803_860320191218_590125.xml".
Выполнение операции "Копирование файла" над целевым объектом "Элемент: D:\SKAD\form440SKAD\temp\work\PB1_RPO17102803_860320191218_595139.xml Назначение: D:\SKAD\form440SKAD\temp\440p\Arhive\20122
019\PB1_RPO17102803_860320191218_595139.xml".
Выполнение операции "Копирование файла" над целевым объектом "Элемент: D:\SKAD\form440SKAD\temp\work\PB1_ZSV17102803_860220191219_102912.xml Назначение: D:\SKAD\form440SKAD\temp\440p\Arhive\20122
019\PB1_ZSV17102803_860220191219_102912.xml".
Выполнение операции "Копирование файла" над целевым объектом "Элемент: D:\SKAD\form440SKAD\temp\work\PB2_APZ17102803_723020191219_504225_0002.xml Назначение: D:\SKAD\form440SKAD\temp\440p\Arhive\
20122019\PB2_APZ17102803_723020191219_504225_0002.xml".

[2019-12-20 23:45:28Z] - INFO - Загружаем ключевую дискету d:\SKAD\Floppy\foiv
[2019-12-20 23:45:28Z] - INFO - Переименовываем файлы *.xml -> *.vrb
[2019-12-20 23:45:28Z] - INFO - Подписываем все файлы
[2019-12-20 23:45:28Z] - INFO - Обрабатываем файл BOS1_RPO17102803_890120191218_606125_20191219_0002.vrb
[2019-12-20 23:45:29Z] - INFO - Обрабатываем файл BVD1_ZSV17102803_860220191219_102912_20191219_0002_000001_000001.vrb
[2019-12-20 23:45:31Z] - INFO - Обрабатываем файл BVS1_ZSV17102803_860220191219_102912_20191219_0002.vrb
[2019-12-20 23:45:32Z] - INFO - Обрабатываем файл PB1_RPO17102803_860320191218_590125.xml
[2019-12-20 23:45:33Z] - INFO - Обрабатываем файл PB1_RPO17102803_860320191218_595139.xml
[2019-12-20 23:45:34Z] - INFO - Обрабатываем файл PB1_ZSV17102803_860220191219_102912.xml
[2019-12-20 23:45:35Z] - INFO - Обрабатываем файл PB2_APZ17102803_723020191219_504225_0002.xml
[2019-12-20 23:45:36Z] - INFO - Выполнение операции "Удаление файла" над целевым объектом "D:\SKAD\form440SKAD\temp\work\BOS1_RPO17102803_890120191218_606125_20191219_0002.vrb".
Выполнение операции "Удаление файла" над целевым объектом "D:\SKAD\form440SKAD\temp\work\BVD1_ZSV17102803_860220191219_102912_20191219_0002_000001_000001.vrb".
Выполнение операции "Удаление файла" над целевым объектом "D:\SKAD\form440SKAD\temp\work\BVS1_ZSV17102803_860220191219_102912_20191219_0002.vrb".
Выполнение операции "Удаление файла" над целевым объектом "D:\SKAD\form440SKAD\temp\work\PB1_RPO17102803_860320191218_590125.xml".
Выполнение операции "Удаление файла" над целевым объектом "D:\SKAD\form440SKAD\temp\work\PB1_RPO17102803_860320191218_595139.xml".
Выполнение операции "Удаление файла" над целевым объектом "D:\SKAD\form440SKAD\temp\work\PB1_ZSV17102803_860220191219_102912.xml".
Выполнение операции "Удаление файла" над целевым объектом "D:\SKAD\form440SKAD\temp\work\PB2_APZ17102803_723020191219_504225_0002.xml".

[2019-12-20 23:45:36Z] - INFO - Выполнение операции "Переименование файла" над целевым объектом "Элемент: D:\SKAD\form440SKAD\temp\work\BOS1_RPO17102803_890120191218_606125_20191219_0002.vrb.test Назначение: D:\SKAD\form440SKAD
\temp\work\BOS1_RPO17102803_890120191218_606125_20191219_0002.vrb".
Выполнение операции "Переименование файла" над целевым объектом "Элемент: D:\SKAD\form440SKAD\temp\work\BVD1_ZSV17102803_860220191219_102912_20191219_0002_000001_000001.vrb.test Назначение: D:\SK
AD\form440SKAD\temp\work\BVD1_ZSV17102803_860220191219_102912_20191219_0002_000001_000001.vrb".
Выполнение операции "Переименование файла" над целевым объектом "Элемент: D:\SKAD\form440SKAD\temp\work\BVS1_ZSV17102803_860220191219_102912_20191219_0002.vrb.test Назначение: D:\SKAD\form440SKAD
\temp\work\BVS1_ZSV17102803_860220191219_102912_20191219_0002.vrb".
Выполнение операции "Переименование файла" над целевым объектом "Элемент: D:\SKAD\form440SKAD\temp\work\PB1_RPO17102803_860320191218_590125.xml.test Назначение: D:\SKAD\form440SKAD\temp\work\PB1_
RPO17102803_860320191218_590125.xml".
Выполнение операции "Переименование файла" над целевым объектом "Элемент: D:\SKAD\form440SKAD\temp\work\PB1_RPO17102803_860320191218_595139.xml.test Назначение: D:\SKAD\form440SKAD\temp\work\PB1_
RPO17102803_860320191218_595139.xml".
Выполнение операции "Переименование файла" над целевым объектом "Элемент: D:\SKAD\form440SKAD\temp\work\PB1_ZSV17102803_860220191219_102912.xml.test Назначение: D:\SKAD\form440SKAD\temp\work\PB1_
ZSV17102803_860220191219_102912.xml".
Выполнение операции "Переименование файла" над целевым объектом "Элемент: D:\SKAD\form440SKAD\temp\work\PB2_APZ17102803_723020191219_504225_0002.xml.test Назначение: D:\SKAD\form440SKAD\temp\work
\PB2_APZ17102803_723020191219_504225_0002.xml".

[2019-12-20 23:45:36Z] - INFO - Архивируем vrb-файлы
[2019-12-20 23:45:59Z] - INFO - Выполнение операции "Удаление файла" над целевым объектом "D:\SKAD\form440SKAD\temp\work\BOS1_RPO17102803_890120191218_606125_20191219_0002.vrb".
Выполнение операции "Удаление файла" над целевым объектом "D:\SKAD\form440SKAD\temp\work\BVD1_ZSV17102803_860220191219_102912_20191219_0002_000001_000001.vrb".
Выполнение операции "Удаление файла" над целевым объектом "D:\SKAD\form440SKAD\temp\work\BVS1_ZSV17102803_860220191219_102912_20191219_0002.vrb".

[2019-12-20 23:46:14Z] - INFO - Выполнение операции "Переименование файла" над целевым объектом "Элемент: D:\SKAD\form440SKAD\temp\work\BOS1_RPO17102803_890120191218_606125_20191219_0002.vrb.gz Назначение: D:\SKAD\form440SKAD\t
emp\work\BOS1_RPO17102803_890120191218_606125_20191219_0002.vrb".
Выполнение операции "Переименование файла" над целевым объектом "Элемент: D:\SKAD\form440SKAD\temp\work\BVD1_ZSV17102803_860220191219_102912_20191219_0002_000001_000001.vrb.gz Назначение: D:\SKAD
\form440SKAD\temp\work\BVD1_ZSV17102803_860220191219_102912_20191219_0002_000001_000001.vrb".
Выполнение операции "Переименование файла" над целевым объектом "Элемент: D:\SKAD\form440SKAD\temp\work\BVS1_ZSV17102803_860220191219_102912_20191219_0002.vrb.gz Назначение: D:\SKAD\form440SKAD\t
emp\work\BVS1_ZSV17102803_860220191219_102912_20191219_0002.vrb".

