[2019-12-24 22:42:11Z] - INFO - Обработка отчетности - 440out
[2019-12-24 22:42:11Z] - INFO - Выполнение операции "Перемещение файла" над целевым объектом "Элемент: D:\SKAD\form440SKAD\temp\GCI\BOS1_RPO17102803_890120191218_606125_20191219_0002.xml Назначение: D:\SKAD\form440SKAD\
temp\work\BOS1_RPO17102803_890120191218_606125_20191219_0002.xml".
Выполнение операции "Перемещение файла" над целевым объектом "Элемент: D:\SKAD\form440SKAD\temp\GCI\BVD1_ZSV17102803_860220191219_102912_20191219_0002_000001_000001.xml Назначение: D:\SKA
D\form440SKAD\temp\work\BVD1_ZSV17102803_860220191219_102912_20191219_0002_000001_000001.xml".
Выполнение операции "Перемещение файла" над целевым объектом "Элемент: D:\SKAD\form440SKAD\temp\GCI\PB1_RPO17102803_860320191218_590125.xml Назначение: D:\SKAD\form440SKAD\temp\work\PB1_R
PO17102803_860320191218_590125.xml".

[2019-12-24 22:49:14Z] - INFO - Обработка отчетности - 440out
[2019-12-24 22:51:35Z] - INFO - Обработка отчетности - 440out
[2019-12-24 22:51:58Z] - INFO - Выполнение операции "Перемещение файла" над целевым объектом "Элемент: D:\SKAD\form440SKAD\temp\GCI\BOS1_RPO17102803_890120191218_606125_20191219_0002.xml Назначение: D:\SKAD\form440SKAD\
temp\work\BOS1_RPO17102803_890120191218_606125_20191219_0002.xml".
Выполнение операции "Перемещение файла" над целевым объектом "Элемент: D:\SKAD\form440SKAD\temp\GCI\BVD1_ZSV17102803_860220191219_102912_20191219_0002_000001_000001.xml Назначение: D:\SKA
D\form440SKAD\temp\work\BVD1_ZSV17102803_860220191219_102912_20191219_0002_000001_000001.xml".
Выполнение операции "Перемещение файла" над целевым объектом "Элемент: D:\SKAD\form440SKAD\temp\GCI\BVS1_ZSV17102803_860220191219_102912_20191219_0002.xml Назначение: D:\SKAD\form440SKAD\
temp\work\BVS1_ZSV17102803_860220191219_102912_20191219_0002.xml".
Выполнение операции "Перемещение файла" над целевым объектом "Элемент: D:\SKAD\form440SKAD\temp\GCI\PB1_RPO17102803_860320191218_590125.xml Назначение: D:\SKAD\form440SKAD\temp\work\PB1_R
PO17102803_860320191218_590125.xml".
Выполнение операции "Перемещение файла" над целевым объектом "Элемент: D:\SKAD\form440SKAD\temp\GCI\PB1_RPO17102803_860320191218_595139.xml Назначение: D:\SKAD\form440SKAD\temp\work\PB1_R
PO17102803_860320191218_595139.xml".
Выполнение операции "Перемещение файла" над целевым объектом "Элемент: D:\SKAD\form440SKAD\temp\GCI\PB1_ZSV17102803_860220191219_102912.xml Назначение: D:\SKAD\form440SKAD\temp\work\PB1_Z
SV17102803_860220191219_102912.xml".
Выполнение операции "Перемещение файла" над целевым объектом "Элемент: D:\SKAD\form440SKAD\temp\GCI\PB2_APZ17102803_723020191219_504225_0002.xml Назначение: D:\SKAD\form440SKAD\temp\work\
PB2_APZ17102803_723020191219_504225_0002.xml".

[2019-12-24 22:52:31Z] - INFO - Копирование файлов в архив D:\SKAD\form440SKAD\temp\440p\Arhive\24122019
[2019-12-24 22:52:34Z] - INFO - Выполнение операции "Копирование файла" над целевым объектом "Элемент: D:\SKAD\form440SKAD\temp\work\BOS1_RPO17102803_890120191218_606125_20191219_0002.xml Назначение: D:\SKAD\form440SKAD
\temp\440p\Arhive\24122019\BOS1_RPO17102803_890120191218_606125_20191219_0002.xml".
Выполнение операции "Копирование файла" над целевым объектом "Элемент: D:\SKAD\form440SKAD\temp\work\BVD1_ZSV17102803_860220191219_102912_20191219_0002_000001_000001.xml Назначение: D:\SK
AD\form440SKAD\temp\440p\Arhive\24122019\BVD1_ZSV17102803_860220191219_102912_20191219_0002_000001_000001.xml".
Выполнение операции "Копирование файла" над целевым объектом "Элемент: D:\SKAD\form440SKAD\temp\work\BVS1_ZSV17102803_860220191219_102912_20191219_0002.xml Назначение: D:\SKAD\form440SKAD
\temp\440p\Arhive\24122019\BVS1_ZSV17102803_860220191219_102912_20191219_0002.xml".
Выполнение операции "Копирование файла" над целевым объектом "Элемент: D:\SKAD\form440SKAD\temp\work\PB1_RPO17102803_860320191218_590125.xml Назначение: D:\SKAD\form440SKAD\temp\440p\Arhi
ve\24122019\PB1_RPO17102803_860320191218_590125.xml".
Выполнение операции "Копирование файла" над целевым объектом "Элемент: D:\SKAD\form440SKAD\temp\work\PB1_RPO17102803_860320191218_595139.xml Назначение: D:\SKAD\form440SKAD\temp\440p\Arhi
ve\24122019\PB1_RPO17102803_860320191218_595139.xml".
Выполнение операции "Копирование файла" над целевым объектом "Элемент: D:\SKAD\form440SKAD\temp\work\PB1_ZSV17102803_860220191219_102912.xml Назначение: D:\SKAD\form440SKAD\temp\440p\Arhi
ve\24122019\PB1_ZSV17102803_860220191219_102912.xml".
Выполнение операции "Копирование файла" над целевым объектом "Элемент: D:\SKAD\form440SKAD\temp\work\PB2_APZ17102803_723020191219_504225_0002.xml Назначение: D:\SKAD\form440SKAD\temp\440p
\Arhive\24122019\PB2_APZ17102803_723020191219_504225_0002.xml".

[2019-12-24 22:54:07Z] - INFO - Завершение работы программы!
[2019-12-24 22:54:20Z] - INFO - Обработка отчетности - 440out
[2019-12-24 22:54:20Z] - INFO - Файлы в D:\SKAD\form440SKAD\temp\GCI не найдены!
[2019-12-24 22:54:47Z] - INFO - Обработка отчетности - 440out
[2019-12-24 22:54:47Z] - INFO - Выполнение операции "Перемещение файла" над целевым объектом "Элемент: D:\SKAD\form440SKAD\temp\GCI\BOS1_RPO17102803_890120191218_606125_20191219_0002.xml Назначение: D:\SKAD\form440SKAD\
temp\work\BOS1_RPO17102803_890120191218_606125_20191219_0002.xml".
Выполнение операции "Перемещение файла" над целевым объектом "Элемент: D:\SKAD\form440SKAD\temp\GCI\BVD1_ZSV17102803_860220191219_102912_20191219_0002_000001_000001.xml Назначение: D:\SKA
D\form440SKAD\temp\work\BVD1_ZSV17102803_860220191219_102912_20191219_0002_000001_000001.xml".
Выполнение операции "Перемещение файла" над целевым объектом "Элемент: D:\SKAD\form440SKAD\temp\GCI\BVS1_ZSV17102803_860220191219_102912_20191219_0002.xml Назначение: D:\SKAD\form440SKAD\
temp\work\BVS1_ZSV17102803_860220191219_102912_20191219_0002.xml".
Выполнение операции "Перемещение файла" над целевым объектом "Элемент: D:\SKAD\form440SKAD\temp\GCI\PB1_RPO17102803_860320191218_590125.xml Назначение: D:\SKAD\form440SKAD\temp\work\PB1_R
PO17102803_860320191218_590125.xml".
Выполнение операции "Перемещение файла" над целевым объектом "Элемент: D:\SKAD\form440SKAD\temp\GCI\PB1_RPO17102803_860320191218_595139.xml Назначение: D:\SKAD\form440SKAD\temp\work\PB1_R
PO17102803_860320191218_595139.xml".
Выполнение операции "Перемещение файла" над целевым объектом "Элемент: D:\SKAD\form440SKAD\temp\GCI\PB1_ZSV17102803_860220191219_102912.xml Назначение: D:\SKAD\form440SKAD\temp\work\PB1_Z
SV17102803_860220191219_102912.xml".
Выполнение операции "Перемещение файла" над целевым объектом "Элемент: D:\SKAD\form440SKAD\temp\GCI\PB2_APZ17102803_723020191219_504225_0002.xml Назначение: D:\SKAD\form440SKAD\temp\work\
PB2_APZ17102803_723020191219_504225_0002.xml".

[2019-12-24 22:54:47Z] - INFO - Копирование файлов в архив D:\SKAD\form440SKAD\temp\440p\Arhive\24122019
[2019-12-24 22:54:47Z] - INFO - Выполнение операции "Копирование файла" над целевым объектом "Элемент: D:\SKAD\form440SKAD\temp\work\BOS1_RPO17102803_890120191218_606125_20191219_0002.xml Назначение: D:\SKAD\form440SKAD
\temp\440p\Arhive\24122019\BOS1_RPO17102803_890120191218_606125_20191219_0002.xml".
Выполнение операции "Копирование файла" над целевым объектом "Элемент: D:\SKAD\form440SKAD\temp\work\BVD1_ZSV17102803_860220191219_102912_20191219_0002_000001_000001.xml Назначение: D:\SK
AD\form440SKAD\temp\440p\Arhive\24122019\BVD1_ZSV17102803_860220191219_102912_20191219_0002_000001_000001.xml".
Выполнение операции "Копирование файла" над целевым объектом "Элемент: D:\SKAD\form440SKAD\temp\work\BVS1_ZSV17102803_860220191219_102912_20191219_0002.xml Назначение: D:\SKAD\form440SKAD
\temp\440p\Arhive\24122019\BVS1_ZSV17102803_860220191219_102912_20191219_0002.xml".
Выполнение операции "Копирование файла" над целевым объектом "Элемент: D:\SKAD\form440SKAD\temp\work\PB1_RPO17102803_860320191218_590125.xml Назначение: D:\SKAD\form440SKAD\temp\440p\Arhi
ve\24122019\PB1_RPO17102803_860320191218_590125.xml".
Выполнение операции "Копирование файла" над целевым объектом "Элемент: D:\SKAD\form440SKAD\temp\work\PB1_RPO17102803_860320191218_595139.xml Назначение: D:\SKAD\form440SKAD\temp\440p\Arhi
ve\24122019\PB1_RPO17102803_860320191218_595139.xml".
Выполнение операции "Копирование файла" над целевым объектом "Элемент: D:\SKAD\form440SKAD\temp\work\PB1_ZSV17102803_860220191219_102912.xml Назначение: D:\SKAD\form440SKAD\temp\440p\Arhi
ve\24122019\PB1_ZSV17102803_860220191219_102912.xml".
Выполнение операции "Копирование файла" над целевым объектом "Элемент: D:\SKAD\form440SKAD\temp\work\PB2_APZ17102803_723020191219_504225_0002.xml Назначение: D:\SKAD\form440SKAD\temp\440p
\Arhive\24122019\PB2_APZ17102803_723020191219_504225_0002.xml".

[2019-12-24 22:55:28Z] - INFO - Обработка отчетности - 440out
[2019-12-24 22:55:28Z] - INFO - Выполнение операции "Перемещение файла" над целевым объектом "Элемент: D:\SKAD\form440SKAD\temp\GCI\BOS1_RPO17102803_890120191218_606125_20191219_0002.xml Назначение: D:\SKAD\form440SKAD\
temp\work\BOS1_RPO17102803_890120191218_606125_20191219_0002.xml".
Выполнение операции "Перемещение файла" над целевым объектом "Элемент: D:\SKAD\form440SKAD\temp\GCI\BVD1_ZSV17102803_860220191219_102912_20191219_0002_000001_000001.xml Назначение: D:\SKA
D\form440SKAD\temp\work\BVD1_ZSV17102803_860220191219_102912_20191219_0002_000001_000001.xml".
Выполнение операции "Перемещение файла" над целевым объектом "Элемент: D:\SKAD\form440SKAD\temp\GCI\BVS1_ZSV17102803_860220191219_102912_20191219_0002.xml Назначение: D:\SKAD\form440SKAD\
temp\work\BVS1_ZSV17102803_860220191219_102912_20191219_0002.xml".
Выполнение операции "Перемещение файла" над целевым объектом "Элемент: D:\SKAD\form440SKAD\temp\GCI\PB1_RPO17102803_860320191218_590125.xml Назначение: D:\SKAD\form440SKAD\temp\work\PB1_R
PO17102803_860320191218_590125.xml".
Выполнение операции "Перемещение файла" над целевым объектом "Элемент: D:\SKAD\form440SKAD\temp\GCI\PB1_RPO17102803_860320191218_595139.xml Назначение: D:\SKAD\form440SKAD\temp\work\PB1_R
PO17102803_860320191218_595139.xml".
Выполнение операции "Перемещение файла" над целевым объектом "Элемент: D:\SKAD\form440SKAD\temp\GCI\PB1_ZSV17102803_860220191219_102912.xml Назначение: D:\SKAD\form440SKAD\temp\work\PB1_Z
SV17102803_860220191219_102912.xml".
Выполнение операции "Перемещение файла" над целевым объектом "Элемент: D:\SKAD\form440SKAD\temp\GCI\PB2_APZ17102803_723020191219_504225_0002.xml Назначение: D:\SKAD\form440SKAD\temp\work\
PB2_APZ17102803_723020191219_504225_0002.xml".

[2019-12-24 22:55:28Z] - INFO - Копирование файлов в архив D:\SKAD\form440SKAD\temp\440p\Arhive\24122019
[2019-12-24 22:55:28Z] - INFO - Выполнение операции "Копирование файла" над целевым объектом "Элемент: D:\SKAD\form440SKAD\temp\work\BOS1_RPO17102803_890120191218_606125_20191219_0002.xml Назначение: D:\SKAD\form440SKAD
\temp\440p\Arhive\24122019\BOS1_RPO17102803_890120191218_606125_20191219_0002.xml".
Выполнение операции "Копирование файла" над целевым объектом "Элемент: D:\SKAD\form440SKAD\temp\work\BVD1_ZSV17102803_860220191219_102912_20191219_0002_000001_000001.xml Назначение: D:\SK
AD\form440SKAD\temp\440p\Arhive\24122019\BVD1_ZSV17102803_860220191219_102912_20191219_0002_000001_000001.xml".
Выполнение операции "Копирование файла" над целевым объектом "Элемент: D:\SKAD\form440SKAD\temp\work\BVS1_ZSV17102803_860220191219_102912_20191219_0002.xml Назначение: D:\SKAD\form440SKAD
\temp\440p\Arhive\24122019\BVS1_ZSV17102803_860220191219_102912_20191219_0002.xml".
Выполнение операции "Копирование файла" над целевым объектом "Элемент: D:\SKAD\form440SKAD\temp\work\PB1_RPO17102803_860320191218_590125.xml Назначение: D:\SKAD\form440SKAD\temp\440p\Arhi
ve\24122019\PB1_RPO17102803_860320191218_590125.xml".
Выполнение операции "Копирование файла" над целевым объектом "Элемент: D:\SKAD\form440SKAD\temp\work\PB1_RPO17102803_860320191218_595139.xml Назначение: D:\SKAD\form440SKAD\temp\440p\Arhi
ve\24122019\PB1_RPO17102803_860320191218_595139.xml".
Выполнение операции "Копирование файла" над целевым объектом "Элемент: D:\SKAD\form440SKAD\temp\work\PB1_ZSV17102803_860220191219_102912.xml Назначение: D:\SKAD\form440SKAD\temp\440p\Arhi
ve\24122019\PB1_ZSV17102803_860220191219_102912.xml".
Выполнение операции "Копирование файла" над целевым объектом "Элемент: D:\SKAD\form440SKAD\temp\work\PB2_APZ17102803_723020191219_504225_0002.xml Назначение: D:\SKAD\form440SKAD\temp\440p
\Arhive\24122019\PB2_APZ17102803_723020191219_504225_0002.xml".

[2019-12-24 22:56:01Z] - INFO - Завершение работы программы!
