[2019-12-25 22:25:34Z] - INFO - Обработка отчетности - 440out
[2019-12-25 22:25:34Z] - WARN - Автоматическое копирование в папку D:\SKAD\form440SKAD\temp\work произведено не было!
[2019-12-25 22:25:34Z] - INFO - Копирование файлов в архив D:\SKAD\form440SKAD\temp\440p\Arhive\25122019
[2019-12-25 22:25:34Z] - INFO - Выполнение операции "Копирование файла" над целевым объектом "Элемент: D:\SKAD\form440SKAD\temp\work\BOS1_RPO17102803_890120191218_606125_20191219_0002.xml Назначение: D:\SKAD\form440SKAD
\temp\440p\Arhive\25122019\BOS1_RPO17102803_890120191218_606125_20191219_0002.xml".
Выполнение операции "Копирование файла" над целевым объектом "Элемент: D:\SKAD\form440SKAD\temp\work\BVD1_ZSV17102803_860220191219_102912_20191219_0002_000001_000001.xml Назначение: D:\SK
AD\form440SKAD\temp\440p\Arhive\25122019\BVD1_ZSV17102803_860220191219_102912_20191219_0002_000001_000001.xml".
Выполнение операции "Копирование файла" над целевым объектом "Элемент: D:\SKAD\form440SKAD\temp\work\BVS1_ZSV17102803_860220191219_102912_20191219_0002.xml Назначение: D:\SKAD\form440SKAD
\temp\440p\Arhive\25122019\BVS1_ZSV17102803_860220191219_102912_20191219_0002.xml".
Выполнение операции "Копирование файла" над целевым объектом "Элемент: D:\SKAD\form440SKAD\temp\work\PB1_RPO17102803_860320191218_590125.xml Назначение: D:\SKAD\form440SKAD\temp\440p\Arhi
ve\25122019\PB1_RPO17102803_860320191218_590125.xml".
Выполнение операции "Копирование файла" над целевым объектом "Элемент: D:\SKAD\form440SKAD\temp\work\PB1_RPO17102803_860320191218_595139.xml Назначение: D:\SKAD\form440SKAD\temp\440p\Arhi
ve\25122019\PB1_RPO17102803_860320191218_595139.xml".
Выполнение операции "Копирование файла" над целевым объектом "Элемент: D:\SKAD\form440SKAD\temp\work\PB1_ZSV17102803_860220191219_102912.xml Назначение: D:\SKAD\form440SKAD\temp\440p\Arhi
ve\25122019\PB1_ZSV17102803_860220191219_102912.xml".
Выполнение операции "Копирование файла" над целевым объектом "Элемент: D:\SKAD\form440SKAD\temp\work\PB2_APZ17102803_723020191219_504225_0002.xml Назначение: D:\SKAD\form440SKAD\temp\440p
\Arhive\25122019\PB2_APZ17102803_723020191219_504225_0002.xml".

[2019-12-25 22:25:35Z] - INFO - Сохраняем текущею ключевую дискету
[2019-12-25 22:25:35Z] - INFO - Загружаем ключевую дискету d:\SKAD\Floppy\foiv
[2019-12-25 22:25:35Z] - INFO - Переименовываем файлы *.xml -> *.vrb
[2019-12-25 22:25:35Z] - INFO - Подписываем все файлы
[2019-12-25 22:25:35Z] - INFO - Обрабатываем файл BOS1_RPO17102803_890120191218_606125_20191219_0002.vrb
[2019-12-25 22:25:40Z] - INFO - Обрабатываем файл BVD1_ZSV17102803_860220191219_102912_20191219_0002_000001_000001.vrb
[2019-12-25 22:25:41Z] - INFO - Обрабатываем файл BVS1_ZSV17102803_860220191219_102912_20191219_0002.vrb
[2019-12-25 22:25:42Z] - INFO - Обрабатываем файл PB1_RPO17102803_860320191218_590125.xml
[2019-12-25 22:25:43Z] - INFO - Обрабатываем файл PB1_RPO17102803_860320191218_595139.xml
[2019-12-25 22:25:44Z] - INFO - Обрабатываем файл PB1_ZSV17102803_860220191219_102912.xml
[2019-12-25 22:25:45Z] - INFO - Обрабатываем файл PB2_APZ17102803_723020191219_504225_0002.xml
[2019-12-25 22:25:46Z] - INFO - Выполнение операции "Удаление файла" над целевым объектом "D:\SKAD\form440SKAD\temp\work\BOS1_RPO17102803_890120191218_606125_20191219_0002.vrb".
Выполнение операции "Удаление файла" над целевым объектом "D:\SKAD\form440SKAD\temp\work\BVD1_ZSV17102803_860220191219_102912_20191219_0002_000001_000001.vrb".
Выполнение операции "Удаление файла" над целевым объектом "D:\SKAD\form440SKAD\temp\work\BVS1_ZSV17102803_860220191219_102912_20191219_0002.vrb".
Выполнение операции "Удаление файла" над целевым объектом "D:\SKAD\form440SKAD\temp\work\PB1_RPO17102803_860320191218_590125.xml".
Выполнение операции "Удаление файла" над целевым объектом "D:\SKAD\form440SKAD\temp\work\PB1_RPO17102803_860320191218_595139.xml".
Выполнение операции "Удаление файла" над целевым объектом "D:\SKAD\form440SKAD\temp\work\PB1_ZSV17102803_860220191219_102912.xml".
Выполнение операции "Удаление файла" над целевым объектом "D:\SKAD\form440SKAD\temp\work\PB2_APZ17102803_723020191219_504225_0002.xml".

[2019-12-25 22:25:46Z] - INFO - Выполнение операции "Переименование файла" над целевым объектом "Элемент: D:\SKAD\form440SKAD\temp\work\BOS1_RPO17102803_890120191218_606125_20191219_0002.vrb.test Назначение: D:\SKAD\for
m440SKAD\temp\work\BOS1_RPO17102803_890120191218_606125_20191219_0002.vrb".
Выполнение операции "Переименование файла" над целевым объектом "Элемент: D:\SKAD\form440SKAD\temp\work\BVD1_ZSV17102803_860220191219_102912_20191219_0002_000001_000001.vrb.test Назначени
е: D:\SKAD\form440SKAD\temp\work\BVD1_ZSV17102803_860220191219_102912_20191219_0002_000001_000001.vrb".
Выполнение операции "Переименование файла" над целевым объектом "Элемент: D:\SKAD\form440SKAD\temp\work\BVS1_ZSV17102803_860220191219_102912_20191219_0002.vrb.test Назначение: D:\SKAD\for
m440SKAD\temp\work\BVS1_ZSV17102803_860220191219_102912_20191219_0002.vrb".
Выполнение операции "Переименование файла" над целевым объектом "Элемент: D:\SKAD\form440SKAD\temp\work\PB1_RPO17102803_860320191218_590125.xml.test Назначение: D:\SKAD\form440SKAD\temp\w
ork\PB1_RPO17102803_860320191218_590125.xml".
Выполнение операции "Переименование файла" над целевым объектом "Элемент: D:\SKAD\form440SKAD\temp\work\PB1_RPO17102803_860320191218_595139.xml.test Назначение: D:\SKAD\form440SKAD\temp\w
ork\PB1_RPO17102803_860320191218_595139.xml".
Выполнение операции "Переименование файла" над целевым объектом "Элемент: D:\SKAD\form440SKAD\temp\work\PB1_ZSV17102803_860220191219_102912.xml.test Назначение: D:\SKAD\form440SKAD\temp\w
ork\PB1_ZSV17102803_860220191219_102912.xml".
Выполнение операции "Переименование файла" над целевым объектом "Элемент: D:\SKAD\form440SKAD\temp\work\PB2_APZ17102803_723020191219_504225_0002.xml.test Назначение: D:\SKAD\form440SKAD\t
emp\work\PB2_APZ17102803_723020191219_504225_0002.xml".

[2019-12-25 22:25:46Z] - INFO - Архивируем vrb-файлы
[2019-12-25 22:25:48Z] - INFO - Выполнение операции "Удаление файла" над целевым объектом "D:\SKAD\form440SKAD\temp\work\BOS1_RPO17102803_890120191218_606125_20191219_0002.vrb".
Выполнение операции "Удаление файла" над целевым объектом "D:\SKAD\form440SKAD\temp\work\BVD1_ZSV17102803_860220191219_102912_20191219_0002_000001_000001.vrb".
Выполнение операции "Удаление файла" над целевым объектом "D:\SKAD\form440SKAD\temp\work\BVS1_ZSV17102803_860220191219_102912_20191219_0002.vrb".

[2019-12-25 22:25:48Z] - INFO - Выполнение операции "Переименование файла" над целевым объектом "Элемент: D:\SKAD\form440SKAD\temp\work\BOS1_RPO17102803_890120191218_606125_20191219_0002.vrb.gz Назначение: D:\SKAD\form4
40SKAD\temp\work\BOS1_RPO17102803_890120191218_606125_20191219_0002.vrb".
Выполнение операции "Переименование файла" над целевым объектом "Элемент: D:\SKAD\form440SKAD\temp\work\BVD1_ZSV17102803_860220191219_102912_20191219_0002_000001_000001.vrb.gz Назначение:
 D:\SKAD\form440SKAD\temp\work\BVD1_ZSV17102803_860220191219_102912_20191219_0002_000001_000001.vrb".
Выполнение операции "Переименование файла" над целевым объектом "Элемент: D:\SKAD\form440SKAD\temp\work\BVS1_ZSV17102803_860220191219_102912_20191219_0002.vrb.gz Назначение: D:\SKAD\form4
40SKAD\temp\work\BVS1_ZSV17102803_860220191219_102912_20191219_0002.vrb".

[2019-12-25 22:25:48Z] - INFO - Зашифровываем vrb-файлы
[2019-12-25 22:25:48Z] - INFO - Обрабатываем файл BOS1_RPO17102803_890120191218_606125_20191219_0002.vrb
[2019-12-25 22:25:49Z] - INFO - Обрабатываем файл BVD1_ZSV17102803_860220191219_102912_20191219_0002_000001_000001.vrb
[2019-12-25 22:25:50Z] - INFO - Обрабатываем файл BVS1_ZSV17102803_860220191219_102912_20191219_0002.vrb
[2019-12-25 22:25:51Z] - INFO - Выполнение операции "Удаление файла" над целевым объектом "D:\SKAD\form440SKAD\temp\work\BOS1_RPO17102803_890120191218_606125_20191219_0002.vrb".
Выполнение операции "Удаление файла" над целевым объектом "D:\SKAD\form440SKAD\temp\work\BVD1_ZSV17102803_860220191219_102912_20191219_0002_000001_000001.vrb".
Выполнение операции "Удаление файла" над целевым объектом "D:\SKAD\form440SKAD\temp\work\BVS1_ZSV17102803_860220191219_102912_20191219_0002.vrb".

[2019-12-25 22:25:51Z] - INFO - Выполнение операции "Переименование файла" над целевым объектом "Элемент: D:\SKAD\form440SKAD\temp\work\BOS1_RPO17102803_890120191218_606125_20191219_0002.vrb.test Назначение: D:\SKAD\for
m440SKAD\temp\work\BOS1_RPO17102803_890120191218_606125_20191219_0002.vrb".
Выполнение операции "Переименование файла" над целевым объектом "Элемент: D:\SKAD\form440SKAD\temp\work\BVD1_ZSV17102803_860220191219_102912_20191219_0002_000001_000001.vrb.test Назначени
е: D:\SKAD\form440SKAD\temp\work\BVD1_ZSV17102803_860220191219_102912_20191219_0002_000001_000001.vrb".
Выполнение операции "Переименование файла" над целевым объектом "Элемент: D:\SKAD\form440SKAD\temp\work\BVS1_ZSV17102803_860220191219_102912_20191219_0002.vrb.test Назначение: D:\SKAD\for
m440SKAD\temp\work\BVS1_ZSV17102803_860220191219_102912_20191219_0002.vrb".

[2019-12-25 22:25:51Z] - INFO - Начинаем архивацию...
[2019-12-25 22:25:51Z] - INFO - Выполнение операции "Удаление файла" над целевым объектом "D:\SKAD\form440SKAD\temp\work\BOS1_RPO17102803_890120191218_606125_20191219_0002.vrb".
Выполнение операции "Удаление файла" над целевым объектом "D:\SKAD\form440SKAD\temp\work\BVD1_ZSV17102803_860220191219_102912_20191219_0002_000001_000001.vrb".
Выполнение операции "Удаление файла" над целевым объектом "D:\SKAD\form440SKAD\temp\work\BVS1_ZSV17102803_860220191219_102912_20191219_0002.vrb".
Выполнение операции "Удаление файла" над целевым объектом "D:\SKAD\form440SKAD\temp\work\PB1_RPO17102803_860320191218_590125.xml".
Выполнение операции "Удаление файла" над целевым объектом "D:\SKAD\form440SKAD\temp\work\PB1_RPO17102803_860320191218_595139.xml".
Выполнение операции "Удаление файла" над целевым объектом "D:\SKAD\form440SKAD\temp\work\PB1_ZSV17102803_860220191219_102912.xml".
Выполнение операции "Удаление файла" над целевым объектом "D:\SKAD\form440SKAD\temp\work\PB2_APZ17102803_723020191219_504225_0002.xml".

[2019-12-25 22:25:51Z] - INFO - Подписываем файл архива D:\SKAD\form440SKAD\temp\work\AFN_7102803_MIFNS00_20191225_00001.arj
[2019-12-25 22:25:51Z] - INFO - Обрабатываем файл AFN_7102803_MIFNS00_20191225_00001.arj
[2019-12-25 22:25:53Z] - INFO - Выполнение операции "Удаление файла" над целевым объектом "D:\SKAD\form440SKAD\temp\work\AFN_7102803_MIFNS00_20191225_00001.arj".

[2019-12-25 22:25:53Z] - INFO - Выполнение операции "Переименование файла" над целевым объектом "Элемент: D:\SKAD\form440SKAD\temp\work\AFN_7102803_MIFNS00_20191225_00001.arj.test Назначение: D:\SKAD\form440SKAD\temp\wo
rk\AFN_7102803_MIFNS00_20191225_00001.arj".

[2019-12-25 22:25:53Z] - INFO - Копируем файл архива AFN_7102803_MIFNS00_20191225_00001.arj в D:\SKAD\form440SKAD\temp\440p\Arhive\25122019
[2019-12-25 22:25:53Z] - INFO - Копируем файл архива AFN_7102803_MIFNS00_20191225_00001.arj в D:\SKAD\form440SKAD\temp\Post
[2019-12-25 22:25:53Z] - INFO - Выполнение операции "Удаление файла" над целевым объектом "D:\SKAD\form440SKAD\temp\work\AFN_7102803_MIFNS00_20191225_00001.arj".

[2019-12-25 22:25:53Z] - INFO - Отправка почтового сообщения
[2019-12-25 22:25:58Z] - INFO - Отправленно всего 7 сообщений
Из них:
Справка: 1
Сведения: 1
Выписка: 1
Потверждения: 4

[2019-12-25 22:25:58Z] - INFO - Загружаем исходную ключевую дискету
[2019-12-25 22:25:58Z] - INFO - Конец работы скрипта!
[2019-12-25 22:26:47Z] - INFO - Обработка отчетности - 440out
[2019-12-25 22:26:47Z] - INFO - Файлы в D:\SKAD\form440SKAD\temp\GCI не найдены!
[2019-12-25 22:27:07Z] - INFO - Обработка отчетности - 440out
[2019-12-25 22:27:07Z] - INFO - Выполнение операции "Перемещение файла" над целевым объектом "Элемент: D:\SKAD\form440SKAD\temp\GCI\BOS1_RPO17102803_890120191218_606125_20191219_0002.xml Назначение: D:\SKAD\form440SKAD\
temp\work\BOS1_RPO17102803_890120191218_606125_20191219_0002.xml".
Выполнение операции "Перемещение файла" над целевым объектом "Элемент: D:\SKAD\form440SKAD\temp\GCI\BVD1_ZSV17102803_860220191219_102912_20191219_0002_000001_000001.xml Назначение: D:\SKA
D\form440SKAD\temp\work\BVD1_ZSV17102803_860220191219_102912_20191219_0002_000001_000001.xml".
Выполнение операции "Перемещение файла" над целевым объектом "Элемент: D:\SKAD\form440SKAD\temp\GCI\BVS1_ZSV17102803_860220191219_102912_20191219_0002.xml Назначение: D:\SKAD\form440SKAD\
temp\work\BVS1_ZSV17102803_860220191219_102912_20191219_0002.xml".
Выполнение операции "Перемещение файла" над целевым объектом "Элемент: D:\SKAD\form440SKAD\temp\GCI\PB1_RPO17102803_860320191218_590125.xml Назначение: D:\SKAD\form440SKAD\temp\work\PB1_R
PO17102803_860320191218_590125.xml".
Выполнение операции "Перемещение файла" над целевым объектом "Элемент: D:\SKAD\form440SKAD\temp\GCI\PB1_RPO17102803_860320191218_595139.xml Назначение: D:\SKAD\form440SKAD\temp\work\PB1_R
PO17102803_860320191218_595139.xml".
Выполнение операции "Перемещение файла" над целевым объектом "Элемент: D:\SKAD\form440SKAD\temp\GCI\PB1_ZSV17102803_860220191219_102912.xml Назначение: D:\SKAD\form440SKAD\temp\work\PB1_Z
SV17102803_860220191219_102912.xml".
Выполнение операции "Перемещение файла" над целевым объектом "Элемент: D:\SKAD\form440SKAD\temp\GCI\PB2_APZ17102803_723020191219_504225_0002.xml Назначение: D:\SKAD\form440SKAD\temp\work\
PB2_APZ17102803_723020191219_504225_0002.xml".

[2019-12-25 22:27:07Z] - INFO - Копирование файлов в архив D:\SKAD\form440SKAD\temp\440p\Arhive\25122019
[2019-12-25 22:27:07Z] - INFO - Выполнение операции "Копирование файла" над целевым объектом "Элемент: D:\SKAD\form440SKAD\temp\work\BOS1_RPO17102803_890120191218_606125_20191219_0002.xml Назначение: D:\SKAD\form440SKAD
\temp\440p\Arhive\25122019\BOS1_RPO17102803_890120191218_606125_20191219_0002.xml".
Выполнение операции "Копирование файла" над целевым объектом "Элемент: D:\SKAD\form440SKAD\temp\work\BVD1_ZSV17102803_860220191219_102912_20191219_0002_000001_000001.xml Назначение: D:\SK
AD\form440SKAD\temp\440p\Arhive\25122019\BVD1_ZSV17102803_860220191219_102912_20191219_0002_000001_000001.xml".
Выполнение операции "Копирование файла" над целевым объектом "Элемент: D:\SKAD\form440SKAD\temp\work\BVS1_ZSV17102803_860220191219_102912_20191219_0002.xml Назначение: D:\SKAD\form440SKAD
\temp\440p\Arhive\25122019\BVS1_ZSV17102803_860220191219_102912_20191219_0002.xml".
Выполнение операции "Копирование файла" над целевым объектом "Элемент: D:\SKAD\form440SKAD\temp\work\PB1_RPO17102803_860320191218_590125.xml Назначение: D:\SKAD\form440SKAD\temp\440p\Arhi
ve\25122019\PB1_RPO17102803_860320191218_590125.xml".
Выполнение операции "Копирование файла" над целевым объектом "Элемент: D:\SKAD\form440SKAD\temp\work\PB1_RPO17102803_860320191218_595139.xml Назначение: D:\SKAD\form440SKAD\temp\440p\Arhi
ve\25122019\PB1_RPO17102803_860320191218_595139.xml".
Выполнение операции "Копирование файла" над целевым объектом "Элемент: D:\SKAD\form440SKAD\temp\work\PB1_ZSV17102803_860220191219_102912.xml Назначение: D:\SKAD\form440SKAD\temp\440p\Arhi
ve\25122019\PB1_ZSV17102803_860220191219_102912.xml".
Выполнение операции "Копирование файла" над целевым объектом "Элемент: D:\SKAD\form440SKAD\temp\work\PB2_APZ17102803_723020191219_504225_0002.xml Назначение: D:\SKAD\form440SKAD\temp\440p
\Arhive\25122019\PB2_APZ17102803_723020191219_504225_0002.xml".

[2019-12-25 22:27:20Z] - INFO - Сохраняем текущею ключевую дискету
[2019-12-25 22:27:20Z] - INFO - Загружаем ключевую дискету d:\SKAD\Floppy\foiv
[2019-12-25 22:27:20Z] - INFO - Переименовываем файлы *.xml -> *.vrb
[2019-12-25 22:27:20Z] - INFO - Подписываем все файлы
[2019-12-25 22:27:20Z] - INFO - Обрабатываем файл BOS1_RPO17102803_890120191218_606125_20191219_0002.vrb
[2019-12-25 22:27:21Z] - INFO - Обрабатываем файл BVD1_ZSV17102803_860220191219_102912_20191219_0002_000001_000001.vrb
[2019-12-25 22:27:22Z] - INFO - Обрабатываем файл BVS1_ZSV17102803_860220191219_102912_20191219_0002.vrb
[2019-12-25 22:27:23Z] - INFO - Обрабатываем файл PB1_RPO17102803_860320191218_590125.xml
[2019-12-25 22:27:24Z] - INFO - Обрабатываем файл PB1_RPO17102803_860320191218_595139.xml
[2019-12-25 22:27:25Z] - INFO - Обрабатываем файл PB1_ZSV17102803_860220191219_102912.xml
[2019-12-25 22:27:26Z] - INFO - Обрабатываем файл PB2_APZ17102803_723020191219_504225_0002.xml
[2019-12-25 22:27:27Z] - INFO - Выполнение операции "Удаление файла" над целевым объектом "D:\SKAD\form440SKAD\temp\work\BOS1_RPO17102803_890120191218_606125_20191219_0002.vrb".
Выполнение операции "Удаление файла" над целевым объектом "D:\SKAD\form440SKAD\temp\work\BVD1_ZSV17102803_860220191219_102912_20191219_0002_000001_000001.vrb".
Выполнение операции "Удаление файла" над целевым объектом "D:\SKAD\form440SKAD\temp\work\BVS1_ZSV17102803_860220191219_102912_20191219_0002.vrb".
Выполнение операции "Удаление файла" над целевым объектом "D:\SKAD\form440SKAD\temp\work\PB1_RPO17102803_860320191218_590125.xml".
Выполнение операции "Удаление файла" над целевым объектом "D:\SKAD\form440SKAD\temp\work\PB1_RPO17102803_860320191218_595139.xml".
Выполнение операции "Удаление файла" над целевым объектом "D:\SKAD\form440SKAD\temp\work\PB1_ZSV17102803_860220191219_102912.xml".
Выполнение операции "Удаление файла" над целевым объектом "D:\SKAD\form440SKAD\temp\work\PB2_APZ17102803_723020191219_504225_0002.xml".

[2019-12-25 22:27:28Z] - INFO - Выполнение операции "Переименование файла" над целевым объектом "Элемент: D:\SKAD\form440SKAD\temp\work\BOS1_RPO17102803_890120191218_606125_20191219_0002.vrb.test Назначение: D:\SKAD\for
m440SKAD\temp\work\BOS1_RPO17102803_890120191218_606125_20191219_0002.vrb".
Выполнение операции "Переименование файла" над целевым объектом "Элемент: D:\SKAD\form440SKAD\temp\work\BVD1_ZSV17102803_860220191219_102912_20191219_0002_000001_000001.vrb.test Назначени
е: D:\SKAD\form440SKAD\temp\work\BVD1_ZSV17102803_860220191219_102912_20191219_0002_000001_000001.vrb".
Выполнение операции "Переименование файла" над целевым объектом "Элемент: D:\SKAD\form440SKAD\temp\work\BVS1_ZSV17102803_860220191219_102912_20191219_0002.vrb.test Назначение: D:\SKAD\for
m440SKAD\temp\work\BVS1_ZSV17102803_860220191219_102912_20191219_0002.vrb".
Выполнение операции "Переименование файла" над целевым объектом "Элемент: D:\SKAD\form440SKAD\temp\work\PB1_RPO17102803_860320191218_590125.xml.test Назначение: D:\SKAD\form440SKAD\temp\w
ork\PB1_RPO17102803_860320191218_590125.xml".
Выполнение операции "Переименование файла" над целевым объектом "Элемент: D:\SKAD\form440SKAD\temp\work\PB1_RPO17102803_860320191218_595139.xml.test Назначение: D:\SKAD\form440SKAD\temp\w
ork\PB1_RPO17102803_860320191218_595139.xml".
Выполнение операции "Переименование файла" над целевым объектом "Элемент: D:\SKAD\form440SKAD\temp\work\PB1_ZSV17102803_860220191219_102912.xml.test Назначение: D:\SKAD\form440SKAD\temp\w
ork\PB1_ZSV17102803_860220191219_102912.xml".
Выполнение операции "Переименование файла" над целевым объектом "Элемент: D:\SKAD\form440SKAD\temp\work\PB2_APZ17102803_723020191219_504225_0002.xml.test Назначение: D:\SKAD\form440SKAD\t
emp\work\PB2_APZ17102803_723020191219_504225_0002.xml".

[2019-12-25 22:27:28Z] - INFO - Архивируем vrb-файлы
[2019-12-25 22:27:29Z] - INFO - Выполнение операции "Удаление файла" над целевым объектом "D:\SKAD\form440SKAD\temp\work\BOS1_RPO17102803_890120191218_606125_20191219_0002.vrb".
Выполнение операции "Удаление файла" над целевым объектом "D:\SKAD\form440SKAD\temp\work\BVD1_ZSV17102803_860220191219_102912_20191219_0002_000001_000001.vrb".
Выполнение операции "Удаление файла" над целевым объектом "D:\SKAD\form440SKAD\temp\work\BVS1_ZSV17102803_860220191219_102912_20191219_0002.vrb".

[2019-12-25 22:27:29Z] - INFO - Выполнение операции "Переименование файла" над целевым объектом "Элемент: D:\SKAD\form440SKAD\temp\work\BOS1_RPO17102803_890120191218_606125_20191219_0002.vrb.gz Назначение: D:\SKAD\form4
40SKAD\temp\work\BOS1_RPO17102803_890120191218_606125_20191219_0002.vrb".
Выполнение операции "Переименование файла" над целевым объектом "Элемент: D:\SKAD\form440SKAD\temp\work\BVD1_ZSV17102803_860220191219_102912_20191219_0002_000001_000001.vrb.gz Назначение:
 D:\SKAD\form440SKAD\temp\work\BVD1_ZSV17102803_860220191219_102912_20191219_0002_000001_000001.vrb".
Выполнение операции "Переименование файла" над целевым объектом "Элемент: D:\SKAD\form440SKAD\temp\work\BVS1_ZSV17102803_860220191219_102912_20191219_0002.vrb.gz Назначение: D:\SKAD\form4
40SKAD\temp\work\BVS1_ZSV17102803_860220191219_102912_20191219_0002.vrb".

[2019-12-25 22:27:29Z] - INFO - Зашифровываем vrb-файлы
[2019-12-25 22:27:29Z] - INFO - Обрабатываем файл BOS1_RPO17102803_890120191218_606125_20191219_0002.vrb
[2019-12-25 22:27:30Z] - INFO - Обрабатываем файл BVD1_ZSV17102803_860220191219_102912_20191219_0002_000001_000001.vrb
[2019-12-25 22:27:31Z] - INFO - Обрабатываем файл BVS1_ZSV17102803_860220191219_102912_20191219_0002.vrb
[2019-12-25 22:27:32Z] - INFO - Выполнение операции "Удаление файла" над целевым объектом "D:\SKAD\form440SKAD\temp\work\BOS1_RPO17102803_890120191218_606125_20191219_0002.vrb".
Выполнение операции "Удаление файла" над целевым объектом "D:\SKAD\form440SKAD\temp\work\BVD1_ZSV17102803_860220191219_102912_20191219_0002_000001_000001.vrb".
Выполнение операции "Удаление файла" над целевым объектом "D:\SKAD\form440SKAD\temp\work\BVS1_ZSV17102803_860220191219_102912_20191219_0002.vrb".

[2019-12-25 22:27:32Z] - INFO - Выполнение операции "Переименование файла" над целевым объектом "Элемент: D:\SKAD\form440SKAD\temp\work\BOS1_RPO17102803_890120191218_606125_20191219_0002.vrb.test Назначение: D:\SKAD\for
m440SKAD\temp\work\BOS1_RPO17102803_890120191218_606125_20191219_0002.vrb".
Выполнение операции "Переименование файла" над целевым объектом "Элемент: D:\SKAD\form440SKAD\temp\work\BVD1_ZSV17102803_860220191219_102912_20191219_0002_000001_000001.vrb.test Назначени
е: D:\SKAD\form440SKAD\temp\work\BVD1_ZSV17102803_860220191219_102912_20191219_0002_000001_000001.vrb".
Выполнение операции "Переименование файла" над целевым объектом "Элемент: D:\SKAD\form440SKAD\temp\work\BVS1_ZSV17102803_860220191219_102912_20191219_0002.vrb.test Назначение: D:\SKAD\for
m440SKAD\temp\work\BVS1_ZSV17102803_860220191219_102912_20191219_0002.vrb".

[2019-12-25 22:27:32Z] - INFO - Начинаем архивацию...
[2019-12-25 22:27:32Z] - INFO - Выполнение операции "Удаление файла" над целевым объектом "D:\SKAD\form440SKAD\temp\work\BOS1_RPO17102803_890120191218_606125_20191219_0002.vrb".
Выполнение операции "Удаление файла" над целевым объектом "D:\SKAD\form440SKAD\temp\work\BVD1_ZSV17102803_860220191219_102912_20191219_0002_000001_000001.vrb".
Выполнение операции "Удаление файла" над целевым объектом "D:\SKAD\form440SKAD\temp\work\BVS1_ZSV17102803_860220191219_102912_20191219_0002.vrb".
Выполнение операции "Удаление файла" над целевым объектом "D:\SKAD\form440SKAD\temp\work\PB1_RPO17102803_860320191218_590125.xml".
Выполнение операции "Удаление файла" над целевым объектом "D:\SKAD\form440SKAD\temp\work\PB1_RPO17102803_860320191218_595139.xml".
Выполнение операции "Удаление файла" над целевым объектом "D:\SKAD\form440SKAD\temp\work\PB1_ZSV17102803_860220191219_102912.xml".
Выполнение операции "Удаление файла" над целевым объектом "D:\SKAD\form440SKAD\temp\work\PB2_APZ17102803_723020191219_504225_0002.xml".

[2019-12-25 22:27:32Z] - INFO - Подписываем файл архива D:\SKAD\form440SKAD\temp\work\AFN_7102803_MIFNS00_20191225_00001.arj
[2019-12-25 22:27:32Z] - INFO - Обрабатываем файл AFN_7102803_MIFNS00_20191225_00001.arj
[2019-12-25 22:27:33Z] - INFO - Выполнение операции "Удаление файла" над целевым объектом "D:\SKAD\form440SKAD\temp\work\AFN_7102803_MIFNS00_20191225_00001.arj".

[2019-12-25 22:27:33Z] - INFO - Выполнение операции "Переименование файла" над целевым объектом "Элемент: D:\SKAD\form440SKAD\temp\work\AFN_7102803_MIFNS00_20191225_00001.arj.test Назначение: D:\SKAD\form440SKAD\temp\wo
rk\AFN_7102803_MIFNS00_20191225_00001.arj".

[2019-12-25 22:27:33Z] - INFO - Копируем файл архива AFN_7102803_MIFNS00_20191225_00001.arj в D:\SKAD\form440SKAD\temp\440p\Arhive\25122019
[2019-12-25 22:27:33Z] - INFO - Копируем файл архива AFN_7102803_MIFNS00_20191225_00001.arj в D:\SKAD\form440SKAD\temp\Post
[2019-12-25 22:27:33Z] - INFO - Выполнение операции "Удаление файла" над целевым объектом "D:\SKAD\form440SKAD\temp\work\AFN_7102803_MIFNS00_20191225_00001.arj".

[2019-12-25 22:27:33Z] - INFO - Отправка почтового сообщения
[2019-12-25 22:27:39Z] - INFO - Отправленно всего 7 сообщений
Из них:
Справка: 1
Сведения: 1
Выписка: 1
Потверждения: 4

[2019-12-25 22:27:39Z] - INFO - Загружаем исходную ключевую дискету
[2019-12-25 22:27:39Z] - INFO - Конец работы скрипта!
