Текущее время: Wed Dec 25 22:25:35 2019
"C:\Program Files\MDPREI\spki\spki1utl.exe" -sign -profile r2880_2 -registry -algorithm 1.2.643.7.1.1.2.2 -data "D:\SKAD\form440SKAD\temp\work\BOS1_RPO17102803_890120191218_606125_20191219_0002.vrb" -out "D:\SKAD\form440SKAD\temp\work\BOS1_RPO17102803_890120191218_606125_20191219_0002.vrb.test" -reclist D:\SKAD\form440SKAD\util\Reclist.conf -silent D:\SKAD\form440SKAD\log\25122019_spki.log 
Инициализация
Установка ЭП файла
Результат: OK (00000000)
Текущее время: Wed Dec 25 22:25:40 2019
"C:\Program Files\MDPREI\spki\spki1utl.exe" -sign -profile r2880_2 -registry -algorithm 1.2.643.7.1.1.2.2 -data "D:\SKAD\form440SKAD\temp\work\BVD1_ZSV17102803_860220191219_102912_20191219_0002_000001_000001.vrb" -out "D:\SKAD\form440SKAD\temp\work\BVD1_ZSV17102803_860220191219_102912_20191219_0002_000001_000001.vrb.test" -reclist D:\SKAD\form440SKAD\util\Reclist.conf -silent D:\SKAD\form440SKAD\log\25122019_spki.log 
Инициализация
Установка ЭП файла
Результат: OK (00000000)
Текущее время: Wed Dec 25 22:25:41 2019
"C:\Program Files\MDPREI\spki\spki1utl.exe" -sign -profile r2880_2 -registry -algorithm 1.2.643.7.1.1.2.2 -data "D:\SKAD\form440SKAD\temp\work\BVS1_ZSV17102803_860220191219_102912_20191219_0002.vrb" -out "D:\SKAD\form440SKAD\temp\work\BVS1_ZSV17102803_860220191219_102912_20191219_0002.vrb.test" -reclist D:\SKAD\form440SKAD\util\Reclist.conf -silent D:\SKAD\form440SKAD\log\25122019_spki.log 
Инициализация
Установка ЭП файла
Результат: OK (00000000)
Текущее время: Wed Dec 25 22:25:42 2019
"C:\Program Files\MDPREI\spki\spki1utl.exe" -sign -profile r2880_2 -registry -algorithm 1.2.643.7.1.1.2.2 -data "D:\SKAD\form440SKAD\temp\work\PB1_RPO17102803_860320191218_590125.xml" -out "D:\SKAD\form440SKAD\temp\work\PB1_RPO17102803_860320191218_590125.xml.test" -reclist D:\SKAD\form440SKAD\util\Reclist.conf -silent D:\SKAD\form440SKAD\log\25122019_spki.log 
Инициализация
Установка ЭП файла
Результат: OK (00000000)
Текущее время: Wed Dec 25 22:25:43 2019
"C:\Program Files\MDPREI\spki\spki1utl.exe" -sign -profile r2880_2 -registry -algorithm 1.2.643.7.1.1.2.2 -data "D:\SKAD\form440SKAD\temp\work\PB1_RPO17102803_860320191218_595139.xml" -out "D:\SKAD\form440SKAD\temp\work\PB1_RPO17102803_860320191218_595139.xml.test" -reclist D:\SKAD\form440SKAD\util\Reclist.conf -silent D:\SKAD\form440SKAD\log\25122019_spki.log 
Инициализация
Установка ЭП файла
Результат: OK (00000000)
Текущее время: Wed Dec 25 22:25:44 2019
"C:\Program Files\MDPREI\spki\spki1utl.exe" -sign -profile r2880_2 -registry -algorithm 1.2.643.7.1.1.2.2 -data "D:\SKAD\form440SKAD\temp\work\PB1_ZSV17102803_860220191219_102912.xml" -out "D:\SKAD\form440SKAD\temp\work\PB1_ZSV17102803_860220191219_102912.xml.test" -reclist D:\SKAD\form440SKAD\util\Reclist.conf -silent D:\SKAD\form440SKAD\log\25122019_spki.log 
Инициализация
Установка ЭП файла
Результат: OK (00000000)
Текущее время: Wed Dec 25 22:25:45 2019
"C:\Program Files\MDPREI\spki\spki1utl.exe" -sign -profile r2880_2 -registry -algorithm 1.2.643.7.1.1.2.2 -data "D:\SKAD\form440SKAD\temp\work\PB2_APZ17102803_723020191219_504225_0002.xml" -out "D:\SKAD\form440SKAD\temp\work\PB2_APZ17102803_723020191219_504225_0002.xml.test" -reclist D:\SKAD\form440SKAD\util\Reclist.conf -silent D:\SKAD\form440SKAD\log\25122019_spki.log 
Инициализация
Установка ЭП файла
Результат: OK (00000000)
Текущее время: Wed Dec 25 22:25:48 2019
"C:\Program Files\MDPREI\spki\spki1utl.exe" -sign -encrypt -profile r2880_2 -registry -algorithm 1.2.643.7.1.1.2.2 -in "D:\SKAD\form440SKAD\temp\work\BOS1_RPO17102803_890120191218_606125_20191219_0002.vrb" -out "D:\SKAD\form440SKAD\temp\work\BOS1_RPO17102803_890120191218_606125_20191219_0002.vrb.test" -reclist D:\SKAD\form440SKAD\util\Reclist.conf -silent D:\SKAD\form440SKAD\log\25122019_spki.log 
Инициализация
Установка ЭП и шифрование файла
Результат: OK (00000000)
Текущее время: Wed Dec 25 22:25:49 2019
"C:\Program Files\MDPREI\spki\spki1utl.exe" -sign -encrypt -profile r2880_2 -registry -algorithm 1.2.643.7.1.1.2.2 -in "D:\SKAD\form440SKAD\temp\work\BVD1_ZSV17102803_860220191219_102912_20191219_0002_000001_000001.vrb" -out "D:\SKAD\form440SKAD\temp\work\BVD1_ZSV17102803_860220191219_102912_20191219_0002_000001_000001.vrb.test" -reclist D:\SKAD\form440SKAD\util\Reclist.conf -silent D:\SKAD\form440SKAD\log\25122019_spki.log 
Инициализация
Установка ЭП и шифрование файла
Результат: OK (00000000)
Текущее время: Wed Dec 25 22:25:50 2019
"C:\Program Files\MDPREI\spki\spki1utl.exe" -sign -encrypt -profile r2880_2 -registry -algorithm 1.2.643.7.1.1.2.2 -in "D:\SKAD\form440SKAD\temp\work\BVS1_ZSV17102803_860220191219_102912_20191219_0002.vrb" -out "D:\SKAD\form440SKAD\temp\work\BVS1_ZSV17102803_860220191219_102912_20191219_0002.vrb.test" -reclist D:\SKAD\form440SKAD\util\Reclist.conf -silent D:\SKAD\form440SKAD\log\25122019_spki.log 
Инициализация
Установка ЭП и шифрование файла
Результат: OK (00000000)
Текущее время: Wed Dec 25 22:25:51 2019
"C:\Program Files\MDPREI\spki\spki1utl.exe" -sign -profile r2880_2 -registry -algorithm 1.2.643.7.1.1.2.2 -data "D:\SKAD\form440SKAD\temp\work\AFN_7102803_MIFNS00_20191225_00001.arj" -out "D:\SKAD\form440SKAD\temp\work\AFN_7102803_MIFNS00_20191225_00001.arj.test" -reclist D:\SKAD\form440SKAD\util\Reclist.conf -silent D:\SKAD\form440SKAD\log\25122019_spki.log 
Инициализация
Установка ЭП файла
Результат: OK (00000000)
Текущее время: Wed Dec 25 22:27:20 2019
"C:\Program Files\MDPREI\spki\spki1utl.exe" -sign -profile r2880_2 -registry -algorithm 1.2.643.7.1.1.2.2 -data "D:\SKAD\form440SKAD\temp\work\BOS1_RPO17102803_890120191218_606125_20191219_0002.vrb" -out "D:\SKAD\form440SKAD\temp\work\BOS1_RPO17102803_890120191218_606125_20191219_0002.vrb.test" -reclist D:\SKAD\form440SKAD\util\Reclist.conf -silent D:\SKAD\form440SKAD\log\25122019_spki.log 
Инициализация
Установка ЭП файла
Результат: OK (00000000)
Текущее время: Wed Dec 25 22:27:21 2019
"C:\Program Files\MDPREI\spki\spki1utl.exe" -sign -profile r2880_2 -registry -algorithm 1.2.643.7.1.1.2.2 -data "D:\SKAD\form440SKAD\temp\work\BVD1_ZSV17102803_860220191219_102912_20191219_0002_000001_000001.vrb" -out "D:\SKAD\form440SKAD\temp\work\BVD1_ZSV17102803_860220191219_102912_20191219_0002_000001_000001.vrb.test" -reclist D:\SKAD\form440SKAD\util\Reclist.conf -silent D:\SKAD\form440SKAD\log\25122019_spki.log 
Инициализация
Установка ЭП файла
Результат: OK (00000000)
Текущее время: Wed Dec 25 22:27:22 2019
"C:\Program Files\MDPREI\spki\spki1utl.exe" -sign -profile r2880_2 -registry -algorithm 1.2.643.7.1.1.2.2 -data "D:\SKAD\form440SKAD\temp\work\BVS1_ZSV17102803_860220191219_102912_20191219_0002.vrb" -out "D:\SKAD\form440SKAD\temp\work\BVS1_ZSV17102803_860220191219_102912_20191219_0002.vrb.test" -reclist D:\SKAD\form440SKAD\util\Reclist.conf -silent D:\SKAD\form440SKAD\log\25122019_spki.log 
Инициализация
Установка ЭП файла
Результат: OK (00000000)
Текущее время: Wed Dec 25 22:27:23 2019
"C:\Program Files\MDPREI\spki\spki1utl.exe" -sign -profile r2880_2 -registry -algorithm 1.2.643.7.1.1.2.2 -data "D:\SKAD\form440SKAD\temp\work\PB1_RPO17102803_860320191218_590125.xml" -out "D:\SKAD\form440SKAD\temp\work\PB1_RPO17102803_860320191218_590125.xml.test" -reclist D:\SKAD\form440SKAD\util\Reclist.conf -silent D:\SKAD\form440SKAD\log\25122019_spki.log 
Инициализация
Установка ЭП файла
Результат: OK (00000000)
Текущее время: Wed Dec 25 22:27:24 2019
"C:\Program Files\MDPREI\spki\spki1utl.exe" -sign -profile r2880_2 -registry -algorithm 1.2.643.7.1.1.2.2 -data "D:\SKAD\form440SKAD\temp\work\PB1_RPO17102803_860320191218_595139.xml" -out "D:\SKAD\form440SKAD\temp\work\PB1_RPO17102803_860320191218_595139.xml.test" -reclist D:\SKAD\form440SKAD\util\Reclist.conf -silent D:\SKAD\form440SKAD\log\25122019_spki.log 
Инициализация
Установка ЭП файла
Результат: OK (00000000)
Текущее время: Wed Dec 25 22:27:25 2019
"C:\Program Files\MDPREI\spki\spki1utl.exe" -sign -profile r2880_2 -registry -algorithm 1.2.643.7.1.1.2.2 -data "D:\SKAD\form440SKAD\temp\work\PB1_ZSV17102803_860220191219_102912.xml" -out "D:\SKAD\form440SKAD\temp\work\PB1_ZSV17102803_860220191219_102912.xml.test" -reclist D:\SKAD\form440SKAD\util\Reclist.conf -silent D:\SKAD\form440SKAD\log\25122019_spki.log 
Инициализация
Установка ЭП файла
Результат: OK (00000000)
Текущее время: Wed Dec 25 22:27:26 2019
"C:\Program Files\MDPREI\spki\spki1utl.exe" -sign -profile r2880_2 -registry -algorithm 1.2.643.7.1.1.2.2 -data "D:\SKAD\form440SKAD\temp\work\PB2_APZ17102803_723020191219_504225_0002.xml" -out "D:\SKAD\form440SKAD\temp\work\PB2_APZ17102803_723020191219_504225_0002.xml.test" -reclist D:\SKAD\form440SKAD\util\Reclist.conf -silent D:\SKAD\form440SKAD\log\25122019_spki.log 
Инициализация
Установка ЭП файла
Результат: OK (00000000)
Текущее время: Wed Dec 25 22:27:29 2019
"C:\Program Files\MDPREI\spki\spki1utl.exe" -sign -encrypt -profile r2880_2 -registry -algorithm 1.2.643.7.1.1.2.2 -in "D:\SKAD\form440SKAD\temp\work\BOS1_RPO17102803_890120191218_606125_20191219_0002.vrb" -out "D:\SKAD\form440SKAD\temp\work\BOS1_RPO17102803_890120191218_606125_20191219_0002.vrb.test" -reclist D:\SKAD\form440SKAD\util\Reclist.conf -silent D:\SKAD\form440SKAD\log\25122019_spki.log 
Инициализация
Установка ЭП и шифрование файла
Результат: OK (00000000)
Текущее время: Wed Dec 25 22:27:30 2019
"C:\Program Files\MDPREI\spki\spki1utl.exe" -sign -encrypt -profile r2880_2 -registry -algorithm 1.2.643.7.1.1.2.2 -in "D:\SKAD\form440SKAD\temp\work\BVD1_ZSV17102803_860220191219_102912_20191219_0002_000001_000001.vrb" -out "D:\SKAD\form440SKAD\temp\work\BVD1_ZSV17102803_860220191219_102912_20191219_0002_000001_000001.vrb.test" -reclist D:\SKAD\form440SKAD\util\Reclist.conf -silent D:\SKAD\form440SKAD\log\25122019_spki.log 
Инициализация
Установка ЭП и шифрование файла
Результат: OK (00000000)
Текущее время: Wed Dec 25 22:27:31 2019
"C:\Program Files\MDPREI\spki\spki1utl.exe" -sign -encrypt -profile r2880_2 -registry -algorithm 1.2.643.7.1.1.2.2 -in "D:\SKAD\form440SKAD\temp\work\BVS1_ZSV17102803_860220191219_102912_20191219_0002.vrb" -out "D:\SKAD\form440SKAD\temp\work\BVS1_ZSV17102803_860220191219_102912_20191219_0002.vrb.test" -reclist D:\SKAD\form440SKAD\util\Reclist.conf -silent D:\SKAD\form440SKAD\log\25122019_spki.log 
Инициализация
Установка ЭП и шифрование файла
Результат: OK (00000000)
Текущее время: Wed Dec 25 22:27:32 2019
"C:\Program Files\MDPREI\spki\spki1utl.exe" -sign -profile r2880_2 -registry -algorithm 1.2.643.7.1.1.2.2 -data "D:\SKAD\form440SKAD\temp\work\AFN_7102803_MIFNS00_20191225_00001.arj" -out "D:\SKAD\form440SKAD\temp\work\AFN_7102803_MIFNS00_20191225_00001.arj.test" -reclist D:\SKAD\form440SKAD\util\Reclist.conf -silent D:\SKAD\form440SKAD\log\25122019_spki.log 
Инициализация
Установка ЭП файла
Результат: OK (00000000)
