[2019-10-26 19:00:48Z] - INFO - Режим отладки
[2019-10-26 19:00:48Z] - INFO - Выполнение операции "Перемещение файла" над целевым объектом "Элемент: D:\SKAD\form440SKAD\temp\BANK\BVD1_ZSV17102803_720320191025_103582_20191025_0002_000001_000002.xml Назначение: D:\SKAD\form440SKAD\temp\work\BVD1_ZSV171028
03_720320191025_103582_20191025_0002_000001_000002.xml".
Выполнение операции "Перемещение файла" над целевым объектом "Элемент: D:\SKAD\form440SKAD\temp\BANK\BVD1_ZSV17102803_720320191025_103582_20191025_0002_000001_000005.xml Назначение: D:\SKAD\form440SKAD\temp\work\BVD1_ZSV171028
03_720320191025_103582_20191025_0002_000001_000005.xml".
Выполнение операции "Перемещение файла" над целевым объектом "Элемент: D:\SKAD\form440SKAD\temp\BANK\PB1_ZSV17102803_720320191025_104942.xml Назначение: D:\SKAD\form440SKAD\temp\work\PB1_ZSV17102803_720320191025_104942.xml".

[2019-10-26 19:00:48Z] - INFO - Сохраняем текущею ключевую дискету
[2019-10-26 19:00:48Z] - INFO - Выполнение операции "Копирование файла" над целевым объектом "Элемент: D:\SKAD\form440SKAD\temp\work\BVD1_ZSV17102803_720320191025_103582_20191025_0002_000001_000002.xml Назначение: D:\SKAD\form440SKAD\temp\440p\Arhive\2610201
9\BVD1_ZSV17102803_720320191025_103582_20191025_0002_000001_000002.xml".
Выполнение операции "Копирование файла" над целевым объектом "Элемент: D:\SKAD\form440SKAD\temp\work\BVD1_ZSV17102803_720320191025_103582_20191025_0002_000001_000005.xml Назначение: D:\SKAD\form440SKAD\temp\440p\Arhive\2610201
9\BVD1_ZSV17102803_720320191025_103582_20191025_0002_000001_000005.xml".
Выполнение операции "Копирование файла" над целевым объектом "Элемент: D:\SKAD\form440SKAD\temp\work\PB1_ZSV17102803_720320191025_104942.xml Назначение: D:\SKAD\form440SKAD\temp\440p\Arhive\26102019\PB1_ZSV17102803_72032019102
5_104942.xml".

[2019-10-26 19:00:48Z] - INFO - Копирование файлов в архив D:\SKAD\form440SKAD\temp\440p\Arhive\26102019
[2019-10-26 19:00:48Z] - INFO - Переименовываем файлы *.xml -> *.vrb
[2019-10-26 19:00:48Z] - INFO - Подписываем все файлы
[2019-10-26 19:00:48Z] - INFO - Загружаем ключевую дискету d:\SKAD\Floppy\DISKET2019-skad-test\test1
[2019-10-26 19:00:48Z] - INFO - Начинаем преобразование...
[2019-10-26 19:00:48Z] - INFO - Обрабатываем файл BVD1_ZSV17102803_720320191025_103582_20191025_0002_000001_000002.vrb
[2019-10-26 19:00:50Z] - INFO - Обрабатываем файл BVD1_ZSV17102803_720320191025_103582_20191025_0002_000001_000005.vrb
[2019-10-26 19:00:51Z] - INFO - Выполнение операции "Удаление файла" над целевым объектом "D:\SKAD\form440SKAD\temp\work\BVD1_ZSV17102803_720320191025_103582_20191025_0002_000001_000002.vrb".
Выполнение операции "Удаление файла" над целевым объектом "D:\SKAD\form440SKAD\temp\work\BVD1_ZSV17102803_720320191025_103582_20191025_0002_000001_000005.vrb".

[2019-10-26 19:00:51Z] - INFO - Выполнение операции "Переименование файла" над целевым объектом "Элемент: D:\SKAD\form440SKAD\temp\work\BVD1_ZSV17102803_720320191025_103582_20191025_0002_000001_000002.test Назначение: D:\SKAD\form440SKAD\temp\work\BVD1_ZSV17
102803_720320191025_103582_20191025_0002_000001_000002.vrb".
Выполнение операции "Переименование файла" над целевым объектом "Элемент: D:\SKAD\form440SKAD\temp\work\BVD1_ZSV17102803_720320191025_103582_20191025_0002_000001_000005.test Назначение: D:\SKAD\form440SKAD\temp\work\BVD1_ZSV17
102803_720320191025_103582_20191025_0002_000001_000005.vrb".

[2019-10-26 19:00:51Z] - INFO - Сравниваем до и после преобразования...
[2019-10-26 19:06:23Z] - INFO - Режим отладки
[2019-10-26 19:06:23Z] - INFO - Выполнение операции "Перемещение файла" над целевым объектом "Элемент: D:\SKAD\form440SKAD\temp\BANK\BVD1_ZSV17102803_720320191025_103582_20191025_0002_000001_000002.xml Назначение: D:\SKAD\form440SKAD\temp\work\BVD1_ZSV171028
03_720320191025_103582_20191025_0002_000001_000002.xml".
Выполнение операции "Перемещение файла" над целевым объектом "Элемент: D:\SKAD\form440SKAD\temp\BANK\BVD1_ZSV17102803_720320191025_103582_20191025_0002_000001_000005.xml Назначение: D:\SKAD\form440SKAD\temp\work\BVD1_ZSV171028
03_720320191025_103582_20191025_0002_000001_000005.xml".
Выполнение операции "Перемещение файла" над целевым объектом "Элемент: D:\SKAD\form440SKAD\temp\BANK\PB1_ZSV17102803_720320191025_104942.xml Назначение: D:\SKAD\form440SKAD\temp\work\PB1_ZSV17102803_720320191025_104942.xml".

[2019-10-26 19:06:23Z] - INFO - Сохраняем текущею ключевую дискету
[2019-10-26 19:06:23Z] - INFO - Выполнение операции "Копирование файла" над целевым объектом "Элемент: D:\SKAD\form440SKAD\temp\work\BVD1_ZSV17102803_720320191025_103582_20191025_0002_000001_000002.xml Назначение: D:\SKAD\form440SKAD\temp\440p\Arhive\2610201
9\BVD1_ZSV17102803_720320191025_103582_20191025_0002_000001_000002.xml".
Выполнение операции "Копирование файла" над целевым объектом "Элемент: D:\SKAD\form440SKAD\temp\work\BVD1_ZSV17102803_720320191025_103582_20191025_0002_000001_000005.xml Назначение: D:\SKAD\form440SKAD\temp\440p\Arhive\2610201
9\BVD1_ZSV17102803_720320191025_103582_20191025_0002_000001_000005.xml".
Выполнение операции "Копирование файла" над целевым объектом "Элемент: D:\SKAD\form440SKAD\temp\work\PB1_ZSV17102803_720320191025_104942.xml Назначение: D:\SKAD\form440SKAD\temp\440p\Arhive\26102019\PB1_ZSV17102803_72032019102
5_104942.xml".

[2019-10-26 19:06:23Z] - INFO - Копирование файлов в архив D:\SKAD\form440SKAD\temp\440p\Arhive\26102019
[2019-10-26 19:06:23Z] - INFO - Переименовываем файлы *.xml -> *.vrb
[2019-10-26 19:06:23Z] - INFO - Загружаем ключевую дискету d:\SKAD\Floppy\DISKET2019-skad-test\test1
[2019-10-26 19:06:23Z] - INFO - Зашифровываем и подписываем vrb-файлы
[2019-10-26 19:06:23Z] - INFO - Начинаем преобразование...
[2019-10-26 19:06:23Z] - INFO - Обрабатываем файл BVD1_ZSV17102803_720320191025_103582_20191025_0002_000001_000002.vrb
[2019-10-26 19:06:24Z] - INFO - Обрабатываем файл BVD1_ZSV17102803_720320191025_103582_20191025_0002_000001_000005.vrb
[2019-10-26 19:06:25Z] - INFO - Выполнение операции "Удаление файла" над целевым объектом "D:\SKAD\form440SKAD\temp\work\BVD1_ZSV17102803_720320191025_103582_20191025_0002_000001_000002.vrb".
Выполнение операции "Удаление файла" над целевым объектом "D:\SKAD\form440SKAD\temp\work\BVD1_ZSV17102803_720320191025_103582_20191025_0002_000001_000005.vrb".

[2019-10-26 19:06:25Z] - INFO - Выполнение операции "Переименование файла" над целевым объектом "Элемент: D:\SKAD\form440SKAD\temp\work\BVD1_ZSV17102803_720320191025_103582_20191025_0002_000001_000002.test Назначение: D:\SKAD\form440SKAD\temp\work\BVD1_ZSV17
102803_720320191025_103582_20191025_0002_000001_000002.vrb".
Выполнение операции "Переименование файла" над целевым объектом "Элемент: D:\SKAD\form440SKAD\temp\work\BVD1_ZSV17102803_720320191025_103582_20191025_0002_000001_000005.test Назначение: D:\SKAD\form440SKAD\temp\work\BVD1_ZSV17
102803_720320191025_103582_20191025_0002_000001_000005.vrb".

[2019-10-26 19:06:25Z] - INFO - Сравниваем до и после преобразования...
[2019-10-26 19:06:30Z] - INFO - Подписываем оставшиеся файлы файлы
[2019-10-26 19:06:31Z] - INFO - Начинаем преобразование...
[2019-10-26 19:06:31Z] - INFO - Обрабатываем файл PB1_ZSV17102803_720320191025_104942.xml
[2019-10-26 19:06:32Z] - INFO - Выполнение операции "Удаление файла" над целевым объектом "D:\SKAD\form440SKAD\temp\work\BVD1_ZSV17102803_720320191025_103582_20191025_0002_000001_000002.vrb".
Выполнение операции "Удаление файла" над целевым объектом "D:\SKAD\form440SKAD\temp\work\BVD1_ZSV17102803_720320191025_103582_20191025_0002_000001_000005.vrb".

[2019-10-26 19:06:32Z] - INFO - Выполнение операции "Переименование файла" над целевым объектом "Элемент: D:\SKAD\form440SKAD\temp\work\PB1_ZSV17102803_720320191025_104942.test Назначение: D:\SKAD\form440SKAD\temp\work\PB1_ZSV17102803_720320191025_104942.vrb
".

[2019-10-26 19:06:32Z] - INFO - Сравниваем до и после преобразования...
[2019-10-26 19:06:32Z] - ERRR - Часть файлов не были преобразованы!
[2019-10-26 19:06:32Z] - INFO - Начинаем преобразование...
[2019-10-26 19:06:32Z] - INFO - Обрабатываем файл PB1_ZSV17102803_720320191025_104942.xml
[2019-10-26 19:06:33Z] - INFO - Выполнение операции "Переименование файла" над целевым объектом "Элемент: D:\SKAD\form440SKAD\temp\work\PB1_ZSV17102803_720320191025_104942.test Назначение: D:\SKAD\form440SKAD\temp\work\PB1_ZSV17102803_720320191025_104942.vrb
".

[2019-10-26 19:06:33Z] - INFO - Сравниваем до и после преобразования...
[2019-10-26 19:06:33Z] - ERRR - Часть файлов не были преобразованы!
[2019-10-26 19:06:34Z] - INFO - Начинаем преобразование...
[2019-10-26 19:06:34Z] - INFO - Обрабатываем файл PB1_ZSV17102803_720320191025_104942.xml
[2019-10-26 19:06:35Z] - INFO - Выполнение операции "Удаление файла" над целевым объектом "D:\SKAD\form440SKAD\temp\work\PB1_ZSV17102803_720320191025_104942.vrb".

[2019-10-26 19:06:35Z] - INFO - Выполнение операции "Переименование файла" над целевым объектом "Элемент: D:\SKAD\form440SKAD\temp\work\PB1_ZSV17102803_720320191025_104942.test Назначение: D:\SKAD\form440SKAD\temp\work\PB1_ZSV17102803_720320191025_104942.vrb
".

[2019-10-26 19:06:35Z] - INFO - Сравниваем до и после преобразования...
[2019-10-26 19:06:35Z] - ERRR - Часть файлов не были преобразованы!
[2019-10-26 19:06:35Z] - INFO - Начинаем преобразование...
[2019-10-26 19:06:35Z] - INFO - Обрабатываем файл PB1_ZSV17102803_720320191025_104942.xml
[2019-10-26 19:06:36Z] - INFO - Выполнение операции "Удаление файла" над целевым объектом "D:\SKAD\form440SKAD\temp\work\PB1_ZSV17102803_720320191025_104942.vrb".

[2019-10-26 19:06:36Z] - INFO - Выполнение операции "Переименование файла" над целевым объектом "Элемент: D:\SKAD\form440SKAD\temp\work\PB1_ZSV17102803_720320191025_104942.test Назначение: D:\SKAD\form440SKAD\temp\work\PB1_ZSV17102803_720320191025_104942.vrb
".

[2019-10-26 19:06:36Z] - INFO - Сравниваем до и после преобразования...
[2019-10-26 19:06:36Z] - ERRR - Часть файлов не были преобразованы!
[2019-10-26 19:06:37Z] - INFO - Начинаем преобразование...
[2019-10-26 19:06:37Z] - INFO - Обрабатываем файл PB1_ZSV17102803_720320191025_104942.xml
[2019-10-26 19:06:38Z] - INFO - Выполнение операции "Удаление файла" над целевым объектом "D:\SKAD\form440SKAD\temp\work\PB1_ZSV17102803_720320191025_104942.vrb".

[2019-10-26 19:06:38Z] - INFO - Выполнение операции "Переименование файла" над целевым объектом "Элемент: D:\SKAD\form440SKAD\temp\work\PB1_ZSV17102803_720320191025_104942.test Назначение: D:\SKAD\form440SKAD\temp\work\PB1_ZSV17102803_720320191025_104942.vrb
".

[2019-10-26 19:06:38Z] - INFO - Сравниваем до и после преобразования...
[2019-10-26 19:06:38Z] - ERRR - Часть файлов не были преобразованы!
[2019-10-26 19:06:38Z] - INFO - Начинаем преобразование...
[2019-10-26 19:06:38Z] - INFO - Обрабатываем файл PB1_ZSV17102803_720320191025_104942.xml
[2019-10-26 19:06:39Z] - INFO - Выполнение операции "Удаление файла" над целевым объектом "D:\SKAD\form440SKAD\temp\work\PB1_ZSV17102803_720320191025_104942.vrb".

[2019-10-26 19:06:39Z] - INFO - Выполнение операции "Переименование файла" над целевым объектом "Элемент: D:\SKAD\form440SKAD\temp\work\PB1_ZSV17102803_720320191025_104942.test Назначение: D:\SKAD\form440SKAD\temp\work\PB1_ZSV17102803_720320191025_104942.vrb
".

[2019-10-26 19:06:39Z] - INFO - Сравниваем до и после преобразования...
[2019-10-26 19:06:40Z] - ERRR - Часть файлов не были преобразованы!
[2019-10-26 19:06:40Z] - INFO - Начинаем преобразование...
[2019-10-26 19:06:40Z] - INFO - Обрабатываем файл PB1_ZSV17102803_720320191025_104942.xml
[2019-10-26 19:06:41Z] - INFO - Выполнение операции "Удаление файла" над целевым объектом "D:\SKAD\form440SKAD\temp\work\PB1_ZSV17102803_720320191025_104942.vrb".

[2019-10-26 19:06:41Z] - INFO - Выполнение операции "Переименование файла" над целевым объектом "Элемент: D:\SKAD\form440SKAD\temp\work\PB1_ZSV17102803_720320191025_104942.test Назначение: D:\SKAD\form440SKAD\temp\work\PB1_ZSV17102803_720320191025_104942.vrb
".

[2019-10-26 19:06:41Z] - INFO - Сравниваем до и после преобразования...
[2019-10-26 19:06:41Z] - ERRR - Часть файлов не были преобразованы!
