[2019-12-26 22:51:04Z] - INFO - Режим отладки
[2019-12-26 22:51:04Z] - INFO - Файлы в D:\SKAD\form440SKAD\temp\GCI не найдены!
[2019-12-26 22:53:21Z] - INFO - Режим отладки
[2019-12-26 22:53:21Z] - INFO - Выполнение операции "Перемещение файла" над целевым объектом "Элемент: D:\SKAD\form440SKAD\temp\GCI\BOS1_RPO17102803_890120191218_606125_20191219_0002.xml Назначение: D:\SKAD\form440SKAD\
temp\work\BOS1_RPO17102803_890120191218_606125_20191219_0002.xml".
Выполнение операции "Перемещение файла" над целевым объектом "Элемент: D:\SKAD\form440SKAD\temp\GCI\PB1_RPO17102803_860320191218_590125.xml Назначение: D:\SKAD\form440SKAD\temp\work\PB1_R
PO17102803_860320191218_590125.xml".

[2019-12-26 22:53:21Z] - INFO - Копирование файлов в архив D:\SKAD\form440SKAD\temp\440p\Arhive\26122019
[2019-12-26 22:53:21Z] - INFO - Выполнение операции "Копирование файла" над целевым объектом "Элемент: D:\SKAD\form440SKAD\temp\work\BOS1_RPO17102803_890120191218_606125_20191219_0002.xml Назначение: D:\SKAD\form440SKAD
\temp\440p\Arhive\26122019\BOS1_RPO17102803_890120191218_606125_20191219_0002.xml".
Выполнение операции "Копирование файла" над целевым объектом "Элемент: D:\SKAD\form440SKAD\temp\work\PB1_RPO17102803_860320191218_590125.xml Назначение: D:\SKAD\form440SKAD\temp\440p\Arhi
ve\26122019\PB1_RPO17102803_860320191218_590125.xml".

[2019-12-26 22:54:49Z] - INFO - Режим отладки
[2019-12-26 22:54:49Z] - INFO - Выполнение операции "Перемещение файла" над целевым объектом "Элемент: D:\SKAD\form440SKAD\temp\GCI\BOS1_RPO17102803_890120191218_606125_20191219_0002.xml Назначение: D:\SKAD\form440SKAD\
temp\work\BOS1_RPO17102803_890120191218_606125_20191219_0002.xml".
Выполнение операции "Перемещение файла" над целевым объектом "Элемент: D:\SKAD\form440SKAD\temp\GCI\PB1_RPO17102803_860320191218_590125.xml Назначение: D:\SKAD\form440SKAD\temp\work\PB1_R
PO17102803_860320191218_590125.xml".

[2019-12-26 22:54:49Z] - INFO - Копирование файлов в архив D:\SKAD\form440SKAD\temp\440p\Arhive\26122019
[2019-12-26 22:54:49Z] - INFO - Выполнение операции "Копирование файла" над целевым объектом "Элемент: D:\SKAD\form440SKAD\temp\work\BOS1_RPO17102803_890120191218_606125_20191219_0002.xml Назначение: D:\SKAD\form440SKAD
\temp\440p\Arhive\26122019\BOS1_RPO17102803_890120191218_606125_20191219_0002.xml".
Выполнение операции "Копирование файла" над целевым объектом "Элемент: D:\SKAD\form440SKAD\temp\work\PB1_RPO17102803_860320191218_590125.xml Назначение: D:\SKAD\form440SKAD\temp\440p\Arhi
ve\26122019\PB1_RPO17102803_860320191218_590125.xml".

[2019-12-26 22:54:49Z] - ERRR - Диск А не найден!
[2019-12-26 22:55:01Z] - INFO - Режим отладки
[2019-12-26 22:55:01Z] - INFO - Выполнение операции "Перемещение файла" над целевым объектом "Элемент: D:\SKAD\form440SKAD\temp\GCI\BOS1_RPO17102803_890120191218_606125_20191219_0002.xml Назначение: D:\SKAD\form440SKAD\
temp\work\BOS1_RPO17102803_890120191218_606125_20191219_0002.xml".
Выполнение операции "Перемещение файла" над целевым объектом "Элемент: D:\SKAD\form440SKAD\temp\GCI\PB1_RPO17102803_860320191218_590125.xml Назначение: D:\SKAD\form440SKAD\temp\work\PB1_R
PO17102803_860320191218_590125.xml".

[2019-12-26 22:55:01Z] - INFO - Копирование файлов в архив D:\SKAD\form440SKAD\temp\440p\Arhive\26122019
[2019-12-26 22:55:01Z] - INFO - Выполнение операции "Копирование файла" над целевым объектом "Элемент: D:\SKAD\form440SKAD\temp\work\BOS1_RPO17102803_890120191218_606125_20191219_0002.xml Назначение: D:\SKAD\form440SKAD
\temp\440p\Arhive\26122019\BOS1_RPO17102803_890120191218_606125_20191219_0002.xml".
Выполнение операции "Копирование файла" над целевым объектом "Элемент: D:\SKAD\form440SKAD\temp\work\PB1_RPO17102803_860320191218_590125.xml Назначение: D:\SKAD\form440SKAD\temp\440p\Arhi
ve\26122019\PB1_RPO17102803_860320191218_590125.xml".

[2019-12-26 22:55:01Z] - INFO - Сохраняем текущею ключевую дискету
[2019-12-26 22:55:01Z] - INFO - Загружаем ключевую дискету d:\SKAD\Floppy\foiv
[2019-12-26 22:55:01Z] - INFO - Переименовываем файлы *.xml -> *.vrb
[2019-12-26 22:55:02Z] - INFO - Подписываем все файлы
[2019-12-26 22:55:21Z] - INFO - Подписываем файл BOS1_RPO17102803_890120191218_606125_20191219_0002.vrb
[2019-12-26 22:56:07Z] - INFO - Подписываем файл PB1_RPO17102803_860320191218_590125.xml
[2019-12-26 22:56:08Z] - INFO - Выполнение операции "Удаление файла" над целевым объектом "D:\SKAD\form440SKAD\temp\work\BOS1_RPO17102803_890120191218_606125_20191219_0002.vrb".
Выполнение операции "Удаление файла" над целевым объектом "D:\SKAD\form440SKAD\temp\work\PB1_RPO17102803_860320191218_590125.xml".

[2019-12-26 22:56:08Z] - INFO - Выполнение операции "Переименование файла" над целевым объектом "Элемент: D:\SKAD\form440SKAD\temp\work\BOS1_RPO17102803_890120191218_606125_20191219_0002.vrb.test Назначение: D:\SKAD\for
m440SKAD\temp\work\BOS1_RPO17102803_890120191218_606125_20191219_0002.vrb".
Выполнение операции "Переименование файла" над целевым объектом "Элемент: D:\SKAD\form440SKAD\temp\work\PB1_RPO17102803_860320191218_590125.xml.test Назначение: D:\SKAD\form440SKAD\temp\w
ork\PB1_RPO17102803_860320191218_590125.xml".

[2019-12-26 22:56:26Z] - INFO - Архивируем vrb-файлы
[2019-12-26 22:56:31Z] - INFO - Выполнение операции "Удаление файла" над целевым объектом "D:\SKAD\form440SKAD\temp\work\BOS1_RPO17102803_890120191218_606125_20191219_0002.vrb".

[2019-12-26 22:56:31Z] - INFO - Выполнение операции "Переименование файла" над целевым объектом "Элемент: D:\SKAD\form440SKAD\temp\work\BOS1_RPO17102803_890120191218_606125_20191219_0002.vrb.gz Назначение: D:\SKAD\form4
40SKAD\temp\work\BOS1_RPO17102803_890120191218_606125_20191219_0002.vrb".

[2019-12-26 22:56:38Z] - INFO - Зашифровываем vrb-файлы
[2019-12-26 22:56:43Z] - INFO - Шифруем файл ключами BOS1_RPO17102803_890120191218_606125_20191219_0002.vrb ФНС и ФСС
[2019-12-26 22:56:44Z] - INFO - Выполнение операции "Удаление файла" над целевым объектом "D:\SKAD\form440SKAD\temp\work\BOS1_RPO17102803_890120191218_606125_20191219_0002.vrb".

[2019-12-26 22:56:44Z] - INFO - Выполнение операции "Переименование файла" над целевым объектом "Элемент: D:\SKAD\form440SKAD\temp\work\BOS1_RPO17102803_890120191218_606125_20191219_0002.vrb.test Назначение: D:\SKAD\for
m440SKAD\temp\work\BOS1_RPO17102803_890120191218_606125_20191219_0002.vrb".

[2019-12-26 22:57:01Z] - INFO - Начинаем архивацию...
[2019-12-26 22:57:05Z] - INFO - Выполнение операции "Удаление файла" над целевым объектом "D:\SKAD\form440SKAD\temp\work\BOS1_RPO17102803_890120191218_606125_20191219_0002.vrb".
Выполнение операции "Удаление файла" над целевым объектом "D:\SKAD\form440SKAD\temp\work\PB1_RPO17102803_860320191218_590125.xml".

[2019-12-26 22:57:06Z] - INFO - Подписываем файл архива D:\SKAD\form440SKAD\temp\work\AFN_7102803_MIFNS00_20191226_00001.arj
[2019-12-26 22:57:07Z] - INFO - Подписываем файл AFN_7102803_MIFNS00_20191226_00001.arj
[2019-12-26 22:57:08Z] - INFO - Выполнение операции "Удаление файла" над целевым объектом "D:\SKAD\form440SKAD\temp\work\AFN_7102803_MIFNS00_20191226_00001.arj".

[2019-12-26 22:57:08Z] - INFO - Выполнение операции "Переименование файла" над целевым объектом "Элемент: D:\SKAD\form440SKAD\temp\work\AFN_7102803_MIFNS00_20191226_00001.arj.test Назначение: D:\SKAD\form440SKAD\temp\wo
rk\AFN_7102803_MIFNS00_20191226_00001.arj".

[2019-12-26 22:57:10Z] - INFO - Копируем файл архива AFN_7102803_MIFNS00_20191226_00001.arj в D:\SKAD\form440SKAD\temp\440p\Arhive\26122019
[2019-12-26 22:57:11Z] - INFO - Копируем файл архива AFN_7102803_MIFNS00_20191226_00001.arj в D:\SKAD\form440SKAD\temp\Post
[2019-12-26 22:57:34Z] - INFO - Выполнение операции "Удаление файла" над целевым объектом "D:\SKAD\form440SKAD\temp\work\AFN_7102803_MIFNS00_20191226_00001.arj".

[2019-12-26 22:57:36Z] - INFO - Отправка почтового сообщения
[2019-12-26 22:57:44Z] - INFO - Отправленно всего 2 сообщений
Из них:
Справка: 1
Потверждения: 1

[2019-12-26 22:57:44Z] - INFO - Загружаем исходную ключевую дискету
[2019-12-26 22:57:44Z] - INFO - Конец работы скрипта!
[2019-12-26 23:02:51Z] - INFO - Режим отладки
[2019-12-26 23:02:51Z] - INFO - Выполнение операции "Копирование файла" над целевым объектом "Элемент: D:\SKAD\form440SKAD\temp\OUT\AFN_MIFNS00_7102803_20191226_00002.arj Назначение: D:\SKAD\form440SKAD\temp\work\AFN_MI
FNS00_7102803_20191226_00002.arj".

[2019-12-26 23:02:51Z] - INFO - Сохраняем текущею ключевую дискету
[2019-12-26 23:02:51Z] - INFO - Загружаем ключевую дискету d:\SKAD\Floppy\foiv
[2019-12-26 23:02:51Z] - INFO - Копирование файлов в архив D:\SKAD\form440SKAD\temp\440p\Arhive\26122019
[2019-12-26 23:02:51Z] - INFO - Выполнение операции "Копирование файла" над целевым объектом "Элемент: D:\SKAD\form440SKAD\temp\work\AFN_MIFNS00_7102803_20191226_00002.arj Назначение: D:\SKAD\form440SKAD\temp\440p\Arhiv
e\26122019\AFN_MIFNS00_7102803_20191226_00002.arj".

[2019-12-26 23:02:51Z] - INFO - Снимаем подпись с arj-архивов
[2019-12-26 23:02:51Z] - INFO - Начинаем преобразование...
[2019-12-26 23:02:51Z] - INFO - Снимаем подпись с файла AFN_MIFNS00_7102803_20191226_00002.arj
[2019-12-26 23:02:52Z] - INFO - Выполнение операции "Удаление файла" над целевым объектом "D:\SKAD\form440SKAD\temp\work\AFN_MIFNS00_7102803_20191226_00002.arj".

[2019-12-26 23:02:52Z] - INFO - Выполнение операции "Переименование файла" над целевым объектом "Элемент: D:\SKAD\form440SKAD\temp\work\AFN_MIFNS00_7102803_20191226_00002.arj.test Назначение: D:\SKAD\form440SKAD\temp\wo
rk\AFN_MIFNS00_7102803_20191226_00002.arj".

[2019-12-26 23:02:52Z] - INFO - Начинаем разархивацию...
[2019-12-26 23:02:52Z] - INFO - Разархивация файла D:\SKAD\form440SKAD\temp\work\AFN_MIFNS00_7102803_20191226_00002.arj
[2019-12-26 23:02:53Z] - INFO - Выполнение операции "Копирование файла" над целевым объектом "Элемент: D:\SKAD\form440SKAD\tmp_arj\ROO17102803_226120191226_536535.vrb Назначение: D:\SKAD\form440SKAD\temp\work\ROO1710280
3_226120191226_536535.vrb".
Выполнение операции "Копирование файла" над целевым объектом "Элемент: D:\SKAD\form440SKAD\tmp_arj\ROO17102803_226120191226_537048.vrb Назначение: D:\SKAD\form440SKAD\temp\work\ROO1710280
3_226120191226_537048.vrb".
Выполнение операции "Копирование файла" над целевым объектом "Элемент: D:\SKAD\form440SKAD\tmp_arj\ROO17102803_226120191226_539120.vrb Назначение: D:\SKAD\form440SKAD\temp\work\ROO1710280
3_226120191226_539120.vrb".
Выполнение операции "Копирование файла" над целевым объектом "Элемент: D:\SKAD\form440SKAD\tmp_arj\ROO17102803_860220191226_516668.vrb Назначение: D:\SKAD\form440SKAD\temp\work\ROO1710280
3_860220191226_516668.vrb".
Выполнение операции "Копирование файла" над целевым объектом "Элемент: D:\SKAD\form440SKAD\tmp_arj\ROO17102803_860220191226_516688.vrb Назначение: D:\SKAD\form440SKAD\temp\work\ROO1710280
3_860220191226_516688.vrb".
Выполнение операции "Копирование файла" над целевым объектом "Элемент: D:\SKAD\form440SKAD\tmp_arj\ROO17102803_860220191226_516811.vrb Назначение: D:\SKAD\form440SKAD\temp\work\ROO1710280
3_860220191226_516811.vrb".

[2019-12-26 23:02:53Z] - INFO - Выполнение операции "Удаление файла" над целевым объектом "D:\SKAD\form440SKAD\tmp_arj\ROO17102803_226120191226_536535.vrb".
Выполнение операции "Удаление файла" над целевым объектом "D:\SKAD\form440SKAD\tmp_arj\ROO17102803_226120191226_537048.vrb".
Выполнение операции "Удаление файла" над целевым объектом "D:\SKAD\form440SKAD\tmp_arj\ROO17102803_226120191226_539120.vrb".
Выполнение операции "Удаление файла" над целевым объектом "D:\SKAD\form440SKAD\tmp_arj\ROO17102803_860220191226_516668.vrb".
Выполнение операции "Удаление файла" над целевым объектом "D:\SKAD\form440SKAD\tmp_arj\ROO17102803_860220191226_516688.vrb".
Выполнение операции "Удаление файла" над целевым объектом "D:\SKAD\form440SKAD\tmp_arj\ROO17102803_860220191226_516811.vrb".

[2019-12-26 23:02:53Z] - INFO - Выполнение операции "Удаление файла" над целевым объектом "D:\SKAD\form440SKAD\temp\work\AFN_MIFNS00_7102803_20191226_00002.arj".

[2019-12-26 23:02:54Z] - INFO - Расшифровываем vrb-файлы
[2019-12-26 23:02:54Z] - INFO - Начинаем преобразование...
[2019-12-26 23:02:54Z] - INFO - Расшифровываем файл ROO17102803_226120191226_536535.vrb
[2019-12-26 23:02:55Z] - INFO - Расшифровываем файл ROO17102803_226120191226_537048.vrb
[2019-12-26 23:02:56Z] - INFO - Расшифровываем файл ROO17102803_226120191226_539120.vrb
[2019-12-26 23:02:57Z] - INFO - Расшифровываем файл ROO17102803_860220191226_516668.vrb
[2019-12-26 23:02:58Z] - INFO - Расшифровываем файл ROO17102803_860220191226_516688.vrb
[2019-12-26 23:02:59Z] - INFO - Расшифровываем файл ROO17102803_860220191226_516811.vrb
[2019-12-26 23:03:00Z] - INFO - Выполнение операции "Удаление файла" над целевым объектом "D:\SKAD\form440SKAD\temp\work\ROO17102803_226120191226_536535.vrb".
Выполнение операции "Удаление файла" над целевым объектом "D:\SKAD\form440SKAD\temp\work\ROO17102803_226120191226_537048.vrb".
Выполнение операции "Удаление файла" над целевым объектом "D:\SKAD\form440SKAD\temp\work\ROO17102803_226120191226_539120.vrb".
Выполнение операции "Удаление файла" над целевым объектом "D:\SKAD\form440SKAD\temp\work\ROO17102803_860220191226_516668.vrb".
Выполнение операции "Удаление файла" над целевым объектом "D:\SKAD\form440SKAD\temp\work\ROO17102803_860220191226_516688.vrb".
Выполнение операции "Удаление файла" над целевым объектом "D:\SKAD\form440SKAD\temp\work\ROO17102803_860220191226_516811.vrb".

[2019-12-26 23:03:00Z] - INFO - Выполнение операции "Переименование файла" над целевым объектом "Элемент: D:\SKAD\form440SKAD\temp\work\ROO17102803_226120191226_536535.vrb.test Назначение: D:\SKAD\form440SKAD\temp\work\
ROO17102803_226120191226_536535.vrb".
Выполнение операции "Переименование файла" над целевым объектом "Элемент: D:\SKAD\form440SKAD\temp\work\ROO17102803_226120191226_537048.vrb.test Назначение: D:\SKAD\form440SKAD\temp\work\
ROO17102803_226120191226_537048.vrb".
Выполнение операции "Переименование файла" над целевым объектом "Элемент: D:\SKAD\form440SKAD\temp\work\ROO17102803_226120191226_539120.vrb.test Назначение: D:\SKAD\form440SKAD\temp\work\
ROO17102803_226120191226_539120.vrb".
Выполнение операции "Переименование файла" над целевым объектом "Элемент: D:\SKAD\form440SKAD\temp\work\ROO17102803_860220191226_516668.vrb.test Назначение: D:\SKAD\form440SKAD\temp\work\
ROO17102803_860220191226_516668.vrb".
Выполнение операции "Переименование файла" над целевым объектом "Элемент: D:\SKAD\form440SKAD\temp\work\ROO17102803_860220191226_516688.vrb.test Назначение: D:\SKAD\form440SKAD\temp\work\
ROO17102803_860220191226_516688.vrb".
Выполнение операции "Переименование файла" над целевым объектом "Элемент: D:\SKAD\form440SKAD\temp\work\ROO17102803_860220191226_516811.vrb.test Назначение: D:\SKAD\form440SKAD\temp\work\
ROO17102803_860220191226_516811.vrb".

[2019-12-26 23:03:00Z] - INFO - Распаковываем vrb-файлы
[2019-12-26 23:03:01Z] - INFO - Переименовываем файлы в xml
[2019-12-26 23:03:01Z] - INFO - Снимаем подпись со всех файлов
[2019-12-26 23:03:01Z] - INFO - Начинаем преобразование...
[2019-12-26 23:03:01Z] - INFO - Снимаем подпись с файла ROO17102803_226120191226_536535.vrb
[2019-12-26 23:03:03Z] - INFO - Снимаем подпись с файла ROO17102803_226120191226_537048.vrb
[2019-12-26 23:03:04Z] - INFO - Снимаем подпись с файла ROO17102803_226120191226_539120.vrb
[2019-12-26 23:03:05Z] - INFO - Снимаем подпись с файла ROO17102803_860220191226_516668.vrb
[2019-12-26 23:03:06Z] - INFO - Снимаем подпись с файла ROO17102803_860220191226_516688.vrb
[2019-12-26 23:03:07Z] - INFO - Снимаем подпись с файла ROO17102803_860220191226_516811.vrb
[2019-12-26 23:03:08Z] - ERRR - Ошибка при работе программы C:\Program Files\MDPREI\spki\spki1utl.exe
[2019-12-26 23:03:08Z] - INFO - Форматируем xml-файлы
[2019-12-26 23:03:08Z] - INFO - Выполнение операции "Удаление файла" над целевым объектом "D:\SKAD\form440SKAD\temp\OUT\AFN_MIFNS00_7102803_20191226_00002.arj".

[2019-12-26 23:03:08Z] - INFO - Загружаем исходную ключевую дискету
[2019-12-26 23:03:08Z] - INFO - Конец работы скрипта!
[2019-12-26 23:07:23Z] - INFO - Режим отладки
[2019-12-26 23:07:23Z] - INFO - Выполнение операции "Копирование файла" над целевым объектом "Элемент: D:\SKAD\form440SKAD\temp\OUT\AFN_MIFNS00_7102803_20191226_00002.arj Назначение: D:\SKAD\form440SKAD\temp\work\AFN_MI
FNS00_7102803_20191226_00002.arj".

[2019-12-26 23:07:23Z] - INFO - Сохраняем текущею ключевую дискету
[2019-12-26 23:07:23Z] - INFO - Загружаем ключевую дискету d:\SKAD\Floppy\foiv
[2019-12-26 23:07:23Z] - INFO - Копирование файлов в архив D:\SKAD\form440SKAD\temp\440p\Arhive\26122019
[2019-12-26 23:07:23Z] - INFO - Выполнение операции "Копирование файла" над целевым объектом "Элемент: D:\SKAD\form440SKAD\temp\work\AFN_MIFNS00_7102803_20191226_00002.arj Назначение: D:\SKAD\form440SKAD\temp\440p\Arhiv
e\26122019\AFN_MIFNS00_7102803_20191226_00002.arj".

[2019-12-26 23:07:23Z] - INFO - Снимаем подпись с arj-архивов
[2019-12-26 23:07:23Z] - INFO - Начинаем преобразование...
[2019-12-26 23:07:23Z] - INFO - Снимаем подпись с файла AFN_MIFNS00_7102803_20191226_00002.arj
[2019-12-26 23:07:24Z] - INFO - Выполнение операции "Удаление файла" над целевым объектом "D:\SKAD\form440SKAD\temp\work\AFN_MIFNS00_7102803_20191226_00002.arj".

[2019-12-26 23:07:24Z] - INFO - Выполнение операции "Переименование файла" над целевым объектом "Элемент: D:\SKAD\form440SKAD\temp\work\AFN_MIFNS00_7102803_20191226_00002.arj.test Назначение: D:\SKAD\form440SKAD\temp\wo
rk\AFN_MIFNS00_7102803_20191226_00002.arj".

[2019-12-26 23:07:24Z] - INFO - Начинаем разархивацию...
[2019-12-26 23:07:24Z] - INFO - Разархивация файла D:\SKAD\form440SKAD\temp\work\AFN_MIFNS00_7102803_20191226_00002.arj
[2019-12-26 23:07:25Z] - INFO - Выполнение операции "Копирование файла" над целевым объектом "Элемент: D:\SKAD\form440SKAD\tmp_arj\ROO17102803_226120191226_536535.vrb Назначение: D:\SKAD\form440SKAD\temp\work\ROO1710280
3_226120191226_536535.vrb".
Выполнение операции "Копирование файла" над целевым объектом "Элемент: D:\SKAD\form440SKAD\tmp_arj\ROO17102803_226120191226_537048.vrb Назначение: D:\SKAD\form440SKAD\temp\work\ROO1710280
3_226120191226_537048.vrb".
Выполнение операции "Копирование файла" над целевым объектом "Элемент: D:\SKAD\form440SKAD\tmp_arj\ROO17102803_226120191226_539120.vrb Назначение: D:\SKAD\form440SKAD\temp\work\ROO1710280
3_226120191226_539120.vrb".
Выполнение операции "Копирование файла" над целевым объектом "Элемент: D:\SKAD\form440SKAD\tmp_arj\ROO17102803_860220191226_516668.vrb Назначение: D:\SKAD\form440SKAD\temp\work\ROO1710280
3_860220191226_516668.vrb".
Выполнение операции "Копирование файла" над целевым объектом "Элемент: D:\SKAD\form440SKAD\tmp_arj\ROO17102803_860220191226_516688.vrb Назначение: D:\SKAD\form440SKAD\temp\work\ROO1710280
3_860220191226_516688.vrb".
Выполнение операции "Копирование файла" над целевым объектом "Элемент: D:\SKAD\form440SKAD\tmp_arj\ROO17102803_860220191226_516811.vrb Назначение: D:\SKAD\form440SKAD\temp\work\ROO1710280
3_860220191226_516811.vrb".

[2019-12-26 23:07:25Z] - INFO - Выполнение операции "Удаление файла" над целевым объектом "D:\SKAD\form440SKAD\tmp_arj\ROO17102803_226120191226_536535.vrb".
Выполнение операции "Удаление файла" над целевым объектом "D:\SKAD\form440SKAD\tmp_arj\ROO17102803_226120191226_537048.vrb".
Выполнение операции "Удаление файла" над целевым объектом "D:\SKAD\form440SKAD\tmp_arj\ROO17102803_226120191226_539120.vrb".
Выполнение операции "Удаление файла" над целевым объектом "D:\SKAD\form440SKAD\tmp_arj\ROO17102803_860220191226_516668.vrb".
Выполнение операции "Удаление файла" над целевым объектом "D:\SKAD\form440SKAD\tmp_arj\ROO17102803_860220191226_516688.vrb".
Выполнение операции "Удаление файла" над целевым объектом "D:\SKAD\form440SKAD\tmp_arj\ROO17102803_860220191226_516811.vrb".

[2019-12-26 23:07:25Z] - INFO - Выполнение операции "Удаление файла" над целевым объектом "D:\SKAD\form440SKAD\temp\work\AFN_MIFNS00_7102803_20191226_00002.arj".

[2019-12-26 23:07:25Z] - INFO - Расшифровываем vrb-файлы
[2019-12-26 23:07:25Z] - INFO - Начинаем преобразование...
[2019-12-26 23:07:25Z] - INFO - Расшифровываем файл ROO17102803_226120191226_536535.vrb
[2019-12-26 23:07:26Z] - INFO - Расшифровываем файл ROO17102803_226120191226_537048.vrb
[2019-12-26 23:07:28Z] - INFO - Расшифровываем файл ROO17102803_226120191226_539120.vrb
[2019-12-26 23:07:29Z] - INFO - Расшифровываем файл ROO17102803_860220191226_516668.vrb
[2019-12-26 23:07:30Z] - INFO - Расшифровываем файл ROO17102803_860220191226_516688.vrb
[2019-12-26 23:07:31Z] - INFO - Расшифровываем файл ROO17102803_860220191226_516811.vrb
[2019-12-26 23:07:32Z] - INFO - Выполнение операции "Удаление файла" над целевым объектом "D:\SKAD\form440SKAD\temp\work\ROO17102803_226120191226_536535.vrb".
Выполнение операции "Удаление файла" над целевым объектом "D:\SKAD\form440SKAD\temp\work\ROO17102803_226120191226_537048.vrb".
Выполнение операции "Удаление файла" над целевым объектом "D:\SKAD\form440SKAD\temp\work\ROO17102803_226120191226_539120.vrb".
Выполнение операции "Удаление файла" над целевым объектом "D:\SKAD\form440SKAD\temp\work\ROO17102803_860220191226_516668.vrb".
Выполнение операции "Удаление файла" над целевым объектом "D:\SKAD\form440SKAD\temp\work\ROO17102803_860220191226_516688.vrb".
Выполнение операции "Удаление файла" над целевым объектом "D:\SKAD\form440SKAD\temp\work\ROO17102803_860220191226_516811.vrb".

[2019-12-26 23:07:32Z] - INFO - Выполнение операции "Переименование файла" над целевым объектом "Элемент: D:\SKAD\form440SKAD\temp\work\ROO17102803_226120191226_536535.vrb.test Назначение: D:\SKAD\form440SKAD\temp\work\
ROO17102803_226120191226_536535.vrb".
Выполнение операции "Переименование файла" над целевым объектом "Элемент: D:\SKAD\form440SKAD\temp\work\ROO17102803_226120191226_537048.vrb.test Назначение: D:\SKAD\form440SKAD\temp\work\
ROO17102803_226120191226_537048.vrb".
Выполнение операции "Переименование файла" над целевым объектом "Элемент: D:\SKAD\form440SKAD\temp\work\ROO17102803_226120191226_539120.vrb.test Назначение: D:\SKAD\form440SKAD\temp\work\
ROO17102803_226120191226_539120.vrb".
Выполнение операции "Переименование файла" над целевым объектом "Элемент: D:\SKAD\form440SKAD\temp\work\ROO17102803_860220191226_516668.vrb.test Назначение: D:\SKAD\form440SKAD\temp\work\
ROO17102803_860220191226_516668.vrb".
Выполнение операции "Переименование файла" над целевым объектом "Элемент: D:\SKAD\form440SKAD\temp\work\ROO17102803_860220191226_516688.vrb.test Назначение: D:\SKAD\form440SKAD\temp\work\
ROO17102803_860220191226_516688.vrb".
Выполнение операции "Переименование файла" над целевым объектом "Элемент: D:\SKAD\form440SKAD\temp\work\ROO17102803_860220191226_516811.vrb.test Назначение: D:\SKAD\form440SKAD\temp\work\
ROO17102803_860220191226_516811.vrb".

[2019-12-26 23:07:32Z] - INFO - Распаковываем vrb-файлы
[2019-12-26 23:07:33Z] - INFO - Переименовываем файлы в xml
[2019-12-26 23:07:33Z] - INFO - Снимаем подпись со всех файлов
[2019-12-26 23:07:33Z] - INFO - Начинаем преобразование...
[2019-12-26 23:07:33Z] - INFO - Снимаем подпись с файла ROO17102803_226120191226_536535.vrb
[2019-12-26 23:07:34Z] - INFO - Снимаем подпись с файла ROO17102803_226120191226_537048.vrb
[2019-12-26 23:07:35Z] - INFO - Снимаем подпись с файла ROO17102803_226120191226_539120.vrb
[2019-12-26 23:07:36Z] - INFO - Снимаем подпись с файла ROO17102803_860220191226_516668.vrb
[2019-12-26 23:07:37Z] - INFO - Снимаем подпись с файла ROO17102803_860220191226_516688.vrb
[2019-12-26 23:07:39Z] - INFO - Снимаем подпись с файла ROO17102803_860220191226_516811.vrb
[2019-12-26 23:07:40Z] - ERRR - Ошибка при работе программы C:\Program Files\MDPREI\spki\spki1utl.exe
[2019-12-26 23:07:40Z] - INFO - Форматируем xml-файлы
[2019-12-26 23:07:40Z] - INFO - Выполнение операции "Удаление файла" над целевым объектом "D:\SKAD\form440SKAD\temp\OUT\AFN_MIFNS00_7102803_20191226_00002.arj".

[2019-12-26 23:07:40Z] - INFO - Загружаем исходную ключевую дискету
[2019-12-26 23:07:40Z] - INFO - Конец работы скрипта!
[2019-12-26 23:09:04Z] - INFO - Режим отладки
[2019-12-26 23:09:04Z] - INFO - Выполнение операции "Копирование файла" над целевым объектом "Элемент: D:\SKAD\form440SKAD\temp\OUT\AFN_MIFNS00_7102803_20191226_00002.arj Назначение: D:\SKAD\form440SKAD\temp\work\AFN_MI
FNS00_7102803_20191226_00002.arj".

[2019-12-26 23:09:04Z] - INFO - Сохраняем текущею ключевую дискету
[2019-12-26 23:09:04Z] - INFO - Загружаем ключевую дискету d:\SKAD\Floppy\foiv
[2019-12-26 23:09:04Z] - INFO - Копирование файлов в архив D:\SKAD\form440SKAD\temp\440p\Arhive\26122019
[2019-12-26 23:09:12Z] - INFO - Выполнение операции "Копирование файла" над целевым объектом "Элемент: D:\SKAD\form440SKAD\temp\work\AFN_MIFNS00_7102803_20191226_00002.arj Назначение: D:\SKAD\form440SKAD\temp\440p\Arhiv
e\26122019\AFN_MIFNS00_7102803_20191226_00002.arj".

[2019-12-26 23:09:29Z] - INFO - Снимаем подпись с arj-архивов
[2019-12-26 23:09:30Z] - INFO - Начинаем преобразование...
[2019-12-26 23:09:30Z] - INFO - Снимаем подпись с файла AFN_MIFNS00_7102803_20191226_00002.arj
[2019-12-26 23:09:31Z] - INFO - Выполнение операции "Удаление файла" над целевым объектом "D:\SKAD\form440SKAD\temp\work\AFN_MIFNS00_7102803_20191226_00002.arj".

[2019-12-26 23:09:31Z] - INFO - Выполнение операции "Переименование файла" над целевым объектом "Элемент: D:\SKAD\form440SKAD\temp\work\AFN_MIFNS00_7102803_20191226_00002.arj.test Назначение: D:\SKAD\form440SKAD\temp\wo
rk\AFN_MIFNS00_7102803_20191226_00002.arj".

[2019-12-26 23:09:34Z] - INFO - Начинаем разархивацию...
[2019-12-26 23:09:34Z] - INFO - Разархивация файла D:\SKAD\form440SKAD\temp\work\AFN_MIFNS00_7102803_20191226_00002.arj
[2019-12-26 23:09:35Z] - INFO - Выполнение операции "Копирование файла" над целевым объектом "Элемент: D:\SKAD\form440SKAD\tmp_arj\ROO17102803_226120191226_536535.vrb Назначение: D:\SKAD\form440SKAD\temp\work\ROO1710280
3_226120191226_536535.vrb".
Выполнение операции "Копирование файла" над целевым объектом "Элемент: D:\SKAD\form440SKAD\tmp_arj\ROO17102803_226120191226_537048.vrb Назначение: D:\SKAD\form440SKAD\temp\work\ROO1710280
3_226120191226_537048.vrb".
Выполнение операции "Копирование файла" над целевым объектом "Элемент: D:\SKAD\form440SKAD\tmp_arj\ROO17102803_226120191226_539120.vrb Назначение: D:\SKAD\form440SKAD\temp\work\ROO1710280
3_226120191226_539120.vrb".
Выполнение операции "Копирование файла" над целевым объектом "Элемент: D:\SKAD\form440SKAD\tmp_arj\ROO17102803_860220191226_516668.vrb Назначение: D:\SKAD\form440SKAD\temp\work\ROO1710280
3_860220191226_516668.vrb".
Выполнение операции "Копирование файла" над целевым объектом "Элемент: D:\SKAD\form440SKAD\tmp_arj\ROO17102803_860220191226_516688.vrb Назначение: D:\SKAD\form440SKAD\temp\work\ROO1710280
3_860220191226_516688.vrb".
Выполнение операции "Копирование файла" над целевым объектом "Элемент: D:\SKAD\form440SKAD\tmp_arj\ROO17102803_860220191226_516811.vrb Назначение: D:\SKAD\form440SKAD\temp\work\ROO1710280
3_860220191226_516811.vrb".

[2019-12-26 23:09:35Z] - INFO - Выполнение операции "Удаление файла" над целевым объектом "D:\SKAD\form440SKAD\tmp_arj\ROO17102803_226120191226_536535.vrb".
Выполнение операции "Удаление файла" над целевым объектом "D:\SKAD\form440SKAD\tmp_arj\ROO17102803_226120191226_537048.vrb".
Выполнение операции "Удаление файла" над целевым объектом "D:\SKAD\form440SKAD\tmp_arj\ROO17102803_226120191226_539120.vrb".
Выполнение операции "Удаление файла" над целевым объектом "D:\SKAD\form440SKAD\tmp_arj\ROO17102803_860220191226_516668.vrb".
Выполнение операции "Удаление файла" над целевым объектом "D:\SKAD\form440SKAD\tmp_arj\ROO17102803_860220191226_516688.vrb".
Выполнение операции "Удаление файла" над целевым объектом "D:\SKAD\form440SKAD\tmp_arj\ROO17102803_860220191226_516811.vrb".

[2019-12-26 23:09:35Z] - INFO - Выполнение операции "Удаление файла" над целевым объектом "D:\SKAD\form440SKAD\temp\work\AFN_MIFNS00_7102803_20191226_00002.arj".

[2019-12-26 23:09:49Z] - INFO - Расшифровываем vrb-файлы
[2019-12-26 23:09:57Z] - INFO - Начинаем преобразование...
[2019-12-26 23:10:05Z] - INFO - Расшифровываем файл ROO17102803_226120191226_536535.vrb
[2019-12-26 23:10:36Z] - INFO - Расшифровываем файл ROO17102803_226120191226_537048.vrb
[2019-12-26 23:10:37Z] - INFO - Расшифровываем файл ROO17102803_226120191226_539120.vrb
[2019-12-26 23:10:38Z] - INFO - Расшифровываем файл ROO17102803_860220191226_516668.vrb
[2019-12-26 23:10:40Z] - INFO - Расшифровываем файл ROO17102803_860220191226_516688.vrb
[2019-12-26 23:10:41Z] - INFO - Расшифровываем файл ROO17102803_860220191226_516811.vrb
[2019-12-26 23:10:42Z] - INFO - Выполнение операции "Удаление файла" над целевым объектом "D:\SKAD\form440SKAD\temp\work\ROO17102803_226120191226_536535.vrb".
Выполнение операции "Удаление файла" над целевым объектом "D:\SKAD\form440SKAD\temp\work\ROO17102803_226120191226_537048.vrb".
Выполнение операции "Удаление файла" над целевым объектом "D:\SKAD\form440SKAD\temp\work\ROO17102803_226120191226_539120.vrb".
Выполнение операции "Удаление файла" над целевым объектом "D:\SKAD\form440SKAD\temp\work\ROO17102803_860220191226_516668.vrb".
Выполнение операции "Удаление файла" над целевым объектом "D:\SKAD\form440SKAD\temp\work\ROO17102803_860220191226_516688.vrb".
Выполнение операции "Удаление файла" над целевым объектом "D:\SKAD\form440SKAD\temp\work\ROO17102803_860220191226_516811.vrb".

[2019-12-26 23:10:42Z] - INFO - Выполнение операции "Переименование файла" над целевым объектом "Элемент: D:\SKAD\form440SKAD\temp\work\ROO17102803_226120191226_536535.vrb.test Назначение: D:\SKAD\form440SKAD\temp\work\
ROO17102803_226120191226_536535.vrb".
Выполнение операции "Переименование файла" над целевым объектом "Элемент: D:\SKAD\form440SKAD\temp\work\ROO17102803_226120191226_537048.vrb.test Назначение: D:\SKAD\form440SKAD\temp\work\
ROO17102803_226120191226_537048.vrb".
Выполнение операции "Переименование файла" над целевым объектом "Элемент: D:\SKAD\form440SKAD\temp\work\ROO17102803_226120191226_539120.vrb.test Назначение: D:\SKAD\form440SKAD\temp\work\
ROO17102803_226120191226_539120.vrb".
Выполнение операции "Переименование файла" над целевым объектом "Элемент: D:\SKAD\form440SKAD\temp\work\ROO17102803_860220191226_516668.vrb.test Назначение: D:\SKAD\form440SKAD\temp\work\
ROO17102803_860220191226_516668.vrb".
Выполнение операции "Переименование файла" над целевым объектом "Элемент: D:\SKAD\form440SKAD\temp\work\ROO17102803_860220191226_516688.vrb.test Назначение: D:\SKAD\form440SKAD\temp\work\
ROO17102803_860220191226_516688.vrb".
Выполнение операции "Переименование файла" над целевым объектом "Элемент: D:\SKAD\form440SKAD\temp\work\ROO17102803_860220191226_516811.vrb.test Назначение: D:\SKAD\form440SKAD\temp\work\
ROO17102803_860220191226_516811.vrb".

[2019-12-26 23:10:42Z] - INFO - Распаковываем vrb-файлы
[2019-12-26 23:11:21Z] - INFO - Режим отладки
[2019-12-26 23:11:21Z] - INFO - Выполнение операции "Копирование файла" над целевым объектом "Элемент: D:\SKAD\form440SKAD\temp\OUT\AFN_MIFNS00_7102803_20191226_00002.arj Назначение: D:\SKAD\form440SKAD\temp\work\AFN_MI
FNS00_7102803_20191226_00002.arj".

[2019-12-26 23:11:21Z] - INFO - Сохраняем текущею ключевую дискету
[2019-12-26 23:11:21Z] - INFO - Загружаем ключевую дискету d:\SKAD\Floppy\foiv
[2019-12-26 23:11:21Z] - INFO - Копирование файлов в архив D:\SKAD\form440SKAD\temp\440p\Arhive\26122019
[2019-12-26 23:11:27Z] - INFO - Выполнение операции "Копирование файла" над целевым объектом "Элемент: D:\SKAD\form440SKAD\temp\work\AFN_MIFNS00_7102803_20191226_00002.arj Назначение: D:\SKAD\form440SKAD\temp\440p\Arhiv
e\26122019\AFN_MIFNS00_7102803_20191226_00002.arj".

[2019-12-26 23:11:27Z] - INFO - Снимаем подпись с arj-архивов
[2019-12-26 23:11:27Z] - INFO - Начинаем преобразование...
[2019-12-26 23:11:27Z] - INFO - Снимаем подпись с файла AFN_MIFNS00_7102803_20191226_00002.arj
[2019-12-26 23:11:28Z] - INFO - Выполнение операции "Удаление файла" над целевым объектом "D:\SKAD\form440SKAD\temp\work\AFN_MIFNS00_7102803_20191226_00002.arj".

[2019-12-26 23:11:28Z] - INFO - Выполнение операции "Переименование файла" над целевым объектом "Элемент: D:\SKAD\form440SKAD\temp\work\AFN_MIFNS00_7102803_20191226_00002.arj.test Назначение: D:\SKAD\form440SKAD\temp\wo
rk\AFN_MIFNS00_7102803_20191226_00002.arj".

[2019-12-26 23:11:28Z] - INFO - Начинаем разархивацию...
[2019-12-26 23:11:28Z] - INFO - Разархивация файла D:\SKAD\form440SKAD\temp\work\AFN_MIFNS00_7102803_20191226_00002.arj
[2019-12-26 23:11:29Z] - INFO - Выполнение операции "Копирование файла" над целевым объектом "Элемент: D:\SKAD\form440SKAD\tmp_arj\ROO17102803_226120191226_536535.vrb Назначение: D:\SKAD\form440SKAD\temp\work\ROO1710280
3_226120191226_536535.vrb".
Выполнение операции "Копирование файла" над целевым объектом "Элемент: D:\SKAD\form440SKAD\tmp_arj\ROO17102803_226120191226_537048.vrb Назначение: D:\SKAD\form440SKAD\temp\work\ROO1710280
3_226120191226_537048.vrb".
Выполнение операции "Копирование файла" над целевым объектом "Элемент: D:\SKAD\form440SKAD\tmp_arj\ROO17102803_226120191226_539120.vrb Назначение: D:\SKAD\form440SKAD\temp\work\ROO1710280
3_226120191226_539120.vrb".
Выполнение операции "Копирование файла" над целевым объектом "Элемент: D:\SKAD\form440SKAD\tmp_arj\ROO17102803_860220191226_516668.vrb Назначение: D:\SKAD\form440SKAD\temp\work\ROO1710280
3_860220191226_516668.vrb".
Выполнение операции "Копирование файла" над целевым объектом "Элемент: D:\SKAD\form440SKAD\tmp_arj\ROO17102803_860220191226_516688.vrb Назначение: D:\SKAD\form440SKAD\temp\work\ROO1710280
3_860220191226_516688.vrb".
Выполнение операции "Копирование файла" над целевым объектом "Элемент: D:\SKAD\form440SKAD\tmp_arj\ROO17102803_860220191226_516811.vrb Назначение: D:\SKAD\form440SKAD\temp\work\ROO1710280
3_860220191226_516811.vrb".

[2019-12-26 23:11:29Z] - INFO - Выполнение операции "Удаление файла" над целевым объектом "D:\SKAD\form440SKAD\tmp_arj\ROO17102803_226120191226_536535.vrb".
Выполнение операции "Удаление файла" над целевым объектом "D:\SKAD\form440SKAD\tmp_arj\ROO17102803_226120191226_537048.vrb".
Выполнение операции "Удаление файла" над целевым объектом "D:\SKAD\form440SKAD\tmp_arj\ROO17102803_226120191226_539120.vrb".
Выполнение операции "Удаление файла" над целевым объектом "D:\SKAD\form440SKAD\tmp_arj\ROO17102803_860220191226_516668.vrb".
Выполнение операции "Удаление файла" над целевым объектом "D:\SKAD\form440SKAD\tmp_arj\ROO17102803_860220191226_516688.vrb".
Выполнение операции "Удаление файла" над целевым объектом "D:\SKAD\form440SKAD\tmp_arj\ROO17102803_860220191226_516811.vrb".

[2019-12-26 23:11:29Z] - INFO - Выполнение операции "Удаление файла" над целевым объектом "D:\SKAD\form440SKAD\temp\work\AFN_MIFNS00_7102803_20191226_00002.arj".

[2019-12-26 23:11:29Z] - INFO - Расшифровываем vrb-файлы
[2019-12-26 23:11:40Z] - INFO - Начинаем преобразование...
[2019-12-26 23:11:46Z] - INFO - Расшифровываем файл ROO17102803_226120191226_536535.vrb
[2019-12-26 23:11:56Z] - INFO - Расшифровываем файл ROO17102803_226120191226_537048.vrb
[2019-12-26 23:11:57Z] - INFO - Расшифровываем файл ROO17102803_226120191226_539120.vrb
[2019-12-26 23:11:58Z] - INFO - Расшифровываем файл ROO17102803_860220191226_516668.vrb
[2019-12-26 23:11:59Z] - INFO - Расшифровываем файл ROO17102803_860220191226_516688.vrb
[2019-12-26 23:12:01Z] - INFO - Расшифровываем файл ROO17102803_860220191226_516811.vrb
[2019-12-26 23:12:13Z] - INFO - Выполнение операции "Удаление файла" над целевым объектом "D:\SKAD\form440SKAD\temp\work\ROO17102803_226120191226_536535.vrb".
Выполнение операции "Удаление файла" над целевым объектом "D:\SKAD\form440SKAD\temp\work\ROO17102803_226120191226_537048.vrb".
Выполнение операции "Удаление файла" над целевым объектом "D:\SKAD\form440SKAD\temp\work\ROO17102803_226120191226_539120.vrb".
Выполнение операции "Удаление файла" над целевым объектом "D:\SKAD\form440SKAD\temp\work\ROO17102803_860220191226_516668.vrb".
Выполнение операции "Удаление файла" над целевым объектом "D:\SKAD\form440SKAD\temp\work\ROO17102803_860220191226_516688.vrb".
Выполнение операции "Удаление файла" над целевым объектом "D:\SKAD\form440SKAD\temp\work\ROO17102803_860220191226_516811.vrb".

[2019-12-26 23:12:21Z] - INFO - Выполнение операции "Переименование файла" над целевым объектом "Элемент: D:\SKAD\form440SKAD\temp\work\ROO17102803_226120191226_536535.vrb.test Назначение: D:\SKAD\form440SKAD\temp\work\
ROO17102803_226120191226_536535.vrb".
Выполнение операции "Переименование файла" над целевым объектом "Элемент: D:\SKAD\form440SKAD\temp\work\ROO17102803_226120191226_537048.vrb.test Назначение: D:\SKAD\form440SKAD\temp\work\
ROO17102803_226120191226_537048.vrb".
Выполнение операции "Переименование файла" над целевым объектом "Элемент: D:\SKAD\form440SKAD\temp\work\ROO17102803_226120191226_539120.vrb.test Назначение: D:\SKAD\form440SKAD\temp\work\
ROO17102803_226120191226_539120.vrb".
Выполнение операции "Переименование файла" над целевым объектом "Элемент: D:\SKAD\form440SKAD\temp\work\ROO17102803_860220191226_516668.vrb.test Назначение: D:\SKAD\form440SKAD\temp\work\
ROO17102803_860220191226_516668.vrb".
Выполнение операции "Переименование файла" над целевым объектом "Элемент: D:\SKAD\form440SKAD\temp\work\ROO17102803_860220191226_516688.vrb.test Назначение: D:\SKAD\form440SKAD\temp\work\
ROO17102803_860220191226_516688.vrb".
Выполнение операции "Переименование файла" над целевым объектом "Элемент: D:\SKAD\form440SKAD\temp\work\ROO17102803_860220191226_516811.vrb.test Назначение: D:\SKAD\form440SKAD\temp\work\
ROO17102803_860220191226_516811.vrb".

[2019-12-26 23:12:31Z] - INFO - Распаковываем vrb-файлы
[2019-12-26 23:14:55Z] - INFO - Режим отладки
[2019-12-26 23:14:55Z] - INFO - Выполнение операции "Копирование файла" над целевым объектом "Элемент: D:\SKAD\form440SKAD\temp\OUT\AFN_MIFNS00_7102803_20191226_00002.arj Назначение: D:\SKAD\form440SKAD\temp\work\AFN_MI
FNS00_7102803_20191226_00002.arj".

[2019-12-26 23:14:55Z] - INFO - Сохраняем текущею ключевую дискету
[2019-12-26 23:14:55Z] - INFO - Загружаем ключевую дискету d:\SKAD\Floppy\foiv
[2019-12-26 23:14:55Z] - INFO - Копирование файлов в архив D:\SKAD\form440SKAD\temp\440p\Arhive\26122019
[2019-12-26 23:14:55Z] - INFO - Выполнение операции "Копирование файла" над целевым объектом "Элемент: D:\SKAD\form440SKAD\temp\work\AFN_MIFNS00_7102803_20191226_00002.arj Назначение: D:\SKAD\form440SKAD\temp\440p\Arhiv
e\26122019\AFN_MIFNS00_7102803_20191226_00002.arj".

[2019-12-26 23:14:55Z] - INFO - Снимаем подпись с arj-архивов
[2019-12-26 23:14:55Z] - INFO - Начинаем преобразование...
[2019-12-26 23:14:55Z] - INFO - Снимаем подпись с файла AFN_MIFNS00_7102803_20191226_00002.arj
[2019-12-26 23:15:01Z] - INFO - Выполнение операции "Удаление файла" над целевым объектом "D:\SKAD\form440SKAD\temp\work\AFN_MIFNS00_7102803_20191226_00002.arj".

[2019-12-26 23:15:01Z] - INFO - Выполнение операции "Переименование файла" над целевым объектом "Элемент: D:\SKAD\form440SKAD\temp\work\AFN_MIFNS00_7102803_20191226_00002.arj.test Назначение: D:\SKAD\form440SKAD\temp\wo
rk\AFN_MIFNS00_7102803_20191226_00002.arj".

[2019-12-26 23:15:01Z] - INFO - Начинаем разархивацию...
[2019-12-26 23:15:01Z] - INFO - Разархивация файла D:\SKAD\form440SKAD\temp\work\AFN_MIFNS00_7102803_20191226_00002.arj
[2019-12-26 23:15:02Z] - INFO - Выполнение операции "Копирование файла" над целевым объектом "Элемент: D:\SKAD\form440SKAD\tmp_arj\ROO17102803_226120191226_536535.vrb Назначение: D:\SKAD\form440SKAD\temp\work\ROO1710280
3_226120191226_536535.vrb".
Выполнение операции "Копирование файла" над целевым объектом "Элемент: D:\SKAD\form440SKAD\tmp_arj\ROO17102803_226120191226_537048.vrb Назначение: D:\SKAD\form440SKAD\temp\work\ROO1710280
3_226120191226_537048.vrb".
Выполнение операции "Копирование файла" над целевым объектом "Элемент: D:\SKAD\form440SKAD\tmp_arj\ROO17102803_226120191226_539120.vrb Назначение: D:\SKAD\form440SKAD\temp\work\ROO1710280
3_226120191226_539120.vrb".
Выполнение операции "Копирование файла" над целевым объектом "Элемент: D:\SKAD\form440SKAD\tmp_arj\ROO17102803_860220191226_516668.vrb Назначение: D:\SKAD\form440SKAD\temp\work\ROO1710280
3_860220191226_516668.vrb".
Выполнение операции "Копирование файла" над целевым объектом "Элемент: D:\SKAD\form440SKAD\tmp_arj\ROO17102803_860220191226_516688.vrb Назначение: D:\SKAD\form440SKAD\temp\work\ROO1710280
3_860220191226_516688.vrb".
Выполнение операции "Копирование файла" над целевым объектом "Элемент: D:\SKAD\form440SKAD\tmp_arj\ROO17102803_860220191226_516811.vrb Назначение: D:\SKAD\form440SKAD\temp\work\ROO1710280
3_860220191226_516811.vrb".

[2019-12-26 23:15:02Z] - INFO - Выполнение операции "Удаление файла" над целевым объектом "D:\SKAD\form440SKAD\tmp_arj\ROO17102803_226120191226_536535.vrb".
Выполнение операции "Удаление файла" над целевым объектом "D:\SKAD\form440SKAD\tmp_arj\ROO17102803_226120191226_537048.vrb".
Выполнение операции "Удаление файла" над целевым объектом "D:\SKAD\form440SKAD\tmp_arj\ROO17102803_226120191226_539120.vrb".
Выполнение операции "Удаление файла" над целевым объектом "D:\SKAD\form440SKAD\tmp_arj\ROO17102803_860220191226_516668.vrb".
Выполнение операции "Удаление файла" над целевым объектом "D:\SKAD\form440SKAD\tmp_arj\ROO17102803_860220191226_516688.vrb".
Выполнение операции "Удаление файла" над целевым объектом "D:\SKAD\form440SKAD\tmp_arj\ROO17102803_860220191226_516811.vrb".

[2019-12-26 23:15:02Z] - INFO - Выполнение операции "Удаление файла" над целевым объектом "D:\SKAD\form440SKAD\temp\work\AFN_MIFNS00_7102803_20191226_00002.arj".

[2019-12-26 23:15:02Z] - INFO - Расшифровываем vrb-файлы
[2019-12-26 23:15:02Z] - INFO - Начинаем преобразование...
[2019-12-26 23:15:02Z] - INFO - Расшифровываем файл ROO17102803_226120191226_536535.vrb
[2019-12-26 23:15:05Z] - INFO - Расшифровываем файл ROO17102803_226120191226_537048.vrb
[2019-12-26 23:15:45Z] - INFO - Режим отладки
[2019-12-26 23:15:45Z] - INFO - Выполнение операции "Копирование файла" над целевым объектом "Элемент: D:\SKAD\form440SKAD\temp\OUT\AFN_MIFNS00_7102803_20191226_00002.arj Назначение: D:\SKAD\form440SKAD\temp\work\AFN_MI
FNS00_7102803_20191226_00002.arj".

[2019-12-26 23:15:45Z] - INFO - Сохраняем текущею ключевую дискету
[2019-12-26 23:15:45Z] - INFO - Загружаем ключевую дискету d:\SKAD\Floppy\foiv
[2019-12-26 23:15:45Z] - INFO - Копирование файлов в архив D:\SKAD\form440SKAD\temp\440p\Arhive\26122019
[2019-12-26 23:15:45Z] - INFO - Выполнение операции "Копирование файла" над целевым объектом "Элемент: D:\SKAD\form440SKAD\temp\work\AFN_MIFNS00_7102803_20191226_00002.arj Назначение: D:\SKAD\form440SKAD\temp\440p\Arhiv
e\26122019\AFN_MIFNS00_7102803_20191226_00002.arj".

[2019-12-26 23:15:45Z] - INFO - Снимаем подпись с arj-архивов
[2019-12-26 23:15:45Z] - INFO - Начинаем преобразование...
[2019-12-26 23:15:45Z] - INFO - Снимаем подпись с файла AFN_MIFNS00_7102803_20191226_00002.arj
[2019-12-26 23:15:47Z] - INFO - Выполнение операции "Удаление файла" над целевым объектом "D:\SKAD\form440SKAD\temp\work\AFN_MIFNS00_7102803_20191226_00002.arj".

[2019-12-26 23:15:47Z] - INFO - Выполнение операции "Переименование файла" над целевым объектом "Элемент: D:\SKAD\form440SKAD\temp\work\AFN_MIFNS00_7102803_20191226_00002.arj.test Назначение: D:\SKAD\form440SKAD\temp\wo
rk\AFN_MIFNS00_7102803_20191226_00002.arj".

[2019-12-26 23:15:47Z] - INFO - Начинаем разархивацию...
[2019-12-26 23:15:47Z] - INFO - Разархивация файла D:\SKAD\form440SKAD\temp\work\AFN_MIFNS00_7102803_20191226_00002.arj
[2019-12-26 23:15:48Z] - INFO - Выполнение операции "Копирование файла" над целевым объектом "Элемент: D:\SKAD\form440SKAD\tmp_arj\ROO17102803_226120191226_536535.vrb Назначение: D:\SKAD\form440SKAD\temp\work\ROO1710280
3_226120191226_536535.vrb".
Выполнение операции "Копирование файла" над целевым объектом "Элемент: D:\SKAD\form440SKAD\tmp_arj\ROO17102803_226120191226_537048.vrb Назначение: D:\SKAD\form440SKAD\temp\work\ROO1710280
3_226120191226_537048.vrb".
Выполнение операции "Копирование файла" над целевым объектом "Элемент: D:\SKAD\form440SKAD\tmp_arj\ROO17102803_226120191226_539120.vrb Назначение: D:\SKAD\form440SKAD\temp\work\ROO1710280
3_226120191226_539120.vrb".
Выполнение операции "Копирование файла" над целевым объектом "Элемент: D:\SKAD\form440SKAD\tmp_arj\ROO17102803_860220191226_516668.vrb Назначение: D:\SKAD\form440SKAD\temp\work\ROO1710280
3_860220191226_516668.vrb".
Выполнение операции "Копирование файла" над целевым объектом "Элемент: D:\SKAD\form440SKAD\tmp_arj\ROO17102803_860220191226_516688.vrb Назначение: D:\SKAD\form440SKAD\temp\work\ROO1710280
3_860220191226_516688.vrb".
Выполнение операции "Копирование файла" над целевым объектом "Элемент: D:\SKAD\form440SKAD\tmp_arj\ROO17102803_860220191226_516811.vrb Назначение: D:\SKAD\form440SKAD\temp\work\ROO1710280
3_860220191226_516811.vrb".

[2019-12-26 23:15:48Z] - INFO - Выполнение операции "Удаление файла" над целевым объектом "D:\SKAD\form440SKAD\tmp_arj\ROO17102803_226120191226_536535.vrb".
Выполнение операции "Удаление файла" над целевым объектом "D:\SKAD\form440SKAD\tmp_arj\ROO17102803_226120191226_537048.vrb".
Выполнение операции "Удаление файла" над целевым объектом "D:\SKAD\form440SKAD\tmp_arj\ROO17102803_226120191226_539120.vrb".
Выполнение операции "Удаление файла" над целевым объектом "D:\SKAD\form440SKAD\tmp_arj\ROO17102803_860220191226_516668.vrb".
Выполнение операции "Удаление файла" над целевым объектом "D:\SKAD\form440SKAD\tmp_arj\ROO17102803_860220191226_516688.vrb".
Выполнение операции "Удаление файла" над целевым объектом "D:\SKAD\form440SKAD\tmp_arj\ROO17102803_860220191226_516811.vrb".

[2019-12-26 23:15:48Z] - INFO - Выполнение операции "Удаление файла" над целевым объектом "D:\SKAD\form440SKAD\temp\work\AFN_MIFNS00_7102803_20191226_00002.arj".

[2019-12-26 23:15:48Z] - INFO - Расшифровываем vrb-файлы
[2019-12-26 23:15:48Z] - INFO - Начинаем преобразование...
[2019-12-26 23:15:48Z] - INFO - Расшифровываем файл ROO17102803_226120191226_536535.vrb
[2019-12-26 23:15:49Z] - INFO - Расшифровываем файл ROO17102803_226120191226_537048.vrb
[2019-12-26 23:15:50Z] - INFO - Расшифровываем файл ROO17102803_226120191226_539120.vrb
[2019-12-26 23:15:51Z] - INFO - Расшифровываем файл ROO17102803_860220191226_516668.vrb
[2019-12-26 23:15:52Z] - INFO - Расшифровываем файл ROO17102803_860220191226_516688.vrb
[2019-12-26 23:15:53Z] - INFO - Расшифровываем файл ROO17102803_860220191226_516811.vrb
[2019-12-26 23:15:54Z] - INFO - Выполнение операции "Удаление файла" над целевым объектом "D:\SKAD\form440SKAD\temp\work\ROO17102803_226120191226_536535.vrb".
Выполнение операции "Удаление файла" над целевым объектом "D:\SKAD\form440SKAD\temp\work\ROO17102803_226120191226_537048.vrb".
Выполнение операции "Удаление файла" над целевым объектом "D:\SKAD\form440SKAD\temp\work\ROO17102803_226120191226_539120.vrb".
Выполнение операции "Удаление файла" над целевым объектом "D:\SKAD\form440SKAD\temp\work\ROO17102803_860220191226_516668.vrb".
Выполнение операции "Удаление файла" над целевым объектом "D:\SKAD\form440SKAD\temp\work\ROO17102803_860220191226_516688.vrb".
Выполнение операции "Удаление файла" над целевым объектом "D:\SKAD\form440SKAD\temp\work\ROO17102803_860220191226_516811.vrb".

[2019-12-26 23:15:54Z] - INFO - Выполнение операции "Переименование файла" над целевым объектом "Элемент: D:\SKAD\form440SKAD\temp\work\ROO17102803_226120191226_536535.vrb.test Назначение: D:\SKAD\form440SKAD\temp\work\
ROO17102803_226120191226_536535.vrb".
Выполнение операции "Переименование файла" над целевым объектом "Элемент: D:\SKAD\form440SKAD\temp\work\ROO17102803_226120191226_537048.vrb.test Назначение: D:\SKAD\form440SKAD\temp\work\
ROO17102803_226120191226_537048.vrb".
Выполнение операции "Переименование файла" над целевым объектом "Элемент: D:\SKAD\form440SKAD\temp\work\ROO17102803_226120191226_539120.vrb.test Назначение: D:\SKAD\form440SKAD\temp\work\
ROO17102803_226120191226_539120.vrb".
Выполнение операции "Переименование файла" над целевым объектом "Элемент: D:\SKAD\form440SKAD\temp\work\ROO17102803_860220191226_516668.vrb.test Назначение: D:\SKAD\form440SKAD\temp\work\
ROO17102803_860220191226_516668.vrb".
Выполнение операции "Переименование файла" над целевым объектом "Элемент: D:\SKAD\form440SKAD\temp\work\ROO17102803_860220191226_516688.vrb.test Назначение: D:\SKAD\form440SKAD\temp\work\
ROO17102803_860220191226_516688.vrb".
Выполнение операции "Переименование файла" над целевым объектом "Элемент: D:\SKAD\form440SKAD\temp\work\ROO17102803_860220191226_516811.vrb.test Назначение: D:\SKAD\form440SKAD\temp\work\
ROO17102803_860220191226_516811.vrb".

[2019-12-26 23:15:55Z] - INFO - Распаковываем vrb-файлы
[2019-12-26 23:16:17Z] - INFO - Режим отладки
[2019-12-26 23:16:17Z] - INFO - Выполнение операции "Копирование файла" над целевым объектом "Элемент: D:\SKAD\form440SKAD\temp\OUT\AFN_MIFNS00_7102803_20191226_00002.arj Назначение: D:\SKAD\form440SKAD\temp\work\AFN_MI
FNS00_7102803_20191226_00002.arj".

[2019-12-26 23:16:17Z] - INFO - Сохраняем текущею ключевую дискету
[2019-12-26 23:16:17Z] - INFO - Загружаем ключевую дискету d:\SKAD\Floppy\foiv
[2019-12-26 23:16:17Z] - INFO - Копирование файлов в архив D:\SKAD\form440SKAD\temp\440p\Arhive\26122019
[2019-12-26 23:16:17Z] - INFO - Выполнение операции "Копирование файла" над целевым объектом "Элемент: D:\SKAD\form440SKAD\temp\work\AFN_MIFNS00_7102803_20191226_00002.arj Назначение: D:\SKAD\form440SKAD\temp\440p\Arhiv
e\26122019\AFN_MIFNS00_7102803_20191226_00002.arj".

[2019-12-26 23:16:17Z] - INFO - Снимаем подпись с arj-архивов
[2019-12-26 23:16:17Z] - INFO - Начинаем преобразование...
[2019-12-26 23:16:17Z] - INFO - Снимаем подпись с файла AFN_MIFNS00_7102803_20191226_00002.arj
[2019-12-26 23:16:18Z] - INFO - Выполнение операции "Удаление файла" над целевым объектом "D:\SKAD\form440SKAD\temp\work\AFN_MIFNS00_7102803_20191226_00002.arj".

[2019-12-26 23:16:18Z] - INFO - Выполнение операции "Переименование файла" над целевым объектом "Элемент: D:\SKAD\form440SKAD\temp\work\AFN_MIFNS00_7102803_20191226_00002.arj.test Назначение: D:\SKAD\form440SKAD\temp\wo
rk\AFN_MIFNS00_7102803_20191226_00002.arj".

[2019-12-26 23:16:18Z] - INFO - Начинаем разархивацию...
[2019-12-26 23:16:18Z] - INFO - Разархивация файла D:\SKAD\form440SKAD\temp\work\AFN_MIFNS00_7102803_20191226_00002.arj
[2019-12-26 23:16:20Z] - INFO - Выполнение операции "Копирование файла" над целевым объектом "Элемент: D:\SKAD\form440SKAD\tmp_arj\ROO17102803_226120191226_536535.vrb Назначение: D:\SKAD\form440SKAD\temp\work\ROO1710280
3_226120191226_536535.vrb".
Выполнение операции "Копирование файла" над целевым объектом "Элемент: D:\SKAD\form440SKAD\tmp_arj\ROO17102803_226120191226_537048.vrb Назначение: D:\SKAD\form440SKAD\temp\work\ROO1710280
3_226120191226_537048.vrb".
Выполнение операции "Копирование файла" над целевым объектом "Элемент: D:\SKAD\form440SKAD\tmp_arj\ROO17102803_226120191226_539120.vrb Назначение: D:\SKAD\form440SKAD\temp\work\ROO1710280
3_226120191226_539120.vrb".
Выполнение операции "Копирование файла" над целевым объектом "Элемент: D:\SKAD\form440SKAD\tmp_arj\ROO17102803_860220191226_516668.vrb Назначение: D:\SKAD\form440SKAD\temp\work\ROO1710280
3_860220191226_516668.vrb".
Выполнение операции "Копирование файла" над целевым объектом "Элемент: D:\SKAD\form440SKAD\tmp_arj\ROO17102803_860220191226_516688.vrb Назначение: D:\SKAD\form440SKAD\temp\work\ROO1710280
3_860220191226_516688.vrb".
Выполнение операции "Копирование файла" над целевым объектом "Элемент: D:\SKAD\form440SKAD\tmp_arj\ROO17102803_860220191226_516811.vrb Назначение: D:\SKAD\form440SKAD\temp\work\ROO1710280
3_860220191226_516811.vrb".

[2019-12-26 23:16:20Z] - INFO - Выполнение операции "Удаление файла" над целевым объектом "D:\SKAD\form440SKAD\tmp_arj\ROO17102803_226120191226_536535.vrb".
Выполнение операции "Удаление файла" над целевым объектом "D:\SKAD\form440SKAD\tmp_arj\ROO17102803_226120191226_537048.vrb".
Выполнение операции "Удаление файла" над целевым объектом "D:\SKAD\form440SKAD\tmp_arj\ROO17102803_226120191226_539120.vrb".
Выполнение операции "Удаление файла" над целевым объектом "D:\SKAD\form440SKAD\tmp_arj\ROO17102803_860220191226_516668.vrb".
Выполнение операции "Удаление файла" над целевым объектом "D:\SKAD\form440SKAD\tmp_arj\ROO17102803_860220191226_516688.vrb".
Выполнение операции "Удаление файла" над целевым объектом "D:\SKAD\form440SKAD\tmp_arj\ROO17102803_860220191226_516811.vrb".

[2019-12-26 23:16:20Z] - INFO - Выполнение операции "Удаление файла" над целевым объектом "D:\SKAD\form440SKAD\temp\work\AFN_MIFNS00_7102803_20191226_00002.arj".

[2019-12-26 23:16:20Z] - INFO - Расшифровываем vrb-файлы
[2019-12-26 23:16:20Z] - INFO - Начинаем преобразование...
[2019-12-26 23:16:20Z] - INFO - Расшифровываем файл ROO17102803_226120191226_536535.vrb
[2019-12-26 23:16:21Z] - INFO - Расшифровываем файл ROO17102803_226120191226_537048.vrb
[2019-12-26 23:16:22Z] - INFO - Расшифровываем файл ROO17102803_226120191226_539120.vrb
[2019-12-26 23:16:23Z] - INFO - Расшифровываем файл ROO17102803_860220191226_516668.vrb
[2019-12-26 23:16:24Z] - INFO - Расшифровываем файл ROO17102803_860220191226_516688.vrb
[2019-12-26 23:16:25Z] - INFO - Расшифровываем файл ROO17102803_860220191226_516811.vrb
[2019-12-26 23:16:26Z] - INFO - Выполнение операции "Удаление файла" над целевым объектом "D:\SKAD\form440SKAD\temp\work\ROO17102803_226120191226_536535.vrb".
Выполнение операции "Удаление файла" над целевым объектом "D:\SKAD\form440SKAD\temp\work\ROO17102803_226120191226_537048.vrb".
Выполнение операции "Удаление файла" над целевым объектом "D:\SKAD\form440SKAD\temp\work\ROO17102803_226120191226_539120.vrb".
Выполнение операции "Удаление файла" над целевым объектом "D:\SKAD\form440SKAD\temp\work\ROO17102803_860220191226_516668.vrb".
Выполнение операции "Удаление файла" над целевым объектом "D:\SKAD\form440SKAD\temp\work\ROO17102803_860220191226_516688.vrb".
Выполнение операции "Удаление файла" над целевым объектом "D:\SKAD\form440SKAD\temp\work\ROO17102803_860220191226_516811.vrb".

[2019-12-26 23:16:26Z] - INFO - Выполнение операции "Переименование файла" над целевым объектом "Элемент: D:\SKAD\form440SKAD\temp\work\ROO17102803_226120191226_536535.vrb.test Назначение: D:\SKAD\form440SKAD\temp\work\
ROO17102803_226120191226_536535.vrb".
Выполнение операции "Переименование файла" над целевым объектом "Элемент: D:\SKAD\form440SKAD\temp\work\ROO17102803_226120191226_537048.vrb.test Назначение: D:\SKAD\form440SKAD\temp\work\
ROO17102803_226120191226_537048.vrb".
Выполнение операции "Переименование файла" над целевым объектом "Элемент: D:\SKAD\form440SKAD\temp\work\ROO17102803_226120191226_539120.vrb.test Назначение: D:\SKAD\form440SKAD\temp\work\
ROO17102803_226120191226_539120.vrb".
Выполнение операции "Переименование файла" над целевым объектом "Элемент: D:\SKAD\form440SKAD\temp\work\ROO17102803_860220191226_516668.vrb.test Назначение: D:\SKAD\form440SKAD\temp\work\
ROO17102803_860220191226_516668.vrb".
Выполнение операции "Переименование файла" над целевым объектом "Элемент: D:\SKAD\form440SKAD\temp\work\ROO17102803_860220191226_516688.vrb.test Назначение: D:\SKAD\form440SKAD\temp\work\
ROO17102803_860220191226_516688.vrb".
Выполнение операции "Переименование файла" над целевым объектом "Элемент: D:\SKAD\form440SKAD\temp\work\ROO17102803_860220191226_516811.vrb.test Назначение: D:\SKAD\form440SKAD\temp\work\
ROO17102803_860220191226_516811.vrb".

[2019-12-26 23:16:26Z] - INFO - Распаковываем vrb-файлы
[2019-12-26 23:16:32Z] - INFO - Выполнение операции "Переименование файла" над целевым объектом "Элемент: D:\SKAD\form440SKAD\temp\work\ROO17102803_226120191226_536535.vrb Назначение: D:\SKAD\form440SKAD\temp\work\ROO17
102803_226120191226_536535.vrb.gz".
Выполнение операции "Переименование файла" над целевым объектом "Элемент: D:\SKAD\form440SKAD\temp\work\ROO17102803_226120191226_537048.vrb Назначение: D:\SKAD\form440SKAD\temp\work\ROO17
102803_226120191226_537048.vrb.gz".
Выполнение операции "Переименование файла" над целевым объектом "Элемент: D:\SKAD\form440SKAD\temp\work\ROO17102803_226120191226_539120.vrb Назначение: D:\SKAD\form440SKAD\temp\work\ROO17
102803_226120191226_539120.vrb.gz".
Выполнение операции "Переименование файла" над целевым объектом "Элемент: D:\SKAD\form440SKAD\temp\work\ROO17102803_860220191226_516668.vrb Назначение: D:\SKAD\form440SKAD\temp\work\ROO17
102803_860220191226_516668.vrb.gz".
Выполнение операции "Переименование файла" над целевым объектом "Элемент: D:\SKAD\form440SKAD\temp\work\ROO17102803_860220191226_516688.vrb Назначение: D:\SKAD\form440SKAD\temp\work\ROO17
102803_860220191226_516688.vrb.gz".
Выполнение операции "Переименование файла" над целевым объектом "Элемент: D:\SKAD\form440SKAD\temp\work\ROO17102803_860220191226_516811.vrb Назначение: D:\SKAD\form440SKAD\temp\work\ROO17
102803_860220191226_516811.vrb.gz".

[2019-12-26 23:16:42Z] - INFO - Переименовываем файлы в xml
[2019-12-26 23:16:43Z] - INFO - Выполнение операции "Переименование файла" над целевым объектом "Элемент: D:\SKAD\form440SKAD\temp\work\ROO17102803_226120191226_536535.vrb Назначение: D:\SKAD\form440SKAD\temp\work\ROO17
102803_226120191226_536535.xml".
Выполнение операции "Переименование файла" над целевым объектом "Элемент: D:\SKAD\form440SKAD\temp\work\ROO17102803_226120191226_537048.vrb Назначение: D:\SKAD\form440SKAD\temp\work\ROO17
102803_226120191226_537048.xml".
Выполнение операции "Переименование файла" над целевым объектом "Элемент: D:\SKAD\form440SKAD\temp\work\ROO17102803_226120191226_539120.vrb Назначение: D:\SKAD\form440SKAD\temp\work\ROO17
102803_226120191226_539120.xml".
Выполнение операции "Переименование файла" над целевым объектом "Элемент: D:\SKAD\form440SKAD\temp\work\ROO17102803_860220191226_516668.vrb Назначение: D:\SKAD\form440SKAD\temp\work\ROO17
102803_860220191226_516668.xml".
Выполнение операции "Переименование файла" над целевым объектом "Элемент: D:\SKAD\form440SKAD\temp\work\ROO17102803_860220191226_516688.vrb Назначение: D:\SKAD\form440SKAD\temp\work\ROO17
102803_860220191226_516688.xml".
Выполнение операции "Переименование файла" над целевым объектом "Элемент: D:\SKAD\form440SKAD\temp\work\ROO17102803_860220191226_516811.vrb Назначение: D:\SKAD\form440SKAD\temp\work\ROO17
102803_860220191226_516811.xml".

[2019-12-26 23:16:49Z] - INFO - Снимаем подпись со всех файлов
[2019-12-26 23:16:49Z] - INFO - Начинаем преобразование...
[2019-12-26 23:16:49Z] - INFO - Снимаем подпись с файла ROO17102803_226120191226_536535.xml
[2019-12-26 23:16:50Z] - INFO - Снимаем подпись с файла ROO17102803_226120191226_537048.xml
[2019-12-26 23:16:51Z] - INFO - Снимаем подпись с файла ROO17102803_226120191226_539120.xml
[2019-12-26 23:16:52Z] - INFO - Снимаем подпись с файла ROO17102803_860220191226_516668.xml
[2019-12-26 23:16:53Z] - INFO - Снимаем подпись с файла ROO17102803_860220191226_516688.xml
[2019-12-26 23:16:54Z] - INFO - Снимаем подпись с файла ROO17102803_860220191226_516811.xml
[2019-12-26 23:16:55Z] - INFO - Выполнение операции "Удаление файла" над целевым объектом "D:\SKAD\form440SKAD\temp\work\ROO17102803_226120191226_536535.xml".
Выполнение операции "Удаление файла" над целевым объектом "D:\SKAD\form440SKAD\temp\work\ROO17102803_226120191226_537048.xml".
Выполнение операции "Удаление файла" над целевым объектом "D:\SKAD\form440SKAD\temp\work\ROO17102803_226120191226_539120.xml".
Выполнение операции "Удаление файла" над целевым объектом "D:\SKAD\form440SKAD\temp\work\ROO17102803_860220191226_516668.xml".
Выполнение операции "Удаление файла" над целевым объектом "D:\SKAD\form440SKAD\temp\work\ROO17102803_860220191226_516688.xml".
Выполнение операции "Удаление файла" над целевым объектом "D:\SKAD\form440SKAD\temp\work\ROO17102803_860220191226_516811.xml".

[2019-12-26 23:16:55Z] - INFO - Выполнение операции "Переименование файла" над целевым объектом "Элемент: D:\SKAD\form440SKAD\temp\work\ROO17102803_226120191226_536535.xml.test Назначение: D:\SKAD\form440SKAD\temp\work\
ROO17102803_226120191226_536535.xml".
Выполнение операции "Переименование файла" над целевым объектом "Элемент: D:\SKAD\form440SKAD\temp\work\ROO17102803_226120191226_537048.xml.test Назначение: D:\SKAD\form440SKAD\temp\work\
ROO17102803_226120191226_537048.xml".
Выполнение операции "Переименование файла" над целевым объектом "Элемент: D:\SKAD\form440SKAD\temp\work\ROO17102803_226120191226_539120.xml.test Назначение: D:\SKAD\form440SKAD\temp\work\
ROO17102803_226120191226_539120.xml".
Выполнение операции "Переименование файла" над целевым объектом "Элемент: D:\SKAD\form440SKAD\temp\work\ROO17102803_860220191226_516668.xml.test Назначение: D:\SKAD\form440SKAD\temp\work\
ROO17102803_860220191226_516668.xml".
Выполнение операции "Переименование файла" над целевым объектом "Элемент: D:\SKAD\form440SKAD\temp\work\ROO17102803_860220191226_516688.xml.test Назначение: D:\SKAD\form440SKAD\temp\work\
ROO17102803_860220191226_516688.xml".
Выполнение операции "Переименование файла" над целевым объектом "Элемент: D:\SKAD\form440SKAD\temp\work\ROO17102803_860220191226_516811.xml.test Назначение: D:\SKAD\form440SKAD\temp\work\
ROO17102803_860220191226_516811.xml".

[2019-12-26 23:16:55Z] - INFO - Форматируем xml-файлы
[2019-12-26 23:17:04Z] - ERRR - Не удалось соединиться с почтовым сервером 191.168.6.50
[2019-12-26 23:17:04Z] - INFO - Пришло всего 6 сообщений
Из них:
Решения: 6

[2019-12-26 23:17:04Z] - INFO - Выполнение операции "Копирование файла" над целевым объектом "Элемент: D:\SKAD\form440SKAD\temp\work\ROO17102803_226120191226_536535.xml Назначение: D:\SKAD\form440SKAD\temp\440p\Arhive\2
6122019\ROO17102803_226120191226_536535.xml".
Выполнение операции "Копирование файла" над целевым объектом "Элемент: D:\SKAD\form440SKAD\temp\work\ROO17102803_226120191226_537048.xml Назначение: D:\SKAD\form440SKAD\temp\440p\Arhive\2
6122019\ROO17102803_226120191226_537048.xml".
Выполнение операции "Копирование файла" над целевым объектом "Элемент: D:\SKAD\form440SKAD\temp\work\ROO17102803_226120191226_539120.xml Назначение: D:\SKAD\form440SKAD\temp\440p\Arhive\2
6122019\ROO17102803_226120191226_539120.xml".
Выполнение операции "Копирование файла" над целевым объектом "Элемент: D:\SKAD\form440SKAD\temp\work\ROO17102803_860220191226_516668.xml Назначение: D:\SKAD\form440SKAD\temp\440p\Arhive\2
6122019\ROO17102803_860220191226_516668.xml".
Выполнение операции "Копирование файла" над целевым объектом "Элемент: D:\SKAD\form440SKAD\temp\work\ROO17102803_860220191226_516688.xml Назначение: D:\SKAD\form440SKAD\temp\440p\Arhive\2
6122019\ROO17102803_860220191226_516688.xml".
Выполнение операции "Копирование файла" над целевым объектом "Элемент: D:\SKAD\form440SKAD\temp\work\ROO17102803_860220191226_516811.xml Назначение: D:\SKAD\form440SKAD\temp\440p\Arhive\2
6122019\ROO17102803_860220191226_516811.xml".

[2019-12-26 23:17:04Z] - INFO - Выполнение операции "Копирование файла" над целевым объектом "Элемент: D:\SKAD\form440SKAD\temp\work\ROO17102803_226120191226_536535.xml Назначение: D:\SKAD\form440SKAD\temp\ARM_440\ROO17
102803_226120191226_536535.xml".
Выполнение операции "Копирование файла" над целевым объектом "Элемент: D:\SKAD\form440SKAD\temp\work\ROO17102803_226120191226_537048.xml Назначение: D:\SKAD\form440SKAD\temp\ARM_440\ROO17
102803_226120191226_537048.xml".
Выполнение операции "Копирование файла" над целевым объектом "Элемент: D:\SKAD\form440SKAD\temp\work\ROO17102803_226120191226_539120.xml Назначение: D:\SKAD\form440SKAD\temp\ARM_440\ROO17
102803_226120191226_539120.xml".
Выполнение операции "Копирование файла" над целевым объектом "Элемент: D:\SKAD\form440SKAD\temp\work\ROO17102803_860220191226_516668.xml Назначение: D:\SKAD\form440SKAD\temp\ARM_440\ROO17
102803_860220191226_516668.xml".
Выполнение операции "Копирование файла" над целевым объектом "Элемент: D:\SKAD\form440SKAD\temp\work\ROO17102803_860220191226_516688.xml Назначение: D:\SKAD\form440SKAD\temp\ARM_440\ROO17
102803_860220191226_516688.xml".
Выполнение операции "Копирование файла" над целевым объектом "Элемент: D:\SKAD\form440SKAD\temp\work\ROO17102803_860220191226_516811.xml Назначение: D:\SKAD\form440SKAD\temp\ARM_440\ROO17
102803_860220191226_516811.xml".

[2019-12-26 23:17:05Z] - INFO - Выполнение операции "Копирование файла" над целевым объектом "Элемент: D:\SKAD\form440SKAD\temp\work\ROO17102803_226120191226_536535.xml Назначение: D:\SKAD\form440SKAD\temp\BANK\ROO17102
803_226120191226_536535.xml".
Выполнение операции "Копирование файла" над целевым объектом "Элемент: D:\SKAD\form440SKAD\temp\work\ROO17102803_226120191226_537048.xml Назначение: D:\SKAD\form440SKAD\temp\BANK\ROO17102
803_226120191226_537048.xml".
Выполнение операции "Копирование файла" над целевым объектом "Элемент: D:\SKAD\form440SKAD\temp\work\ROO17102803_226120191226_539120.xml Назначение: D:\SKAD\form440SKAD\temp\BANK\ROO17102
803_226120191226_539120.xml".
Выполнение операции "Копирование файла" над целевым объектом "Элемент: D:\SKAD\form440SKAD\temp\work\ROO17102803_860220191226_516668.xml Назначение: D:\SKAD\form440SKAD\temp\BANK\ROO17102
803_860220191226_516668.xml".
Выполнение операции "Копирование файла" над целевым объектом "Элемент: D:\SKAD\form440SKAD\temp\work\ROO17102803_860220191226_516688.xml Назначение: D:\SKAD\form440SKAD\temp\BANK\ROO17102
803_860220191226_516688.xml".
Выполнение операции "Копирование файла" над целевым объектом "Элемент: D:\SKAD\form440SKAD\temp\work\ROO17102803_860220191226_516811.xml Назначение: D:\SKAD\form440SKAD\temp\BANK\ROO17102
803_860220191226_516811.xml".

[2019-12-26 23:17:05Z] - INFO - Выполнение операции "Удаление файла" над целевым объектом "D:\SKAD\form440SKAD\temp\work\ROO17102803_226120191226_536535.xml".
Выполнение операции "Удаление файла" над целевым объектом "D:\SKAD\form440SKAD\temp\work\ROO17102803_226120191226_537048.xml".
Выполнение операции "Удаление файла" над целевым объектом "D:\SKAD\form440SKAD\temp\work\ROO17102803_226120191226_539120.xml".
Выполнение операции "Удаление файла" над целевым объектом "D:\SKAD\form440SKAD\temp\work\ROO17102803_860220191226_516668.xml".
Выполнение операции "Удаление файла" над целевым объектом "D:\SKAD\form440SKAD\temp\work\ROO17102803_860220191226_516688.xml".
Выполнение операции "Удаление файла" над целевым объектом "D:\SKAD\form440SKAD\temp\work\ROO17102803_860220191226_516811.xml".

[2019-12-26 23:17:05Z] - INFO - Выполнение операции "Удаление файла" над целевым объектом "D:\SKAD\form440SKAD\temp\OUT\AFN_MIFNS00_7102803_20191226_00002.arj".

[2019-12-26 23:17:05Z] - INFO - Загружаем исходную ключевую дискету
[2019-12-26 23:17:05Z] - INFO - Конец работы скрипта!
