[2019-10-27 16:15:26Z] - INFO - Режим отладки
[2019-10-27 16:15:26Z] - INFO - Выполнение операции "Перемещение файла" над целевым объектом "Элемент: D:\SKAD\form440SKAD\temp\BANK\BVD1_ZSV17102803_720320191025_103582_20191025_0002_000001_000002.xml Назначение: D:\SKAD\form440SKAD\temp\work\BVD1_ZSV171028
03_720320191025_103582_20191025_0002_000001_000002.xml".
Выполнение операции "Перемещение файла" над целевым объектом "Элемент: D:\SKAD\form440SKAD\temp\BANK\BVD1_ZSV17102803_720320191025_103582_20191025_0002_000001_000005.xml Назначение: D:\SKAD\form440SKAD\temp\work\BVD1_ZSV171028
03_720320191025_103582_20191025_0002_000001_000005.xml".
Выполнение операции "Перемещение файла" над целевым объектом "Элемент: D:\SKAD\form440SKAD\temp\BANK\PB1_ZSV17102803_720320191025_104942.xml Назначение: D:\SKAD\form440SKAD\temp\work\PB1_ZSV17102803_720320191025_104942.xml".

[2019-10-27 16:15:26Z] - INFO - Сохраняем текущею ключевую дискету
[2019-10-27 16:15:26Z] - INFO - Выполнение операции "Копирование файла" над целевым объектом "Элемент: D:\SKAD\form440SKAD\temp\work\BVD1_ZSV17102803_720320191025_103582_20191025_0002_000001_000002.xml Назначение: D:\SKAD\form440SKAD\temp\440p\Arhive\2710201
9\BVD1_ZSV17102803_720320191025_103582_20191025_0002_000001_000002.xml".
Выполнение операции "Копирование файла" над целевым объектом "Элемент: D:\SKAD\form440SKAD\temp\work\BVD1_ZSV17102803_720320191025_103582_20191025_0002_000001_000005.xml Назначение: D:\SKAD\form440SKAD\temp\440p\Arhive\2710201
9\BVD1_ZSV17102803_720320191025_103582_20191025_0002_000001_000005.xml".
Выполнение операции "Копирование файла" над целевым объектом "Элемент: D:\SKAD\form440SKAD\temp\work\PB1_ZSV17102803_720320191025_104942.xml Назначение: D:\SKAD\form440SKAD\temp\440p\Arhive\27102019\PB1_ZSV17102803_72032019102
5_104942.xml".

[2019-10-27 16:15:26Z] - INFO - Копирование файлов в архив D:\SKAD\form440SKAD\temp\440p\Arhive\27102019
[2019-10-27 16:15:26Z] - INFO - Переименовываем файлы *.xml -> *.vrb
[2019-10-27 16:15:26Z] - INFO - Загружаем ключевую дискету d:\SKAD\Floppy\DISKET2019-skad-test\test1
[2019-10-27 16:15:26Z] - INFO - Зашифровываем и подписываем vrb-файлы
[2019-10-27 16:15:27Z] - INFO - Начинаем преобразование...
[2019-10-27 16:15:27Z] - INFO - Обрабатываем файл BVD1_ZSV17102803_720320191025_103582_20191025_0002_000001_000002.vrb
[2019-10-27 16:15:31Z] - INFO - Обрабатываем файл BVD1_ZSV17102803_720320191025_103582_20191025_0002_000001_000005.vrb
[2019-10-27 16:15:32Z] - INFO - Выполнение операции "Удаление файла" над целевым объектом "D:\SKAD\form440SKAD\temp\work\BVD1_ZSV17102803_720320191025_103582_20191025_0002_000001_000002.vrb".
Выполнение операции "Удаление файла" над целевым объектом "D:\SKAD\form440SKAD\temp\work\BVD1_ZSV17102803_720320191025_103582_20191025_0002_000001_000005.vrb".

[2019-10-27 16:15:32Z] - INFO - Выполнение операции "Переименование файла" над целевым объектом "Элемент: D:\SKAD\form440SKAD\temp\work\BVD1_ZSV17102803_720320191025_103582_20191025_0002_000001_000002.vrb.test Назначение: D:\SKAD\form440SKAD\temp\work\BVD1_Z
SV17102803_720320191025_103582_20191025_0002_000001_000002.vrb".
Выполнение операции "Переименование файла" над целевым объектом "Элемент: D:\SKAD\form440SKAD\temp\work\BVD1_ZSV17102803_720320191025_103582_20191025_0002_000001_000005.vrb.test Назначение: D:\SKAD\form440SKAD\temp\work\BVD1_Z
SV17102803_720320191025_103582_20191025_0002_000001_000005.vrb".

[2019-10-27 16:15:32Z] - INFO - Сравниваем до и после преобразования...
[2019-10-27 16:15:32Z] - INFO - Подписываем оставшиеся файлы файлы
[2019-10-27 16:15:32Z] - INFO - Начинаем преобразование...
[2019-10-27 16:15:32Z] - INFO - Обрабатываем файл PB1_ZSV17102803_720320191025_104942.xml
[2019-10-27 16:15:33Z] - INFO - Выполнение операции "Удаление файла" над целевым объектом "D:\SKAD\form440SKAD\temp\work\PB1_ZSV17102803_720320191025_104942.xml".

[2019-10-27 16:15:33Z] - INFO - Выполнение операции "Переименование файла" над целевым объектом "Элемент: D:\SKAD\form440SKAD\temp\work\PB1_ZSV17102803_720320191025_104942.xml.test Назначение: D:\SKAD\form440SKAD\temp\work\PB1_ZSV17102803_720320191025_104942
.xml".

[2019-10-27 16:15:33Z] - INFO - Сравниваем до и после преобразования...
[2019-10-27 16:23:39Z] - INFO - Режим отладки
[2019-10-27 16:23:39Z] - INFO - Выполнение операции "Перемещение файла" над целевым объектом "Элемент: D:\SKAD\form440SKAD\temp\BANK\BVD1_ZSV17102803_720320191025_103582_20191025_0002_000001_000002.xml Назначение: D:\SKAD\form440SKAD\temp\work\BVD1_ZSV171028
03_720320191025_103582_20191025_0002_000001_000002.xml".
Выполнение операции "Перемещение файла" над целевым объектом "Элемент: D:\SKAD\form440SKAD\temp\BANK\BVD1_ZSV17102803_720320191025_103582_20191025_0002_000001_000005.xml Назначение: D:\SKAD\form440SKAD\temp\work\BVD1_ZSV171028
03_720320191025_103582_20191025_0002_000001_000005.xml".
Выполнение операции "Перемещение файла" над целевым объектом "Элемент: D:\SKAD\form440SKAD\temp\BANK\PB1_ZSV17102803_720320191025_104942.xml Назначение: D:\SKAD\form440SKAD\temp\work\PB1_ZSV17102803_720320191025_104942.xml".

[2019-10-27 16:23:39Z] - INFO - Сохраняем текущею ключевую дискету
[2019-10-27 16:23:39Z] - INFO - Выполнение операции "Копирование файла" над целевым объектом "Элемент: D:\SKAD\form440SKAD\temp\work\BVD1_ZSV17102803_720320191025_103582_20191025_0002_000001_000002.xml Назначение: D:\SKAD\form440SKAD\temp\440p\Arhive\2710201
9\BVD1_ZSV17102803_720320191025_103582_20191025_0002_000001_000002.xml".
Выполнение операции "Копирование файла" над целевым объектом "Элемент: D:\SKAD\form440SKAD\temp\work\BVD1_ZSV17102803_720320191025_103582_20191025_0002_000001_000005.xml Назначение: D:\SKAD\form440SKAD\temp\440p\Arhive\2710201
9\BVD1_ZSV17102803_720320191025_103582_20191025_0002_000001_000005.xml".
Выполнение операции "Копирование файла" над целевым объектом "Элемент: D:\SKAD\form440SKAD\temp\work\PB1_ZSV17102803_720320191025_104942.xml Назначение: D:\SKAD\form440SKAD\temp\440p\Arhive\27102019\PB1_ZSV17102803_72032019102
5_104942.xml".

[2019-10-27 16:23:39Z] - INFO - Копирование файлов в архив D:\SKAD\form440SKAD\temp\440p\Arhive\27102019
[2019-10-27 16:23:39Z] - INFO - Переименовываем файлы *.xml -> *.vrb
[2019-10-27 16:23:39Z] - INFO - Загружаем ключевую дискету d:\SKAD\Floppy\DISKET2019-skad-test\test1
[2019-10-27 16:23:39Z] - INFO - Зашифровываем и подписываем vrb-файлы
[2019-10-27 16:23:39Z] - INFO - Начинаем преобразование...
[2019-10-27 16:23:39Z] - INFO - Обрабатываем файл BVD1_ZSV17102803_720320191025_103582_20191025_0002_000001_000002.vrb
[2019-10-27 16:23:40Z] - INFO - Обрабатываем файл BVD1_ZSV17102803_720320191025_103582_20191025_0002_000001_000005.vrb
[2019-10-27 16:23:49Z] - INFO - Выполнение операции "Удаление файла" над целевым объектом "D:\SKAD\form440SKAD\temp\work\BVD1_ZSV17102803_720320191025_103582_20191025_0002_000001_000002.vrb".
Выполнение операции "Удаление файла" над целевым объектом "D:\SKAD\form440SKAD\temp\work\BVD1_ZSV17102803_720320191025_103582_20191025_0002_000001_000005.vrb".

[2019-10-27 16:23:49Z] - INFO - Выполнение операции "Переименование файла" над целевым объектом "Элемент: D:\SKAD\form440SKAD\temp\work\BVD1_ZSV17102803_720320191025_103582_20191025_0002_000001_000002.vrb.test Назначение: D:\SKAD\form440SKAD\temp\work\BVD1_Z
SV17102803_720320191025_103582_20191025_0002_000001_000002.vrb".
Выполнение операции "Переименование файла" над целевым объектом "Элемент: D:\SKAD\form440SKAD\temp\work\BVD1_ZSV17102803_720320191025_103582_20191025_0002_000001_000005.vrb.test Назначение: D:\SKAD\form440SKAD\temp\work\BVD1_Z
SV17102803_720320191025_103582_20191025_0002_000001_000005.vrb".

[2019-10-27 16:23:49Z] - INFO - Сравниваем до и после преобразования...
[2019-10-27 16:23:49Z] - INFO - Подписываем оставшиеся файлы файлы
[2019-10-27 16:23:49Z] - INFO - Начинаем преобразование...
[2019-10-27 16:23:49Z] - INFO - Обрабатываем файл PB1_ZSV17102803_720320191025_104942.xml
[2019-10-27 16:23:50Z] - INFO - Выполнение операции "Удаление файла" над целевым объектом "D:\SKAD\form440SKAD\temp\work\PB1_ZSV17102803_720320191025_104942.xml".

[2019-10-27 16:23:50Z] - INFO - Выполнение операции "Переименование файла" над целевым объектом "Элемент: D:\SKAD\form440SKAD\temp\work\PB1_ZSV17102803_720320191025_104942.xml.test Назначение: D:\SKAD\form440SKAD\temp\work\PB1_ZSV17102803_720320191025_104942
.xml".

[2019-10-27 16:23:50Z] - INFO - Сравниваем до и после преобразования...
[2019-10-27 16:23:50Z] - INFO - Начинаем архивацию...
[2019-10-27 16:23:51Z] - INFO - Подписываем файл архива D:\SKAD\form440SKAD\temp\work\AFN_7102803_MIFNS00_20191027_00001.arj
[2019-10-27 16:23:51Z] - INFO - Начинаем преобразование...
[2019-10-27 16:23:51Z] - INFO - Обрабатываем файл AFN_7102803_MIFNS00_20191027_00001.arj
[2019-10-27 16:23:52Z] - INFO - Выполнение операции "Удаление файла" над целевым объектом "D:\SKAD\form440SKAD\temp\work\AFN_7102803_MIFNS00_20191027_00001.arj".

[2019-10-27 16:23:52Z] - INFO - Выполнение операции "Переименование файла" над целевым объектом "Элемент: D:\SKAD\form440SKAD\temp\work\AFN_7102803_MIFNS00_20191027_00001.arj.test Назначение: D:\SKAD\form440SKAD\temp\work\AFN_7102803_MIFNS00_20191027_00001.a
rj".

[2019-10-27 16:23:52Z] - INFO - Сравниваем до и после преобразования...
[2019-10-27 16:33:33Z] - INFO - Режим отладки
[2019-10-27 16:33:33Z] - INFO - Выполнение операции "Перемещение файла" над целевым объектом "Элемент: D:\SKAD\form440SKAD\temp\BANK\BVD1_ZSV17102803_720320191025_103582_20191025_0002_000001_000002.xml Назначение: D:\SKAD\form440SKAD\temp\work\BVD1_ZSV171028
03_720320191025_103582_20191025_0002_000001_000002.xml".
Выполнение операции "Перемещение файла" над целевым объектом "Элемент: D:\SKAD\form440SKAD\temp\BANK\BVD1_ZSV17102803_720320191025_103582_20191025_0002_000001_000005.xml Назначение: D:\SKAD\form440SKAD\temp\work\BVD1_ZSV171028
03_720320191025_103582_20191025_0002_000001_000005.xml".
Выполнение операции "Перемещение файла" над целевым объектом "Элемент: D:\SKAD\form440SKAD\temp\BANK\PB1_ZSV17102803_720320191025_104942.xml Назначение: D:\SKAD\form440SKAD\temp\work\PB1_ZSV17102803_720320191025_104942.xml".

[2019-10-27 16:33:33Z] - INFO - Сохраняем текущею ключевую дискету
[2019-10-27 16:33:33Z] - INFO - Выполнение операции "Копирование файла" над целевым объектом "Элемент: D:\SKAD\form440SKAD\temp\work\BVD1_ZSV17102803_720320191025_103582_20191025_0002_000001_000002.xml Назначение: D:\SKAD\form440SKAD\temp\440p\Arhive\2710201
9\BVD1_ZSV17102803_720320191025_103582_20191025_0002_000001_000002.xml".
Выполнение операции "Копирование файла" над целевым объектом "Элемент: D:\SKAD\form440SKAD\temp\work\BVD1_ZSV17102803_720320191025_103582_20191025_0002_000001_000005.xml Назначение: D:\SKAD\form440SKAD\temp\440p\Arhive\2710201
9\BVD1_ZSV17102803_720320191025_103582_20191025_0002_000001_000005.xml".
Выполнение операции "Копирование файла" над целевым объектом "Элемент: D:\SKAD\form440SKAD\temp\work\PB1_ZSV17102803_720320191025_104942.xml Назначение: D:\SKAD\form440SKAD\temp\440p\Arhive\27102019\PB1_ZSV17102803_72032019102
5_104942.xml".

[2019-10-27 16:33:33Z] - INFO - Копирование файлов в архив D:\SKAD\form440SKAD\temp\440p\Arhive\27102019
[2019-10-27 16:33:33Z] - INFO - Переименовываем файлы *.xml -> *.vrb
[2019-10-27 16:33:33Z] - INFO - Загружаем ключевую дискету d:\SKAD\Floppy\DISKET2019-skad-test\test1
[2019-10-27 16:33:33Z] - INFO - Зашифровываем и подписываем vrb-файлы
[2019-10-27 16:33:33Z] - INFO - Начинаем преобразование...
[2019-10-27 16:33:33Z] - INFO - Обрабатываем файл BVD1_ZSV17102803_720320191025_103582_20191025_0002_000001_000002.vrb
[2019-10-27 16:33:34Z] - INFO - Обрабатываем файл BVD1_ZSV17102803_720320191025_103582_20191025_0002_000001_000005.vrb
[2019-10-27 16:33:35Z] - INFO - Выполнение операции "Удаление файла" над целевым объектом "D:\SKAD\form440SKAD\temp\work\BVD1_ZSV17102803_720320191025_103582_20191025_0002_000001_000002.vrb".
Выполнение операции "Удаление файла" над целевым объектом "D:\SKAD\form440SKAD\temp\work\BVD1_ZSV17102803_720320191025_103582_20191025_0002_000001_000005.vrb".

[2019-10-27 16:33:35Z] - INFO - Выполнение операции "Переименование файла" над целевым объектом "Элемент: D:\SKAD\form440SKAD\temp\work\BVD1_ZSV17102803_720320191025_103582_20191025_0002_000001_000002.vrb.test Назначение: D:\SKAD\form440SKAD\temp\work\BVD1_Z
SV17102803_720320191025_103582_20191025_0002_000001_000002.vrb".
Выполнение операции "Переименование файла" над целевым объектом "Элемент: D:\SKAD\form440SKAD\temp\work\BVD1_ZSV17102803_720320191025_103582_20191025_0002_000001_000005.vrb.test Назначение: D:\SKAD\form440SKAD\temp\work\BVD1_Z
SV17102803_720320191025_103582_20191025_0002_000001_000005.vrb".

[2019-10-27 16:33:35Z] - INFO - Сравниваем до и после преобразования...
[2019-10-27 16:33:35Z] - INFO - Подписываем оставшиеся файлы файлы
[2019-10-27 16:33:36Z] - INFO - Начинаем преобразование...
[2019-10-27 16:33:36Z] - INFO - Обрабатываем файл PB1_ZSV17102803_720320191025_104942.xml
[2019-10-27 16:33:37Z] - INFO - Выполнение операции "Удаление файла" над целевым объектом "D:\SKAD\form440SKAD\temp\work\PB1_ZSV17102803_720320191025_104942.xml".

[2019-10-27 16:33:37Z] - INFO - Выполнение операции "Переименование файла" над целевым объектом "Элемент: D:\SKAD\form440SKAD\temp\work\PB1_ZSV17102803_720320191025_104942.xml.test Назначение: D:\SKAD\form440SKAD\temp\work\PB1_ZSV17102803_720320191025_104942
.xml".

[2019-10-27 16:33:37Z] - INFO - Сравниваем до и после преобразования...
[2019-10-27 16:33:37Z] - INFO - Начинаем архивацию...
[2019-10-27 16:33:37Z] - INFO - Выполнение операции "Удаление файла" над целевым объектом "D:\SKAD\form440SKAD\temp\work\BVD1_ZSV17102803_720320191025_103582_20191025_0002_000001_000002.vrb".
Выполнение операции "Удаление файла" над целевым объектом "D:\SKAD\form440SKAD\temp\work\BVD1_ZSV17102803_720320191025_103582_20191025_0002_000001_000005.vrb".
Выполнение операции "Удаление файла" над целевым объектом "D:\SKAD\form440SKAD\temp\work\PB1_ZSV17102803_720320191025_104942.xml".

[2019-10-27 16:33:37Z] - INFO - Подписываем файл архива D:\SKAD\form440SKAD\temp\work\AFN_7102803_MIFNS00_20191027_00001.arj
[2019-10-27 16:33:37Z] - INFO - Начинаем преобразование...
[2019-10-27 16:33:37Z] - INFO - Обрабатываем файл AFN_7102803_MIFNS00_20191027_00001.arj
[2019-10-27 16:33:38Z] - INFO - Выполнение операции "Удаление файла" над целевым объектом "D:\SKAD\form440SKAD\temp\work\AFN_7102803_MIFNS00_20191027_00001.arj".

[2019-10-27 16:33:38Z] - INFO - Выполнение операции "Переименование файла" над целевым объектом "Элемент: D:\SKAD\form440SKAD\temp\work\AFN_7102803_MIFNS00_20191027_00001.arj.test Назначение: D:\SKAD\form440SKAD\temp\work\AFN_7102803_MIFNS00_20191027_00001.a
rj".

[2019-10-27 16:33:38Z] - INFO - Сравниваем до и после преобразования...
[2019-10-27 16:33:38Z] - INFO - Копируем файл архива AFN_7102803_MIFNS00_20191027_00001.arj в D:\SKAD\form440SKAD\temp\440p\Arhive\27102019
[2019-10-27 16:33:38Z] - INFO - Копируем файл архива AFN_7102803_MIFNS00_20191027_00001.arj в D:\SKAD\form440SKAD\temp\Post
[2019-10-27 16:33:38Z] - INFO - Выполнение операции "Удаление файла" над целевым объектом "D:\SKAD\form440SKAD\temp\work\AFN_7102803_MIFNS00_20191027_00001.arj".

[2019-10-27 16:34:38Z] - INFO - Режим отладки
[2019-10-27 16:34:38Z] - INFO - Выполнение операции "Перемещение файла" над целевым объектом "Элемент: D:\SKAD\form440SKAD\temp\BANK\BVD1_ZSV17102803_720320191025_103582_20191025_0002_000001_000002.xml Назначение: D:\SKAD\form440SKAD\temp\work\BVD1_ZSV171028
03_720320191025_103582_20191025_0002_000001_000002.xml".
Выполнение операции "Перемещение файла" над целевым объектом "Элемент: D:\SKAD\form440SKAD\temp\BANK\BVD1_ZSV17102803_720320191025_103582_20191025_0002_000001_000005.xml Назначение: D:\SKAD\form440SKAD\temp\work\BVD1_ZSV171028
03_720320191025_103582_20191025_0002_000001_000005.xml".
Выполнение операции "Перемещение файла" над целевым объектом "Элемент: D:\SKAD\form440SKAD\temp\BANK\PB1_ZSV17102803_720320191025_104942.xml Назначение: D:\SKAD\form440SKAD\temp\work\PB1_ZSV17102803_720320191025_104942.xml".

[2019-10-27 16:34:38Z] - INFO - Сохраняем текущею ключевую дискету
[2019-10-27 16:34:38Z] - INFO - Выполнение операции "Копирование файла" над целевым объектом "Элемент: D:\SKAD\form440SKAD\temp\work\BVD1_ZSV17102803_720320191025_103582_20191025_0002_000001_000002.xml Назначение: D:\SKAD\form440SKAD\temp\440p\Arhive\2710201
9\BVD1_ZSV17102803_720320191025_103582_20191025_0002_000001_000002.xml".
Выполнение операции "Копирование файла" над целевым объектом "Элемент: D:\SKAD\form440SKAD\temp\work\BVD1_ZSV17102803_720320191025_103582_20191025_0002_000001_000005.xml Назначение: D:\SKAD\form440SKAD\temp\440p\Arhive\2710201
9\BVD1_ZSV17102803_720320191025_103582_20191025_0002_000001_000005.xml".
Выполнение операции "Копирование файла" над целевым объектом "Элемент: D:\SKAD\form440SKAD\temp\work\PB1_ZSV17102803_720320191025_104942.xml Назначение: D:\SKAD\form440SKAD\temp\440p\Arhive\27102019\PB1_ZSV17102803_72032019102
5_104942.xml".

[2019-10-27 16:34:38Z] - INFO - Копирование файлов в архив D:\SKAD\form440SKAD\temp\440p\Arhive\27102019
[2019-10-27 16:34:38Z] - INFO - Переименовываем файлы *.xml -> *.vrb
[2019-10-27 16:34:38Z] - INFO - Загружаем ключевую дискету d:\SKAD\Floppy\DISKET2019-skad-test\test1
[2019-10-27 16:34:39Z] - INFO - Зашифровываем и подписываем vrb-файлы
[2019-10-27 16:34:39Z] - INFO - Начинаем преобразование...
[2019-10-27 16:34:39Z] - INFO - Обрабатываем файл BVD1_ZSV17102803_720320191025_103582_20191025_0002_000001_000002.vrb
[2019-10-27 16:34:40Z] - INFO - Обрабатываем файл BVD1_ZSV17102803_720320191025_103582_20191025_0002_000001_000005.vrb
[2019-10-27 16:34:41Z] - INFO - Выполнение операции "Удаление файла" над целевым объектом "D:\SKAD\form440SKAD\temp\work\BVD1_ZSV17102803_720320191025_103582_20191025_0002_000001_000002.vrb".
Выполнение операции "Удаление файла" над целевым объектом "D:\SKAD\form440SKAD\temp\work\BVD1_ZSV17102803_720320191025_103582_20191025_0002_000001_000005.vrb".

[2019-10-27 16:34:41Z] - INFO - Выполнение операции "Переименование файла" над целевым объектом "Элемент: D:\SKAD\form440SKAD\temp\work\BVD1_ZSV17102803_720320191025_103582_20191025_0002_000001_000002.vrb.test Назначение: D:\SKAD\form440SKAD\temp\work\BVD1_Z
SV17102803_720320191025_103582_20191025_0002_000001_000002.vrb".
Выполнение операции "Переименование файла" над целевым объектом "Элемент: D:\SKAD\form440SKAD\temp\work\BVD1_ZSV17102803_720320191025_103582_20191025_0002_000001_000005.vrb.test Назначение: D:\SKAD\form440SKAD\temp\work\BVD1_Z
SV17102803_720320191025_103582_20191025_0002_000001_000005.vrb".

[2019-10-27 16:34:41Z] - INFO - Сравниваем до и после преобразования...
[2019-10-27 16:34:41Z] - INFO - Подписываем оставшиеся файлы файлы
[2019-10-27 16:34:41Z] - INFO - Начинаем преобразование...
[2019-10-27 16:34:41Z] - INFO - Обрабатываем файл PB1_ZSV17102803_720320191025_104942.xml
[2019-10-27 16:34:42Z] - INFO - Выполнение операции "Удаление файла" над целевым объектом "D:\SKAD\form440SKAD\temp\work\PB1_ZSV17102803_720320191025_104942.xml".

[2019-10-27 16:34:42Z] - INFO - Выполнение операции "Переименование файла" над целевым объектом "Элемент: D:\SKAD\form440SKAD\temp\work\PB1_ZSV17102803_720320191025_104942.xml.test Назначение: D:\SKAD\form440SKAD\temp\work\PB1_ZSV17102803_720320191025_104942
.xml".

[2019-10-27 16:34:42Z] - INFO - Сравниваем до и после преобразования...
[2019-10-27 16:34:42Z] - INFO - Начинаем архивацию...
[2019-10-27 16:34:43Z] - INFO - Выполнение операции "Удаление файла" над целевым объектом "D:\SKAD\form440SKAD\temp\work\BVD1_ZSV17102803_720320191025_103582_20191025_0002_000001_000002.vrb".
Выполнение операции "Удаление файла" над целевым объектом "D:\SKAD\form440SKAD\temp\work\BVD1_ZSV17102803_720320191025_103582_20191025_0002_000001_000005.vrb".
Выполнение операции "Удаление файла" над целевым объектом "D:\SKAD\form440SKAD\temp\work\PB1_ZSV17102803_720320191025_104942.xml".

[2019-10-27 16:34:43Z] - INFO - Подписываем файл архива D:\SKAD\form440SKAD\temp\work\AFN_7102803_MIFNS00_20191027_00001.arj
[2019-10-27 16:34:43Z] - INFO - Начинаем преобразование...
[2019-10-27 16:34:43Z] - INFO - Обрабатываем файл AFN_7102803_MIFNS00_20191027_00001.arj
[2019-10-27 16:34:44Z] - INFO - Выполнение операции "Удаление файла" над целевым объектом "D:\SKAD\form440SKAD\temp\work\AFN_7102803_MIFNS00_20191027_00001.arj".

[2019-10-27 16:34:44Z] - INFO - Выполнение операции "Переименование файла" над целевым объектом "Элемент: D:\SKAD\form440SKAD\temp\work\AFN_7102803_MIFNS00_20191027_00001.arj.test Назначение: D:\SKAD\form440SKAD\temp\work\AFN_7102803_MIFNS00_20191027_00001.a
rj".

[2019-10-27 16:34:44Z] - INFO - Сравниваем до и после преобразования...
[2019-10-27 16:34:44Z] - INFO - Копируем файл архива AFN_7102803_MIFNS00_20191027_00001.arj в D:\SKAD\form440SKAD\temp\440p\Arhive\27102019
[2019-10-27 16:34:44Z] - INFO - Копируем файл архива AFN_7102803_MIFNS00_20191027_00001.arj в D:\SKAD\form440SKAD\temp\Post
[2019-10-27 16:34:44Z] - INFO - Выполнение операции "Удаление файла" над целевым объектом "D:\SKAD\form440SKAD\temp\work\AFN_7102803_MIFNS00_20191027_00001.arj".

[2019-10-27 16:35:05Z] - INFO - Отправленно всего 3 сообщений
Из них:
Сведения: 2
Потверждения: 1

[2019-10-27 16:35:05Z] - INFO - Загружаем исходную ключевую дискету
[2019-10-27 16:35:05Z] - INFO - Конец работы скрипта!
[2019-10-27 16:41:17Z] - INFO - Режим отладки
[2019-10-27 16:41:17Z] - INFO - Выполнение операции "Перемещение файла" над целевым объектом "Элемент: D:\SKAD\form440SKAD\temp\BANK\BVD1_ZSV17102803_720320191025_103582_20191025_0002_000001_000002.xml Назначение: D:\SKAD\form440SKAD\temp\work\BVD1_ZSV171028
03_720320191025_103582_20191025_0002_000001_000002.xml".
Выполнение операции "Перемещение файла" над целевым объектом "Элемент: D:\SKAD\form440SKAD\temp\BANK\BVD1_ZSV17102803_720320191025_103582_20191025_0002_000001_000005.xml Назначение: D:\SKAD\form440SKAD\temp\work\BVD1_ZSV171028
03_720320191025_103582_20191025_0002_000001_000005.xml".
Выполнение операции "Перемещение файла" над целевым объектом "Элемент: D:\SKAD\form440SKAD\temp\BANK\PB1_ZSV17102803_720320191025_104942.xml Назначение: D:\SKAD\form440SKAD\temp\work\PB1_ZSV17102803_720320191025_104942.xml".

[2019-10-27 16:41:17Z] - INFO - Сохраняем текущею ключевую дискету
[2019-10-27 16:41:17Z] - INFO - Выполнение операции "Копирование файла" над целевым объектом "Элемент: D:\SKAD\form440SKAD\temp\work\BVD1_ZSV17102803_720320191025_103582_20191025_0002_000001_000002.xml Назначение: D:\SKAD\form440SKAD\temp\440p\Arhive\2710201
9\BVD1_ZSV17102803_720320191025_103582_20191025_0002_000001_000002.xml".
Выполнение операции "Копирование файла" над целевым объектом "Элемент: D:\SKAD\form440SKAD\temp\work\BVD1_ZSV17102803_720320191025_103582_20191025_0002_000001_000005.xml Назначение: D:\SKAD\form440SKAD\temp\440p\Arhive\2710201
9\BVD1_ZSV17102803_720320191025_103582_20191025_0002_000001_000005.xml".
Выполнение операции "Копирование файла" над целевым объектом "Элемент: D:\SKAD\form440SKAD\temp\work\PB1_ZSV17102803_720320191025_104942.xml Назначение: D:\SKAD\form440SKAD\temp\440p\Arhive\27102019\PB1_ZSV17102803_72032019102
5_104942.xml".

[2019-10-27 16:41:17Z] - INFO - Копирование файлов в архив D:\SKAD\form440SKAD\temp\440p\Arhive\27102019
[2019-10-27 16:41:17Z] - INFO - Переименовываем файлы *.xml -> *.vrb
[2019-10-27 16:41:17Z] - INFO - Загружаем ключевую дискету d:\SKAD\Floppy\DISKET2019-skad-test\test1
[2019-10-27 16:41:17Z] - INFO - Зашифровываем и подписываем vrb-файлы
[2019-10-27 16:41:17Z] - INFO - Начинаем преобразование...
[2019-10-27 16:41:17Z] - INFO - Обрабатываем файл BVD1_ZSV17102803_720320191025_103582_20191025_0002_000001_000002.vrb
[2019-10-27 16:41:18Z] - INFO - Обрабатываем файл BVD1_ZSV17102803_720320191025_103582_20191025_0002_000001_000005.vrb
[2019-10-27 16:41:19Z] - INFO - Выполнение операции "Удаление файла" над целевым объектом "D:\SKAD\form440SKAD\temp\work\BVD1_ZSV17102803_720320191025_103582_20191025_0002_000001_000002.vrb".
Выполнение операции "Удаление файла" над целевым объектом "D:\SKAD\form440SKAD\temp\work\BVD1_ZSV17102803_720320191025_103582_20191025_0002_000001_000005.vrb".

[2019-10-27 16:41:20Z] - INFO - Выполнение операции "Переименование файла" над целевым объектом "Элемент: D:\SKAD\form440SKAD\temp\work\BVD1_ZSV17102803_720320191025_103582_20191025_0002_000001_000002.vrb.test Назначение: D:\SKAD\form440SKAD\temp\work\BVD1_Z
SV17102803_720320191025_103582_20191025_0002_000001_000002.vrb".
Выполнение операции "Переименование файла" над целевым объектом "Элемент: D:\SKAD\form440SKAD\temp\work\BVD1_ZSV17102803_720320191025_103582_20191025_0002_000001_000005.vrb.test Назначение: D:\SKAD\form440SKAD\temp\work\BVD1_Z
SV17102803_720320191025_103582_20191025_0002_000001_000005.vrb".

[2019-10-27 16:41:20Z] - INFO - Сравниваем до и после преобразования...
[2019-10-27 16:41:20Z] - INFO - Подписываем оставшиеся файлы файлы
[2019-10-27 16:41:20Z] - INFO - Начинаем преобразование...
[2019-10-27 16:41:20Z] - INFO - Обрабатываем файл PB1_ZSV17102803_720320191025_104942.xml
[2019-10-27 16:41:21Z] - INFO - Выполнение операции "Удаление файла" над целевым объектом "D:\SKAD\form440SKAD\temp\work\PB1_ZSV17102803_720320191025_104942.xml".

[2019-10-27 16:41:21Z] - INFO - Выполнение операции "Переименование файла" над целевым объектом "Элемент: D:\SKAD\form440SKAD\temp\work\PB1_ZSV17102803_720320191025_104942.xml.test Назначение: D:\SKAD\form440SKAD\temp\work\PB1_ZSV17102803_720320191025_104942
.xml".

[2019-10-27 16:41:21Z] - INFO - Сравниваем до и после преобразования...
[2019-10-27 16:41:21Z] - INFO - Начинаем архивацию...
[2019-10-27 16:41:21Z] - INFO - Выполнение операции "Удаление файла" над целевым объектом "D:\SKAD\form440SKAD\temp\work\BVD1_ZSV17102803_720320191025_103582_20191025_0002_000001_000002.vrb".
Выполнение операции "Удаление файла" над целевым объектом "D:\SKAD\form440SKAD\temp\work\BVD1_ZSV17102803_720320191025_103582_20191025_0002_000001_000005.vrb".
Выполнение операции "Удаление файла" над целевым объектом "D:\SKAD\form440SKAD\temp\work\PB1_ZSV17102803_720320191025_104942.xml".

[2019-10-27 16:41:21Z] - INFO - Подписываем файл архива D:\SKAD\form440SKAD\temp\work\AFN_7102803_MIFNS00_20191027_00002.arj
[2019-10-27 16:41:21Z] - INFO - Начинаем преобразование...
[2019-10-27 16:41:21Z] - INFO - Обрабатываем файл AFN_7102803_MIFNS00_20191027_00002.arj
[2019-10-27 16:41:22Z] - INFO - Выполнение операции "Удаление файла" над целевым объектом "D:\SKAD\form440SKAD\temp\work\AFN_7102803_MIFNS00_20191027_00002.arj".

[2019-10-27 16:41:23Z] - INFO - Выполнение операции "Переименование файла" над целевым объектом "Элемент: D:\SKAD\form440SKAD\temp\work\AFN_7102803_MIFNS00_20191027_00002.arj.test Назначение: D:\SKAD\form440SKAD\temp\work\AFN_7102803_MIFNS00_20191027_00002.a
rj".

[2019-10-27 16:41:23Z] - INFO - Сравниваем до и после преобразования...
[2019-10-27 16:41:23Z] - INFO - Копируем файл архива AFN_7102803_MIFNS00_20191027_00002.arj в D:\SKAD\form440SKAD\temp\440p\Arhive\27102019
[2019-10-27 16:41:23Z] - INFO - Копируем файл архива AFN_7102803_MIFNS00_20191027_00002.arj в D:\SKAD\form440SKAD\temp\Post
[2019-10-27 16:41:23Z] - INFO - Выполнение операции "Удаление файла" над целевым объектом "D:\SKAD\form440SKAD\temp\work\AFN_7102803_MIFNS00_20191027_00002.arj".

[2019-10-27 16:41:31Z] - INFO - Отправленно всего 3 сообщений
Из них:
Сведения: 2
Потверждения: 1

[2019-10-27 16:41:31Z] - INFO - Загружаем исходную ключевую дискету
[2019-10-27 16:41:31Z] - INFO - Конец работы скрипта!
[2019-10-27 16:43:29Z] - INFO - Режим отладки
[2019-10-27 16:43:29Z] - INFO - Выполнение операции "Перемещение файла" над целевым объектом "Элемент: D:\SKAD\form440SKAD\temp\BANK\BVD1_ZSV17102803_720320191025_103582_20191025_0002_000001_000002.xml Назначение: D:\SKAD\form440SKAD\temp\work\BVD1_ZSV171028
03_720320191025_103582_20191025_0002_000001_000002.xml".
Выполнение операции "Перемещение файла" над целевым объектом "Элемент: D:\SKAD\form440SKAD\temp\BANK\BVD1_ZSV17102803_720320191025_103582_20191025_0002_000001_000005.xml Назначение: D:\SKAD\form440SKAD\temp\work\BVD1_ZSV171028
03_720320191025_103582_20191025_0002_000001_000005.xml".
Выполнение операции "Перемещение файла" над целевым объектом "Элемент: D:\SKAD\form440SKAD\temp\BANK\PB1_ZSV17102803_720320191025_104942.xml Назначение: D:\SKAD\form440SKAD\temp\work\PB1_ZSV17102803_720320191025_104942.xml".

[2019-10-27 16:43:29Z] - INFO - Сохраняем текущею ключевую дискету
[2019-10-27 16:43:29Z] - INFO - Выполнение операции "Копирование файла" над целевым объектом "Элемент: D:\SKAD\form440SKAD\temp\work\BVD1_ZSV17102803_720320191025_103582_20191025_0002_000001_000002.xml Назначение: D:\SKAD\form440SKAD\temp\440p\Arhive\2710201
9\BVD1_ZSV17102803_720320191025_103582_20191025_0002_000001_000002.xml".
Выполнение операции "Копирование файла" над целевым объектом "Элемент: D:\SKAD\form440SKAD\temp\work\BVD1_ZSV17102803_720320191025_103582_20191025_0002_000001_000005.xml Назначение: D:\SKAD\form440SKAD\temp\440p\Arhive\2710201
9\BVD1_ZSV17102803_720320191025_103582_20191025_0002_000001_000005.xml".
Выполнение операции "Копирование файла" над целевым объектом "Элемент: D:\SKAD\form440SKAD\temp\work\PB1_ZSV17102803_720320191025_104942.xml Назначение: D:\SKAD\form440SKAD\temp\440p\Arhive\27102019\PB1_ZSV17102803_72032019102
5_104942.xml".

[2019-10-27 16:43:29Z] - INFO - Копирование файлов в архив D:\SKAD\form440SKAD\temp\440p\Arhive\27102019
[2019-10-27 16:43:29Z] - INFO - Переименовываем файлы *.xml -> *.vrb
[2019-10-27 16:43:29Z] - INFO - Загружаем ключевую дискету d:\SKAD\Floppy\DISKET2019-skad-test\test1
[2019-10-27 16:43:29Z] - INFO - Зашифровываем и подписываем vrb-файлы
[2019-10-27 16:43:29Z] - INFO - Начинаем преобразование...
[2019-10-27 16:43:29Z] - INFO - Обрабатываем файл BVD1_ZSV17102803_720320191025_103582_20191025_0002_000001_000002.vrb
[2019-10-27 16:43:30Z] - INFO - Обрабатываем файл BVD1_ZSV17102803_720320191025_103582_20191025_0002_000001_000005.vrb
[2019-10-27 16:43:31Z] - INFO - Выполнение операции "Удаление файла" над целевым объектом "D:\SKAD\form440SKAD\temp\work\BVD1_ZSV17102803_720320191025_103582_20191025_0002_000001_000002.vrb".
Выполнение операции "Удаление файла" над целевым объектом "D:\SKAD\form440SKAD\temp\work\BVD1_ZSV17102803_720320191025_103582_20191025_0002_000001_000005.vrb".

[2019-10-27 16:43:31Z] - INFO - Выполнение операции "Переименование файла" над целевым объектом "Элемент: D:\SKAD\form440SKAD\temp\work\BVD1_ZSV17102803_720320191025_103582_20191025_0002_000001_000002.vrb.test Назначение: D:\SKAD\form440SKAD\temp\work\BVD1_Z
SV17102803_720320191025_103582_20191025_0002_000001_000002.vrb".
Выполнение операции "Переименование файла" над целевым объектом "Элемент: D:\SKAD\form440SKAD\temp\work\BVD1_ZSV17102803_720320191025_103582_20191025_0002_000001_000005.vrb.test Назначение: D:\SKAD\form440SKAD\temp\work\BVD1_Z
SV17102803_720320191025_103582_20191025_0002_000001_000005.vrb".

[2019-10-27 16:43:31Z] - INFO - Сравниваем до и после преобразования...
[2019-10-27 16:43:31Z] - INFO - Подписываем оставшиеся файлы файлы
[2019-10-27 16:43:31Z] - INFO - Начинаем преобразование...
[2019-10-27 16:43:31Z] - INFO - Обрабатываем файл PB1_ZSV17102803_720320191025_104942.xml
[2019-10-27 16:43:32Z] - INFO - Выполнение операции "Удаление файла" над целевым объектом "D:\SKAD\form440SKAD\temp\work\PB1_ZSV17102803_720320191025_104942.xml".

[2019-10-27 16:43:33Z] - INFO - Выполнение операции "Переименование файла" над целевым объектом "Элемент: D:\SKAD\form440SKAD\temp\work\PB1_ZSV17102803_720320191025_104942.xml.test Назначение: D:\SKAD\form440SKAD\temp\work\PB1_ZSV17102803_720320191025_104942
.xml".

[2019-10-27 16:43:33Z] - INFO - Сравниваем до и после преобразования...
[2019-10-27 16:43:33Z] - INFO - Начинаем архивацию...
[2019-10-27 16:43:33Z] - INFO - Выполнение операции "Удаление файла" над целевым объектом "D:\SKAD\form440SKAD\temp\work\BVD1_ZSV17102803_720320191025_103582_20191025_0002_000001_000002.vrb".
Выполнение операции "Удаление файла" над целевым объектом "D:\SKAD\form440SKAD\temp\work\BVD1_ZSV17102803_720320191025_103582_20191025_0002_000001_000005.vrb".
Выполнение операции "Удаление файла" над целевым объектом "D:\SKAD\form440SKAD\temp\work\PB1_ZSV17102803_720320191025_104942.xml".

[2019-10-27 16:43:33Z] - INFO - Подписываем файл архива D:\SKAD\form440SKAD\temp\work\AFN_7102803_MIFNS00_20191027_00003.arj
[2019-10-27 16:43:33Z] - INFO - Начинаем преобразование...
[2019-10-27 16:43:33Z] - INFO - Обрабатываем файл AFN_7102803_MIFNS00_20191027_00003.arj
[2019-10-27 16:43:34Z] - INFO - Выполнение операции "Удаление файла" над целевым объектом "D:\SKAD\form440SKAD\temp\work\AFN_7102803_MIFNS00_20191027_00003.arj".

[2019-10-27 16:43:34Z] - INFO - Выполнение операции "Переименование файла" над целевым объектом "Элемент: D:\SKAD\form440SKAD\temp\work\AFN_7102803_MIFNS00_20191027_00003.arj.test Назначение: D:\SKAD\form440SKAD\temp\work\AFN_7102803_MIFNS00_20191027_00003.a
rj".

[2019-10-27 16:43:34Z] - INFO - Сравниваем до и после преобразования...
[2019-10-27 16:43:34Z] - INFO - Копируем файл архива AFN_7102803_MIFNS00_20191027_00003.arj в D:\SKAD\form440SKAD\temp\440p\Arhive\27102019
[2019-10-27 16:43:34Z] - INFO - Копируем файл архива AFN_7102803_MIFNS00_20191027_00003.arj в D:\SKAD\form440SKAD\temp\Post
[2019-10-27 16:43:34Z] - INFO - Выполнение операции "Удаление файла" над целевым объектом "D:\SKAD\form440SKAD\temp\work\AFN_7102803_MIFNS00_20191027_00003.arj".

[2019-10-27 16:43:43Z] - INFO - Не удалось соединиться с почтовым сервером 191.168.6.50
[2019-10-27 16:43:43Z] - INFO - Отправленно всего 3 сообщений
Из них:
Сведения: 2
Потверждения: 1

[2019-10-27 16:43:43Z] - INFO - Загружаем исходную ключевую дискету
[2019-10-27 16:43:43Z] - INFO - Конец работы скрипта!
[2019-10-27 16:44:52Z] - INFO - Режим отладки
[2019-10-27 16:44:52Z] - INFO - Выполнение операции "Перемещение файла" над целевым объектом "Элемент: D:\SKAD\form440SKAD\temp\BANK\BVD1_ZSV17102803_720320191025_103582_20191025_0002_000001_000002.xml Назначение: D:\SKAD\form440SKAD\temp\work\BVD1_ZSV171028
03_720320191025_103582_20191025_0002_000001_000002.xml".
Выполнение операции "Перемещение файла" над целевым объектом "Элемент: D:\SKAD\form440SKAD\temp\BANK\BVD1_ZSV17102803_720320191025_103582_20191025_0002_000001_000005.xml Назначение: D:\SKAD\form440SKAD\temp\work\BVD1_ZSV171028
03_720320191025_103582_20191025_0002_000001_000005.xml".
Выполнение операции "Перемещение файла" над целевым объектом "Элемент: D:\SKAD\form440SKAD\temp\BANK\PB1_ZSV17102803_720320191025_104942.xml Назначение: D:\SKAD\form440SKAD\temp\work\PB1_ZSV17102803_720320191025_104942.xml".

[2019-10-27 16:44:52Z] - INFO - Сохраняем текущею ключевую дискету
[2019-10-27 16:44:52Z] - INFO - Выполнение операции "Копирование файла" над целевым объектом "Элемент: D:\SKAD\form440SKAD\temp\work\BVD1_ZSV17102803_720320191025_103582_20191025_0002_000001_000002.xml Назначение: D:\SKAD\form440SKAD\temp\440p\Arhive\2710201
9\BVD1_ZSV17102803_720320191025_103582_20191025_0002_000001_000002.xml".
Выполнение операции "Копирование файла" над целевым объектом "Элемент: D:\SKAD\form440SKAD\temp\work\BVD1_ZSV17102803_720320191025_103582_20191025_0002_000001_000005.xml Назначение: D:\SKAD\form440SKAD\temp\440p\Arhive\2710201
9\BVD1_ZSV17102803_720320191025_103582_20191025_0002_000001_000005.xml".
Выполнение операции "Копирование файла" над целевым объектом "Элемент: D:\SKAD\form440SKAD\temp\work\PB1_ZSV17102803_720320191025_104942.xml Назначение: D:\SKAD\form440SKAD\temp\440p\Arhive\27102019\PB1_ZSV17102803_72032019102
5_104942.xml".

[2019-10-27 16:44:52Z] - INFO - Копирование файлов в архив D:\SKAD\form440SKAD\temp\440p\Arhive\27102019
[2019-10-27 16:44:52Z] - INFO - Переименовываем файлы *.xml -> *.vrb
[2019-10-27 16:44:52Z] - INFO - Загружаем ключевую дискету d:\SKAD\Floppy\DISKET2019-skad-test\test1
[2019-10-27 16:44:52Z] - INFO - Зашифровываем и подписываем vrb-файлы
[2019-10-27 16:44:52Z] - INFO - Начинаем преобразование...
[2019-10-27 16:44:52Z] - INFO - Обрабатываем файл BVD1_ZSV17102803_720320191025_103582_20191025_0002_000001_000002.vrb
[2019-10-27 16:44:53Z] - INFO - Обрабатываем файл BVD1_ZSV17102803_720320191025_103582_20191025_0002_000001_000005.vrb
[2019-10-27 16:44:55Z] - INFO - Выполнение операции "Удаление файла" над целевым объектом "D:\SKAD\form440SKAD\temp\work\BVD1_ZSV17102803_720320191025_103582_20191025_0002_000001_000002.vrb".
Выполнение операции "Удаление файла" над целевым объектом "D:\SKAD\form440SKAD\temp\work\BVD1_ZSV17102803_720320191025_103582_20191025_0002_000001_000005.vrb".

[2019-10-27 16:44:55Z] - INFO - Выполнение операции "Переименование файла" над целевым объектом "Элемент: D:\SKAD\form440SKAD\temp\work\BVD1_ZSV17102803_720320191025_103582_20191025_0002_000001_000002.vrb.test Назначение: D:\SKAD\form440SKAD\temp\work\BVD1_Z
SV17102803_720320191025_103582_20191025_0002_000001_000002.vrb".
Выполнение операции "Переименование файла" над целевым объектом "Элемент: D:\SKAD\form440SKAD\temp\work\BVD1_ZSV17102803_720320191025_103582_20191025_0002_000001_000005.vrb.test Назначение: D:\SKAD\form440SKAD\temp\work\BVD1_Z
SV17102803_720320191025_103582_20191025_0002_000001_000005.vrb".

[2019-10-27 16:44:55Z] - INFO - Сравниваем до и после преобразования...
[2019-10-27 16:44:55Z] - INFO - Подписываем оставшиеся файлы файлы
[2019-10-27 16:44:55Z] - INFO - Начинаем преобразование...
[2019-10-27 16:44:55Z] - INFO - Обрабатываем файл PB1_ZSV17102803_720320191025_104942.xml
[2019-10-27 16:44:56Z] - INFO - Выполнение операции "Удаление файла" над целевым объектом "D:\SKAD\form440SKAD\temp\work\PB1_ZSV17102803_720320191025_104942.xml".

[2019-10-27 16:44:56Z] - INFO - Выполнение операции "Переименование файла" над целевым объектом "Элемент: D:\SKAD\form440SKAD\temp\work\PB1_ZSV17102803_720320191025_104942.xml.test Назначение: D:\SKAD\form440SKAD\temp\work\PB1_ZSV17102803_720320191025_104942
.xml".

[2019-10-27 16:44:56Z] - INFO - Сравниваем до и после преобразования...
[2019-10-27 16:44:56Z] - INFO - Начинаем архивацию...
[2019-10-27 16:44:56Z] - INFO - Выполнение операции "Удаление файла" над целевым объектом "D:\SKAD\form440SKAD\temp\work\BVD1_ZSV17102803_720320191025_103582_20191025_0002_000001_000002.vrb".
Выполнение операции "Удаление файла" над целевым объектом "D:\SKAD\form440SKAD\temp\work\BVD1_ZSV17102803_720320191025_103582_20191025_0002_000001_000005.vrb".
Выполнение операции "Удаление файла" над целевым объектом "D:\SKAD\form440SKAD\temp\work\PB1_ZSV17102803_720320191025_104942.xml".

[2019-10-27 16:44:57Z] - INFO - Подписываем файл архива D:\SKAD\form440SKAD\temp\work\AFN_7102803_MIFNS00_20191027_00004.arj
[2019-10-27 16:44:57Z] - INFO - Начинаем преобразование...
[2019-10-27 16:44:57Z] - INFO - Обрабатываем файл AFN_7102803_MIFNS00_20191027_00004.arj
[2019-10-27 16:44:58Z] - INFO - Выполнение операции "Удаление файла" над целевым объектом "D:\SKAD\form440SKAD\temp\work\AFN_7102803_MIFNS00_20191027_00004.arj".

[2019-10-27 16:44:58Z] - INFO - Выполнение операции "Переименование файла" над целевым объектом "Элемент: D:\SKAD\form440SKAD\temp\work\AFN_7102803_MIFNS00_20191027_00004.arj.test Назначение: D:\SKAD\form440SKAD\temp\work\AFN_7102803_MIFNS00_20191027_00004.a
rj".

[2019-10-27 16:44:58Z] - INFO - Сравниваем до и после преобразования...
[2019-10-27 16:44:58Z] - INFO - Копируем файл архива AFN_7102803_MIFNS00_20191027_00004.arj в D:\SKAD\form440SKAD\temp\440p\Arhive\27102019
[2019-10-27 16:44:58Z] - INFO - Копируем файл архива AFN_7102803_MIFNS00_20191027_00004.arj в D:\SKAD\form440SKAD\temp\Post
[2019-10-27 16:44:58Z] - INFO - Выполнение операции "Удаление файла" над целевым объектом "D:\SKAD\form440SKAD\temp\work\AFN_7102803_MIFNS00_20191027_00004.arj".

[2019-10-27 16:44:58Z] - INFO - Отправка почтового сообщения
[2019-10-27 16:45:07Z] - ERRR - Не удалось соединиться с почтовым сервером 191.168.6.50
[2019-10-27 16:45:07Z] - INFO - Отправленно всего 3 сообщений
Из них:
Сведения: 2
Потверждения: 1

[2019-10-27 16:45:07Z] - INFO - Загружаем исходную ключевую дискету
[2019-10-27 16:45:07Z] - INFO - Конец работы скрипта!
[2019-10-27 18:11:24Z] - INFO - Режим отладки
[2019-10-27 18:12:19Z] - INFO - Режим отладки
[2019-10-27 18:14:59Z] - INFO - Режим отладки
[2019-10-27 18:15:21Z] - INFO - Копируем файл AFN_MIFNS00_7102803_20191025_00001.arj
[2019-10-27 18:15:44Z] - INFO - Сохраняем текущею ключевую дискету
[2019-10-27 18:15:51Z] - INFO - Копирование файлов в архив D:\SKAD\form440SKAD\temp\440p\Arhive\27102019
[2019-10-27 18:15:51Z] - INFO - Выполнение операции "Копирование файла" над целевым объектом "Элемент: D:\SKAD\form440SKAD\temp\work\AFN_MIFNS00_7102803_20191025_00001.arj Назначение: D:\SKAD\form440SKAD\temp\440p\Arhive\27102019\AFN_MIFNS00_7102803_20191025
_00001.arj".

[2019-10-27 18:43:19Z] - INFO - Режим отладки
[2019-10-27 18:43:19Z] - INFO - Копируем файл AFN_MIFNS00_7102803_20191025_00001.arj
[2019-10-27 18:43:19Z] - INFO - Сохраняем текущею ключевую дискету
[2019-10-27 18:43:19Z] - INFO - Копирование файлов в архив D:\SKAD\form440SKAD\temp\440p\Arhive\27102019
[2019-10-27 18:43:19Z] - INFO - Выполнение операции "Копирование файла" над целевым объектом "Элемент: D:\SKAD\form440SKAD\temp\work\AFN_MIFNS00_7102803_20191025_00001.arj Назначение: D:\SKAD\form440SKAD\temp\440p\Arhive\27102019\AFN_MIFNS00_7102803_20191025
_00001.arj".

[2019-10-27 18:43:19Z] - INFO - Снимаем подпись с arj-архивов
[2019-10-27 18:43:46Z] - INFO - Начинаем преобразование...
[2019-10-27 18:44:28Z] - INFO - Обрабатываем файл AFN_MIFNS00_7102803_20191025_00001.arj
[2019-10-27 18:44:36Z] - INFO - Выполнение операции "Удаление файла" над целевым объектом "D:\SKAD\form440SKAD\temp\work\AFN_MIFNS00_7102803_20191025_00001.arj".

[2019-10-27 18:45:01Z] - INFO - Выполнение операции "Переименование файла" над целевым объектом "Элемент: D:\SKAD\form440SKAD\temp\work\AFN_MIFNS00_7102803_20191025_00001.arj.test Назначение: D:\SKAD\form440SKAD\temp\work\AFN_MIFNS00_7102803_20191025_00001.a
rj".

[2019-10-27 19:00:07Z] - INFO - Режим отладки
[2019-10-27 19:00:07Z] - INFO - Копируем файл AFN_MIFNS00_7102803_20191025_00001.arj
[2019-10-27 19:00:07Z] - INFO - Сохраняем текущею ключевую дискету
[2019-10-27 19:00:07Z] - INFO - Копирование файлов в архив D:\SKAD\form440SKAD\temp\440p\Arhive\27102019
[2019-10-27 19:00:07Z] - INFO - Выполнение операции "Копирование файла" над целевым объектом "Элемент: D:\SKAD\form440SKAD\temp\work\AFN_MIFNS00_7102803_20191025_00001.arj Назначение: D:\SKAD\form440SKAD\temp\440p\Arhive\27102019\AFN_MIFNS00_7102803_20191025
_00001.arj".

[2019-10-27 19:00:07Z] - INFO - Снимаем подпись с arj-архивов
[2019-10-27 19:00:15Z] - INFO - Начинаем преобразование...
[2019-10-27 19:00:16Z] - INFO - Обрабатываем файл AFN_MIFNS00_7102803_20191025_00001.arj
[2019-10-27 19:00:17Z] - INFO - Выполнение операции "Удаление файла" над целевым объектом "D:\SKAD\form440SKAD\temp\work\AFN_MIFNS00_7102803_20191025_00001.arj".

[2019-10-27 19:00:17Z] - INFO - Выполнение операции "Переименование файла" над целевым объектом "Элемент: D:\SKAD\form440SKAD\temp\work\AFN_MIFNS00_7102803_20191025_00001.arj.test Назначение: D:\SKAD\form440SKAD\temp\work\AFN_MIFNS00_7102803_20191025_00001.a
rj".

[2019-10-27 19:00:17Z] - INFO - Начинаем разархивацию...
[2019-10-27 19:00:17Z] - INFO - Разархивация файла D:\SKAD\form440SKAD\temp\work\AFN_MIFNS00_7102803_20191025_00001.arj
[2019-10-27 19:18:29Z] - INFO - Режим отладки
[2019-10-27 19:18:29Z] - INFO - Копируем файл AFN_MIFNS00_7102803_20191025_00001.arj
[2019-10-27 19:18:29Z] - INFO - Сохраняем текущею ключевую дискету
[2019-10-27 19:18:29Z] - INFO - Копирование файлов в архив D:\SKAD\form440SKAD\temp\440p\Arhive\27102019
[2019-10-27 19:18:29Z] - INFO - Выполнение операции "Копирование файла" над целевым объектом "Элемент: D:\SKAD\form440SKAD\temp\work\AFN_MIFNS00_7102803_20191025_00001.arj Назначение: D:\SKAD\form440SKAD\temp\440p\Arhive\27102019\AFN_MIFNS00_7102803_20191025
_00001.arj".

[2019-10-27 19:18:29Z] - INFO - Снимаем подпись с arj-архивов
[2019-10-27 19:18:29Z] - INFO - Начинаем преобразование...
[2019-10-27 19:18:29Z] - INFO - Обрабатываем файл AFN_MIFNS00_7102803_20191025_00001.arj
[2019-10-27 19:18:31Z] - INFO - Выполнение операции "Удаление файла" над целевым объектом "D:\SKAD\form440SKAD\temp\work\AFN_MIFNS00_7102803_20191025_00001.arj".

[2019-10-27 19:18:31Z] - INFO - Выполнение операции "Переименование файла" над целевым объектом "Элемент: D:\SKAD\form440SKAD\temp\work\AFN_MIFNS00_7102803_20191025_00001.arj.test Назначение: D:\SKAD\form440SKAD\temp\work\AFN_MIFNS00_7102803_20191025_00001.a
rj".

[2019-10-27 19:18:31Z] - INFO - Начинаем разархивацию...
[2019-10-27 19:18:31Z] - INFO - Разархивация файла D:\SKAD\form440SKAD\temp\work\AFN_MIFNS00_7102803_20191025_00001.arj
[2019-10-27 19:18:32Z] - INFO - Снимаем подпись с xml-файлов
[2019-10-27 19:18:32Z] - INFO - Начинаем преобразование...
[2019-10-27 19:18:32Z] - INFO - Обрабатываем файл PB1_ZSV17102803_720320191025_104942.xml
[2019-10-27 19:18:33Z] - INFO - Выполнение операции "Удаление файла" над целевым объектом "D:\SKAD\form440SKAD\temp\work\PB1_ZSV17102803_720320191025_104942.xml".

[2019-10-27 19:18:33Z] - INFO - Выполнение операции "Переименование файла" над целевым объектом "Элемент: D:\SKAD\form440SKAD\temp\work\PB1_ZSV17102803_720320191025_104942.xml.test Назначение: D:\SKAD\form440SKAD\temp\work\PB1_ZSV17102803_720320191025_104942
.xml".

[2019-10-27 19:23:01Z] - INFO - Режим отладки
[2019-10-27 19:23:01Z] - INFO - Копируем файл AFN_MIFNS00_7102803_20191025_00001.arj
[2019-10-27 19:23:01Z] - INFO - Сохраняем текущею ключевую дискету
[2019-10-27 19:23:01Z] - INFO - Копирование файлов в архив D:\SKAD\form440SKAD\temp\440p\Arhive\27102019
[2019-10-27 19:23:01Z] - INFO - Выполнение операции "Копирование файла" над целевым объектом "Элемент: D:\SKAD\form440SKAD\temp\work\AFN_MIFNS00_7102803_20191025_00001.arj Назначение: D:\SKAD\form440SKAD\temp\440p\Arhive\27102019\AFN_MIFNS00_7102803_20191025
_00001.arj".

[2019-10-27 19:23:01Z] - INFO - Снимаем подпись с arj-архивов
[2019-10-27 19:23:01Z] - INFO - Начинаем преобразование...
[2019-10-27 19:23:01Z] - INFO - Обрабатываем файл AFN_MIFNS00_7102803_20191025_00001.arj
[2019-10-27 19:23:02Z] - INFO - Выполнение операции "Удаление файла" над целевым объектом "D:\SKAD\form440SKAD\temp\work\AFN_MIFNS00_7102803_20191025_00001.arj".

[2019-10-27 19:23:02Z] - INFO - Выполнение операции "Переименование файла" над целевым объектом "Элемент: D:\SKAD\form440SKAD\temp\work\AFN_MIFNS00_7102803_20191025_00001.arj.test Назначение: D:\SKAD\form440SKAD\temp\work\AFN_MIFNS00_7102803_20191025_00001.a
rj".

[2019-10-27 19:23:02Z] - INFO - Начинаем разархивацию...
[2019-10-27 19:23:02Z] - INFO - Разархивация файла D:\SKAD\form440SKAD\temp\work\AFN_MIFNS00_7102803_20191025_00001.arj
[2019-10-27 19:23:03Z] - INFO - Снимаем подпись с xml-файлов
[2019-10-27 19:23:03Z] - INFO - Начинаем преобразование...
[2019-10-27 19:23:03Z] - INFO - Обрабатываем файл PB1_ZSV17102803_720320191025_104942.xml
[2019-10-27 19:23:04Z] - INFO - Выполнение операции "Удаление файла" над целевым объектом "D:\SKAD\form440SKAD\temp\work\PB1_ZSV17102803_720320191025_104942.xml".

[2019-10-27 19:23:04Z] - INFO - Выполнение операции "Переименование файла" над целевым объектом "Элемент: D:\SKAD\form440SKAD\temp\work\PB1_ZSV17102803_720320191025_104942.xml.test Назначение: D:\SKAD\form440SKAD\temp\work\PB1_ZSV17102803_720320191025_104942
.xml".

[2019-10-27 19:23:04Z] - INFO - Расшифровываем vrb-файлы
[2019-10-27 19:23:04Z] - INFO - Начинаем преобразование...
[2019-10-27 19:23:05Z] - INFO - Обрабатываем файл BVD1_ZSV17102803_720320191025_103582_20191025_0002_000001_000002.vrb
[2019-10-27 19:23:18Z] - INFO - Обрабатываем файл BVD1_ZSV17102803_720320191025_103582_20191025_0002_000001_000005.vrb
[2019-10-27 19:23:20Z] - ERRR - Ошибка при работе программы C:\Program Files\MDPREI\spki\spki1utl.exe
[2019-10-27 19:23:20Z] - INFO - Переименовываем файлы в xml
[2019-10-27 19:25:47Z] - INFO - Режим отладки
[2019-10-27 19:25:47Z] - INFO - Копируем файл AFN_MIFNS00_7102803_20191025_00001.arj
[2019-10-27 19:25:47Z] - INFO - Сохраняем текущею ключевую дискету
[2019-10-27 19:25:47Z] - INFO - Копирование файлов в архив D:\SKAD\form440SKAD\temp\440p\Arhive\27102019
[2019-10-27 19:25:47Z] - INFO - Выполнение операции "Копирование файла" над целевым объектом "Элемент: D:\SKAD\form440SKAD\temp\work\AFN_MIFNS00_7102803_20191025_00001.arj Назначение: D:\SKAD\form440SKAD\temp\440p\Arhive\27102019\AFN_MIFNS00_7102803_20191025
_00001.arj".

[2019-10-27 19:25:47Z] - INFO - Снимаем подпись с arj-архивов
[2019-10-27 19:25:47Z] - INFO - Начинаем преобразование...
[2019-10-27 19:25:47Z] - INFO - Обрабатываем файл AFN_MIFNS00_7102803_20191025_00001.arj
[2019-10-27 19:25:48Z] - INFO - Выполнение операции "Удаление файла" над целевым объектом "D:\SKAD\form440SKAD\temp\work\AFN_MIFNS00_7102803_20191025_00001.arj".

[2019-10-27 19:25:48Z] - INFO - Выполнение операции "Переименование файла" над целевым объектом "Элемент: D:\SKAD\form440SKAD\temp\work\AFN_MIFNS00_7102803_20191025_00001.arj.test Назначение: D:\SKAD\form440SKAD\temp\work\AFN_MIFNS00_7102803_20191025_00001.a
rj".

[2019-10-27 19:25:48Z] - INFO - Начинаем разархивацию...
[2019-10-27 19:25:48Z] - INFO - Разархивация файла D:\SKAD\form440SKAD\temp\work\AFN_MIFNS00_7102803_20191025_00001.arj
[2019-10-27 19:25:49Z] - INFO - Снимаем подпись с xml-файлов
[2019-10-27 19:25:49Z] - INFO - Начинаем преобразование...
[2019-10-27 19:25:49Z] - INFO - Обрабатываем файл PB1_ZSV17102803_720320191025_104942.xml
[2019-10-27 19:25:50Z] - INFO - Выполнение операции "Удаление файла" над целевым объектом "D:\SKAD\form440SKAD\temp\work\PB1_ZSV17102803_720320191025_104942.xml".

[2019-10-27 19:25:50Z] - INFO - Выполнение операции "Переименование файла" над целевым объектом "Элемент: D:\SKAD\form440SKAD\temp\work\PB1_ZSV17102803_720320191025_104942.xml.test Назначение: D:\SKAD\form440SKAD\temp\work\PB1_ZSV17102803_720320191025_104942
.xml".

[2019-10-27 19:25:50Z] - INFO - Расшифровываем vrb-файлы
[2019-10-27 19:25:51Z] - INFO - Начинаем преобразование...
[2019-10-27 19:25:51Z] - INFO - Обрабатываем файл BVD1_ZSV17102803_720320191025_103582_20191025_0002_000001_000002.vrb
[2019-10-27 19:25:59Z] - INFO - Обрабатываем файл BVD1_ZSV17102803_720320191025_103582_20191025_0002_000001_000005.vrb
[2019-10-27 19:26:01Z] - ERRR - Ошибка при работе программы C:\Program Files\MDPREI\spki\spki1utl.exe
[2019-10-27 19:26:01Z] - INFO - Переименовываем файлы в xml
[2019-10-27 19:26:22Z] - INFO - Режим отладки
[2019-10-27 19:26:22Z] - INFO - Копируем файл AFN_MIFNS00_7102803_20191025_00001.arj
[2019-10-27 19:26:22Z] - INFO - Сохраняем текущею ключевую дискету
[2019-10-27 19:26:22Z] - INFO - Копирование файлов в архив D:\SKAD\form440SKAD\temp\440p\Arhive\27102019
[2019-10-27 19:26:22Z] - INFO - Выполнение операции "Копирование файла" над целевым объектом "Элемент: D:\SKAD\form440SKAD\temp\work\AFN_MIFNS00_7102803_20191025_00001.arj Назначение: D:\SKAD\form440SKAD\temp\440p\Arhive\27102019\AFN_MIFNS00_7102803_20191025
_00001.arj".

[2019-10-27 19:26:22Z] - INFO - Снимаем подпись с arj-архивов
[2019-10-27 19:26:22Z] - INFO - Начинаем преобразование...
[2019-10-27 19:26:22Z] - INFO - Обрабатываем файл AFN_MIFNS00_7102803_20191025_00001.arj
[2019-10-27 19:26:23Z] - INFO - Выполнение операции "Удаление файла" над целевым объектом "D:\SKAD\form440SKAD\temp\work\AFN_MIFNS00_7102803_20191025_00001.arj".

[2019-10-27 19:26:23Z] - INFO - Выполнение операции "Переименование файла" над целевым объектом "Элемент: D:\SKAD\form440SKAD\temp\work\AFN_MIFNS00_7102803_20191025_00001.arj.test Назначение: D:\SKAD\form440SKAD\temp\work\AFN_MIFNS00_7102803_20191025_00001.a
rj".

[2019-10-27 19:26:23Z] - INFO - Начинаем разархивацию...
[2019-10-27 19:26:23Z] - INFO - Разархивация файла D:\SKAD\form440SKAD\temp\work\AFN_MIFNS00_7102803_20191025_00001.arj
[2019-10-27 19:26:24Z] - INFO - Снимаем подпись с xml-файлов
[2019-10-27 19:26:24Z] - INFO - Начинаем преобразование...
[2019-10-27 19:26:24Z] - INFO - Обрабатываем файл PB1_ZSV17102803_720320191025_104942.xml
[2019-10-27 19:26:25Z] - INFO - Выполнение операции "Удаление файла" над целевым объектом "D:\SKAD\form440SKAD\temp\work\PB1_ZSV17102803_720320191025_104942.xml".

[2019-10-27 19:26:25Z] - INFO - Выполнение операции "Переименование файла" над целевым объектом "Элемент: D:\SKAD\form440SKAD\temp\work\PB1_ZSV17102803_720320191025_104942.xml.test Назначение: D:\SKAD\form440SKAD\temp\work\PB1_ZSV17102803_720320191025_104942
.xml".

[2019-10-27 19:27:34Z] - INFO - Расшифровываем vrb-файлы
[2019-10-27 19:27:35Z] - INFO - Начинаем преобразование...
[2019-10-27 19:27:35Z] - INFO - Обрабатываем файл BVD1_ZSV17102803_720320191025_103582_20191025_0002_000001_000002.vrb
[2019-10-27 19:27:36Z] - INFO - Обрабатываем файл BVD1_ZSV17102803_720320191025_103582_20191025_0002_000001_000005.vrb
[2019-10-27 19:27:37Z] - INFO - Выполнение операции "Удаление файла" над целевым объектом "D:\SKAD\form440SKAD\temp\work\BVD1_ZSV17102803_720320191025_103582_20191025_0002_000001_000002.vrb".
Выполнение операции "Удаление файла" над целевым объектом "D:\SKAD\form440SKAD\temp\work\BVD1_ZSV17102803_720320191025_103582_20191025_0002_000001_000005.vrb".

[2019-10-27 19:27:37Z] - INFO - Выполнение операции "Переименование файла" над целевым объектом "Элемент: D:\SKAD\form440SKAD\temp\work\BVD1_ZSV17102803_720320191025_103582_20191025_0002_000001_000002.vrb.test Назначение: D:\SKAD\form440SKAD\temp\work\BVD1_Z
SV17102803_720320191025_103582_20191025_0002_000001_000002.vrb".
Выполнение операции "Переименование файла" над целевым объектом "Элемент: D:\SKAD\form440SKAD\temp\work\BVD1_ZSV17102803_720320191025_103582_20191025_0002_000001_000005.vrb.test Назначение: D:\SKAD\form440SKAD\temp\work\BVD1_Z
SV17102803_720320191025_103582_20191025_0002_000001_000005.vrb".

[2019-10-27 19:28:16Z] - INFO - Переименовываем файлы в xml
[2019-10-27 19:37:43Z] - INFO - Режим отладки
[2019-10-27 19:37:43Z] - INFO - Копируем файл AFN_MIFNS00_7102803_20191025_00001.arj
[2019-10-27 19:37:43Z] - INFO - Сохраняем текущею ключевую дискету
[2019-10-27 19:37:43Z] - INFO - Копирование файлов в архив D:\SKAD\form440SKAD\temp\440p\Arhive\27102019
[2019-10-27 19:37:43Z] - INFO - Выполнение операции "Копирование файла" над целевым объектом "Элемент: D:\SKAD\form440SKAD\temp\work\AFN_MIFNS00_7102803_20191025_00001.arj Назначение: D:\SKAD\form440SKAD\temp\440p\Arhive\27102019\AFN_MIFNS00_7102803_20191025
_00001.arj".

[2019-10-27 19:37:43Z] - INFO - Снимаем подпись с arj-архивов
[2019-10-27 19:37:43Z] - INFO - Начинаем преобразование...
[2019-10-27 19:37:43Z] - INFO - Обрабатываем файл AFN_MIFNS00_7102803_20191025_00001.arj
[2019-10-27 19:37:44Z] - INFO - Выполнение операции "Удаление файла" над целевым объектом "D:\SKAD\form440SKAD\temp\work\AFN_MIFNS00_7102803_20191025_00001.arj".

[2019-10-27 19:37:44Z] - INFO - Выполнение операции "Переименование файла" над целевым объектом "Элемент: D:\SKAD\form440SKAD\temp\work\AFN_MIFNS00_7102803_20191025_00001.arj.test Назначение: D:\SKAD\form440SKAD\temp\work\AFN_MIFNS00_7102803_20191025_00001.a
rj".

[2019-10-27 19:37:44Z] - INFO - Начинаем разархивацию...
[2019-10-27 19:37:44Z] - INFO - Разархивация файла D:\SKAD\form440SKAD\temp\work\AFN_MIFNS00_7102803_20191025_00001.arj
[2019-10-27 19:37:45Z] - INFO - Снимаем подпись с xml-файлов
[2019-10-27 19:37:45Z] - INFO - Начинаем преобразование...
[2019-10-27 19:37:45Z] - INFO - Обрабатываем файл PB1_ZSV17102803_720320191025_104942.xml
[2019-10-27 19:37:46Z] - INFO - Выполнение операции "Удаление файла" над целевым объектом "D:\SKAD\form440SKAD\temp\work\PB1_ZSV17102803_720320191025_104942.xml".

[2019-10-27 19:37:46Z] - INFO - Выполнение операции "Переименование файла" над целевым объектом "Элемент: D:\SKAD\form440SKAD\temp\work\PB1_ZSV17102803_720320191025_104942.xml.test Назначение: D:\SKAD\form440SKAD\temp\work\PB1_ZSV17102803_720320191025_104942
.xml".

[2019-10-27 19:37:46Z] - INFO - Расшифровываем vrb-файлы
[2019-10-27 19:37:46Z] - INFO - Начинаем преобразование...
[2019-10-27 19:37:46Z] - INFO - Обрабатываем файл BVD1_ZSV17102803_720320191025_103582_20191025_0002_000001_000002.vrb
[2019-10-27 19:37:54Z] - INFO - Обрабатываем файл BVD1_ZSV17102803_720320191025_103582_20191025_0002_000001_000005.vrb
[2019-10-27 19:37:56Z] - ERRR - Ошибка при работе программы C:\Program Files\MDPREI\spki\spki1utl.exe
[2019-10-27 19:37:56Z] - INFO - Переименовываем файлы в xml
[2019-10-27 19:37:57Z] - INFO - Выполнение операции "Переименование файла" над целевым объектом "Элемент: D:\SKAD\form440SKAD\temp\work\BVD1_ZSV17102803_720320191025_103582_20191025_0002_000001_000002.vrb Назначение: D:\SKAD\form440SKAD\temp\work\BVD1_ZSV171
02803_720320191025_103582_20191025_0002_000001_000002.xml".
Выполнение операции "Переименование файла" над целевым объектом "Элемент: D:\SKAD\form440SKAD\temp\work\BVD1_ZSV17102803_720320191025_103582_20191025_0002_000001_000005.vrb Назначение: D:\SKAD\form440SKAD\temp\work\BVD1_ZSV171
02803_720320191025_103582_20191025_0002_000001_000005.xml".

[2019-10-27 19:37:57Z] - INFO - Форматируем xml-файлы
[2019-10-27 19:39:23Z] - INFO - Режим отладки
[2019-10-27 19:39:23Z] - INFO - Копируем файл AFN_MIFNS00_7102803_20191025_00001.arj
[2019-10-27 19:39:23Z] - INFO - Сохраняем текущею ключевую дискету
[2019-10-27 19:39:23Z] - INFO - Загружаем ключевую дискету d:\SKAD\Floppy\DISKET2019-skad-test\test1
[2019-10-27 19:39:23Z] - INFO - Копирование файлов в архив D:\SKAD\form440SKAD\temp\440p\Arhive\27102019
[2019-10-27 19:39:24Z] - INFO - Выполнение операции "Копирование файла" над целевым объектом "Элемент: D:\SKAD\form440SKAD\temp\work\AFN_MIFNS00_7102803_20191025_00001.arj Назначение: D:\SKAD\form440SKAD\temp\440p\Arhive\27102019\AFN_MIFNS00_7102803_20191025
_00001.arj".

[2019-10-27 19:39:24Z] - INFO - Снимаем подпись с arj-архивов
[2019-10-27 19:39:24Z] - INFO - Начинаем преобразование...
[2019-10-27 19:39:24Z] - INFO - Обрабатываем файл AFN_MIFNS00_7102803_20191025_00001.arj
[2019-10-27 19:39:25Z] - INFO - Выполнение операции "Удаление файла" над целевым объектом "D:\SKAD\form440SKAD\temp\work\AFN_MIFNS00_7102803_20191025_00001.arj".

[2019-10-27 19:39:25Z] - INFO - Выполнение операции "Переименование файла" над целевым объектом "Элемент: D:\SKAD\form440SKAD\temp\work\AFN_MIFNS00_7102803_20191025_00001.arj.test Назначение: D:\SKAD\form440SKAD\temp\work\AFN_MIFNS00_7102803_20191025_00001.a
rj".

[2019-10-27 19:39:25Z] - INFO - Начинаем разархивацию...
[2019-10-27 19:39:25Z] - INFO - Разархивация файла D:\SKAD\form440SKAD\temp\work\AFN_MIFNS00_7102803_20191025_00001.arj
[2019-10-27 19:39:26Z] - INFO - Снимаем подпись с xml-файлов
[2019-10-27 19:39:26Z] - INFO - Начинаем преобразование...
[2019-10-27 19:39:26Z] - INFO - Обрабатываем файл PB1_ZSV17102803_720320191025_104942.xml
[2019-10-27 19:39:27Z] - INFO - Выполнение операции "Удаление файла" над целевым объектом "D:\SKAD\form440SKAD\temp\work\PB1_ZSV17102803_720320191025_104942.xml".

[2019-10-27 19:39:27Z] - INFO - Выполнение операции "Переименование файла" над целевым объектом "Элемент: D:\SKAD\form440SKAD\temp\work\PB1_ZSV17102803_720320191025_104942.xml.test Назначение: D:\SKAD\form440SKAD\temp\work\PB1_ZSV17102803_720320191025_104942
.xml".

[2019-10-27 19:39:27Z] - INFO - Расшифровываем vrb-файлы
[2019-10-27 19:39:27Z] - INFO - Начинаем преобразование...
[2019-10-27 19:39:27Z] - INFO - Обрабатываем файл BVD1_ZSV17102803_720320191025_103582_20191025_0002_000001_000002.vrb
[2019-10-27 19:39:28Z] - INFO - Обрабатываем файл BVD1_ZSV17102803_720320191025_103582_20191025_0002_000001_000005.vrb
[2019-10-27 19:39:29Z] - INFO - Выполнение операции "Удаление файла" над целевым объектом "D:\SKAD\form440SKAD\temp\work\BVD1_ZSV17102803_720320191025_103582_20191025_0002_000001_000002.vrb".
Выполнение операции "Удаление файла" над целевым объектом "D:\SKAD\form440SKAD\temp\work\BVD1_ZSV17102803_720320191025_103582_20191025_0002_000001_000005.vrb".

[2019-10-27 19:39:29Z] - INFO - Выполнение операции "Переименование файла" над целевым объектом "Элемент: D:\SKAD\form440SKAD\temp\work\BVD1_ZSV17102803_720320191025_103582_20191025_0002_000001_000002.vrb.test Назначение: D:\SKAD\form440SKAD\temp\work\BVD1_Z
SV17102803_720320191025_103582_20191025_0002_000001_000002.vrb".
Выполнение операции "Переименование файла" над целевым объектом "Элемент: D:\SKAD\form440SKAD\temp\work\BVD1_ZSV17102803_720320191025_103582_20191025_0002_000001_000005.vrb.test Назначение: D:\SKAD\form440SKAD\temp\work\BVD1_Z
SV17102803_720320191025_103582_20191025_0002_000001_000005.vrb".

[2019-10-27 19:39:29Z] - INFO - Переименовываем файлы в xml
[2019-10-27 19:39:29Z] - INFO - Выполнение операции "Переименование файла" над целевым объектом "Элемент: D:\SKAD\form440SKAD\temp\work\BVD1_ZSV17102803_720320191025_103582_20191025_0002_000001_000002.vrb Назначение: D:\SKAD\form440SKAD\temp\work\BVD1_ZSV171
02803_720320191025_103582_20191025_0002_000001_000002.xml".
Выполнение операции "Переименование файла" над целевым объектом "Элемент: D:\SKAD\form440SKAD\temp\work\BVD1_ZSV17102803_720320191025_103582_20191025_0002_000001_000005.vrb Назначение: D:\SKAD\form440SKAD\temp\work\BVD1_ZSV171
02803_720320191025_103582_20191025_0002_000001_000005.xml".

[2019-10-27 19:39:29Z] - INFO - Форматируем xml-файлы
[2019-10-27 19:49:55Z] - INFO - Режим отладки
[2019-10-27 19:49:55Z] - INFO - Копируем файл AFN_MIFNS00_7102803_20191025_00001.arj
[2019-10-27 19:49:55Z] - INFO - Сохраняем текущею ключевую дискету
[2019-10-27 19:49:55Z] - INFO - Загружаем ключевую дискету d:\SKAD\Floppy\DISKET2019-skad-test\test1
[2019-10-27 19:49:55Z] - INFO - Копирование файлов в архив D:\SKAD\form440SKAD\temp\440p\Arhive\27102019
[2019-10-27 19:49:55Z] - INFO - Выполнение операции "Копирование файла" над целевым объектом "Элемент: D:\SKAD\form440SKAD\temp\work\AFN_MIFNS00_7102803_20191025_00001.arj Назначение: D:\SKAD\form440SKAD\temp\440p\Arhive\27102019\AFN_MIFNS00_7102803_20191025
_00001.arj".

[2019-10-27 19:49:55Z] - INFO - Снимаем подпись с arj-архивов
[2019-10-27 19:49:55Z] - INFO - Начинаем преобразование...
[2019-10-27 19:49:55Z] - INFO - Обрабатываем файл AFN_MIFNS00_7102803_20191025_00001.arj
[2019-10-27 19:49:56Z] - INFO - Выполнение операции "Удаление файла" над целевым объектом "D:\SKAD\form440SKAD\temp\work\AFN_MIFNS00_7102803_20191025_00001.arj".

[2019-10-27 19:49:56Z] - INFO - Выполнение операции "Переименование файла" над целевым объектом "Элемент: D:\SKAD\form440SKAD\temp\work\AFN_MIFNS00_7102803_20191025_00001.arj.test Назначение: D:\SKAD\form440SKAD\temp\work\AFN_MIFNS00_7102803_20191025_00001.a
rj".

[2019-10-27 19:49:56Z] - INFO - Начинаем разархивацию...
[2019-10-27 19:49:56Z] - INFO - Разархивация файла D:\SKAD\form440SKAD\temp\work\AFN_MIFNS00_7102803_20191025_00001.arj
[2019-10-27 19:49:57Z] - INFO - Снимаем подпись с xml-файлов
[2019-10-27 19:49:57Z] - INFO - Начинаем преобразование...
[2019-10-27 19:49:57Z] - INFO - Обрабатываем файл PB1_ZSV17102803_720320191025_104942.xml
[2019-10-27 19:49:58Z] - INFO - Выполнение операции "Удаление файла" над целевым объектом "D:\SKAD\form440SKAD\temp\work\PB1_ZSV17102803_720320191025_104942.xml".

[2019-10-27 19:49:58Z] - INFO - Выполнение операции "Переименование файла" над целевым объектом "Элемент: D:\SKAD\form440SKAD\temp\work\PB1_ZSV17102803_720320191025_104942.xml.test Назначение: D:\SKAD\form440SKAD\temp\work\PB1_ZSV17102803_720320191025_104942
.xml".

[2019-10-27 19:49:59Z] - INFO - Расшифровываем vrb-файлы
[2019-10-27 19:49:59Z] - INFO - Начинаем преобразование...
[2019-10-27 19:49:59Z] - INFO - Обрабатываем файл BVD1_ZSV17102803_720320191025_103582_20191025_0002_000001_000002.vrb
[2019-10-27 19:50:00Z] - INFO - Обрабатываем файл BVD1_ZSV17102803_720320191025_103582_20191025_0002_000001_000005.vrb
[2019-10-27 19:50:01Z] - INFO - Выполнение операции "Удаление файла" над целевым объектом "D:\SKAD\form440SKAD\temp\work\BVD1_ZSV17102803_720320191025_103582_20191025_0002_000001_000002.vrb".
Выполнение операции "Удаление файла" над целевым объектом "D:\SKAD\form440SKAD\temp\work\BVD1_ZSV17102803_720320191025_103582_20191025_0002_000001_000005.vrb".

[2019-10-27 19:50:01Z] - INFO - Выполнение операции "Переименование файла" над целевым объектом "Элемент: D:\SKAD\form440SKAD\temp\work\BVD1_ZSV17102803_720320191025_103582_20191025_0002_000001_000002.vrb.test Назначение: D:\SKAD\form440SKAD\temp\work\BVD1_Z
SV17102803_720320191025_103582_20191025_0002_000001_000002.vrb".
Выполнение операции "Переименование файла" над целевым объектом "Элемент: D:\SKAD\form440SKAD\temp\work\BVD1_ZSV17102803_720320191025_103582_20191025_0002_000001_000005.vrb.test Назначение: D:\SKAD\form440SKAD\temp\work\BVD1_Z
SV17102803_720320191025_103582_20191025_0002_000001_000005.vrb".

[2019-10-27 19:50:01Z] - INFO - Переименовываем файлы в xml
[2019-10-27 19:50:01Z] - INFO - Выполнение операции "Переименование файла" над целевым объектом "Элемент: D:\SKAD\form440SKAD\temp\work\BVD1_ZSV17102803_720320191025_103582_20191025_0002_000001_000002.vrb Назначение: D:\SKAD\form440SKAD\temp\work\BVD1_ZSV171
02803_720320191025_103582_20191025_0002_000001_000002.xml".
Выполнение операции "Переименование файла" над целевым объектом "Элемент: D:\SKAD\form440SKAD\temp\work\BVD1_ZSV17102803_720320191025_103582_20191025_0002_000001_000005.vrb Назначение: D:\SKAD\form440SKAD\temp\work\BVD1_ZSV171
02803_720320191025_103582_20191025_0002_000001_000005.xml".

[2019-10-27 19:50:01Z] - INFO - Форматируем xml-файлы
[2019-10-27 19:50:10Z] - ERRR - Не удалось соединиться с почтовым сервером 191.168.6.50
[2019-10-27 19:50:10Z] - INFO - Выполнение операции "Копирование файла" над целевым объектом "Элемент: D:\SKAD\form440SKAD\temp\work\BVD1_ZSV17102803_720320191025_103582_20191025_0002_000001_000002.xml Назначение: D:\SKAD\form440SKAD\temp\440p\Arhive\2710201
9\BVD1_ZSV17102803_720320191025_103582_20191025_0002_000001_000002.xml".
Выполнение операции "Копирование файла" над целевым объектом "Элемент: D:\SKAD\form440SKAD\temp\work\BVD1_ZSV17102803_720320191025_103582_20191025_0002_000001_000005.xml Назначение: D:\SKAD\form440SKAD\temp\440p\Arhive\2710201
9\BVD1_ZSV17102803_720320191025_103582_20191025_0002_000001_000005.xml".
Выполнение операции "Копирование файла" над целевым объектом "Элемент: D:\SKAD\form440SKAD\temp\work\PB1_ZSV17102803_720320191025_104942.xml Назначение: D:\SKAD\form440SKAD\temp\440p\Arhive\27102019\PB1_ZSV17102803_72032019102
5_104942.xml".

[2019-10-27 19:50:10Z] - INFO - Выполнение операции "Копирование файла" над целевым объектом "Элемент: D:\SKAD\form440SKAD\temp\work\BVD1_ZSV17102803_720320191025_103582_20191025_0002_000001_000002.xml Назначение: D:\SKAD\form440SKAD\temp\ARM_440\BVD1_ZSV171
02803_720320191025_103582_20191025_0002_000001_000002.xml".
Выполнение операции "Копирование файла" над целевым объектом "Элемент: D:\SKAD\form440SKAD\temp\work\BVD1_ZSV17102803_720320191025_103582_20191025_0002_000001_000005.xml Назначение: D:\SKAD\form440SKAD\temp\ARM_440\BVD1_ZSV171
02803_720320191025_103582_20191025_0002_000001_000005.xml".
Выполнение операции "Копирование файла" над целевым объектом "Элемент: D:\SKAD\form440SKAD\temp\work\PB1_ZSV17102803_720320191025_104942.xml Назначение: D:\SKAD\form440SKAD\temp\ARM_440\PB1_ZSV17102803_720320191025_104942.xml"
.

[2019-10-27 19:50:10Z] - INFO - Выполнение операции "Копирование файла" над целевым объектом "Элемент: D:\SKAD\form440SKAD\temp\work\BVD1_ZSV17102803_720320191025_103582_20191025_0002_000001_000002.xml Назначение: D:\SKAD\form440SKAD\temp\BANK\BVD1_ZSV171028
03_720320191025_103582_20191025_0002_000001_000002.xml".
Выполнение операции "Копирование файла" над целевым объектом "Элемент: D:\SKAD\form440SKAD\temp\work\BVD1_ZSV17102803_720320191025_103582_20191025_0002_000001_000005.xml Назначение: D:\SKAD\form440SKAD\temp\BANK\BVD1_ZSV171028
03_720320191025_103582_20191025_0002_000001_000005.xml".
Выполнение операции "Копирование файла" над целевым объектом "Элемент: D:\SKAD\form440SKAD\temp\work\PB1_ZSV17102803_720320191025_104942.xml Назначение: D:\SKAD\form440SKAD\temp\BANK\PB1_ZSV17102803_720320191025_104942.xml".

[2019-10-27 19:50:10Z] - INFO - Выполнение операции "Удаление файла" над целевым объектом "D:\SKAD\form440SKAD\temp\work\BVD1_ZSV17102803_720320191025_103582_20191025_0002_000001_000002.xml".
Выполнение операции "Удаление файла" над целевым объектом "D:\SKAD\form440SKAD\temp\work\BVD1_ZSV17102803_720320191025_103582_20191025_0002_000001_000005.xml".
Выполнение операции "Удаление файла" над целевым объектом "D:\SKAD\form440SKAD\temp\work\PB1_ZSV17102803_720320191025_104942.xml".

[2019-10-27 19:50:10Z] - INFO - Выполнение операции "Удаление файла" над целевым объектом "D:\SKAD\form440SKAD\temp\OUT\AFN_MIFNS00_7102803_20191025_00001.arj".

[2019-10-27 19:50:10Z] - INFO - Загружаем исходную ключевую дискету
[2019-10-27 19:50:10Z] - INFO - Конец работы скрипта!
