[2019-12-28 17:01:27Z] - INFO - Режим отладки
[2019-12-28 17:02:11Z] - INFO - Выполнение операции "Копирование файла" над целевым объектом "Элемент: D:\SKAD\form440SKAD\temp\OUT\AFN_MIFNS00_7102803_20191226_00003.arj Назначение: D:\SKAD\form440SKAD\temp\work\AFN_MI
FNS00_7102803_20191226_00003.arj".

[2019-12-28 17:02:11Z] - ERRR - Диск А не найден!
[2019-12-28 17:02:24Z] - INFO - Режим отладки
[2019-12-28 17:02:24Z] - INFO - Выполнение операции "Копирование файла" над целевым объектом "Элемент: D:\SKAD\form440SKAD\temp\OUT\AFN_MIFNS00_7102803_20191226_00003.arj Назначение: D:\SKAD\form440SKAD\temp\work\AFN_MI
FNS00_7102803_20191226_00003.arj".

[2019-12-28 17:02:25Z] - INFO - Сохраняем текущею ключевую дискету
[2019-12-28 17:02:25Z] - INFO - Загружаем ключевую дискету d:\SKAD\Floppy\foiv
[2019-12-28 17:02:25Z] - INFO - Копирование файлов в архив D:\SKAD\form440SKAD\temp\440p\Arhive\28122019
[2019-12-28 17:02:25Z] - INFO - Выполнение операции "Копирование файла" над целевым объектом "Элемент: D:\SKAD\form440SKAD\temp\work\AFN_MIFNS00_7102803_20191226_00003.arj Назначение: D:\SKAD\form440SKAD\temp\440p\Arhiv
e\28122019\AFN_MIFNS00_7102803_20191226_00003.arj".

[2019-12-28 17:02:25Z] - INFO - Выполнение операции "Копирование файла" над целевым объектом "Элемент: D:\SKAD\form440SKAD\temp\work\AFN_MIFNS00_7102803_20191226_00003.arj Назначение: D:\SKAD\form440SKAD\temp\440p\Arhiv
e\28122019\AFN_MIFNS00_7102803_20191226_00003.arj".

[2019-12-28 17:06:47Z] - INFO - Режим отладки
[2019-12-28 17:06:47Z] - INFO - Выполнение операции "Копирование файла" над целевым объектом "Элемент: D:\SKAD\form440SKAD\temp\OUT\AFN_MIFNS00_7102803_20191226_00003.arj Назначение: D:\SKAD\form440SKAD\temp\work\AFN_MI
FNS00_7102803_20191226_00003.arj".
Выполнение операции "Копирование файла" над целевым объектом "Элемент: D:\SKAD\form440SKAD\temp\OUT\AFN_MIFNS00_7102803_20191227_00001.arj Назначение: D:\SKAD\form440SKAD\temp\work\AFN_MI
FNS00_7102803_20191227_00001.arj".

[2019-12-28 17:06:47Z] - INFO - Сохраняем текущею ключевую дискету
[2019-12-28 17:06:47Z] - INFO - Загружаем ключевую дискету d:\SKAD\Floppy\foiv
[2019-12-28 17:06:47Z] - INFO - Копирование файлов в архив D:\SKAD\form440SKAD\temp\440p\Arhive\28122019
[2019-12-28 17:06:47Z] - INFO - Выполнение операции "Копирование файла" над целевым объектом "Элемент: D:\SKAD\form440SKAD\temp\work\AFN_MIFNS00_7102803_20191226_00003.arj Назначение: D:\SKAD\form440SKAD\temp\440p\Arhiv
e\28122019\AFN_MIFNS00_7102803_20191226_00003.arj".
Выполнение операции "Копирование файла" над целевым объектом "Элемент: D:\SKAD\form440SKAD\temp\work\AFN_MIFNS00_7102803_20191227_00001.arj Назначение: D:\SKAD\form440SKAD\temp\440p\Arhiv
e\28122019\AFN_MIFNS00_7102803_20191227_00001.arj".

[2019-12-28 17:06:47Z] - INFO - Выполнение операции "Копирование файла" над целевым объектом "Элемент: D:\SKAD\form440SKAD\temp\work\AFN_MIFNS00_7102803_20191226_00003.arj Назначение: D:\SKAD\form440SKAD\temp\440p\Arhiv
e\28122019\AFN_MIFNS00_7102803_20191226_00003.arj".
Выполнение операции "Копирование файла" над целевым объектом "Элемент: D:\SKAD\form440SKAD\temp\work\AFN_MIFNS00_7102803_20191227_00001.arj Назначение: D:\SKAD\form440SKAD\temp\440p\Arhiv
e\28122019\AFN_MIFNS00_7102803_20191227_00001.arj".

[2019-12-28 17:07:47Z] - INFO - Загрузите архивы в систему Comita
AFN_MIFNS00_7102803_20191226_00003.arj
AFN_MIFNS00_7102803_20191227_00001.arj


[2019-12-28 17:08:03Z] - INFO - Снимаем подпись с arj-архивов
[2019-12-28 17:08:03Z] - INFO - Начинаем преобразование...
[2019-12-28 17:08:03Z] - INFO - Снимаем подпись с файла AFN_MIFNS00_7102803_20191226_00003.arj
[2019-12-28 17:08:04Z] - INFO - Снимаем подпись с файла AFN_MIFNS00_7102803_20191227_00001.arj
[2019-12-28 17:08:05Z] - INFO - Выполнение операции "Удаление файла" над целевым объектом "D:\SKAD\form440SKAD\temp\work\AFN_MIFNS00_7102803_20191226_00003.arj".
Выполнение операции "Удаление файла" над целевым объектом "D:\SKAD\form440SKAD\temp\work\AFN_MIFNS00_7102803_20191227_00001.arj".

[2019-12-28 17:08:05Z] - INFO - Выполнение операции "Переименование файла" над целевым объектом "Элемент: D:\SKAD\form440SKAD\temp\work\AFN_MIFNS00_7102803_20191226_00003.arj.test Назначение: D:\SKAD\form440SKAD\temp\wo
rk\AFN_MIFNS00_7102803_20191226_00003.arj".
Выполнение операции "Переименование файла" над целевым объектом "Элемент: D:\SKAD\form440SKAD\temp\work\AFN_MIFNS00_7102803_20191227_00001.arj.test Назначение: D:\SKAD\form440SKAD\temp\wo
rk\AFN_MIFNS00_7102803_20191227_00001.arj".

[2019-12-28 17:08:05Z] - INFO - Начинаем разархивацию...
[2019-12-28 17:08:05Z] - INFO - Разархивация файла D:\SKAD\form440SKAD\temp\work\AFN_MIFNS00_7102803_20191226_00003.arj
[2019-12-28 17:08:06Z] - INFO - Выполнение операции "Копирование файла" над целевым объектом "Элемент: D:\SKAD\form440SKAD\tmp_arj\KWTFCB_BOS1_RPO17102803_860320191225_511976_20191226_0002.xml Назначение: D:\SKAD\form44
0SKAD\temp\work\KWTFCB_BOS1_RPO17102803_860320191225_511976_20191226_0002.xml".
Выполнение операции "Копирование файла" над целевым объектом "Элемент: D:\SKAD\form440SKAD\tmp_arj\KWTFCB_BOS1_RPO17102803_860320191225_511986_20191226_0002.xml Назначение: D:\SKAD\form44
0SKAD\temp\work\KWTFCB_BOS1_RPO17102803_860320191225_511986_20191226_0002.xml".
Выполнение операции "Копирование файла" над целевым объектом "Элемент: D:\SKAD\form440SKAD\tmp_arj\KWTFCB_BVD1_ZSV17102803_720620191225_120895_20191226_0002_000001_000001.xml Назначение: 
D:\SKAD\form440SKAD\temp\work\KWTFCB_BVD1_ZSV17102803_720620191225_120895_20191226_0002_000001_000001.xml".
Выполнение операции "Копирование файла" над целевым объектом "Элемент: D:\SKAD\form440SKAD\tmp_arj\KWTFCB_BVD1_ZSV17102803_720620191225_120895_20191226_0002_000002_000001.xml Назначение: 
D:\SKAD\form440SKAD\temp\work\KWTFCB_BVD1_ZSV17102803_720620191225_120895_20191226_0002_000002_000001.xml".
Выполнение операции "Копирование файла" над целевым объектом "Элемент: D:\SKAD\form440SKAD\tmp_arj\KWTFCB_BVS1_ZSV17102803_720620191225_120895_20191226_0002.xml Назначение: D:\SKAD\form44
0SKAD\temp\work\KWTFCB_BVS1_ZSV17102803_720620191225_120895_20191226_0002.xml".
Выполнение операции "Копирование файла" над целевым объектом "Элемент: D:\SKAD\form440SKAD\tmp_arj\KWTFCB_PB1_ROO17102803_701420191226_503763.xml Назначение: D:\SKAD\form440SKAD\temp\work
\KWTFCB_PB1_ROO17102803_701420191226_503763.xml".
Выполнение операции "Копирование файла" над целевым объектом "Элемент: D:\SKAD\form440SKAD\tmp_arj\KWTFCB_PB1_ROO17102803_860220191225_562374.xml Назначение: D:\SKAD\form440SKAD\temp\work
\KWTFCB_PB1_ROO17102803_860220191225_562374.xml".
Выполнение операции "Копирование файла" над целевым объектом "Элемент: D:\SKAD\form440SKAD\tmp_arj\KWTFCB_PB1_ROO17102803_890520191225_540526.xml Назначение: D:\SKAD\form440SKAD\temp\work
\KWTFCB_PB1_ROO17102803_890520191225_540526.xml".
Выполнение операции "Копирование файла" над целевым объектом "Элемент: D:\SKAD\form440SKAD\tmp_arj\KWTFCB_PB1_RPO17102803_860320191225_511976.xml Назначение: D:\SKAD\form440SKAD\temp\work
\KWTFCB_PB1_RPO17102803_860320191225_511976.xml".
Выполнение операции "Копирование файла" над целевым объектом "Элемент: D:\SKAD\form440SKAD\tmp_arj\KWTFCB_PB1_RPO17102803_860320191225_511986.xml Назначение: D:\SKAD\form440SKAD\temp\work
\KWTFCB_PB1_RPO17102803_860320191225_511986.xml".
Выполнение операции "Копирование файла" над целевым объектом "Элемент: D:\SKAD\form440SKAD\tmp_arj\KWTFCB_PB1_ZSV17102803_720620191225_120895.xml Назначение: D:\SKAD\form440SKAD\temp\work
\KWTFCB_PB1_ZSV17102803_720620191225_120895.xml".

[2019-12-28 17:08:06Z] - INFO - Выполнение операции "Удаление файла" над целевым объектом "D:\SKAD\form440SKAD\tmp_arj\KWTFCB_BOS1_RPO17102803_860320191225_511976_20191226_0002.xml".
Выполнение операции "Удаление файла" над целевым объектом "D:\SKAD\form440SKAD\tmp_arj\KWTFCB_BOS1_RPO17102803_860320191225_511986_20191226_0002.xml".
Выполнение операции "Удаление файла" над целевым объектом "D:\SKAD\form440SKAD\tmp_arj\KWTFCB_BVD1_ZSV17102803_720620191225_120895_20191226_0002_000001_000001.xml".
Выполнение операции "Удаление файла" над целевым объектом "D:\SKAD\form440SKAD\tmp_arj\KWTFCB_BVD1_ZSV17102803_720620191225_120895_20191226_0002_000002_000001.xml".
Выполнение операции "Удаление файла" над целевым объектом "D:\SKAD\form440SKAD\tmp_arj\KWTFCB_BVS1_ZSV17102803_720620191225_120895_20191226_0002.xml".
Выполнение операции "Удаление файла" над целевым объектом "D:\SKAD\form440SKAD\tmp_arj\KWTFCB_PB1_ROO17102803_701420191226_503763.xml".
Выполнение операции "Удаление файла" над целевым объектом "D:\SKAD\form440SKAD\tmp_arj\KWTFCB_PB1_ROO17102803_860220191225_562374.xml".
Выполнение операции "Удаление файла" над целевым объектом "D:\SKAD\form440SKAD\tmp_arj\KWTFCB_PB1_ROO17102803_890520191225_540526.xml".
Выполнение операции "Удаление файла" над целевым объектом "D:\SKAD\form440SKAD\tmp_arj\KWTFCB_PB1_RPO17102803_860320191225_511976.xml".
Выполнение операции "Удаление файла" над целевым объектом "D:\SKAD\form440SKAD\tmp_arj\KWTFCB_PB1_RPO17102803_860320191225_511986.xml".
Выполнение операции "Удаление файла" над целевым объектом "D:\SKAD\form440SKAD\tmp_arj\KWTFCB_PB1_ZSV17102803_720620191225_120895.xml".

[2019-12-28 17:08:06Z] - INFO - Разархивация файла D:\SKAD\form440SKAD\temp\work\AFN_MIFNS00_7102803_20191227_00001.arj
[2019-12-28 17:08:07Z] - INFO - Выполнение операции "Копирование файла" над целевым объектом "Элемент: D:\SKAD\form440SKAD\tmp_arj\ZSV17102803_860220191227_101660.vrb Назначение: D:\SKAD\form440SKAD\temp\work\ZSV1710280
3_860220191227_101660.vrb".
Выполнение операции "Копирование файла" над целевым объектом "Элемент: D:\SKAD\form440SKAD\tmp_arj\ZSV17102803_890520191227_100989.vrb Назначение: D:\SKAD\form440SKAD\temp\work\ZSV1710280
3_890520191227_100989.vrb".

[2019-12-28 17:08:07Z] - INFO - Выполнение операции "Удаление файла" над целевым объектом "D:\SKAD\form440SKAD\tmp_arj\ZSV17102803_860220191227_101660.vrb".
Выполнение операции "Удаление файла" над целевым объектом "D:\SKAD\form440SKAD\tmp_arj\ZSV17102803_890520191227_100989.vrb".

[2019-12-28 17:08:08Z] - INFO - Выполнение операции "Удаление файла" над целевым объектом "D:\SKAD\form440SKAD\temp\work\AFN_MIFNS00_7102803_20191226_00003.arj".
Выполнение операции "Удаление файла" над целевым объектом "D:\SKAD\form440SKAD\temp\work\AFN_MIFNS00_7102803_20191227_00001.arj".

[2019-12-28 17:08:08Z] - INFO - Расшифровываем vrb-файлы
[2019-12-28 17:08:08Z] - INFO - Начинаем преобразование...
[2019-12-28 17:08:08Z] - INFO - Расшифровываем файл ZSV17102803_860220191227_101660.vrb
[2019-12-28 17:08:15Z] - INFO - Расшифровываем файл ZSV17102803_890520191227_100989.vrb
[2019-12-28 17:08:16Z] - INFO - Выполнение операции "Удаление файла" над целевым объектом "D:\SKAD\form440SKAD\temp\work\ZSV17102803_860220191227_101660.vrb".
Выполнение операции "Удаление файла" над целевым объектом "D:\SKAD\form440SKAD\temp\work\ZSV17102803_890520191227_100989.vrb".

[2019-12-28 17:08:16Z] - INFO - Выполнение операции "Переименование файла" над целевым объектом "Элемент: D:\SKAD\form440SKAD\temp\work\ZSV17102803_860220191227_101660.vrb.test Назначение: D:\SKAD\form440SKAD\temp\work\
ZSV17102803_860220191227_101660.vrb".
Выполнение операции "Переименование файла" над целевым объектом "Элемент: D:\SKAD\form440SKAD\temp\work\ZSV17102803_890520191227_100989.vrb.test Назначение: D:\SKAD\form440SKAD\temp\work\
ZSV17102803_890520191227_100989.vrb".

[2019-12-28 17:08:16Z] - INFO - Распаковываем vrb-файлы
[2019-12-28 17:08:21Z] - INFO - Выполнение операции "Переименование файла" над целевым объектом "Элемент: D:\SKAD\form440SKAD\temp\work\ZSV17102803_860220191227_101660.vrb Назначение: D:\SKAD\form440SKAD\temp\work\ZSV17
102803_860220191227_101660.vrb.gz".
Выполнение операции "Переименование файла" над целевым объектом "Элемент: D:\SKAD\form440SKAD\temp\work\ZSV17102803_890520191227_100989.vrb Назначение: D:\SKAD\form440SKAD\temp\work\ZSV17
102803_890520191227_100989.vrb.gz".

[2019-12-28 17:08:22Z] - INFO - Переименовываем файлы в xml
[2019-12-28 17:08:22Z] - INFO - Выполнение операции "Переименование файла" над целевым объектом "Элемент: D:\SKAD\form440SKAD\temp\work\ZSV17102803_860220191227_101660.vrb Назначение: D:\SKAD\form440SKAD\temp\work\ZSV17
102803_860220191227_101660.xml".
Выполнение операции "Переименование файла" над целевым объектом "Элемент: D:\SKAD\form440SKAD\temp\work\ZSV17102803_890520191227_100989.vrb Назначение: D:\SKAD\form440SKAD\temp\work\ZSV17
102803_890520191227_100989.xml".

[2019-12-28 17:08:22Z] - INFO - Снимаем подпись со всех файлов
[2019-12-28 17:08:22Z] - INFO - Начинаем преобразование...
[2019-12-28 17:08:23Z] - INFO - Снимаем подпись с файла KWTFCB_BOS1_RPO17102803_860320191225_511976_20191226_0002.xml
[2019-12-28 17:08:24Z] - INFO - Снимаем подпись с файла KWTFCB_BOS1_RPO17102803_860320191225_511986_20191226_0002.xml
[2019-12-28 17:08:25Z] - INFO - Снимаем подпись с файла KWTFCB_BVD1_ZSV17102803_720620191225_120895_20191226_0002_000001_000001.xml
[2019-12-28 17:08:26Z] - INFO - Снимаем подпись с файла KWTFCB_BVD1_ZSV17102803_720620191225_120895_20191226_0002_000002_000001.xml
[2019-12-28 17:08:27Z] - INFO - Снимаем подпись с файла KWTFCB_BVS1_ZSV17102803_720620191225_120895_20191226_0002.xml
[2019-12-28 17:08:28Z] - INFO - Снимаем подпись с файла KWTFCB_PB1_ROO17102803_701420191226_503763.xml
[2019-12-28 17:08:29Z] - INFO - Снимаем подпись с файла KWTFCB_PB1_ROO17102803_860220191225_562374.xml
[2019-12-28 17:08:30Z] - INFO - Снимаем подпись с файла KWTFCB_PB1_ROO17102803_890520191225_540526.xml
[2019-12-28 17:08:31Z] - INFO - Снимаем подпись с файла KWTFCB_PB1_RPO17102803_860320191225_511976.xml
[2019-12-28 17:08:32Z] - INFO - Снимаем подпись с файла KWTFCB_PB1_RPO17102803_860320191225_511986.xml
[2019-12-28 17:08:33Z] - INFO - Снимаем подпись с файла KWTFCB_PB1_ZSV17102803_720620191225_120895.xml
[2019-12-28 17:08:34Z] - INFO - Снимаем подпись с файла ZSV17102803_860220191227_101660.xml
[2019-12-28 17:08:35Z] - INFO - Снимаем подпись с файла ZSV17102803_890520191227_100989.xml
[2019-12-28 17:08:37Z] - INFO - Выполнение операции "Удаление файла" над целевым объектом "D:\SKAD\form440SKAD\temp\work\KWTFCB_BOS1_RPO17102803_860320191225_511976_20191226_0002.xml".
Выполнение операции "Удаление файла" над целевым объектом "D:\SKAD\form440SKAD\temp\work\KWTFCB_BOS1_RPO17102803_860320191225_511986_20191226_0002.xml".
Выполнение операции "Удаление файла" над целевым объектом "D:\SKAD\form440SKAD\temp\work\KWTFCB_BVD1_ZSV17102803_720620191225_120895_20191226_0002_000001_000001.xml".
Выполнение операции "Удаление файла" над целевым объектом "D:\SKAD\form440SKAD\temp\work\KWTFCB_BVD1_ZSV17102803_720620191225_120895_20191226_0002_000002_000001.xml".
Выполнение операции "Удаление файла" над целевым объектом "D:\SKAD\form440SKAD\temp\work\KWTFCB_BVS1_ZSV17102803_720620191225_120895_20191226_0002.xml".
Выполнение операции "Удаление файла" над целевым объектом "D:\SKAD\form440SKAD\temp\work\KWTFCB_PB1_ROO17102803_701420191226_503763.xml".
Выполнение операции "Удаление файла" над целевым объектом "D:\SKAD\form440SKAD\temp\work\KWTFCB_PB1_ROO17102803_860220191225_562374.xml".
Выполнение операции "Удаление файла" над целевым объектом "D:\SKAD\form440SKAD\temp\work\KWTFCB_PB1_ROO17102803_890520191225_540526.xml".
Выполнение операции "Удаление файла" над целевым объектом "D:\SKAD\form440SKAD\temp\work\KWTFCB_PB1_RPO17102803_860320191225_511976.xml".
Выполнение операции "Удаление файла" над целевым объектом "D:\SKAD\form440SKAD\temp\work\KWTFCB_PB1_RPO17102803_860320191225_511986.xml".
Выполнение операции "Удаление файла" над целевым объектом "D:\SKAD\form440SKAD\temp\work\KWTFCB_PB1_ZSV17102803_720620191225_120895.xml".
Выполнение операции "Удаление файла" над целевым объектом "D:\SKAD\form440SKAD\temp\work\ZSV17102803_860220191227_101660.xml".
Выполнение операции "Удаление файла" над целевым объектом "D:\SKAD\form440SKAD\temp\work\ZSV17102803_890520191227_100989.xml".

[2019-12-28 17:08:37Z] - INFO - Выполнение операции "Переименование файла" над целевым объектом "Элемент: D:\SKAD\form440SKAD\temp\work\KWTFCB_BOS1_RPO17102803_860320191225_511976_20191226_0002.xml.test Назначение: D:\S
KAD\form440SKAD\temp\work\KWTFCB_BOS1_RPO17102803_860320191225_511976_20191226_0002.xml".
Выполнение операции "Переименование файла" над целевым объектом "Элемент: D:\SKAD\form440SKAD\temp\work\KWTFCB_BOS1_RPO17102803_860320191225_511986_20191226_0002.xml.test Назначение: D:\S
KAD\form440SKAD\temp\work\KWTFCB_BOS1_RPO17102803_860320191225_511986_20191226_0002.xml".
Выполнение операции "Переименование файла" над целевым объектом "Элемент: D:\SKAD\form440SKAD\temp\work\KWTFCB_BVD1_ZSV17102803_720620191225_120895_20191226_0002_000001_000001.xml.test На
значение: D:\SKAD\form440SKAD\temp\work\KWTFCB_BVD1_ZSV17102803_720620191225_120895_20191226_0002_000001_000001.xml".
Выполнение операции "Переименование файла" над целевым объектом "Элемент: D:\SKAD\form440SKAD\temp\work\KWTFCB_BVD1_ZSV17102803_720620191225_120895_20191226_0002_000002_000001.xml.test На
значение: D:\SKAD\form440SKAD\temp\work\KWTFCB_BVD1_ZSV17102803_720620191225_120895_20191226_0002_000002_000001.xml".
Выполнение операции "Переименование файла" над целевым объектом "Элемент: D:\SKAD\form440SKAD\temp\work\KWTFCB_BVS1_ZSV17102803_720620191225_120895_20191226_0002.xml.test Назначение: D:\S
KAD\form440SKAD\temp\work\KWTFCB_BVS1_ZSV17102803_720620191225_120895_20191226_0002.xml".
Выполнение операции "Переименование файла" над целевым объектом "Элемент: D:\SKAD\form440SKAD\temp\work\KWTFCB_PB1_ROO17102803_701420191226_503763.xml.test Назначение: D:\SKAD\form440SKAD
\temp\work\KWTFCB_PB1_ROO17102803_701420191226_503763.xml".
Выполнение операции "Переименование файла" над целевым объектом "Элемент: D:\SKAD\form440SKAD\temp\work\KWTFCB_PB1_ROO17102803_860220191225_562374.xml.test Назначение: D:\SKAD\form440SKAD
\temp\work\KWTFCB_PB1_ROO17102803_860220191225_562374.xml".
Выполнение операции "Переименование файла" над целевым объектом "Элемент: D:\SKAD\form440SKAD\temp\work\KWTFCB_PB1_ROO17102803_890520191225_540526.xml.test Назначение: D:\SKAD\form440SKAD
\temp\work\KWTFCB_PB1_ROO17102803_890520191225_540526.xml".
Выполнение операции "Переименование файла" над целевым объектом "Элемент: D:\SKAD\form440SKAD\temp\work\KWTFCB_PB1_RPO17102803_860320191225_511976.xml.test Назначение: D:\SKAD\form440SKAD
\temp\work\KWTFCB_PB1_RPO17102803_860320191225_511976.xml".
Выполнение операции "Переименование файла" над целевым объектом "Элемент: D:\SKAD\form440SKAD\temp\work\KWTFCB_PB1_RPO17102803_860320191225_511986.xml.test Назначение: D:\SKAD\form440SKAD
\temp\work\KWTFCB_PB1_RPO17102803_860320191225_511986.xml".
Выполнение операции "Переименование файла" над целевым объектом "Элемент: D:\SKAD\form440SKAD\temp\work\KWTFCB_PB1_ZSV17102803_720620191225_120895.xml.test Назначение: D:\SKAD\form440SKAD
\temp\work\KWTFCB_PB1_ZSV17102803_720620191225_120895.xml".
Выполнение операции "Переименование файла" над целевым объектом "Элемент: D:\SKAD\form440SKAD\temp\work\ZSV17102803_860220191227_101660.xml.test Назначение: D:\SKAD\form440SKAD\temp\work\
ZSV17102803_860220191227_101660.xml".
Выполнение операции "Переименование файла" над целевым объектом "Элемент: D:\SKAD\form440SKAD\temp\work\ZSV17102803_890520191227_100989.xml.test Назначение: D:\SKAD\form440SKAD\temp\work\
ZSV17102803_890520191227_100989.xml".

[2019-12-28 17:08:37Z] - INFO - Форматируем xml-файлы
[2019-12-28 17:08:37Z] - INFO - Пришли подтверждения
[2019-12-28 17:08:37Z] - INFO - Выполнение операции "Копирование файла" над целевым объектом "Элемент: D:\SKAD\form440SKAD\temp\work\KWTFCB_BOS1_RPO17102803_860320191225_511976_20191226_0002.xml Назначение: D:\SKAD\form
440SKAD\temp\440p\ack\28122019\KWTFCB_BOS1_RPO17102803_860320191225_511976_20191226_0002.xml".

[2019-12-28 17:08:37Z] - INFO - Выполнение операции "Копирование файла" над целевым объектом "Элемент: D:\SKAD\form440SKAD\temp\work\KWTFCB_BOS1_RPO17102803_860320191225_511986_20191226_0002.xml Назначение: D:\SKAD\form
440SKAD\temp\440p\ack\28122019\KWTFCB_BOS1_RPO17102803_860320191225_511986_20191226_0002.xml".

[2019-12-28 17:08:37Z] - INFO - Выполнение операции "Копирование файла" над целевым объектом "Элемент: D:\SKAD\form440SKAD\temp\work\KWTFCB_BVD1_ZSV17102803_720620191225_120895_20191226_0002_000001_000001.xml Назначение
: D:\SKAD\form440SKAD\temp\440p\ack\28122019\KWTFCB_BVD1_ZSV17102803_720620191225_120895_20191226_0002_000001_000001.xml".

[2019-12-28 17:08:37Z] - INFO - Выполнение операции "Копирование файла" над целевым объектом "Элемент: D:\SKAD\form440SKAD\temp\work\KWTFCB_BVD1_ZSV17102803_720620191225_120895_20191226_0002_000002_000001.xml Назначение
: D:\SKAD\form440SKAD\temp\440p\ack\28122019\KWTFCB_BVD1_ZSV17102803_720620191225_120895_20191226_0002_000002_000001.xml".

[2019-12-28 17:08:37Z] - INFO - Выполнение операции "Копирование файла" над целевым объектом "Элемент: D:\SKAD\form440SKAD\temp\work\KWTFCB_BVS1_ZSV17102803_720620191225_120895_20191226_0002.xml Назначение: D:\SKAD\form
440SKAD\temp\440p\ack\28122019\KWTFCB_BVS1_ZSV17102803_720620191225_120895_20191226_0002.xml".

[2019-12-28 17:08:37Z] - INFO - Выполнение операции "Копирование файла" над целевым объектом "Элемент: D:\SKAD\form440SKAD\temp\work\KWTFCB_PB1_ROO17102803_701420191226_503763.xml Назначение: D:\SKAD\form440SKAD\temp\44
0p\ack\28122019\KWTFCB_PB1_ROO17102803_701420191226_503763.xml".

[2019-12-28 17:08:37Z] - INFO - Выполнение операции "Копирование файла" над целевым объектом "Элемент: D:\SKAD\form440SKAD\temp\work\KWTFCB_PB1_ROO17102803_860220191225_562374.xml Назначение: D:\SKAD\form440SKAD\temp\44
0p\ack\28122019\KWTFCB_PB1_ROO17102803_860220191225_562374.xml".

[2019-12-28 17:08:37Z] - INFO - Выполнение операции "Копирование файла" над целевым объектом "Элемент: D:\SKAD\form440SKAD\temp\work\KWTFCB_PB1_ROO17102803_890520191225_540526.xml Назначение: D:\SKAD\form440SKAD\temp\44
0p\ack\28122019\KWTFCB_PB1_ROO17102803_890520191225_540526.xml".

[2019-12-28 17:08:37Z] - INFO - Выполнение операции "Копирование файла" над целевым объектом "Элемент: D:\SKAD\form440SKAD\temp\work\KWTFCB_PB1_RPO17102803_860320191225_511976.xml Назначение: D:\SKAD\form440SKAD\temp\44
0p\ack\28122019\KWTFCB_PB1_RPO17102803_860320191225_511976.xml".

[2019-12-28 17:08:37Z] - INFO - Выполнение операции "Копирование файла" над целевым объектом "Элемент: D:\SKAD\form440SKAD\temp\work\KWTFCB_PB1_RPO17102803_860320191225_511986.xml Назначение: D:\SKAD\form440SKAD\temp\44
0p\ack\28122019\KWTFCB_PB1_RPO17102803_860320191225_511986.xml".

[2019-12-28 17:08:37Z] - INFO - Выполнение операции "Копирование файла" над целевым объектом "Элемент: D:\SKAD\form440SKAD\temp\work\KWTFCB_PB1_ZSV17102803_720620191225_120895.xml Назначение: D:\SKAD\form440SKAD\temp\44
0p\ack\28122019\KWTFCB_PB1_ZSV17102803_720620191225_120895.xml".

[2019-12-28 17:08:42Z] - INFO - Пришли успешные подтверждения - 11 шт.
Потверждения находятся в каталоге D:\SKAD\form440SKAD\temp\440p\ack\28122019


[2019-12-28 17:08:42Z] - INFO - Выполнение операции "Копирование файла" над целевым объектом "Элемент: D:\SKAD\form440SKAD\temp\work\KWTFCB_BOS1_RPO17102803_860320191225_511976_20191226_0002.xml Назначение: D:\SKAD\form
440SKAD\temp\ARM_440\KWTFCB_BOS1_RPO17102803_860320191225_511976_20191226_0002.xml".
Выполнение операции "Копирование файла" над целевым объектом "Элемент: D:\SKAD\form440SKAD\temp\work\KWTFCB_BOS1_RPO17102803_860320191225_511986_20191226_0002.xml Назначение: D:\SKAD\form
440SKAD\temp\ARM_440\KWTFCB_BOS1_RPO17102803_860320191225_511986_20191226_0002.xml".
Выполнение операции "Копирование файла" над целевым объектом "Элемент: D:\SKAD\form440SKAD\temp\work\KWTFCB_BVD1_ZSV17102803_720620191225_120895_20191226_0002_000001_000001.xml Назначение
: D:\SKAD\form440SKAD\temp\ARM_440\KWTFCB_BVD1_ZSV17102803_720620191225_120895_20191226_0002_000001_000001.xml".
Выполнение операции "Копирование файла" над целевым объектом "Элемент: D:\SKAD\form440SKAD\temp\work\KWTFCB_BVD1_ZSV17102803_720620191225_120895_20191226_0002_000002_000001.xml Назначение
: D:\SKAD\form440SKAD\temp\ARM_440\KWTFCB_BVD1_ZSV17102803_720620191225_120895_20191226_0002_000002_000001.xml".
Выполнение операции "Копирование файла" над целевым объектом "Элемент: D:\SKAD\form440SKAD\temp\work\KWTFCB_BVS1_ZSV17102803_720620191225_120895_20191226_0002.xml Назначение: D:\SKAD\form
440SKAD\temp\ARM_440\KWTFCB_BVS1_ZSV17102803_720620191225_120895_20191226_0002.xml".
Выполнение операции "Копирование файла" над целевым объектом "Элемент: D:\SKAD\form440SKAD\temp\work\KWTFCB_PB1_ROO17102803_701420191226_503763.xml Назначение: D:\SKAD\form440SKAD\temp\AR
M_440\KWTFCB_PB1_ROO17102803_701420191226_503763.xml".
Выполнение операции "Копирование файла" над целевым объектом "Элемент: D:\SKAD\form440SKAD\temp\work\KWTFCB_PB1_ROO17102803_860220191225_562374.xml Назначение: D:\SKAD\form440SKAD\temp\AR
M_440\KWTFCB_PB1_ROO17102803_860220191225_562374.xml".
Выполнение операции "Копирование файла" над целевым объектом "Элемент: D:\SKAD\form440SKAD\temp\work\KWTFCB_PB1_ROO17102803_890520191225_540526.xml Назначение: D:\SKAD\form440SKAD\temp\AR
M_440\KWTFCB_PB1_ROO17102803_890520191225_540526.xml".
Выполнение операции "Копирование файла" над целевым объектом "Элемент: D:\SKAD\form440SKAD\temp\work\KWTFCB_PB1_RPO17102803_860320191225_511976.xml Назначение: D:\SKAD\form440SKAD\temp\AR
M_440\KWTFCB_PB1_RPO17102803_860320191225_511976.xml".
Выполнение операции "Копирование файла" над целевым объектом "Элемент: D:\SKAD\form440SKAD\temp\work\KWTFCB_PB1_RPO17102803_860320191225_511986.xml Назначение: D:\SKAD\form440SKAD\temp\AR
M_440\KWTFCB_PB1_RPO17102803_860320191225_511986.xml".
Выполнение операции "Копирование файла" над целевым объектом "Элемент: D:\SKAD\form440SKAD\temp\work\KWTFCB_PB1_ZSV17102803_720620191225_120895.xml Назначение: D:\SKAD\form440SKAD\temp\AR
M_440\KWTFCB_PB1_ZSV17102803_720620191225_120895.xml".

[2019-12-28 17:08:42Z] - INFO - Выполнение операции "Удаление файла" над целевым объектом "D:\SKAD\form440SKAD\temp\work\KWTFCB_BOS1_RPO17102803_860320191225_511976_20191226_0002.xml".
Выполнение операции "Удаление файла" над целевым объектом "D:\SKAD\form440SKAD\temp\work\KWTFCB_BOS1_RPO17102803_860320191225_511986_20191226_0002.xml".
Выполнение операции "Удаление файла" над целевым объектом "D:\SKAD\form440SKAD\temp\work\KWTFCB_BVD1_ZSV17102803_720620191225_120895_20191226_0002_000001_000001.xml".
Выполнение операции "Удаление файла" над целевым объектом "D:\SKAD\form440SKAD\temp\work\KWTFCB_BVD1_ZSV17102803_720620191225_120895_20191226_0002_000002_000001.xml".
Выполнение операции "Удаление файла" над целевым объектом "D:\SKAD\form440SKAD\temp\work\KWTFCB_BVS1_ZSV17102803_720620191225_120895_20191226_0002.xml".
Выполнение операции "Удаление файла" над целевым объектом "D:\SKAD\form440SKAD\temp\work\KWTFCB_PB1_ROO17102803_701420191226_503763.xml".
Выполнение операции "Удаление файла" над целевым объектом "D:\SKAD\form440SKAD\temp\work\KWTFCB_PB1_ROO17102803_860220191225_562374.xml".
Выполнение операции "Удаление файла" над целевым объектом "D:\SKAD\form440SKAD\temp\work\KWTFCB_PB1_ROO17102803_890520191225_540526.xml".
Выполнение операции "Удаление файла" над целевым объектом "D:\SKAD\form440SKAD\temp\work\KWTFCB_PB1_RPO17102803_860320191225_511976.xml".
Выполнение операции "Удаление файла" над целевым объектом "D:\SKAD\form440SKAD\temp\work\KWTFCB_PB1_RPO17102803_860320191225_511986.xml".
Выполнение операции "Удаление файла" над целевым объектом "D:\SKAD\form440SKAD\temp\work\KWTFCB_PB1_ZSV17102803_720620191225_120895.xml".

[2019-12-28 17:08:46Z] - INFO - Пришло всего 2 сообщений
Из них:
Запросы: 2

[2019-12-28 17:08:46Z] - INFO - Выполнение операции "Копирование файла" над целевым объектом "Элемент: D:\SKAD\form440SKAD\temp\work\ZSV17102803_860220191227_101660.xml Назначение: D:\SKAD\form440SKAD\temp\440p\Arhive\2
8122019\ZSV17102803_860220191227_101660.xml".
Выполнение операции "Копирование файла" над целевым объектом "Элемент: D:\SKAD\form440SKAD\temp\work\ZSV17102803_890520191227_100989.xml Назначение: D:\SKAD\form440SKAD\temp\440p\Arhive\2
8122019\ZSV17102803_890520191227_100989.xml".

[2019-12-28 17:08:46Z] - INFO - Выполнение операции "Копирование файла" над целевым объектом "Элемент: D:\SKAD\form440SKAD\temp\work\ZSV17102803_860220191227_101660.xml Назначение: D:\SKAD\form440SKAD\temp\ARM_440\ZSV17
102803_860220191227_101660.xml".
Выполнение операции "Копирование файла" над целевым объектом "Элемент: D:\SKAD\form440SKAD\temp\work\ZSV17102803_890520191227_100989.xml Назначение: D:\SKAD\form440SKAD\temp\ARM_440\ZSV17
102803_890520191227_100989.xml".

[2019-12-28 17:08:46Z] - INFO - Выполнение операции "Удаление файла" над целевым объектом "D:\SKAD\form440SKAD\temp\work\ZSV17102803_860220191227_101660.xml".
Выполнение операции "Удаление файла" над целевым объектом "D:\SKAD\form440SKAD\temp\work\ZSV17102803_890520191227_100989.xml".

[2019-12-28 17:08:46Z] - INFO - Выполнение операции "Удаление файла" над целевым объектом "D:\SKAD\form440SKAD\temp\OUT\AFN_MIFNS00_7102803_20191226_00003.arj".
Выполнение операции "Удаление файла" над целевым объектом "D:\SKAD\form440SKAD\temp\OUT\AFN_MIFNS00_7102803_20191227_00001.arj".

[2019-12-28 17:08:46Z] - INFO - Загружаем исходную ключевую дискету
[2019-12-28 17:08:46Z] - INFO - Конец работы скрипта!
[2019-12-28 17:11:56Z] - INFO - Режим отладки
[2019-12-28 17:11:56Z] - INFO - Выполнение операции "Копирование файла" над целевым объектом "Элемент: D:\SKAD\form440SKAD\temp\OUT\AFN_MIFNS00_7102803_20191226_00003.arj Назначение: D:\SKAD\form440SKAD\temp\work\AFN_MI
FNS00_7102803_20191226_00003.arj".
Выполнение операции "Копирование файла" над целевым объектом "Элемент: D:\SKAD\form440SKAD\temp\OUT\AFN_MIFNS00_7102803_20191227_00001.arj Назначение: D:\SKAD\form440SKAD\temp\work\AFN_MI
FNS00_7102803_20191227_00001.arj".

[2019-12-28 17:11:56Z] - INFO - Сохраняем текущею ключевую дискету
[2019-12-28 17:11:56Z] - INFO - Загружаем ключевую дискету d:\SKAD\Floppy\foiv
[2019-12-28 17:11:56Z] - INFO - Копирование файлов в архив D:\SKAD\form440SKAD\temp\440p\Arhive\28122019
[2019-12-28 17:11:56Z] - INFO - Выполнение операции "Копирование файла" над целевым объектом "Элемент: D:\SKAD\form440SKAD\temp\work\AFN_MIFNS00_7102803_20191226_00003.arj Назначение: D:\SKAD\form440SKAD\temp\440p\Arhiv
e\28122019\AFN_MIFNS00_7102803_20191226_00003.arj".
Выполнение операции "Копирование файла" над целевым объектом "Элемент: D:\SKAD\form440SKAD\temp\work\AFN_MIFNS00_7102803_20191227_00001.arj Назначение: D:\SKAD\form440SKAD\temp\440p\Arhiv
e\28122019\AFN_MIFNS00_7102803_20191227_00001.arj".

[2019-12-28 17:12:00Z] - INFO - Выполнение операции "Копирование файла" над целевым объектом "Элемент: D:\SKAD\form440SKAD\temp\work\AFN_MIFNS00_7102803_20191226_00003.arj Назначение: D:\SKAD\form440SKAD\temp\IN\AFN_MIF
NS00_7102803_20191226_00003.arj".
Выполнение операции "Копирование файла" над целевым объектом "Элемент: D:\SKAD\form440SKAD\temp\work\AFN_MIFNS00_7102803_20191227_00001.arj Назначение: D:\SKAD\form440SKAD\temp\IN\AFN_MIF
NS00_7102803_20191227_00001.arj".

[2019-12-28 17:12:15Z] - INFO - Загрузите архивы в систему Comita
AFN_MIFNS00_7102803_20191226_00003.arj
AFN_MIFNS00_7102803_20191227_00001.arj


[2019-12-28 17:12:15Z] - INFO - Снимаем подпись с arj-архивов
[2019-12-28 17:12:15Z] - INFO - Начинаем преобразование...
[2019-12-28 17:12:15Z] - INFO - Снимаем подпись с файла AFN_MIFNS00_7102803_20191226_00003.arj
[2019-12-28 17:12:16Z] - INFO - Снимаем подпись с файла AFN_MIFNS00_7102803_20191227_00001.arj
[2019-12-28 17:12:17Z] - INFO - Выполнение операции "Удаление файла" над целевым объектом "D:\SKAD\form440SKAD\temp\work\AFN_MIFNS00_7102803_20191226_00003.arj".
Выполнение операции "Удаление файла" над целевым объектом "D:\SKAD\form440SKAD\temp\work\AFN_MIFNS00_7102803_20191227_00001.arj".

[2019-12-28 17:12:17Z] - INFO - Выполнение операции "Переименование файла" над целевым объектом "Элемент: D:\SKAD\form440SKAD\temp\work\AFN_MIFNS00_7102803_20191226_00003.arj.test Назначение: D:\SKAD\form440SKAD\temp\wo
rk\AFN_MIFNS00_7102803_20191226_00003.arj".
Выполнение операции "Переименование файла" над целевым объектом "Элемент: D:\SKAD\form440SKAD\temp\work\AFN_MIFNS00_7102803_20191227_00001.arj.test Назначение: D:\SKAD\form440SKAD\temp\wo
rk\AFN_MIFNS00_7102803_20191227_00001.arj".

[2019-12-28 17:12:17Z] - INFO - Начинаем разархивацию...
[2019-12-28 17:12:17Z] - INFO - Разархивация файла D:\SKAD\form440SKAD\temp\work\AFN_MIFNS00_7102803_20191226_00003.arj
[2019-12-28 17:12:18Z] - INFO - Выполнение операции "Копирование файла" над целевым объектом "Элемент: D:\SKAD\form440SKAD\tmp_arj\KWTFCB_BOS1_RPO17102803_860320191225_511976_20191226_0002.xml Назначение: D:\SKAD\form44
0SKAD\temp\work\KWTFCB_BOS1_RPO17102803_860320191225_511976_20191226_0002.xml".
Выполнение операции "Копирование файла" над целевым объектом "Элемент: D:\SKAD\form440SKAD\tmp_arj\KWTFCB_BOS1_RPO17102803_860320191225_511986_20191226_0002.xml Назначение: D:\SKAD\form44
0SKAD\temp\work\KWTFCB_BOS1_RPO17102803_860320191225_511986_20191226_0002.xml".
Выполнение операции "Копирование файла" над целевым объектом "Элемент: D:\SKAD\form440SKAD\tmp_arj\KWTFCB_BVD1_ZSV17102803_720620191225_120895_20191226_0002_000001_000001.xml Назначение: 
D:\SKAD\form440SKAD\temp\work\KWTFCB_BVD1_ZSV17102803_720620191225_120895_20191226_0002_000001_000001.xml".
Выполнение операции "Копирование файла" над целевым объектом "Элемент: D:\SKAD\form440SKAD\tmp_arj\KWTFCB_BVD1_ZSV17102803_720620191225_120895_20191226_0002_000002_000001.xml Назначение: 
D:\SKAD\form440SKAD\temp\work\KWTFCB_BVD1_ZSV17102803_720620191225_120895_20191226_0002_000002_000001.xml".
Выполнение операции "Копирование файла" над целевым объектом "Элемент: D:\SKAD\form440SKAD\tmp_arj\KWTFCB_BVS1_ZSV17102803_720620191225_120895_20191226_0002.xml Назначение: D:\SKAD\form44
0SKAD\temp\work\KWTFCB_BVS1_ZSV17102803_720620191225_120895_20191226_0002.xml".
Выполнение операции "Копирование файла" над целевым объектом "Элемент: D:\SKAD\form440SKAD\tmp_arj\KWTFCB_PB1_ROO17102803_701420191226_503763.xml Назначение: D:\SKAD\form440SKAD\temp\work
\KWTFCB_PB1_ROO17102803_701420191226_503763.xml".
Выполнение операции "Копирование файла" над целевым объектом "Элемент: D:\SKAD\form440SKAD\tmp_arj\KWTFCB_PB1_ROO17102803_860220191225_562374.xml Назначение: D:\SKAD\form440SKAD\temp\work
\KWTFCB_PB1_ROO17102803_860220191225_562374.xml".
Выполнение операции "Копирование файла" над целевым объектом "Элемент: D:\SKAD\form440SKAD\tmp_arj\KWTFCB_PB1_ROO17102803_890520191225_540526.xml Назначение: D:\SKAD\form440SKAD\temp\work
\KWTFCB_PB1_ROO17102803_890520191225_540526.xml".
Выполнение операции "Копирование файла" над целевым объектом "Элемент: D:\SKAD\form440SKAD\tmp_arj\KWTFCB_PB1_RPO17102803_860320191225_511976.xml Назначение: D:\SKAD\form440SKAD\temp\work
\KWTFCB_PB1_RPO17102803_860320191225_511976.xml".
Выполнение операции "Копирование файла" над целевым объектом "Элемент: D:\SKAD\form440SKAD\tmp_arj\KWTFCB_PB1_RPO17102803_860320191225_511986.xml Назначение: D:\SKAD\form440SKAD\temp\work
\KWTFCB_PB1_RPO17102803_860320191225_511986.xml".
Выполнение операции "Копирование файла" над целевым объектом "Элемент: D:\SKAD\form440SKAD\tmp_arj\KWTFCB_PB1_ZSV17102803_720620191225_120895.xml Назначение: D:\SKAD\form440SKAD\temp\work
\KWTFCB_PB1_ZSV17102803_720620191225_120895.xml".

[2019-12-28 17:12:18Z] - INFO - Выполнение операции "Удаление файла" над целевым объектом "D:\SKAD\form440SKAD\tmp_arj\KWTFCB_BOS1_RPO17102803_860320191225_511976_20191226_0002.xml".
Выполнение операции "Удаление файла" над целевым объектом "D:\SKAD\form440SKAD\tmp_arj\KWTFCB_BOS1_RPO17102803_860320191225_511986_20191226_0002.xml".
Выполнение операции "Удаление файла" над целевым объектом "D:\SKAD\form440SKAD\tmp_arj\KWTFCB_BVD1_ZSV17102803_720620191225_120895_20191226_0002_000001_000001.xml".
Выполнение операции "Удаление файла" над целевым объектом "D:\SKAD\form440SKAD\tmp_arj\KWTFCB_BVD1_ZSV17102803_720620191225_120895_20191226_0002_000002_000001.xml".
Выполнение операции "Удаление файла" над целевым объектом "D:\SKAD\form440SKAD\tmp_arj\KWTFCB_BVS1_ZSV17102803_720620191225_120895_20191226_0002.xml".
Выполнение операции "Удаление файла" над целевым объектом "D:\SKAD\form440SKAD\tmp_arj\KWTFCB_PB1_ROO17102803_701420191226_503763.xml".
Выполнение операции "Удаление файла" над целевым объектом "D:\SKAD\form440SKAD\tmp_arj\KWTFCB_PB1_ROO17102803_860220191225_562374.xml".
Выполнение операции "Удаление файла" над целевым объектом "D:\SKAD\form440SKAD\tmp_arj\KWTFCB_PB1_ROO17102803_890520191225_540526.xml".
Выполнение операции "Удаление файла" над целевым объектом "D:\SKAD\form440SKAD\tmp_arj\KWTFCB_PB1_RPO17102803_860320191225_511976.xml".
Выполнение операции "Удаление файла" над целевым объектом "D:\SKAD\form440SKAD\tmp_arj\KWTFCB_PB1_RPO17102803_860320191225_511986.xml".
Выполнение операции "Удаление файла" над целевым объектом "D:\SKAD\form440SKAD\tmp_arj\KWTFCB_PB1_ZSV17102803_720620191225_120895.xml".

[2019-12-28 17:12:18Z] - INFO - Разархивация файла D:\SKAD\form440SKAD\temp\work\AFN_MIFNS00_7102803_20191227_00001.arj
[2019-12-28 17:12:19Z] - INFO - Выполнение операции "Копирование файла" над целевым объектом "Элемент: D:\SKAD\form440SKAD\tmp_arj\ZSV17102803_860220191227_101660.vrb Назначение: D:\SKAD\form440SKAD\temp\work\ZSV1710280
3_860220191227_101660.vrb".
Выполнение операции "Копирование файла" над целевым объектом "Элемент: D:\SKAD\form440SKAD\tmp_arj\ZSV17102803_890520191227_100989.vrb Назначение: D:\SKAD\form440SKAD\temp\work\ZSV1710280
3_890520191227_100989.vrb".

[2019-12-28 17:12:19Z] - INFO - Выполнение операции "Удаление файла" над целевым объектом "D:\SKAD\form440SKAD\tmp_arj\ZSV17102803_860220191227_101660.vrb".
Выполнение операции "Удаление файла" над целевым объектом "D:\SKAD\form440SKAD\tmp_arj\ZSV17102803_890520191227_100989.vrb".

[2019-12-28 17:12:19Z] - INFO - Выполнение операции "Удаление файла" над целевым объектом "D:\SKAD\form440SKAD\temp\work\AFN_MIFNS00_7102803_20191226_00003.arj".
Выполнение операции "Удаление файла" над целевым объектом "D:\SKAD\form440SKAD\temp\work\AFN_MIFNS00_7102803_20191227_00001.arj".

[2019-12-28 17:12:19Z] - INFO - Расшифровываем vrb-файлы
[2019-12-28 17:12:19Z] - INFO - Начинаем преобразование...
[2019-12-28 17:12:19Z] - INFO - Расшифровываем файл ZSV17102803_860220191227_101660.vrb
[2019-12-28 17:12:20Z] - INFO - Расшифровываем файл ZSV17102803_890520191227_100989.vrb
[2019-12-28 17:12:21Z] - INFO - Выполнение операции "Удаление файла" над целевым объектом "D:\SKAD\form440SKAD\temp\work\ZSV17102803_860220191227_101660.vrb".
Выполнение операции "Удаление файла" над целевым объектом "D:\SKAD\form440SKAD\temp\work\ZSV17102803_890520191227_100989.vrb".

[2019-12-28 17:12:21Z] - INFO - Выполнение операции "Переименование файла" над целевым объектом "Элемент: D:\SKAD\form440SKAD\temp\work\ZSV17102803_860220191227_101660.vrb.test Назначение: D:\SKAD\form440SKAD\temp\work\
ZSV17102803_860220191227_101660.vrb".
Выполнение операции "Переименование файла" над целевым объектом "Элемент: D:\SKAD\form440SKAD\temp\work\ZSV17102803_890520191227_100989.vrb.test Назначение: D:\SKAD\form440SKAD\temp\work\
ZSV17102803_890520191227_100989.vrb".

[2019-12-28 17:12:21Z] - INFO - Распаковываем vrb-файлы
[2019-12-28 17:12:21Z] - INFO - Выполнение операции "Переименование файла" над целевым объектом "Элемент: D:\SKAD\form440SKAD\temp\work\ZSV17102803_860220191227_101660.vrb Назначение: D:\SKAD\form440SKAD\temp\work\ZSV17
102803_860220191227_101660.vrb.gz".
Выполнение операции "Переименование файла" над целевым объектом "Элемент: D:\SKAD\form440SKAD\temp\work\ZSV17102803_890520191227_100989.vrb Назначение: D:\SKAD\form440SKAD\temp\work\ZSV17
102803_890520191227_100989.vrb.gz".

[2019-12-28 17:12:23Z] - INFO - Переименовываем файлы в xml
[2019-12-28 17:12:23Z] - INFO - Выполнение операции "Переименование файла" над целевым объектом "Элемент: D:\SKAD\form440SKAD\temp\work\ZSV17102803_860220191227_101660.vrb Назначение: D:\SKAD\form440SKAD\temp\work\ZSV17
102803_860220191227_101660.xml".
Выполнение операции "Переименование файла" над целевым объектом "Элемент: D:\SKAD\form440SKAD\temp\work\ZSV17102803_890520191227_100989.vrb Назначение: D:\SKAD\form440SKAD\temp\work\ZSV17
102803_890520191227_100989.xml".

[2019-12-28 17:12:23Z] - INFO - Снимаем подпись со всех файлов
[2019-12-28 17:12:23Z] - INFO - Начинаем преобразование...
[2019-12-28 17:12:23Z] - INFO - Снимаем подпись с файла KWTFCB_BOS1_RPO17102803_860320191225_511976_20191226_0002.xml
[2019-12-28 17:12:24Z] - INFO - Снимаем подпись с файла KWTFCB_BOS1_RPO17102803_860320191225_511986_20191226_0002.xml
[2019-12-28 17:12:25Z] - INFO - Снимаем подпись с файла KWTFCB_BVD1_ZSV17102803_720620191225_120895_20191226_0002_000001_000001.xml
[2019-12-28 17:12:26Z] - INFO - Снимаем подпись с файла KWTFCB_BVD1_ZSV17102803_720620191225_120895_20191226_0002_000002_000001.xml
[2019-12-28 17:12:27Z] - INFO - Снимаем подпись с файла KWTFCB_BVS1_ZSV17102803_720620191225_120895_20191226_0002.xml
[2019-12-28 17:12:28Z] - INFO - Снимаем подпись с файла KWTFCB_PB1_ROO17102803_701420191226_503763.xml
[2019-12-28 17:12:29Z] - INFO - Снимаем подпись с файла KWTFCB_PB1_ROO17102803_860220191225_562374.xml
[2019-12-28 17:12:30Z] - INFO - Снимаем подпись с файла KWTFCB_PB1_ROO17102803_890520191225_540526.xml
[2019-12-28 17:12:31Z] - INFO - Снимаем подпись с файла KWTFCB_PB1_RPO17102803_860320191225_511976.xml
[2019-12-28 17:12:32Z] - INFO - Снимаем подпись с файла KWTFCB_PB1_RPO17102803_860320191225_511986.xml
[2019-12-28 17:12:33Z] - INFO - Снимаем подпись с файла KWTFCB_PB1_ZSV17102803_720620191225_120895.xml
[2019-12-28 17:12:35Z] - INFO - Снимаем подпись с файла ZSV17102803_860220191227_101660.xml
[2019-12-28 17:12:36Z] - INFO - Снимаем подпись с файла ZSV17102803_890520191227_100989.xml
[2019-12-28 17:12:37Z] - INFO - Выполнение операции "Удаление файла" над целевым объектом "D:\SKAD\form440SKAD\temp\work\KWTFCB_BOS1_RPO17102803_860320191225_511976_20191226_0002.xml".
Выполнение операции "Удаление файла" над целевым объектом "D:\SKAD\form440SKAD\temp\work\KWTFCB_BOS1_RPO17102803_860320191225_511986_20191226_0002.xml".
Выполнение операции "Удаление файла" над целевым объектом "D:\SKAD\form440SKAD\temp\work\KWTFCB_BVD1_ZSV17102803_720620191225_120895_20191226_0002_000001_000001.xml".
Выполнение операции "Удаление файла" над целевым объектом "D:\SKAD\form440SKAD\temp\work\KWTFCB_BVD1_ZSV17102803_720620191225_120895_20191226_0002_000002_000001.xml".
Выполнение операции "Удаление файла" над целевым объектом "D:\SKAD\form440SKAD\temp\work\KWTFCB_BVS1_ZSV17102803_720620191225_120895_20191226_0002.xml".
Выполнение операции "Удаление файла" над целевым объектом "D:\SKAD\form440SKAD\temp\work\KWTFCB_PB1_ROO17102803_701420191226_503763.xml".
Выполнение операции "Удаление файла" над целевым объектом "D:\SKAD\form440SKAD\temp\work\KWTFCB_PB1_ROO17102803_860220191225_562374.xml".
Выполнение операции "Удаление файла" над целевым объектом "D:\SKAD\form440SKAD\temp\work\KWTFCB_PB1_ROO17102803_890520191225_540526.xml".
Выполнение операции "Удаление файла" над целевым объектом "D:\SKAD\form440SKAD\temp\work\KWTFCB_PB1_RPO17102803_860320191225_511976.xml".
Выполнение операции "Удаление файла" над целевым объектом "D:\SKAD\form440SKAD\temp\work\KWTFCB_PB1_RPO17102803_860320191225_511986.xml".
Выполнение операции "Удаление файла" над целевым объектом "D:\SKAD\form440SKAD\temp\work\KWTFCB_PB1_ZSV17102803_720620191225_120895.xml".
Выполнение операции "Удаление файла" над целевым объектом "D:\SKAD\form440SKAD\temp\work\ZSV17102803_860220191227_101660.xml".
Выполнение операции "Удаление файла" над целевым объектом "D:\SKAD\form440SKAD\temp\work\ZSV17102803_890520191227_100989.xml".

[2019-12-28 17:12:37Z] - INFO - Выполнение операции "Переименование файла" над целевым объектом "Элемент: D:\SKAD\form440SKAD\temp\work\KWTFCB_BOS1_RPO17102803_860320191225_511976_20191226_0002.xml.test Назначение: D:\S
KAD\form440SKAD\temp\work\KWTFCB_BOS1_RPO17102803_860320191225_511976_20191226_0002.xml".
Выполнение операции "Переименование файла" над целевым объектом "Элемент: D:\SKAD\form440SKAD\temp\work\KWTFCB_BOS1_RPO17102803_860320191225_511986_20191226_0002.xml.test Назначение: D:\S
KAD\form440SKAD\temp\work\KWTFCB_BOS1_RPO17102803_860320191225_511986_20191226_0002.xml".
Выполнение операции "Переименование файла" над целевым объектом "Элемент: D:\SKAD\form440SKAD\temp\work\KWTFCB_BVD1_ZSV17102803_720620191225_120895_20191226_0002_000001_000001.xml.test На
значение: D:\SKAD\form440SKAD\temp\work\KWTFCB_BVD1_ZSV17102803_720620191225_120895_20191226_0002_000001_000001.xml".
Выполнение операции "Переименование файла" над целевым объектом "Элемент: D:\SKAD\form440SKAD\temp\work\KWTFCB_BVD1_ZSV17102803_720620191225_120895_20191226_0002_000002_000001.xml.test На
значение: D:\SKAD\form440SKAD\temp\work\KWTFCB_BVD1_ZSV17102803_720620191225_120895_20191226_0002_000002_000001.xml".
Выполнение операции "Переименование файла" над целевым объектом "Элемент: D:\SKAD\form440SKAD\temp\work\KWTFCB_BVS1_ZSV17102803_720620191225_120895_20191226_0002.xml.test Назначение: D:\S
KAD\form440SKAD\temp\work\KWTFCB_BVS1_ZSV17102803_720620191225_120895_20191226_0002.xml".
Выполнение операции "Переименование файла" над целевым объектом "Элемент: D:\SKAD\form440SKAD\temp\work\KWTFCB_PB1_ROO17102803_701420191226_503763.xml.test Назначение: D:\SKAD\form440SKAD
\temp\work\KWTFCB_PB1_ROO17102803_701420191226_503763.xml".
Выполнение операции "Переименование файла" над целевым объектом "Элемент: D:\SKAD\form440SKAD\temp\work\KWTFCB_PB1_ROO17102803_860220191225_562374.xml.test Назначение: D:\SKAD\form440SKAD
\temp\work\KWTFCB_PB1_ROO17102803_860220191225_562374.xml".
Выполнение операции "Переименование файла" над целевым объектом "Элемент: D:\SKAD\form440SKAD\temp\work\KWTFCB_PB1_ROO17102803_890520191225_540526.xml.test Назначение: D:\SKAD\form440SKAD
\temp\work\KWTFCB_PB1_ROO17102803_890520191225_540526.xml".
Выполнение операции "Переименование файла" над целевым объектом "Элемент: D:\SKAD\form440SKAD\temp\work\KWTFCB_PB1_RPO17102803_860320191225_511976.xml.test Назначение: D:\SKAD\form440SKAD
\temp\work\KWTFCB_PB1_RPO17102803_860320191225_511976.xml".
Выполнение операции "Переименование файла" над целевым объектом "Элемент: D:\SKAD\form440SKAD\temp\work\KWTFCB_PB1_RPO17102803_860320191225_511986.xml.test Назначение: D:\SKAD\form440SKAD
\temp\work\KWTFCB_PB1_RPO17102803_860320191225_511986.xml".
Выполнение операции "Переименование файла" над целевым объектом "Элемент: D:\SKAD\form440SKAD\temp\work\KWTFCB_PB1_ZSV17102803_720620191225_120895.xml.test Назначение: D:\SKAD\form440SKAD
\temp\work\KWTFCB_PB1_ZSV17102803_720620191225_120895.xml".
Выполнение операции "Переименование файла" над целевым объектом "Элемент: D:\SKAD\form440SKAD\temp\work\ZSV17102803_860220191227_101660.xml.test Назначение: D:\SKAD\form440SKAD\temp\work\
ZSV17102803_860220191227_101660.xml".
Выполнение операции "Переименование файла" над целевым объектом "Элемент: D:\SKAD\form440SKAD\temp\work\ZSV17102803_890520191227_100989.xml.test Назначение: D:\SKAD\form440SKAD\temp\work\
ZSV17102803_890520191227_100989.xml".

[2019-12-28 17:12:37Z] - INFO - Форматируем xml-файлы
[2019-12-28 17:12:37Z] - INFO - Пришли подтверждения
[2019-12-28 17:12:37Z] - INFO - Выполнение операции "Копирование файла" над целевым объектом "Элемент: D:\SKAD\form440SKAD\temp\work\KWTFCB_BOS1_RPO17102803_860320191225_511976_20191226_0002.xml Назначение: D:\SKAD\form
440SKAD\temp\440p\ack\28122019\KWTFCB_BOS1_RPO17102803_860320191225_511976_20191226_0002.xml".

[2019-12-28 17:12:37Z] - INFO - Выполнение операции "Копирование файла" над целевым объектом "Элемент: D:\SKAD\form440SKAD\temp\work\KWTFCB_BOS1_RPO17102803_860320191225_511986_20191226_0002.xml Назначение: D:\SKAD\form
440SKAD\temp\440p\ack\28122019\KWTFCB_BOS1_RPO17102803_860320191225_511986_20191226_0002.xml".

[2019-12-28 17:12:37Z] - INFO - Выполнение операции "Копирование файла" над целевым объектом "Элемент: D:\SKAD\form440SKAD\temp\work\KWTFCB_BVD1_ZSV17102803_720620191225_120895_20191226_0002_000001_000001.xml Назначение
: D:\SKAD\form440SKAD\temp\440p\ack\28122019\KWTFCB_BVD1_ZSV17102803_720620191225_120895_20191226_0002_000001_000001.xml".

[2019-12-28 17:12:37Z] - INFO - Выполнение операции "Копирование файла" над целевым объектом "Элемент: D:\SKAD\form440SKAD\temp\work\KWTFCB_BVD1_ZSV17102803_720620191225_120895_20191226_0002_000002_000001.xml Назначение
: D:\SKAD\form440SKAD\temp\440p\ack\28122019\KWTFCB_BVD1_ZSV17102803_720620191225_120895_20191226_0002_000002_000001.xml".

[2019-12-28 17:12:37Z] - INFO - Выполнение операции "Копирование файла" над целевым объектом "Элемент: D:\SKAD\form440SKAD\temp\work\KWTFCB_BVS1_ZSV17102803_720620191225_120895_20191226_0002.xml Назначение: D:\SKAD\form
440SKAD\temp\440p\ack\28122019\KWTFCB_BVS1_ZSV17102803_720620191225_120895_20191226_0002.xml".

[2019-12-28 17:12:37Z] - INFO - Выполнение операции "Копирование файла" над целевым объектом "Элемент: D:\SKAD\form440SKAD\temp\work\KWTFCB_PB1_ROO17102803_701420191226_503763.xml Назначение: D:\SKAD\form440SKAD\temp\44
0p\ack\28122019\KWTFCB_PB1_ROO17102803_701420191226_503763.xml".

[2019-12-28 17:12:37Z] - INFO - Выполнение операции "Копирование файла" над целевым объектом "Элемент: D:\SKAD\form440SKAD\temp\work\KWTFCB_PB1_ROO17102803_860220191225_562374.xml Назначение: D:\SKAD\form440SKAD\temp\44
0p\ack\28122019\KWTFCB_PB1_ROO17102803_860220191225_562374.xml".

[2019-12-28 17:12:37Z] - INFO - Выполнение операции "Копирование файла" над целевым объектом "Элемент: D:\SKAD\form440SKAD\temp\work\KWTFCB_PB1_ROO17102803_890520191225_540526.xml Назначение: D:\SKAD\form440SKAD\temp\44
0p\ack\28122019\KWTFCB_PB1_ROO17102803_890520191225_540526.xml".

[2019-12-28 17:12:37Z] - INFO - Выполнение операции "Копирование файла" над целевым объектом "Элемент: D:\SKAD\form440SKAD\temp\work\KWTFCB_PB1_RPO17102803_860320191225_511976.xml Назначение: D:\SKAD\form440SKAD\temp\44
0p\ack\28122019\KWTFCB_PB1_RPO17102803_860320191225_511976.xml".

[2019-12-28 17:12:37Z] - INFO - Выполнение операции "Копирование файла" над целевым объектом "Элемент: D:\SKAD\form440SKAD\temp\work\KWTFCB_PB1_RPO17102803_860320191225_511986.xml Назначение: D:\SKAD\form440SKAD\temp\44
0p\ack\28122019\KWTFCB_PB1_RPO17102803_860320191225_511986.xml".

[2019-12-28 17:12:37Z] - INFO - Выполнение операции "Копирование файла" над целевым объектом "Элемент: D:\SKAD\form440SKAD\temp\work\KWTFCB_PB1_ZSV17102803_720620191225_120895.xml Назначение: D:\SKAD\form440SKAD\temp\44
0p\ack\28122019\KWTFCB_PB1_ZSV17102803_720620191225_120895.xml".

[2019-12-28 17:12:41Z] - INFO - Пришли успешные подтверждения - 11 шт.
Потверждения находятся в каталоге D:\SKAD\form440SKAD\temp\440p\ack\28122019


[2019-12-28 17:12:41Z] - INFO - Выполнение операции "Копирование файла" над целевым объектом "Элемент: D:\SKAD\form440SKAD\temp\work\KWTFCB_BOS1_RPO17102803_860320191225_511976_20191226_0002.xml Назначение: D:\SKAD\form
440SKAD\temp\ARM_440\KWTFCB_BOS1_RPO17102803_860320191225_511976_20191226_0002.xml".
Выполнение операции "Копирование файла" над целевым объектом "Элемент: D:\SKAD\form440SKAD\temp\work\KWTFCB_BOS1_RPO17102803_860320191225_511986_20191226_0002.xml Назначение: D:\SKAD\form
440SKAD\temp\ARM_440\KWTFCB_BOS1_RPO17102803_860320191225_511986_20191226_0002.xml".
Выполнение операции "Копирование файла" над целевым объектом "Элемент: D:\SKAD\form440SKAD\temp\work\KWTFCB_BVD1_ZSV17102803_720620191225_120895_20191226_0002_000001_000001.xml Назначение
: D:\SKAD\form440SKAD\temp\ARM_440\KWTFCB_BVD1_ZSV17102803_720620191225_120895_20191226_0002_000001_000001.xml".
Выполнение операции "Копирование файла" над целевым объектом "Элемент: D:\SKAD\form440SKAD\temp\work\KWTFCB_BVD1_ZSV17102803_720620191225_120895_20191226_0002_000002_000001.xml Назначение
: D:\SKAD\form440SKAD\temp\ARM_440\KWTFCB_BVD1_ZSV17102803_720620191225_120895_20191226_0002_000002_000001.xml".
Выполнение операции "Копирование файла" над целевым объектом "Элемент: D:\SKAD\form440SKAD\temp\work\KWTFCB_BVS1_ZSV17102803_720620191225_120895_20191226_0002.xml Назначение: D:\SKAD\form
440SKAD\temp\ARM_440\KWTFCB_BVS1_ZSV17102803_720620191225_120895_20191226_0002.xml".
Выполнение операции "Копирование файла" над целевым объектом "Элемент: D:\SKAD\form440SKAD\temp\work\KWTFCB_PB1_ROO17102803_701420191226_503763.xml Назначение: D:\SKAD\form440SKAD\temp\AR
M_440\KWTFCB_PB1_ROO17102803_701420191226_503763.xml".
Выполнение операции "Копирование файла" над целевым объектом "Элемент: D:\SKAD\form440SKAD\temp\work\KWTFCB_PB1_ROO17102803_860220191225_562374.xml Назначение: D:\SKAD\form440SKAD\temp\AR
M_440\KWTFCB_PB1_ROO17102803_860220191225_562374.xml".
Выполнение операции "Копирование файла" над целевым объектом "Элемент: D:\SKAD\form440SKAD\temp\work\KWTFCB_PB1_ROO17102803_890520191225_540526.xml Назначение: D:\SKAD\form440SKAD\temp\AR
M_440\KWTFCB_PB1_ROO17102803_890520191225_540526.xml".
Выполнение операции "Копирование файла" над целевым объектом "Элемент: D:\SKAD\form440SKAD\temp\work\KWTFCB_PB1_RPO17102803_860320191225_511976.xml Назначение: D:\SKAD\form440SKAD\temp\AR
M_440\KWTFCB_PB1_RPO17102803_860320191225_511976.xml".
Выполнение операции "Копирование файла" над целевым объектом "Элемент: D:\SKAD\form440SKAD\temp\work\KWTFCB_PB1_RPO17102803_860320191225_511986.xml Назначение: D:\SKAD\form440SKAD\temp\AR
M_440\KWTFCB_PB1_RPO17102803_860320191225_511986.xml".
Выполнение операции "Копирование файла" над целевым объектом "Элемент: D:\SKAD\form440SKAD\temp\work\KWTFCB_PB1_ZSV17102803_720620191225_120895.xml Назначение: D:\SKAD\form440SKAD\temp\AR
M_440\KWTFCB_PB1_ZSV17102803_720620191225_120895.xml".

[2019-12-28 17:12:41Z] - INFO - Выполнение операции "Удаление файла" над целевым объектом "D:\SKAD\form440SKAD\temp\work\KWTFCB_BOS1_RPO17102803_860320191225_511976_20191226_0002.xml".
Выполнение операции "Удаление файла" над целевым объектом "D:\SKAD\form440SKAD\temp\work\KWTFCB_BOS1_RPO17102803_860320191225_511986_20191226_0002.xml".
Выполнение операции "Удаление файла" над целевым объектом "D:\SKAD\form440SKAD\temp\work\KWTFCB_BVD1_ZSV17102803_720620191225_120895_20191226_0002_000001_000001.xml".
Выполнение операции "Удаление файла" над целевым объектом "D:\SKAD\form440SKAD\temp\work\KWTFCB_BVD1_ZSV17102803_720620191225_120895_20191226_0002_000002_000001.xml".
Выполнение операции "Удаление файла" над целевым объектом "D:\SKAD\form440SKAD\temp\work\KWTFCB_BVS1_ZSV17102803_720620191225_120895_20191226_0002.xml".
Выполнение операции "Удаление файла" над целевым объектом "D:\SKAD\form440SKAD\temp\work\KWTFCB_PB1_ROO17102803_701420191226_503763.xml".
Выполнение операции "Удаление файла" над целевым объектом "D:\SKAD\form440SKAD\temp\work\KWTFCB_PB1_ROO17102803_860220191225_562374.xml".
Выполнение операции "Удаление файла" над целевым объектом "D:\SKAD\form440SKAD\temp\work\KWTFCB_PB1_ROO17102803_890520191225_540526.xml".
Выполнение операции "Удаление файла" над целевым объектом "D:\SKAD\form440SKAD\temp\work\KWTFCB_PB1_RPO17102803_860320191225_511976.xml".
Выполнение операции "Удаление файла" над целевым объектом "D:\SKAD\form440SKAD\temp\work\KWTFCB_PB1_RPO17102803_860320191225_511986.xml".
Выполнение операции "Удаление файла" над целевым объектом "D:\SKAD\form440SKAD\temp\work\KWTFCB_PB1_ZSV17102803_720620191225_120895.xml".

[2019-12-28 17:12:46Z] - INFO - Пришло всего 2 сообщений
Из них:
Запросы: 2

[2019-12-28 17:12:46Z] - INFO - Выполнение операции "Копирование файла" над целевым объектом "Элемент: D:\SKAD\form440SKAD\temp\work\ZSV17102803_860220191227_101660.xml Назначение: D:\SKAD\form440SKAD\temp\440p\Arhive\2
8122019\ZSV17102803_860220191227_101660.xml".
Выполнение операции "Копирование файла" над целевым объектом "Элемент: D:\SKAD\form440SKAD\temp\work\ZSV17102803_890520191227_100989.xml Назначение: D:\SKAD\form440SKAD\temp\440p\Arhive\2
8122019\ZSV17102803_890520191227_100989.xml".

[2019-12-28 17:12:46Z] - INFO - Выполнение операции "Копирование файла" над целевым объектом "Элемент: D:\SKAD\form440SKAD\temp\work\ZSV17102803_860220191227_101660.xml Назначение: D:\SKAD\form440SKAD\temp\ARM_440\ZSV17
102803_860220191227_101660.xml".
Выполнение операции "Копирование файла" над целевым объектом "Элемент: D:\SKAD\form440SKAD\temp\work\ZSV17102803_890520191227_100989.xml Назначение: D:\SKAD\form440SKAD\temp\ARM_440\ZSV17
102803_890520191227_100989.xml".

[2019-12-28 17:12:46Z] - INFO - Выполнение операции "Удаление файла" над целевым объектом "D:\SKAD\form440SKAD\temp\work\ZSV17102803_860220191227_101660.xml".
Выполнение операции "Удаление файла" над целевым объектом "D:\SKAD\form440SKAD\temp\work\ZSV17102803_890520191227_100989.xml".

[2019-12-28 17:12:46Z] - INFO - Выполнение операции "Удаление файла" над целевым объектом "D:\SKAD\form440SKAD\temp\OUT\AFN_MIFNS00_7102803_20191226_00003.arj".
Выполнение операции "Удаление файла" над целевым объектом "D:\SKAD\form440SKAD\temp\OUT\AFN_MIFNS00_7102803_20191227_00001.arj".

[2019-12-28 17:12:46Z] - INFO - Загружаем исходную ключевую дискету
[2019-12-28 17:12:46Z] - INFO - Конец работы скрипта!
