Текущее время: Sat Dec 28 17:08:03 2019
"C:\Program Files\MDPREI\spki\spki1utl.exe" -verify -delete -1 -profile r2880_2 -registry -in "D:\SKAD\form440SKAD\temp\work\AFN_MIFNS00_7102803_20191226_00003.arj" -out "D:\SKAD\form440SKAD\temp\work\AFN_MIFNS00_7102803_20191226_00003.arj.test" -silent D:\SKAD\form440SKAD\log\28122019_spki.log 
Инициализация
Проверка ЭП файла
Результат: OK (00000000)
ЭП 1: OK (00000000)
Thu Dec 26 22:20:05 2019
Владелец: CN=FNS,O=FNS,ST=00
Хэш: EA:8E:16:6E:68:26:01:0E:D2:3E:1B:6F:97:6C:BE:76:57:53:78:D9:DA:00:E0:6F:AC:90:75:F8:62:93:29:F4

Текущее время: Sat Dec 28 17:08:04 2019
"C:\Program Files\MDPREI\spki\spki1utl.exe" -verify -delete -1 -profile r2880_2 -registry -in "D:\SKAD\form440SKAD\temp\work\AFN_MIFNS00_7102803_20191227_00001.arj" -out "D:\SKAD\form440SKAD\temp\work\AFN_MIFNS00_7102803_20191227_00001.arj.test" -silent D:\SKAD\form440SKAD\log\28122019_spki.log 
Инициализация
Проверка ЭП файла
Результат: OK (00000000)
ЭП 1: OK (00000000)
Fri Dec 27 09:30:27 2019
Владелец: CN=FNS,O=FNS,ST=00
Хэш: EA:8E:16:6E:68:26:01:0E:D2:3E:1B:6F:97:6C:BE:76:57:53:78:D9:DA:00:E0:6F:AC:90:75:F8:62:93:29:F4

Текущее время: Sat Dec 28 17:08:08 2019
"C:\Program Files\MDPREI\spki\spki1utl.exe" -decrypt -profile r2880_2 -registry -in "D:\SKAD\form440SKAD\temp\work\ZSV17102803_860220191227_101660.vrb" -out "D:\SKAD\form440SKAD\temp\work\ZSV17102803_860220191227_101660.vrb.test" -silent D:\SKAD\form440SKAD\log\28122019_spki.log 
Инициализация
Расшифрование файла
Результат: OK (00000000)

Текущее время: Sat Dec 28 17:08:15 2019
"C:\Program Files\MDPREI\spki\spki1utl.exe" -decrypt -profile r2880_2 -registry -in "D:\SKAD\form440SKAD\temp\work\ZSV17102803_890520191227_100989.vrb" -out "D:\SKAD\form440SKAD\temp\work\ZSV17102803_890520191227_100989.vrb.test" -silent D:\SKAD\form440SKAD\log\28122019_spki.log 
Инициализация
Расшифрование файла
Результат: OK (00000000)

Текущее время: Sat Dec 28 17:08:23 2019
"C:\Program Files\MDPREI\spki\spki1utl.exe" -verify -delete -1 -profile r2880_2 -registry -in "D:\SKAD\form440SKAD\temp\work\KWTFCB_BOS1_RPO17102803_860320191225_511976_20191226_0002.xml" -out "D:\SKAD\form440SKAD\temp\work\KWTFCB_BOS1_RPO17102803_860320191225_511976_20191226_0002.xml.test" -silent D:\SKAD\form440SKAD\log\28122019_spki.log 
Инициализация
Проверка ЭП файла
Результат: OK (00000000)
ЭП 1: OK (00000000)
Thu Dec 26 22:20:05 2019
Владелец: CN=FNS,O=FNS,ST=00
Хэш: EA:8E:16:6E:68:26:01:0E:D2:3E:1B:6F:97:6C:BE:76:57:53:78:D9:DA:00:E0:6F:AC:90:75:F8:62:93:29:F4

Текущее время: Sat Dec 28 17:08:24 2019
"C:\Program Files\MDPREI\spki\spki1utl.exe" -verify -delete -1 -profile r2880_2 -registry -in "D:\SKAD\form440SKAD\temp\work\KWTFCB_BOS1_RPO17102803_860320191225_511986_20191226_0002.xml" -out "D:\SKAD\form440SKAD\temp\work\KWTFCB_BOS1_RPO17102803_860320191225_511986_20191226_0002.xml.test" -silent D:\SKAD\form440SKAD\log\28122019_spki.log 
Инициализация
Проверка ЭП файла
Результат: OK (00000000)
ЭП 1: OK (00000000)
Thu Dec 26 22:20:05 2019
Владелец: CN=FNS,O=FNS,ST=00
Хэш: EA:8E:16:6E:68:26:01:0E:D2:3E:1B:6F:97:6C:BE:76:57:53:78:D9:DA:00:E0:6F:AC:90:75:F8:62:93:29:F4

Текущее время: Sat Dec 28 17:08:25 2019
"C:\Program Files\MDPREI\spki\spki1utl.exe" -verify -delete -1 -profile r2880_2 -registry -in "D:\SKAD\form440SKAD\temp\work\KWTFCB_BVD1_ZSV17102803_720620191225_120895_20191226_0002_000001_000001.xml" -out "D:\SKAD\form440SKAD\temp\work\KWTFCB_BVD1_ZSV17102803_720620191225_120895_20191226_0002_000001_000001.xml.test" -silent D:\SKAD\form440SKAD\log\28122019_spki.log 
Инициализация
Проверка ЭП файла
Результат: OK (00000000)
ЭП 1: OK (00000000)
Thu Dec 26 22:20:05 2019
Владелец: CN=FNS,O=FNS,ST=00
Хэш: EA:8E:16:6E:68:26:01:0E:D2:3E:1B:6F:97:6C:BE:76:57:53:78:D9:DA:00:E0:6F:AC:90:75:F8:62:93:29:F4

Текущее время: Sat Dec 28 17:08:26 2019
"C:\Program Files\MDPREI\spki\spki1utl.exe" -verify -delete -1 -profile r2880_2 -registry -in "D:\SKAD\form440SKAD\temp\work\KWTFCB_BVD1_ZSV17102803_720620191225_120895_20191226_0002_000002_000001.xml" -out "D:\SKAD\form440SKAD\temp\work\KWTFCB_BVD1_ZSV17102803_720620191225_120895_20191226_0002_000002_000001.xml.test" -silent D:\SKAD\form440SKAD\log\28122019_spki.log 
Инициализация
Проверка ЭП файла
Результат: OK (00000000)
ЭП 1: OK (00000000)
Thu Dec 26 22:20:05 2019
Владелец: CN=FNS,O=FNS,ST=00
Хэш: EA:8E:16:6E:68:26:01:0E:D2:3E:1B:6F:97:6C:BE:76:57:53:78:D9:DA:00:E0:6F:AC:90:75:F8:62:93:29:F4

Текущее время: Sat Dec 28 17:08:27 2019
"C:\Program Files\MDPREI\spki\spki1utl.exe" -verify -delete -1 -profile r2880_2 -registry -in "D:\SKAD\form440SKAD\temp\work\KWTFCB_BVS1_ZSV17102803_720620191225_120895_20191226_0002.xml" -out "D:\SKAD\form440SKAD\temp\work\KWTFCB_BVS1_ZSV17102803_720620191225_120895_20191226_0002.xml.test" -silent D:\SKAD\form440SKAD\log\28122019_spki.log 
Инициализация
Проверка ЭП файла
Результат: OK (00000000)
ЭП 1: OK (00000000)
Thu Dec 26 22:20:05 2019
Владелец: CN=FNS,O=FNS,ST=00
Хэш: EA:8E:16:6E:68:26:01:0E:D2:3E:1B:6F:97:6C:BE:76:57:53:78:D9:DA:00:E0:6F:AC:90:75:F8:62:93:29:F4

Текущее время: Sat Dec 28 17:08:28 2019
"C:\Program Files\MDPREI\spki\spki1utl.exe" -verify -delete -1 -profile r2880_2 -registry -in "D:\SKAD\form440SKAD\temp\work\KWTFCB_PB1_ROO17102803_701420191226_503763.xml" -out "D:\SKAD\form440SKAD\temp\work\KWTFCB_PB1_ROO17102803_701420191226_503763.xml.test" -silent D:\SKAD\form440SKAD\log\28122019_spki.log 
Инициализация
Проверка ЭП файла
Результат: OK (00000000)
ЭП 1: OK (00000000)
Thu Dec 26 22:20:05 2019
Владелец: CN=FNS,O=FNS,ST=00
Хэш: EA:8E:16:6E:68:26:01:0E:D2:3E:1B:6F:97:6C:BE:76:57:53:78:D9:DA:00:E0:6F:AC:90:75:F8:62:93:29:F4

Текущее время: Sat Dec 28 17:08:29 2019
"C:\Program Files\MDPREI\spki\spki1utl.exe" -verify -delete -1 -profile r2880_2 -registry -in "D:\SKAD\form440SKAD\temp\work\KWTFCB_PB1_ROO17102803_860220191225_562374.xml" -out "D:\SKAD\form440SKAD\temp\work\KWTFCB_PB1_ROO17102803_860220191225_562374.xml.test" -silent D:\SKAD\form440SKAD\log\28122019_spki.log 
Инициализация
Проверка ЭП файла
Результат: OK (00000000)
ЭП 1: OK (00000000)
Thu Dec 26 22:20:05 2019
Владелец: CN=FNS,O=FNS,ST=00
Хэш: EA:8E:16:6E:68:26:01:0E:D2:3E:1B:6F:97:6C:BE:76:57:53:78:D9:DA:00:E0:6F:AC:90:75:F8:62:93:29:F4

Текущее время: Sat Dec 28 17:08:30 2019
"C:\Program Files\MDPREI\spki\spki1utl.exe" -verify -delete -1 -profile r2880_2 -registry -in "D:\SKAD\form440SKAD\temp\work\KWTFCB_PB1_ROO17102803_890520191225_540526.xml" -out "D:\SKAD\form440SKAD\temp\work\KWTFCB_PB1_ROO17102803_890520191225_540526.xml.test" -silent D:\SKAD\form440SKAD\log\28122019_spki.log 
Инициализация
Проверка ЭП файла
Результат: OK (00000000)
ЭП 1: OK (00000000)
Thu Dec 26 22:20:05 2019
Владелец: CN=FNS,O=FNS,ST=00
Хэш: EA:8E:16:6E:68:26:01:0E:D2:3E:1B:6F:97:6C:BE:76:57:53:78:D9:DA:00:E0:6F:AC:90:75:F8:62:93:29:F4

Текущее время: Sat Dec 28 17:08:31 2019
"C:\Program Files\MDPREI\spki\spki1utl.exe" -verify -delete -1 -profile r2880_2 -registry -in "D:\SKAD\form440SKAD\temp\work\KWTFCB_PB1_RPO17102803_860320191225_511976.xml" -out "D:\SKAD\form440SKAD\temp\work\KWTFCB_PB1_RPO17102803_860320191225_511976.xml.test" -silent D:\SKAD\form440SKAD\log\28122019_spki.log 
Инициализация
Проверка ЭП файла
Результат: OK (00000000)
ЭП 1: OK (00000000)
Thu Dec 26 22:20:05 2019
Владелец: CN=FNS,O=FNS,ST=00
Хэш: EA:8E:16:6E:68:26:01:0E:D2:3E:1B:6F:97:6C:BE:76:57:53:78:D9:DA:00:E0:6F:AC:90:75:F8:62:93:29:F4

Текущее время: Sat Dec 28 17:08:32 2019
"C:\Program Files\MDPREI\spki\spki1utl.exe" -verify -delete -1 -profile r2880_2 -registry -in "D:\SKAD\form440SKAD\temp\work\KWTFCB_PB1_RPO17102803_860320191225_511986.xml" -out "D:\SKAD\form440SKAD\temp\work\KWTFCB_PB1_RPO17102803_860320191225_511986.xml.test" -silent D:\SKAD\form440SKAD\log\28122019_spki.log 
Инициализация
Проверка ЭП файла
Результат: OK (00000000)
ЭП 1: OK (00000000)
Thu Dec 26 22:20:05 2019
Владелец: CN=FNS,O=FNS,ST=00
Хэш: EA:8E:16:6E:68:26:01:0E:D2:3E:1B:6F:97:6C:BE:76:57:53:78:D9:DA:00:E0:6F:AC:90:75:F8:62:93:29:F4

Текущее время: Sat Dec 28 17:08:33 2019
"C:\Program Files\MDPREI\spki\spki1utl.exe" -verify -delete -1 -profile r2880_2 -registry -in "D:\SKAD\form440SKAD\temp\work\KWTFCB_PB1_ZSV17102803_720620191225_120895.xml" -out "D:\SKAD\form440SKAD\temp\work\KWTFCB_PB1_ZSV17102803_720620191225_120895.xml.test" -silent D:\SKAD\form440SKAD\log\28122019_spki.log 
Инициализация
Проверка ЭП файла
Результат: OK (00000000)
ЭП 1: OK (00000000)
Thu Dec 26 22:20:05 2019
Владелец: CN=FNS,O=FNS,ST=00
Хэш: EA:8E:16:6E:68:26:01:0E:D2:3E:1B:6F:97:6C:BE:76:57:53:78:D9:DA:00:E0:6F:AC:90:75:F8:62:93:29:F4

Текущее время: Sat Dec 28 17:08:34 2019
"C:\Program Files\MDPREI\spki\spki1utl.exe" -verify -delete -1 -profile r2880_2 -registry -in "D:\SKAD\form440SKAD\temp\work\ZSV17102803_860220191227_101660.xml" -out "D:\SKAD\form440SKAD\temp\work\ZSV17102803_860220191227_101660.xml.test" -silent D:\SKAD\form440SKAD\log\28122019_spki.log 
Инициализация
Проверка ЭП файла
Результат: OK (00000000)
ЭП 1: OK (00000000)
Fri Dec 27 09:30:27 2019
Владелец: CN=FNS,O=FNS,ST=00
Хэш: EA:8E:16:6E:68:26:01:0E:D2:3E:1B:6F:97:6C:BE:76:57:53:78:D9:DA:00:E0:6F:AC:90:75:F8:62:93:29:F4

Текущее время: Sat Dec 28 17:08:36 2019
"C:\Program Files\MDPREI\spki\spki1utl.exe" -verify -delete -1 -profile r2880_2 -registry -in "D:\SKAD\form440SKAD\temp\work\ZSV17102803_890520191227_100989.xml" -out "D:\SKAD\form440SKAD\temp\work\ZSV17102803_890520191227_100989.xml.test" -silent D:\SKAD\form440SKAD\log\28122019_spki.log 
Инициализация
Проверка ЭП файла
Результат: OK (00000000)
ЭП 1: OK (00000000)
Fri Dec 27 09:30:26 2019
Владелец: CN=FNS,O=FNS,ST=00
Хэш: EA:8E:16:6E:68:26:01:0E:D2:3E:1B:6F:97:6C:BE:76:57:53:78:D9:DA:00:E0:6F:AC:90:75:F8:62:93:29:F4

Текущее время: Sat Dec 28 17:12:15 2019
"C:\Program Files\MDPREI\spki\spki1utl.exe" -verify -delete -1 -profile r2880_2 -registry -in "D:\SKAD\form440SKAD\temp\work\AFN_MIFNS00_7102803_20191226_00003.arj" -out "D:\SKAD\form440SKAD\temp\work\AFN_MIFNS00_7102803_20191226_00003.arj.test" -silent D:\SKAD\form440SKAD\log\28122019_spki.log 
Инициализация
Проверка ЭП файла
Результат: OK (00000000)
ЭП 1: OK (00000000)
Thu Dec 26 22:20:05 2019
Владелец: CN=FNS,O=FNS,ST=00
Хэш: EA:8E:16:6E:68:26:01:0E:D2:3E:1B:6F:97:6C:BE:76:57:53:78:D9:DA:00:E0:6F:AC:90:75:F8:62:93:29:F4

Текущее время: Sat Dec 28 17:12:16 2019
"C:\Program Files\MDPREI\spki\spki1utl.exe" -verify -delete -1 -profile r2880_2 -registry -in "D:\SKAD\form440SKAD\temp\work\AFN_MIFNS00_7102803_20191227_00001.arj" -out "D:\SKAD\form440SKAD\temp\work\AFN_MIFNS00_7102803_20191227_00001.arj.test" -silent D:\SKAD\form440SKAD\log\28122019_spki.log 
Инициализация
Проверка ЭП файла
Результат: OK (00000000)
ЭП 1: OK (00000000)
Fri Dec 27 09:30:27 2019
Владелец: CN=FNS,O=FNS,ST=00
Хэш: EA:8E:16:6E:68:26:01:0E:D2:3E:1B:6F:97:6C:BE:76:57:53:78:D9:DA:00:E0:6F:AC:90:75:F8:62:93:29:F4

Текущее время: Sat Dec 28 17:12:19 2019
"C:\Program Files\MDPREI\spki\spki1utl.exe" -decrypt -profile r2880_2 -registry -in "D:\SKAD\form440SKAD\temp\work\ZSV17102803_860220191227_101660.vrb" -out "D:\SKAD\form440SKAD\temp\work\ZSV17102803_860220191227_101660.vrb.test" -silent D:\SKAD\form440SKAD\log\28122019_spki.log 
Инициализация
Расшифрование файла
Результат: OK (00000000)

Текущее время: Sat Dec 28 17:12:20 2019
"C:\Program Files\MDPREI\spki\spki1utl.exe" -decrypt -profile r2880_2 -registry -in "D:\SKAD\form440SKAD\temp\work\ZSV17102803_890520191227_100989.vrb" -out "D:\SKAD\form440SKAD\temp\work\ZSV17102803_890520191227_100989.vrb.test" -silent D:\SKAD\form440SKAD\log\28122019_spki.log 
Инициализация
Расшифрование файла
Результат: OK (00000000)

Текущее время: Sat Dec 28 17:12:23 2019
"C:\Program Files\MDPREI\spki\spki1utl.exe" -verify -delete -1 -profile r2880_2 -registry -in "D:\SKAD\form440SKAD\temp\work\KWTFCB_BOS1_RPO17102803_860320191225_511976_20191226_0002.xml" -out "D:\SKAD\form440SKAD\temp\work\KWTFCB_BOS1_RPO17102803_860320191225_511976_20191226_0002.xml.test" -silent D:\SKAD\form440SKAD\log\28122019_spki.log 
Инициализация
Проверка ЭП файла
Результат: OK (00000000)
ЭП 1: OK (00000000)
Thu Dec 26 22:20:05 2019
Владелец: CN=FNS,O=FNS,ST=00
Хэш: EA:8E:16:6E:68:26:01:0E:D2:3E:1B:6F:97:6C:BE:76:57:53:78:D9:DA:00:E0:6F:AC:90:75:F8:62:93:29:F4

Текущее время: Sat Dec 28 17:12:24 2019
"C:\Program Files\MDPREI\spki\spki1utl.exe" -verify -delete -1 -profile r2880_2 -registry -in "D:\SKAD\form440SKAD\temp\work\KWTFCB_BOS1_RPO17102803_860320191225_511986_20191226_0002.xml" -out "D:\SKAD\form440SKAD\temp\work\KWTFCB_BOS1_RPO17102803_860320191225_511986_20191226_0002.xml.test" -silent D:\SKAD\form440SKAD\log\28122019_spki.log 
Инициализация
Проверка ЭП файла
Результат: OK (00000000)
ЭП 1: OK (00000000)
Thu Dec 26 22:20:05 2019
Владелец: CN=FNS,O=FNS,ST=00
Хэш: EA:8E:16:6E:68:26:01:0E:D2:3E:1B:6F:97:6C:BE:76:57:53:78:D9:DA:00:E0:6F:AC:90:75:F8:62:93:29:F4

Текущее время: Sat Dec 28 17:12:25 2019
"C:\Program Files\MDPREI\spki\spki1utl.exe" -verify -delete -1 -profile r2880_2 -registry -in "D:\SKAD\form440SKAD\temp\work\KWTFCB_BVD1_ZSV17102803_720620191225_120895_20191226_0002_000001_000001.xml" -out "D:\SKAD\form440SKAD\temp\work\KWTFCB_BVD1_ZSV17102803_720620191225_120895_20191226_0002_000001_000001.xml.test" -silent D:\SKAD\form440SKAD\log\28122019_spki.log 
Инициализация
Проверка ЭП файла
Результат: OK (00000000)
ЭП 1: OK (00000000)
Thu Dec 26 22:20:05 2019
Владелец: CN=FNS,O=FNS,ST=00
Хэш: EA:8E:16:6E:68:26:01:0E:D2:3E:1B:6F:97:6C:BE:76:57:53:78:D9:DA:00:E0:6F:AC:90:75:F8:62:93:29:F4

Текущее время: Sat Dec 28 17:12:26 2019
"C:\Program Files\MDPREI\spki\spki1utl.exe" -verify -delete -1 -profile r2880_2 -registry -in "D:\SKAD\form440SKAD\temp\work\KWTFCB_BVD1_ZSV17102803_720620191225_120895_20191226_0002_000002_000001.xml" -out "D:\SKAD\form440SKAD\temp\work\KWTFCB_BVD1_ZSV17102803_720620191225_120895_20191226_0002_000002_000001.xml.test" -silent D:\SKAD\form440SKAD\log\28122019_spki.log 
Инициализация
Проверка ЭП файла
Результат: OK (00000000)
ЭП 1: OK (00000000)
Thu Dec 26 22:20:05 2019
Владелец: CN=FNS,O=FNS,ST=00
Хэш: EA:8E:16:6E:68:26:01:0E:D2:3E:1B:6F:97:6C:BE:76:57:53:78:D9:DA:00:E0:6F:AC:90:75:F8:62:93:29:F4

Текущее время: Sat Dec 28 17:12:27 2019
"C:\Program Files\MDPREI\spki\spki1utl.exe" -verify -delete -1 -profile r2880_2 -registry -in "D:\SKAD\form440SKAD\temp\work\KWTFCB_BVS1_ZSV17102803_720620191225_120895_20191226_0002.xml" -out "D:\SKAD\form440SKAD\temp\work\KWTFCB_BVS1_ZSV17102803_720620191225_120895_20191226_0002.xml.test" -silent D:\SKAD\form440SKAD\log\28122019_spki.log 
Инициализация
Проверка ЭП файла
Результат: OK (00000000)
ЭП 1: OK (00000000)
Thu Dec 26 22:20:05 2019
Владелец: CN=FNS,O=FNS,ST=00
Хэш: EA:8E:16:6E:68:26:01:0E:D2:3E:1B:6F:97:6C:BE:76:57:53:78:D9:DA:00:E0:6F:AC:90:75:F8:62:93:29:F4

Текущее время: Sat Dec 28 17:12:28 2019
"C:\Program Files\MDPREI\spki\spki1utl.exe" -verify -delete -1 -profile r2880_2 -registry -in "D:\SKAD\form440SKAD\temp\work\KWTFCB_PB1_ROO17102803_701420191226_503763.xml" -out "D:\SKAD\form440SKAD\temp\work\KWTFCB_PB1_ROO17102803_701420191226_503763.xml.test" -silent D:\SKAD\form440SKAD\log\28122019_spki.log 
Инициализация
Проверка ЭП файла
Результат: OK (00000000)
ЭП 1: OK (00000000)
Thu Dec 26 22:20:05 2019
Владелец: CN=FNS,O=FNS,ST=00
Хэш: EA:8E:16:6E:68:26:01:0E:D2:3E:1B:6F:97:6C:BE:76:57:53:78:D9:DA:00:E0:6F:AC:90:75:F8:62:93:29:F4

Текущее время: Sat Dec 28 17:12:29 2019
"C:\Program Files\MDPREI\spki\spki1utl.exe" -verify -delete -1 -profile r2880_2 -registry -in "D:\SKAD\form440SKAD\temp\work\KWTFCB_PB1_ROO17102803_860220191225_562374.xml" -out "D:\SKAD\form440SKAD\temp\work\KWTFCB_PB1_ROO17102803_860220191225_562374.xml.test" -silent D:\SKAD\form440SKAD\log\28122019_spki.log 
Инициализация
Проверка ЭП файла
Результат: OK (00000000)
ЭП 1: OK (00000000)
Thu Dec 26 22:20:05 2019
Владелец: CN=FNS,O=FNS,ST=00
Хэш: EA:8E:16:6E:68:26:01:0E:D2:3E:1B:6F:97:6C:BE:76:57:53:78:D9:DA:00:E0:6F:AC:90:75:F8:62:93:29:F4

Текущее время: Sat Dec 28 17:12:30 2019
"C:\Program Files\MDPREI\spki\spki1utl.exe" -verify -delete -1 -profile r2880_2 -registry -in "D:\SKAD\form440SKAD\temp\work\KWTFCB_PB1_ROO17102803_890520191225_540526.xml" -out "D:\SKAD\form440SKAD\temp\work\KWTFCB_PB1_ROO17102803_890520191225_540526.xml.test" -silent D:\SKAD\form440SKAD\log\28122019_spki.log 
Инициализация
Проверка ЭП файла
Результат: OK (00000000)
ЭП 1: OK (00000000)
Thu Dec 26 22:20:05 2019
Владелец: CN=FNS,O=FNS,ST=00
Хэш: EA:8E:16:6E:68:26:01:0E:D2:3E:1B:6F:97:6C:BE:76:57:53:78:D9:DA:00:E0:6F:AC:90:75:F8:62:93:29:F4

Текущее время: Sat Dec 28 17:12:31 2019
"C:\Program Files\MDPREI\spki\spki1utl.exe" -verify -delete -1 -profile r2880_2 -registry -in "D:\SKAD\form440SKAD\temp\work\KWTFCB_PB1_RPO17102803_860320191225_511976.xml" -out "D:\SKAD\form440SKAD\temp\work\KWTFCB_PB1_RPO17102803_860320191225_511976.xml.test" -silent D:\SKAD\form440SKAD\log\28122019_spki.log 
Инициализация
Проверка ЭП файла
Результат: OK (00000000)
ЭП 1: OK (00000000)
Thu Dec 26 22:20:05 2019
Владелец: CN=FNS,O=FNS,ST=00
Хэш: EA:8E:16:6E:68:26:01:0E:D2:3E:1B:6F:97:6C:BE:76:57:53:78:D9:DA:00:E0:6F:AC:90:75:F8:62:93:29:F4

Текущее время: Sat Dec 28 17:12:32 2019
"C:\Program Files\MDPREI\spki\spki1utl.exe" -verify -delete -1 -profile r2880_2 -registry -in "D:\SKAD\form440SKAD\temp\work\KWTFCB_PB1_RPO17102803_860320191225_511986.xml" -out "D:\SKAD\form440SKAD\temp\work\KWTFCB_PB1_RPO17102803_860320191225_511986.xml.test" -silent D:\SKAD\form440SKAD\log\28122019_spki.log 
Инициализация
Проверка ЭП файла
Результат: OK (00000000)
ЭП 1: OK (00000000)
Thu Dec 26 22:20:05 2019
Владелец: CN=FNS,O=FNS,ST=00
Хэш: EA:8E:16:6E:68:26:01:0E:D2:3E:1B:6F:97:6C:BE:76:57:53:78:D9:DA:00:E0:6F:AC:90:75:F8:62:93:29:F4

Текущее время: Sat Dec 28 17:12:34 2019
"C:\Program Files\MDPREI\spki\spki1utl.exe" -verify -delete -1 -profile r2880_2 -registry -in "D:\SKAD\form440SKAD\temp\work\KWTFCB_PB1_ZSV17102803_720620191225_120895.xml" -out "D:\SKAD\form440SKAD\temp\work\KWTFCB_PB1_ZSV17102803_720620191225_120895.xml.test" -silent D:\SKAD\form440SKAD\log\28122019_spki.log 
Инициализация
Проверка ЭП файла
Результат: OK (00000000)
ЭП 1: OK (00000000)
Thu Dec 26 22:20:05 2019
Владелец: CN=FNS,O=FNS,ST=00
Хэш: EA:8E:16:6E:68:26:01:0E:D2:3E:1B:6F:97:6C:BE:76:57:53:78:D9:DA:00:E0:6F:AC:90:75:F8:62:93:29:F4

Текущее время: Sat Dec 28 17:12:35 2019
"C:\Program Files\MDPREI\spki\spki1utl.exe" -verify -delete -1 -profile r2880_2 -registry -in "D:\SKAD\form440SKAD\temp\work\ZSV17102803_860220191227_101660.xml" -out "D:\SKAD\form440SKAD\temp\work\ZSV17102803_860220191227_101660.xml.test" -silent D:\SKAD\form440SKAD\log\28122019_spki.log 
Инициализация
Проверка ЭП файла
Результат: OK (00000000)
ЭП 1: OK (00000000)
Fri Dec 27 09:30:27 2019
Владелец: CN=FNS,O=FNS,ST=00
Хэш: EA:8E:16:6E:68:26:01:0E:D2:3E:1B:6F:97:6C:BE:76:57:53:78:D9:DA:00:E0:6F:AC:90:75:F8:62:93:29:F4

Текущее время: Sat Dec 28 17:12:36 2019
"C:\Program Files\MDPREI\spki\spki1utl.exe" -verify -delete -1 -profile r2880_2 -registry -in "D:\SKAD\form440SKAD\temp\work\ZSV17102803_890520191227_100989.xml" -out "D:\SKAD\form440SKAD\temp\work\ZSV17102803_890520191227_100989.xml.test" -silent D:\SKAD\form440SKAD\log\28122019_spki.log 
Инициализация
Проверка ЭП файла
Результат: OK (00000000)
ЭП 1: OK (00000000)
Fri Dec 27 09:30:26 2019
Владелец: CN=FNS,O=FNS,ST=00
Хэш: EA:8E:16:6E:68:26:01:0E:D2:3E:1B:6F:97:6C:BE:76:57:53:78:D9:DA:00:E0:6F:AC:90:75:F8:62:93:29:F4

