Текущее время: Tue Oct 29 11:34:00 2019
"C:\Program Files\MDPREI\spki\spki1utl.exe" -verify -delete -1 -profile OT_TestFOIV -registry -in C:\SKAD\form440SKAD\temp\work\AFN_MIFNS00_7102803_20191025_00001.arj -out C:\SKAD\form440SKAD\temp\work\AFN_MIFNS00_7102803_20191025_00001.arj.test -silent C:\SKAD\form440SKAD\log\29102019_spki.log 
Инициализация
Проверка ЭП файла
Результат: OK (00000000)
ЭП 1: OK (00000000)
Sun Oct 27 16:34:43 2019
Владелец: CN=2880/2,O=047106962,ST=71
Хэш: 25:79:CF:6E:E2:DA:08:5A:5F:A9:3F:C4:5B:A9:02:AA:DF:17:64:36:42:83:B5:16:F1:88:1B:57:3D:49:5E:7E

Текущее время: Tue Oct 29 11:34:03 2019
"C:\Program Files\MDPREI\spki\spki1utl.exe" -verify -delete -1 -profile OT_TestFOIV -registry -in C:\SKAD\form440SKAD\temp\work\PB1_ZSV17102803_720320191025_104942.xml -out C:\SKAD\form440SKAD\temp\work\PB1_ZSV17102803_720320191025_104942.xml.test -silent C:\SKAD\form440SKAD\log\29102019_spki.log 
Инициализация
Проверка ЭП файла
Результат: OK (00000000)
ЭП 1: OK (00000000)
Sun Oct 27 16:34:41 2019
Владелец: CN=2880/2,O=047106962,ST=71
Хэш: 25:79:CF:6E:E2:DA:08:5A:5F:A9:3F:C4:5B:A9:02:AA:DF:17:64:36:42:83:B5:16:F1:88:1B:57:3D:49:5E:7E

Текущее время: Tue Oct 29 11:34:04 2019
"C:\Program Files\MDPREI\spki\spki1utl.exe" -decrypt -verify -delete -1 -profile OT_TestFOIV -registry -in C:\SKAD\form440SKAD\temp\work\BVD1_ZSV17102803_720320191025_103582_20191025_0002_000001_000002.vrb -out C:\SKAD\form440SKAD\temp\work\BVD1_ZSV17102803_720320191025_103582_20191025_0002_000001_000002.vrb.test -silent C:\SKAD\form440SKAD\log\29102019_spki.log 
Инициализация
Расшифрование и проверка ЭП файла
Результат: OK (00000000)

ЭП 1: OK (00000000)
Sun Oct 27 16:34:39 2019
Владелец: CN=2880/2,O=047106962,ST=71
Хэш: 25:79:CF:6E:E2:DA:08:5A:5F:A9:3F:C4:5B:A9:02:AA:DF:17:64:36:42:83:B5:16:F1:88:1B:57:3D:49:5E:7E

Текущее время: Tue Oct 29 11:34:05 2019
"C:\Program Files\MDPREI\spki\spki1utl.exe" -decrypt -verify -delete -1 -profile OT_TestFOIV -registry -in C:\SKAD\form440SKAD\temp\work\BVD1_ZSV17102803_720320191025_103582_20191025_0002_000001_000005.vrb -out C:\SKAD\form440SKAD\temp\work\BVD1_ZSV17102803_720320191025_103582_20191025_0002_000001_000005.vrb.test -silent C:\SKAD\form440SKAD\log\29102019_spki.log 
Инициализация
Расшифрование и проверка ЭП файла
Результат: OK (00000000)

ЭП 1: OK (00000000)
Sun Oct 27 16:34:40 2019
Владелец: CN=2880/2,O=047106962,ST=71
Хэш: 25:79:CF:6E:E2:DA:08:5A:5F:A9:3F:C4:5B:A9:02:AA:DF:17:64:36:42:83:B5:16:F1:88:1B:57:3D:49:5E:7E

Текущее время: Tue Oct 29 11:38:18 2019
"C:\Program Files\MDPREI\spki\spki1utl.exe" -sign -encrypt -profile OT_TestFOIV -registry -algorithm 1.2.643.7.1.1.2.2 -in C:\SKAD\form440SKAD\temp\work\BVD1_ZSV17102803_720320191025_103582_20191025_0002_000001_000002.vrb -out C:\SKAD\form440SKAD\temp\work\BVD1_ZSV17102803_720320191025_103582_20191025_0002_000001_000002.vrb.test -reclist C:\SKAD\form440SKAD\util\Reclist.conf -silent C:\SKAD\form440SKAD\log\29102019_spki.log 
Инициализация
Установка ЭП и шифрование файла
Результат: OK (00000000)
Текущее время: Tue Oct 29 11:38:19 2019
"C:\Program Files\MDPREI\spki\spki1utl.exe" -sign -encrypt -profile OT_TestFOIV -registry -algorithm 1.2.643.7.1.1.2.2 -in C:\SKAD\form440SKAD\temp\work\BVD1_ZSV17102803_720320191025_103582_20191025_0002_000001_000005.vrb -out C:\SKAD\form440SKAD\temp\work\BVD1_ZSV17102803_720320191025_103582_20191025_0002_000001_000005.vrb.test -reclist C:\SKAD\form440SKAD\util\Reclist.conf -silent C:\SKAD\form440SKAD\log\29102019_spki.log 
Инициализация
Установка ЭП и шифрование файла
Результат: OK (00000000)
Текущее время: Tue Oct 29 11:38:20 2019
"C:\Program Files\MDPREI\spki\spki1utl.exe" -sign -profile OT_TestFOIV -registry -algorithm 1.2.643.7.1.1.2.2 -data C:\SKAD\form440SKAD\temp\work\PB1_ZSV17102803_720320191025_104942.xml -out C:\SKAD\form440SKAD\temp\work\PB1_ZSV17102803_720320191025_104942.xml.test -reclist C:\SKAD\form440SKAD\util\Reclist.conf -silent C:\SKAD\form440SKAD\log\29102019_spki.log 
Инициализация
Установка ЭП файла
Результат: OK (00000000)
Текущее время: Tue Oct 29 11:38:21 2019
"C:\Program Files\MDPREI\spki\spki1utl.exe" -sign -profile OT_TestFOIV -registry -algorithm 1.2.643.7.1.1.2.2 -data C:\SKAD\form440SKAD\temp\work\AFN_7102803_MIFNS00_20191029_00001.arj -out C:\SKAD\form440SKAD\temp\work\AFN_7102803_MIFNS00_20191029_00001.arj.test -reclist C:\SKAD\form440SKAD\util\Reclist.conf -silent C:\SKAD\form440SKAD\log\29102019_spki.log 
Инициализация
Установка ЭП файла
Результат: OK (00000000)
Текущее время: Tue Oct 29 11:44:14 2019
"C:\Program Files\MDPREI\spki\spki1utl.exe" -sign -encrypt -profile OT_TestFOIV -registry -algorithm 1.2.643.7.1.1.2.2 -in C:\SKAD\form440SKAD\temp\work\BVD1_ZSV17102803_720320191025_103582_20191025_0002_000001_000002.vrb -out C:\SKAD\form440SKAD\temp\work\BVD1_ZSV17102803_720320191025_103582_20191025_0002_000001_000002.vrb.test -reclist C:\SKAD\form440SKAD\util\Reclist.conf -silent C:\SKAD\form440SKAD\log\29102019_spki.log 
Инициализация
Установка ЭП и шифрование файла
Результат: OK (00000000)
Текущее время: Tue Oct 29 11:44:15 2019
"C:\Program Files\MDPREI\spki\spki1utl.exe" -sign -encrypt -profile OT_TestFOIV -registry -algorithm 1.2.643.7.1.1.2.2 -in C:\SKAD\form440SKAD\temp\work\BVD1_ZSV17102803_720320191025_103582_20191025_0002_000001_000005.vrb -out C:\SKAD\form440SKAD\temp\work\BVD1_ZSV17102803_720320191025_103582_20191025_0002_000001_000005.vrb.test -reclist C:\SKAD\form440SKAD\util\Reclist.conf -silent C:\SKAD\form440SKAD\log\29102019_spki.log 
Инициализация
Установка ЭП и шифрование файла
Результат: OK (00000000)
Текущее время: Tue Oct 29 11:44:16 2019
"C:\Program Files\MDPREI\spki\spki1utl.exe" -sign -profile OT_TestFOIV -registry -algorithm 1.2.643.7.1.1.2.2 -data C:\SKAD\form440SKAD\temp\work\PB1_ZSV17102803_720320191025_104942.xml -out C:\SKAD\form440SKAD\temp\work\PB1_ZSV17102803_720320191025_104942.xml.test -reclist C:\SKAD\form440SKAD\util\Reclist.conf -silent C:\SKAD\form440SKAD\log\29102019_spki.log 
Инициализация
Установка ЭП файла
Результат: OK (00000000)
Текущее время: Tue Oct 29 11:46:07 2019
"C:\Program Files\MDPREI\spki\spki1utl.exe" -sign -encrypt -profile OT_TestFOIV -registry -algorithm 1.2.643.7.1.1.2.2 -in C:\SKAD\form440SKAD\temp\work\BVD1_ZSV17102803_720320191025_103582_20191025_0002_000001_000002.vrb -out C:\SKAD\form440SKAD\temp\work\BVD1_ZSV17102803_720320191025_103582_20191025_0002_000001_000002.vrb.test -reclist C:\SKAD\form440SKAD\util\Reclist.conf -silent C:\SKAD\form440SKAD\log\29102019_spki.log 
Инициализация
Установка ЭП и шифрование файла
Результат: OK (00000000)
Текущее время: Tue Oct 29 11:46:08 2019
"C:\Program Files\MDPREI\spki\spki1utl.exe" -sign -encrypt -profile OT_TestFOIV -registry -algorithm 1.2.643.7.1.1.2.2 -in C:\SKAD\form440SKAD\temp\work\BVD1_ZSV17102803_720320191025_103582_20191025_0002_000001_000005.vrb -out C:\SKAD\form440SKAD\temp\work\BVD1_ZSV17102803_720320191025_103582_20191025_0002_000001_000005.vrb.test -reclist C:\SKAD\form440SKAD\util\Reclist.conf -silent C:\SKAD\form440SKAD\log\29102019_spki.log 
Инициализация
Установка ЭП и шифрование файла
Результат: OK (00000000)
Текущее время: Tue Oct 29 11:46:34 2019
"C:\Program Files\MDPREI\spki\spki1utl.exe" -sign -profile OT_TestFOIV -registry -algorithm 1.2.643.7.1.1.2.2 -data C:\SKAD\form440SKAD\temp\work\PB1_ZSV17102803_720320191025_104942.xml -out C:\SKAD\form440SKAD\temp\work\PB1_ZSV17102803_720320191025_104942.xml.test -reclist C:\SKAD\form440SKAD\util\Reclist.conf -silent C:\SKAD\form440SKAD\log\29102019_spki.log 
Инициализация
Установка ЭП файла
Результат: OK (00000000)
Текущее время: Tue Oct 29 11:54:49 2019
"C:\Program Files\MDPREI\spki\spki1utl.exe" -sign -encrypt -profile OT_TestFOIV -registry -algorithm 1.2.643.7.1.1.2.2 -in C:\SKAD\form440SKAD\temp\work\BVD1_ZSV17102803_720320191025_103582_20191025_0002_000001_000002.vrb -out C:\SKAD\form440SKAD\temp\work\BVD1_ZSV17102803_720320191025_103582_20191025_0002_000001_000002.vrb.test -reclist C:\SKAD\form440SKAD\util\Reclist.conf -silent C:\SKAD\form440SKAD\log\29102019_spki.log 
Инициализация
Установка ЭП и шифрование файла
Результат: OK (00000000)
Текущее время: Tue Oct 29 11:54:50 2019
"C:\Program Files\MDPREI\spki\spki1utl.exe" -sign -encrypt -profile OT_TestFOIV -registry -algorithm 1.2.643.7.1.1.2.2 -in C:\SKAD\form440SKAD\temp\work\BVD1_ZSV17102803_720320191025_103582_20191025_0002_000001_000005.vrb -out C:\SKAD\form440SKAD\temp\work\BVD1_ZSV17102803_720320191025_103582_20191025_0002_000001_000005.vrb.test -reclist C:\SKAD\form440SKAD\util\Reclist.conf -silent C:\SKAD\form440SKAD\log\29102019_spki.log 
Инициализация
Установка ЭП и шифрование файла
Результат: OK (00000000)
Текущее время: Tue Oct 29 11:54:51 2019
"C:\Program Files\MDPREI\spki\spki1utl.exe" -sign -profile OT_TestFOIV -registry -algorithm 1.2.643.7.1.1.2.2 -data C:\SKAD\form440SKAD\temp\work\PB1_ZSV17102803_720320191025_104942.xml -out C:\SKAD\form440SKAD\temp\work\PB1_ZSV17102803_720320191025_104942.xml.test -reclist C:\SKAD\form440SKAD\util\Reclist.conf -silent C:\SKAD\form440SKAD\log\29102019_spki.log 
Инициализация
Установка ЭП файла
Результат: OK (00000000)
Текущее время: Tue Oct 29 13:18:04 2019
"C:\Program Files\MDPREI\spki\spki1utl.exe" -sign -encrypt -profile OT_TestFOIV -registry -algorithm 1.2.643.7.1.1.2.2 -in C:\SKAD\form440SKAD\temp\work\BVD1_ZSV17102803_667120191025_145425_20191028_0002_000006_000001.vrb -out C:\SKAD\form440SKAD\temp\work\BVD1_ZSV17102803_667120191025_145425_20191028_0002_000006_000001.vrb.test -reclist C:\SKAD\form440SKAD\util\Reclist.conf -silent C:\SKAD\form440SKAD\log\29102019_spki.log 
Инициализация
Установка ЭП и шифрование файла
Результат: OK (00000000)
Текущее время: Tue Oct 29 13:18:05 2019
"C:\Program Files\MDPREI\spki\spki1utl.exe" -sign -encrypt -profile OT_TestFOIV -registry -algorithm 1.2.643.7.1.1.2.2 -in C:\SKAD\form440SKAD\temp\work\BVS1_ZSV17102803_667120191025_145425_20191028_0002.vrb -out C:\SKAD\form440SKAD\temp\work\BVS1_ZSV17102803_667120191025_145425_20191028_0002.vrb.test -reclist C:\SKAD\form440SKAD\util\Reclist.conf -silent C:\SKAD\form440SKAD\log\29102019_spki.log 
Инициализация
Установка ЭП и шифрование файла
Результат: OK (00000000)
Текущее время: Tue Oct 29 13:18:06 2019
"C:\Program Files\MDPREI\spki\spki1utl.exe" -sign -profile OT_TestFOIV -registry -algorithm 1.2.643.7.1.1.2.2 -data C:\SKAD\form440SKAD\temp\work\PB1_ROO17102803_720520191028_504535.xml -out C:\SKAD\form440SKAD\temp\work\PB1_ROO17102803_720520191028_504535.xml.test -reclist C:\SKAD\form440SKAD\util\Reclist.conf -silent C:\SKAD\form440SKAD\log\29102019_spki.log 
Инициализация
Установка ЭП файла
Результат: OK (00000000)
Текущее время: Tue Oct 29 13:18:36 2019
"C:\Program Files\MDPREI\spki\spki1utl.exe" -sign -encrypt -profile OT_TestFOIV -registry -algorithm 1.2.643.7.1.1.2.2 -in C:\SKAD\form440SKAD\temp\work\BVD1_ZSV17102803_667120191025_145425_20191028_0002_000006_000001.vrb -out C:\SKAD\form440SKAD\temp\work\BVD1_ZSV17102803_667120191025_145425_20191028_0002_000006_000001.vrb.test -reclist C:\SKAD\form440SKAD\util\Reclist.conf -silent C:\SKAD\form440SKAD\log\29102019_spki.log 
Инициализация
Установка ЭП и шифрование файла
Результат: OK (00000000)
Текущее время: Tue Oct 29 13:18:37 2019
"C:\Program Files\MDPREI\spki\spki1utl.exe" -sign -encrypt -profile OT_TestFOIV -registry -algorithm 1.2.643.7.1.1.2.2 -in C:\SKAD\form440SKAD\temp\work\BVS1_ZSV17102803_667120191025_145425_20191028_0002.vrb -out C:\SKAD\form440SKAD\temp\work\BVS1_ZSV17102803_667120191025_145425_20191028_0002.vrb.test -reclist C:\SKAD\form440SKAD\util\Reclist.conf -silent C:\SKAD\form440SKAD\log\29102019_spki.log 
Инициализация
Установка ЭП и шифрование файла
Результат: OK (00000000)
Текущее время: Tue Oct 29 13:18:39 2019
"C:\Program Files\MDPREI\spki\spki1utl.exe" -sign -profile OT_TestFOIV -registry -algorithm 1.2.643.7.1.1.2.2 -data C:\SKAD\form440SKAD\temp\work\PB1_ROO17102803_720520191028_504535.xml -out C:\SKAD\form440SKAD\temp\work\PB1_ROO17102803_720520191028_504535.xml.test -reclist C:\SKAD\form440SKAD\util\Reclist.conf -silent C:\SKAD\form440SKAD\log\29102019_spki.log 
Инициализация
Установка ЭП файла
Результат: OK (00000000)
Текущее время: Tue Oct 29 13:24:33 2019
"C:\Program Files\MDPREI\spki\spki1utl.exe" -sign -encrypt -profile OT_TestFOIV -registry -algorithm 1.2.643.7.1.1.2.2 -in C:\SKAD\form440SKAD\temp\work\BVD1_ZSV17102803_667120191025_145425_20191028_0002_000006_000001.vrb -out C:\SKAD\form440SKAD\temp\work\BVD1_ZSV17102803_667120191025_145425_20191028_0002_000006_000001.vrb.test -reclist C:\SKAD\form440SKAD\util\Reclist.conf -silent C:\SKAD\form440SKAD\log\29102019_spki.log 
Инициализация
Установка ЭП и шифрование файла
Результат: OK (00000000)
Текущее время: Tue Oct 29 13:24:34 2019
"C:\Program Files\MDPREI\spki\spki1utl.exe" -sign -encrypt -profile OT_TestFOIV -registry -algorithm 1.2.643.7.1.1.2.2 -in C:\SKAD\form440SKAD\temp\work\BVS1_ZSV17102803_667120191025_145425_20191028_0002.vrb -out C:\SKAD\form440SKAD\temp\work\BVS1_ZSV17102803_667120191025_145425_20191028_0002.vrb.test -reclist C:\SKAD\form440SKAD\util\Reclist.conf -silent C:\SKAD\form440SKAD\log\29102019_spki.log 
Инициализация
Установка ЭП и шифрование файла
Результат: OK (00000000)
Текущее время: Tue Oct 29 13:24:36 2019
"C:\Program Files\MDPREI\spki\spki1utl.exe" -sign -profile OT_TestFOIV -registry -algorithm 1.2.643.7.1.1.2.2 -data C:\SKAD\form440SKAD\temp\work\PB1_ROO17102803_720520191028_504535.xml -out C:\SKAD\form440SKAD\temp\work\PB1_ROO17102803_720520191028_504535.xml.test -reclist C:\SKAD\form440SKAD\util\Reclist.conf -silent C:\SKAD\form440SKAD\log\29102019_spki.log 
Инициализация
Установка ЭП файла
Результат: OK (00000000)
Текущее время: Tue Oct 29 13:24:37 2019
"C:\Program Files\MDPREI\spki\spki1utl.exe" -sign -profile OT_TestFOIV -registry -algorithm 1.2.643.7.1.1.2.2 -data C:\SKAD\form440SKAD\temp\work\AFN_7102803_MIFNS00_20191029_00003.arj.tst -out C:\SKAD\form440SKAD\temp\work\AFN_7102803_MIFNS00_20191029_00003.arj.tst.test -reclist C:\SKAD\form440SKAD\util\Reclist.conf -silent C:\SKAD\form440SKAD\log\29102019_spki.log 
Инициализация
Установка ЭП файла
Результат: OK (00000000)
Текущее время: Tue Oct 29 13:25:41 2019
"C:\Program Files\MDPREI\spki\spki1utl.exe" -sign -encrypt -profile OT_TestFOIV -registry -algorithm 1.2.643.7.1.1.2.2 -in C:\SKAD\form440SKAD\temp\work\BVD1_ZSV17102803_667120191025_145425_20191028_0002_000006_000001.vrb -out C:\SKAD\form440SKAD\temp\work\BVD1_ZSV17102803_667120191025_145425_20191028_0002_000006_000001.vrb.test -reclist C:\SKAD\form440SKAD\util\Reclist.conf -silent C:\SKAD\form440SKAD\log\29102019_spki.log 
Инициализация
Установка ЭП и шифрование файла
Результат: OK (00000000)
Текущее время: Tue Oct 29 13:25:42 2019
"C:\Program Files\MDPREI\spki\spki1utl.exe" -sign -encrypt -profile OT_TestFOIV -registry -algorithm 1.2.643.7.1.1.2.2 -in C:\SKAD\form440SKAD\temp\work\BVS1_ZSV17102803_667120191025_145425_20191028_0002.vrb -out C:\SKAD\form440SKAD\temp\work\BVS1_ZSV17102803_667120191025_145425_20191028_0002.vrb.test -reclist C:\SKAD\form440SKAD\util\Reclist.conf -silent C:\SKAD\form440SKAD\log\29102019_spki.log 
Инициализация
Установка ЭП и шифрование файла
Результат: OK (00000000)
Текущее время: Tue Oct 29 13:25:44 2019
"C:\Program Files\MDPREI\spki\spki1utl.exe" -sign -profile OT_TestFOIV -registry -algorithm 1.2.643.7.1.1.2.2 -data C:\SKAD\form440SKAD\temp\work\PB1_ROO17102803_720520191028_504535.xml -out C:\SKAD\form440SKAD\temp\work\PB1_ROO17102803_720520191028_504535.xml.test -reclist C:\SKAD\form440SKAD\util\Reclist.conf -silent C:\SKAD\form440SKAD\log\29102019_spki.log 
Инициализация
Установка ЭП файла
Результат: OK (00000000)
Текущее время: Tue Oct 29 13:26:59 2019
"C:\Program Files\MDPREI\spki\spki1utl.exe" -sign -profile OT_TestFOIV -registry -algorithm 1.2.643.7.1.1.2.2 -data C:\SKAD\form440SKAD\temp\work\AFN_7102803_MIFNS00_20191029_00003.arj.tst -out C:\SKAD\form440SKAD\temp\work\AFN_7102803_MIFNS00_20191029_00003.arj.tst.test -reclist C:\SKAD\form440SKAD\util\Reclist.conf -silent C:\SKAD\form440SKAD\log\29102019_spki.log 
Инициализация
Установка ЭП файла
Результат: OK (00000000)
